/home/antonadonin/Robotics/lab4/ex02/install/my_pkg/lib/python3.12/site-packages/my_pkg/__init__.py
/home/antonadonin/Robotics/lab4/ex02/install/my_pkg/lib/python3.12/site-packages/my_pkg/carrot_tf2_broadcaster.py
/home/antonadonin/Robotics/lab4/ex02/install/my_pkg/lib/python3.12/site-packages/my_pkg/turtle2_tf2_broadcaster.py
/home/antonadonin/Robotics/lab4/ex02/install/my_pkg/lib/python3.12/site-packages/my_pkg/turtle2_tf2_listener.py
/home/antonadonin/Robotics/lab4/ex02/install/my_pkg/lib/python3.12/site-packages/my_pkg/turtle1_tf2_broadcaster.py
/home/antonadonin/Robotics/lab4/ex02/install/my_pkg/lib/python3.12/site-packages/my_pkg/__pycache__/__init__.cpython-312.pyc
/home/antonadonin/Robotics/lab4/ex02/install/my_pkg/lib/python3.12/site-packages/my_pkg/__pycache__/carrot_tf2_broadcaster.cpython-312.pyc
/home/antonadonin/Robotics/lab4/ex02/install/my_pkg/lib/python3.12/site-packages/my_pkg/__pycache__/turtle2_tf2_broadcaster.cpython-312.pyc
/home/antonadonin/Robotics/lab4/ex02/install/my_pkg/lib/python3.12/site-packages/my_pkg/__pycache__/turtle2_tf2_listener.cpython-312.pyc
/home/antonadonin/Robotics/lab4/ex02/install/my_pkg/lib/python3.12/site-packages/my_pkg/__pycache__/turtle1_tf2_broadcaster.cpython-312.pyc
/home/antonadonin/Robotics/lab4/ex02/install/my_pkg/share/ament_index/resource_index/packages/my_pkg
/home/antonadonin/Robotics/lab4/ex02/install/my_pkg/share/my_pkg/package.xml
/home/antonadonin/Robotics/lab4/ex02/install/my_pkg/share/my_pkg/launch/launch.py
/home/antonadonin/Robotics/lab4/ex02/install/my_pkg/share/my_pkg/config/carrot.rviz
/home/antonadonin/Robotics/lab4/ex02/install/my_pkg/lib/python3.12/site-packages/my_pkg-0.0.0-py3.12.egg-info/PKG-INFO
/home/antonadonin/Robotics/lab4/ex02/install/my_pkg/lib/python3.12/site-packages/my_pkg-0.0.0-py3.12.egg-info/zip-safe
/home/antonadonin/Robotics/lab4/ex02/install/my_pkg/lib/python3.12/site-packages/my_pkg-0.0.0-py3.12.egg-info/dependency_links.txt
/home/antonadonin/Robotics/lab4/ex02/install/my_pkg/lib/python3.12/site-packages/my_pkg-0.0.0-py3.12.egg-info/entry_points.txt
/home/antonadonin/Robotics/lab4/ex02/install/my_pkg/lib/python3.12/site-packages/my_pkg-0.0.0-py3.12.egg-info/requires.txt
/home/antonadonin/Robotics/lab4/ex02/install/my_pkg/lib/python3.12/site-packages/my_pkg-0.0.0-py3.12.egg-info/SOURCES.txt
/home/antonadonin/Robotics/lab4/ex02/install/my_pkg/lib/python3.12/site-packages/my_pkg-0.0.0-py3.12.egg-info/top_level.txt
/home/antonadonin/Robotics/lab4/ex02/install/my_pkg/lib/my_pkg/carrot_tf2_broadcaster
/home/antonadonin/Robotics/lab4/ex02/install/my_pkg/lib/my_pkg/turtle1_tf2_broadcaster
/home/antonadonin/Robotics/lab4/ex02/install/my_pkg/lib/my_pkg/turtle2_tf2_broadcaster
/home/antonadonin/Robotics/lab4/ex02/install/my_pkg/lib/my_pkg/turtle2_tf2_listener
