[0.005s] Invoking command in '/home/antonadonin/Robotics/lab3/ex02/build/actions': CMAKE_PREFIX_PATH=${CMAKE_PREFIX_PATH}:/home/antonadonin/Robotics/lab3/ex02/install/action_turtle_commands:/home/antonadonin/Robotics/lab3/ex01/install/service:/opt/ros/jazzy DEBUGINFOD_URLS=https://debuginfod.ubuntu.com /usr/bin/cmake --build /home/antonadonin/Robotics/lab3/ex02/build/actions -- -j8 -l8
[0.044s] [  2%] Built target actions__rosidl_generator_type_description
[0.053s] [  5%] Built target actions__cpp
[0.056s] [ 20%] Built target actions__rosidl_generator_c
[0.057s] [ 20%] Built target ament_cmake_python_copy_actions
[0.068s] [ 38%] Built target actions__rosidl_typesupport_cpp
[0.068s] [ 38%] Built target actions__rosidl_typesupport_fastrtps_cpp
[0.072s] [ 55%] Built target actions__rosidl_typesupport_fastrtps_c
[0.072s] [ 55%] Built target actions__rosidl_typesupport_c
[0.073s] [ 64%] Built target actions__rosidl_typesupport_introspection_cpp
[0.076s] [ 73%] Built target actions__rosidl_typesupport_introspection_c
[0.085s] [ 73%] Built target actions
[0.092s] [ 76%] Built target actions__py
[0.101s] [ 82%] Built target actions__rosidl_generator_py
[0.109s] [ 88%] Built target actions_s__rosidl_typesupport_c
[0.112s] [ 94%] Built target actions_s__rosidl_typesupport_fastrtps_c
[0.115s] [100%] Built target actions_s__rosidl_typesupport_introspection_c
[0.175s] running egg_info
[0.181s] writing actions.egg-info/PKG-INFO
[0.181s] writing dependency_links to actions.egg-info/dependency_links.txt
[0.181s] writing top-level names to actions.egg-info/top_level.txt
[0.201s] reading manifest file 'actions.egg-info/SOURCES.txt'
[0.201s] writing manifest file 'actions.egg-info/SOURCES.txt'
[0.216s] [100%] Built target ament_cmake_python_build_actions_egg
[0.227s] Invoked command in '/home/antonadonin/Robotics/lab3/ex02/build/actions' returned '0': CMAKE_PREFIX_PATH=${CMAKE_PREFIX_PATH}:/home/antonadonin/Robotics/lab3/ex02/install/action_turtle_commands:/home/antonadonin/Robotics/lab3/ex01/install/service:/opt/ros/jazzy DEBUGINFOD_URLS=https://debuginfod.ubuntu.com /usr/bin/cmake --build /home/antonadonin/Robotics/lab3/ex02/build/actions -- -j8 -l8
[0.262s] Invoking command in '/home/antonadonin/Robotics/lab3/ex02/build/actions': CMAKE_PREFIX_PATH=${CMAKE_PREFIX_PATH}:/home/antonadonin/Robotics/lab3/ex02/install/action_turtle_commands:/home/antonadonin/Robotics/lab3/ex01/install/service:/opt/ros/jazzy DEBUGINFOD_URLS=https://debuginfod.ubuntu.com /usr/bin/cmake --install /home/antonadonin/Robotics/lab3/ex02/build/actions
[0.267s] -- Install configuration: ""
[0.267s] -- Up-to-date: /home/antonadonin/Robotics/lab3/ex02/install/actions/share/ament_index/resource_index/rosidl_interfaces/actions
[0.267s] -- Up-to-date: /home/antonadonin/Robotics/lab3/ex02/install/actions/share/actions/action/MessageTurtleCommands.json
[0.267s] -- Up-to-date: /home/antonadonin/Robotics/lab3/ex02/install/actions/include/actions/actions
[0.267s] -- Up-to-date: /home/antonadonin/Robotics/lab3/ex02/install/actions/include/actions/actions/action
[0.267s] -- Up-to-date: /home/antonadonin/Robotics/lab3/ex02/install/actions/include/actions/actions/action/message_turtle_commands.h
[0.267s] -- Up-to-date: /home/antonadonin/Robotics/lab3/ex02/install/actions/include/actions/actions/action/detail
[0.267s] -- Up-to-date: /home/antonadonin/Robotics/lab3/ex02/install/actions/include/actions/actions/action/detail/message_turtle_commands__type_support.c
[0.267s] -- Up-to-date: /home/antonadonin/Robotics/lab3/ex02/install/actions/include/actions/actions/action/detail/message_turtle_commands__functions.h
[0.267s] -- Up-to-date: /home/antonadonin/Robotics/lab3/ex02/install/actions/include/actions/actions/action/detail/message_turtle_commands__struct.h
[0.267s] -- Up-to-date: /home/antonadonin/Robotics/lab3/ex02/install/actions/include/actions/actions/action/detail/message_turtle_commands__functions.c
[0.267s] -- Up-to-date: /home/antonadonin/Robotics/lab3/ex02/install/actions/include/actions/actions/action/detail/message_turtle_commands__description.c
[0.267s] -- Up-to-date: /home/antonadonin/Robotics/lab3/ex02/install/actions/include/actions/actions/action/detail/message_turtle_commands__type_support.h
[0.267s] -- Up-to-date: /home/antonadonin/Robotics/lab3/ex02/install/actions/include/actions/actions/msg
[0.267s] -- Up-to-date: /home/antonadonin/Robotics/lab3/ex02/install/actions/include/actions/actions/msg/rosidl_generator_c__visibility_control.h
[0.267s] -- Up-to-date: /home/antonadonin/Robotics/lab3/ex02/install/actions/share/actions/environment/library_path.sh
[0.267s] -- Up-to-date: /home/antonadonin/Robotics/lab3/ex02/install/actions/share/actions/environment/library_path.dsv
[0.267s] -- Up-to-date: /home/antonadonin/Robotics/lab3/ex02/install/actions/lib/libactions__rosidl_generator_c.so
[0.267s] -- Up-to-date: /home/antonadonin/Robotics/lab3/ex02/install/actions/include/actions/actions
[0.267s] -- Up-to-date: /home/antonadonin/Robotics/lab3/ex02/install/actions/include/actions/actions/action
[0.267s] -- Up-to-date: /home/antonadonin/Robotics/lab3/ex02/install/actions/include/actions/actions/action/detail
[0.268s] -- Up-to-date: /home/antonadonin/Robotics/lab3/ex02/install/actions/include/actions/actions/action/detail/message_turtle_commands__rosidl_typesupport_fastrtps_c.h
[0.268s] -- Up-to-date: /home/antonadonin/Robotics/lab3/ex02/install/actions/include/actions/actions/msg
[0.268s] -- Up-to-date: /home/antonadonin/Robotics/lab3/ex02/install/actions/include/actions/actions/msg/rosidl_typesupport_fastrtps_c__visibility_control.h
[0.268s] -- Up-to-date: /home/antonadonin/Robotics/lab3/ex02/install/actions/lib/libactions__rosidl_typesupport_fastrtps_c.so
[0.268s] -- Up-to-date: /home/antonadonin/Robotics/lab3/ex02/install/actions/include/actions/actions
[0.268s] -- Up-to-date: /home/antonadonin/Robotics/lab3/ex02/install/actions/include/actions/actions/action
[0.268s] -- Up-to-date: /home/antonadonin/Robotics/lab3/ex02/install/actions/include/actions/actions/action/detail
[0.268s] -- Up-to-date: /home/antonadonin/Robotics/lab3/ex02/install/actions/include/actions/actions/action/detail/message_turtle_commands__type_support.c
[0.268s] -- Up-to-date: /home/antonadonin/Robotics/lab3/ex02/install/actions/include/actions/actions/action/detail/message_turtle_commands__rosidl_typesupport_introspection_c.h
[0.268s] -- Up-to-date: /home/antonadonin/Robotics/lab3/ex02/install/actions/include/actions/actions/msg
[0.268s] -- Up-to-date: /home/antonadonin/Robotics/lab3/ex02/install/actions/include/actions/actions/msg/rosidl_typesupport_introspection_c__visibility_control.h
[0.268s] -- Up-to-date: /home/antonadonin/Robotics/lab3/ex02/install/actions/lib/libactions__rosidl_typesupport_introspection_c.so
[0.268s] -- Up-to-date: /home/antonadonin/Robotics/lab3/ex02/install/actions/lib/libactions__rosidl_typesupport_c.so
[0.268s] -- Up-to-date: /home/antonadonin/Robotics/lab3/ex02/install/actions/include/actions/actions
[0.268s] -- Up-to-date: /home/antonadonin/Robotics/lab3/ex02/install/actions/include/actions/actions/action
[0.268s] -- Up-to-date: /home/antonadonin/Robotics/lab3/ex02/install/actions/include/actions/actions/action/detail
[0.268s] -- Up-to-date: /home/antonadonin/Robotics/lab3/ex02/install/actions/include/actions/actions/action/detail/message_turtle_commands__builder.hpp
[0.268s] -- Up-to-date: /home/antonadonin/Robotics/lab3/ex02/install/actions/include/actions/actions/action/detail/message_turtle_commands__type_support.hpp
[0.268s] -- Up-to-date: /home/antonadonin/Robotics/lab3/ex02/install/actions/include/actions/actions/action/detail/message_turtle_commands__traits.hpp
[0.268s] -- Up-to-date: /home/antonadonin/Robotics/lab3/ex02/install/actions/include/actions/actions/action/detail/message_turtle_commands__struct.hpp
[0.268s] -- Up-to-date: /home/antonadonin/Robotics/lab3/ex02/install/actions/include/actions/actions/action/message_turtle_commands.hpp
[0.268s] -- Up-to-date: /home/antonadonin/Robotics/lab3/ex02/install/actions/include/actions/actions/msg
[0.268s] -- Up-to-date: /home/antonadonin/Robotics/lab3/ex02/install/actions/include/actions/actions/msg/rosidl_generator_cpp__visibility_control.hpp
[0.268s] -- Up-to-date: /home/antonadonin/Robotics/lab3/ex02/install/actions/include/actions/actions
[0.268s] -- Up-to-date: /home/antonadonin/Robotics/lab3/ex02/install/actions/include/actions/actions/action
[0.268s] -- Up-to-date: /home/antonadonin/Robotics/lab3/ex02/install/actions/include/actions/actions/action/detail
[0.268s] -- Up-to-date: /home/antonadonin/Robotics/lab3/ex02/install/actions/include/actions/actions/action/detail/dds_fastrtps
[0.268s] -- Up-to-date: /home/antonadonin/Robotics/lab3/ex02/install/actions/include/actions/actions/action/detail/message_turtle_commands__rosidl_typesupport_fastrtps_cpp.hpp
[0.268s] -- Up-to-date: /home/antonadonin/Robotics/lab3/ex02/install/actions/include/actions/actions/msg
[0.268s] -- Up-to-date: /home/antonadonin/Robotics/lab3/ex02/install/actions/include/actions/actions/msg/rosidl_typesupport_fastrtps_cpp__visibility_control.h
[0.268s] -- Up-to-date: /home/antonadonin/Robotics/lab3/ex02/install/actions/lib/libactions__rosidl_typesupport_fastrtps_cpp.so
[0.268s] -- Up-to-date: /home/antonadonin/Robotics/lab3/ex02/install/actions/include/actions/actions
[0.268s] -- Up-to-date: /home/antonadonin/Robotics/lab3/ex02/install/actions/include/actions/actions/action
[0.268s] -- Up-to-date: /home/antonadonin/Robotics/lab3/ex02/install/actions/include/actions/actions/action/detail
[0.268s] -- Up-to-date: /home/antonadonin/Robotics/lab3/ex02/install/actions/include/actions/actions/action/detail/message_turtle_commands__rosidl_typesupport_introspection_cpp.hpp
[0.268s] -- Up-to-date: /home/antonadonin/Robotics/lab3/ex02/install/actions/include/actions/actions/action/detail/message_turtle_commands__type_support.cpp
[0.268s] -- Up-to-date: /home/antonadonin/Robotics/lab3/ex02/install/actions/lib/libactions__rosidl_typesupport_introspection_cpp.so
[0.269s] -- Up-to-date: /home/antonadonin/Robotics/lab3/ex02/install/actions/lib/libactions__rosidl_typesupport_cpp.so
[0.269s] -- Up-to-date: /home/antonadonin/Robotics/lab3/ex02/install/actions/share/actions/environment/pythonpath.sh
[0.269s] -- Up-to-date: /home/antonadonin/Robotics/lab3/ex02/install/actions/share/actions/environment/pythonpath.dsv
[0.269s] -- Up-to-date: /home/antonadonin/Robotics/lab3/ex02/install/actions/lib/python3.12/site-packages/actions-0.0.0-py3.12.egg-info
[0.269s] -- Installing: /home/antonadonin/Robotics/lab3/ex02/install/actions/lib/python3.12/site-packages/actions-0.0.0-py3.12.egg-info/PKG-INFO
[0.269s] -- Installing: /home/antonadonin/Robotics/lab3/ex02/install/actions/lib/python3.12/site-packages/actions-0.0.0-py3.12.egg-info/dependency_links.txt
[0.269s] -- Installing: /home/antonadonin/Robotics/lab3/ex02/install/actions/lib/python3.12/site-packages/actions-0.0.0-py3.12.egg-info/SOURCES.txt
[0.269s] -- Installing: /home/antonadonin/Robotics/lab3/ex02/install/actions/lib/python3.12/site-packages/actions-0.0.0-py3.12.egg-info/top_level.txt
[0.269s] -- Up-to-date: /home/antonadonin/Robotics/lab3/ex02/install/actions/lib/python3.12/site-packages/actions
[0.269s] -- Up-to-date: /home/antonadonin/Robotics/lab3/ex02/install/actions/lib/python3.12/site-packages/actions/__init__.py
[0.269s] -- Up-to-date: /home/antonadonin/Robotics/lab3/ex02/install/actions/lib/python3.12/site-packages/actions/actions_s__rosidl_typesupport_introspection_c.so
[0.269s] -- Up-to-date: /home/antonadonin/Robotics/lab3/ex02/install/actions/lib/python3.12/site-packages/actions/_actions_s.ep.rosidl_typesupport_introspection_c.c
[0.269s] -- Up-to-date: /home/antonadonin/Robotics/lab3/ex02/install/actions/lib/python3.12/site-packages/actions/actions_s__rosidl_typesupport_fastrtps_c.so
[0.269s] -- Up-to-date: /home/antonadonin/Robotics/lab3/ex02/install/actions/lib/python3.12/site-packages/actions/_actions_s.ep.rosidl_typesupport_fastrtps_c.c
[0.269s] -- Up-to-date: /home/antonadonin/Robotics/lab3/ex02/install/actions/lib/python3.12/site-packages/actions/actions_s__rosidl_typesupport_c.so
[0.269s] -- Up-to-date: /home/antonadonin/Robotics/lab3/ex02/install/actions/lib/python3.12/site-packages/actions/action
[0.269s] -- Up-to-date: /home/antonadonin/Robotics/lab3/ex02/install/actions/lib/python3.12/site-packages/actions/action/__init__.py
[0.269s] -- Up-to-date: /home/antonadonin/Robotics/lab3/ex02/install/actions/lib/python3.12/site-packages/actions/action/_message_turtle_commands_s.c
[0.269s] -- Up-to-date: /home/antonadonin/Robotics/lab3/ex02/install/actions/lib/python3.12/site-packages/actions/action/_message_turtle_commands.py
[0.269s] -- Up-to-date: /home/antonadonin/Robotics/lab3/ex02/install/actions/lib/python3.12/site-packages/actions/_actions_s.ep.rosidl_typesupport_c.c
[0.301s] Listing '/home/antonadonin/Robotics/lab3/ex02/install/actions/lib/python3.12/site-packages/actions'...
[0.301s] Listing '/home/antonadonin/Robotics/lab3/ex02/install/actions/lib/python3.12/site-packages/actions/action'...
[0.304s] -- Up-to-date: /home/antonadonin/Robotics/lab3/ex02/install/actions/lib/python3.12/site-packages/actions/actions_s__rosidl_typesupport_fastrtps_c.so
[0.304s] -- Up-to-date: /home/antonadonin/Robotics/lab3/ex02/install/actions/lib/python3.12/site-packages/actions/actions_s__rosidl_typesupport_introspection_c.so
[0.305s] -- Up-to-date: /home/antonadonin/Robotics/lab3/ex02/install/actions/lib/python3.12/site-packages/actions/actions_s__rosidl_typesupport_c.so
[0.305s] -- Up-to-date: /home/antonadonin/Robotics/lab3/ex02/install/actions/lib/libactions__rosidl_generator_py.so
[0.305s] -- Up-to-date: /home/antonadonin/Robotics/lab3/ex02/install/actions/share/actions/action/MessageTurtleCommands.idl
[0.305s] -- Up-to-date: /home/antonadonin/Robotics/lab3/ex02/install/actions/share/actions/action/MessageTurtleCommands.action
[0.305s] -- Up-to-date: /home/antonadonin/Robotics/lab3/ex02/install/actions/share/ament_index/resource_index/package_run_dependencies/actions
[0.305s] -- Up-to-date: /home/antonadonin/Robotics/lab3/ex02/install/actions/share/ament_index/resource_index/parent_prefix_path/actions
[0.305s] -- Up-to-date: /home/antonadonin/Robotics/lab3/ex02/install/actions/share/actions/environment/ament_prefix_path.sh
[0.305s] -- Up-to-date: /home/antonadonin/Robotics/lab3/ex02/install/actions/share/actions/environment/ament_prefix_path.dsv
[0.306s] -- Up-to-date: /home/antonadonin/Robotics/lab3/ex02/install/actions/share/actions/environment/path.sh
[0.306s] -- Up-to-date: /home/antonadonin/Robotics/lab3/ex02/install/actions/share/actions/environment/path.dsv
[0.306s] -- Up-to-date: /home/antonadonin/Robotics/lab3/ex02/install/actions/share/actions/local_setup.bash
[0.306s] -- Up-to-date: /home/antonadonin/Robotics/lab3/ex02/install/actions/share/actions/local_setup.sh
[0.306s] -- Up-to-date: /home/antonadonin/Robotics/lab3/ex02/install/actions/share/actions/local_setup.zsh
[0.306s] -- Up-to-date: /home/antonadonin/Robotics/lab3/ex02/install/actions/share/actions/local_setup.dsv
[0.306s] -- Installing: /home/antonadonin/Robotics/lab3/ex02/install/actions/share/actions/package.dsv
[0.306s] -- Up-to-date: /home/antonadonin/Robotics/lab3/ex02/install/actions/share/ament_index/resource_index/packages/actions
[0.306s] -- Up-to-date: /home/antonadonin/Robotics/lab3/ex02/install/actions/share/actions/cmake/export_actions__rosidl_generator_cExport.cmake
[0.306s] -- Up-to-date: /home/antonadonin/Robotics/lab3/ex02/install/actions/share/actions/cmake/export_actions__rosidl_generator_cExport-noconfig.cmake
[0.307s] -- Up-to-date: /home/antonadonin/Robotics/lab3/ex02/install/actions/share/actions/cmake/export_actions__rosidl_typesupport_fastrtps_cExport.cmake
[0.307s] -- Up-to-date: /home/antonadonin/Robotics/lab3/ex02/install/actions/share/actions/cmake/export_actions__rosidl_typesupport_fastrtps_cExport-noconfig.cmake
[0.307s] -- Up-to-date: /home/antonadonin/Robotics/lab3/ex02/install/actions/share/actions/cmake/actions__rosidl_typesupport_introspection_cExport.cmake
[0.307s] -- Up-to-date: /home/antonadonin/Robotics/lab3/ex02/install/actions/share/actions/cmake/actions__rosidl_typesupport_introspection_cExport-noconfig.cmake
[0.307s] -- Up-to-date: /home/antonadonin/Robotics/lab3/ex02/install/actions/share/actions/cmake/actions__rosidl_typesupport_cExport.cmake
[0.307s] -- Up-to-date: /home/antonadonin/Robotics/lab3/ex02/install/actions/share/actions/cmake/actions__rosidl_typesupport_cExport-noconfig.cmake
[0.307s] -- Up-to-date: /home/antonadonin/Robotics/lab3/ex02/install/actions/share/actions/cmake/export_actions__rosidl_generator_cppExport.cmake
[0.307s] -- Up-to-date: /home/antonadonin/Robotics/lab3/ex02/install/actions/share/actions/cmake/export_actions__rosidl_typesupport_fastrtps_cppExport.cmake
[0.307s] -- Up-to-date: /home/antonadonin/Robotics/lab3/ex02/install/actions/share/actions/cmake/export_actions__rosidl_typesupport_fastrtps_cppExport-noconfig.cmake
[0.307s] -- Up-to-date: /home/antonadonin/Robotics/lab3/ex02/install/actions/share/actions/cmake/actions__rosidl_typesupport_introspection_cppExport.cmake
[0.307s] -- Up-to-date: /home/antonadonin/Robotics/lab3/ex02/install/actions/share/actions/cmake/actions__rosidl_typesupport_introspection_cppExport-noconfig.cmake
[0.308s] -- Up-to-date: /home/antonadonin/Robotics/lab3/ex02/install/actions/share/actions/cmake/actions__rosidl_typesupport_cppExport.cmake
[0.308s] -- Up-to-date: /home/antonadonin/Robotics/lab3/ex02/install/actions/share/actions/cmake/actions__rosidl_typesupport_cppExport-noconfig.cmake
[0.308s] -- Up-to-date: /home/antonadonin/Robotics/lab3/ex02/install/actions/share/actions/cmake/export_actions__rosidl_generator_pyExport.cmake
[0.308s] -- Up-to-date: /home/antonadonin/Robotics/lab3/ex02/install/actions/share/actions/cmake/export_actions__rosidl_generator_pyExport-noconfig.cmake
[0.308s] -- Up-to-date: /home/antonadonin/Robotics/lab3/ex02/install/actions/share/actions/cmake/rosidl_cmake-extras.cmake
[0.308s] -- Up-to-date: /home/antonadonin/Robotics/lab3/ex02/install/actions/share/actions/cmake/ament_cmake_export_dependencies-extras.cmake
[0.308s] -- Up-to-date: /home/antonadonin/Robotics/lab3/ex02/install/actions/share/actions/cmake/ament_cmake_export_include_directories-extras.cmake
[0.308s] -- Up-to-date: /home/antonadonin/Robotics/lab3/ex02/install/actions/share/actions/cmake/ament_cmake_export_libraries-extras.cmake
[0.308s] -- Up-to-date: /home/antonadonin/Robotics/lab3/ex02/install/actions/share/actions/cmake/ament_cmake_export_targets-extras.cmake
[0.309s] -- Up-to-date: /home/antonadonin/Robotics/lab3/ex02/install/actions/share/actions/cmake/rosidl_cmake_export_typesupport_targets-extras.cmake
[0.309s] -- Up-to-date: /home/antonadonin/Robotics/lab3/ex02/install/actions/share/actions/cmake/rosidl_cmake_export_typesupport_libraries-extras.cmake
[0.309s] -- Up-to-date: /home/antonadonin/Robotics/lab3/ex02/install/actions/share/actions/cmake/actionsConfig.cmake
[0.309s] -- Up-to-date: /home/antonadonin/Robotics/lab3/ex02/install/actions/share/actions/cmake/actionsConfig-version.cmake
[0.309s] -- Up-to-date: /home/antonadonin/Robotics/lab3/ex02/install/actions/share/actions/package.xml
[0.309s] Invoked command in '/home/antonadonin/Robotics/lab3/ex02/build/actions' returned '0': CMAKE_PREFIX_PATH=${CMAKE_PREFIX_PATH}:/home/antonadonin/Robotics/lab3/ex02/install/action_turtle_commands:/home/antonadonin/Robotics/lab3/ex01/install/service:/opt/ros/jazzy DEBUGINFOD_URLS=https://debuginfod.ubuntu.com /usr/bin/cmake --install /home/antonadonin/Robotics/lab3/ex02/build/actions
