[0.005s] Invoking command in '/home/antonadonin/Robotics/lab2/ex09/build/task9_pkg': DEBUGINFOD_URLS=https://debuginfod.ubuntu.com /usr/bin/cmake /home/antonadonin/Robotics/lab2/ex09/task9_pkg -DCMAKE_INSTALL_PREFIX=/home/antonadonin/Robotics/lab2/ex09/install/task9_pkg
[0.110s] -- The C compiler identification is GNU 13.2.0
[0.202s] -- The CXX compiler identification is GNU 13.2.0
[0.219s] -- Detecting C compiler ABI info
[0.301s] -- Detecting C compiler ABI info - done
[0.313s] -- Check for working C compiler: /usr/bin/cc - skipped
[0.314s] -- Detecting C compile features
[0.314s] -- Detecting C compile features - done
[0.322s] -- Detecting CXX compiler ABI info
[0.406s] -- Detecting CXX compiler ABI info - done
[0.418s] -- Check for working CXX compiler: /usr/bin/c++ - skipped
[0.419s] -- Detecting CXX compile features
[0.419s] -- Detecting CXX compile features - done
[0.432s] [31mCMake Error at CMakeLists.txt:9 (find_package):
[0.432s]   By not providing "Findament_cmake.cmake" in CMAKE_MODULE_PATH this project
[0.432s]   has asked CMake to find a package configuration file provided by
[0.432s]   "ament_cmake", but CMake did not find one.
[0.432s] 
[0.432s]   Could not find a package configuration file provided by "ament_cmake" with
[0.432s]   any of the following names:
[0.432s] 
[0.432s]     ament_cmakeConfig.cmake
[0.432s]     ament_cmake-config.cmake
[0.433s] 
[0.433s]   Add the installation prefix of "ament_cmake" to CMAKE_PREFIX_PATH or set
[0.433s]   "ament_cmake_DIR" to a directory containing one of the above files.  If
[0.433s]   "ament_cmake" provides a separate development package or SDK, be sure it
[0.433s]   has been installed.
[0.433s] 
[0.433s] [0m
[0.433s] -- Configuring incomplete, errors occurred!
[0.435s] Invoked command in '/home/antonadonin/Robotics/lab2/ex09/build/task9_pkg' returned '1': DEBUGINFOD_URLS=https://debuginfod.ubuntu.com /usr/bin/cmake /home/antonadonin/Robotics/lab2/ex09/task9_pkg -DCMAKE_INSTALL_PREFIX=/home/antonadonin/Robotics/lab2/ex09/install/task9_pkg
