-- Found ament_cmake: 2.5.2 (/opt/ros/jazzy/share/ament_cmake/cmake)
-- Found Python3: /usr/bin/python3 (found version "3.12.3") found components: Interpreter 
-- Found rosidl_default_generators: 1.6.0 (/opt/ros/jazzy/share/rosidl_default_generators/cmake)
-- Using all available rosidl_typesupport_c: rosidl_typesupport_fastrtps_c;rosidl_typesupport_introspection_c
-- Using all available rosidl_typesupport_cpp: rosidl_typesupport_fastrtps_cpp;rosidl_typesupport_introspection_cpp
-- Found rosidl_adapter: 4.6.4 (/opt/ros/jazzy/share/rosidl_adapter/cmake)
-- Found ament_cmake_ros: 0.12.0 (/opt/ros/jazzy/share/ament_cmake_ros/cmake)
-- Using all available rosidl_typesupport_c: rosidl_typesupport_fastrtps_c;rosidl_typesupport_introspection_c
-- Using all available rosidl_typesupport_cpp: rosidl_typesupport_fastrtps_cpp;rosidl_typesupport_introspection_cpp
-- Found python_cmake_module: 0.11.1 (/opt/ros/jazzy/share/python_cmake_module/cmake)
-- Found PythonExtra: /usr/bin/python3  
-- Found Python3: /usr/bin/python3 (found version "3.12.3") found components: Interpreter Development NumPy Development.Module Development.Embed 
-- Found ament_lint_auto: 0.17.1 (/opt/ros/jazzy/share/ament_lint_auto/cmake)
-- Added test 'cppcheck' to perform static code analysis on C / C++ code
-- Configured cppcheck include dirs: 
-- Configured cppcheck exclude dirs and/or files: 
-- Added test 'flake8' to check Python code syntax and style conventions
-- Configured 'flake8' exclude dirs and/or files: 
-- Added test 'lint_cmake' to check CMake code style
-- Added test 'pep257' to check Python code against some of the docstring style conventions in PEP 257
-- Added test 'uncrustify' to check C / C++ code style
-- Configured uncrustify additional arguments: 
-- Added test 'xmllint' to check XML markup files
-- Configuring done (2.0s)
-- Generating done (0.0s)
-- Build files have been written to: /home/antonadonin/Robotics/lab2/ex09/build/task9_pkg
[  2%] [34m[1mGenerating type hashes for ROS interfaces[0m
[  2%] Built target ament_cmake_python_copy_task9_pkg
[  2%] Built target task9_pkg__rosidl_generator_type_description
[  4%] [34m[1mGenerating C code for ROS interfaces[0m
[  6%] [34m[1mGenerating C++ code for ROS interfaces[0m
running egg_info
creating task9_pkg.egg-info
writing task9_pkg.egg-info/PKG-INFO
writing dependency_links to task9_pkg.egg-info/dependency_links.txt
writing top-level names to task9_pkg.egg-info/top_level.txt
writing manifest file 'task9_pkg.egg-info/SOURCES.txt'
reading manifest file 'task9_pkg.egg-info/SOURCES.txt'
writing manifest file 'task9_pkg.egg-info/SOURCES.txt'
[  6%] Built target ament_cmake_python_build_task9_pkg_egg
[  6%] Built target task9_pkg__cpp
[ 11%] [32mBuilding C object CMakeFiles/task9_pkg__rosidl_generator_c.dir/rosidl_generator_c/task9_pkg/msg/detail/full_name_message__functions.c.o[0m
[ 11%] [32mBuilding C object CMakeFiles/task9_pkg__rosidl_generator_c.dir/rosidl_generator_c/task9_pkg/msg/detail/full_name_message__description.c.o[0m
[ 13%] [32mBuilding C object CMakeFiles/task9_pkg__rosidl_generator_c.dir/rosidl_generator_c/task9_pkg/srv/detail/full_name_sum_service__type_support.c.o[0m
[ 15%] [32mBuilding C object CMakeFiles/task9_pkg__rosidl_generator_c.dir/rosidl_generator_c/task9_pkg/srv/detail/full_name_sum_service__description.c.o[0m
[ 18%] [32mBuilding C object CMakeFiles/task9_pkg__rosidl_generator_c.dir/rosidl_generator_c/task9_pkg/msg/detail/full_name_message__type_support.c.o[0m
[ 20%] [32mBuilding C object CMakeFiles/task9_pkg__rosidl_generator_c.dir/rosidl_generator_c/task9_pkg/srv/detail/full_name_sum_service__functions.c.o[0m
[ 22%] [32m[1mLinking C shared library libtask9_pkg__rosidl_generator_c.so[0m
[ 22%] Built target task9_pkg__rosidl_generator_c
[ 29%] [34m[1mGenerating C++ type support dispatch for ROS interfaces[0m
[ 29%] [34m[1mGenerating C introspection for ROS interfaces[0m
[ 29%] [34m[1mGenerating C++ type support for eProsima Fast-RTPS[0m
[ 36%] [34m[1mGenerating C type support dispatch for ROS interfaces[0m
[ 36%] [34m[1mGenerating C type support for eProsima Fast-RTPS[0m
[ 36%] [34m[1mGenerating C++ introspection for ROS interfaces[0m
[ 40%] [32mBuilding CXX object CMakeFiles/task9_pkg__rosidl_typesupport_cpp.dir/rosidl_typesupport_cpp/task9_pkg/msg/full_name_message__type_support.cpp.o[0m
[ 40%] [32mBuilding CXX object CMakeFiles/task9_pkg__rosidl_typesupport_cpp.dir/rosidl_typesupport_cpp/task9_pkg/srv/full_name_sum_service__type_support.cpp.o[0m
[ 43%] [32mBuilding CXX object CMakeFiles/task9_pkg__rosidl_typesupport_introspection_cpp.dir/rosidl_typesupport_introspection_cpp/task9_pkg/msg/detail/full_name_message__type_support.cpp.o[0m
[ 45%] [32mBuilding CXX object CMakeFiles/task9_pkg__rosidl_typesupport_introspection_cpp.dir/rosidl_typesupport_introspection_cpp/task9_pkg/srv/detail/full_name_sum_service__type_support.cpp.o[0m
[ 47%] [32mBuilding C object CMakeFiles/task9_pkg__rosidl_typesupport_introspection_c.dir/rosidl_typesupport_introspection_c/task9_pkg/msg/detail/full_name_message__type_support.c.o[0m
[ 50%] [32mBuilding CXX object CMakeFiles/task9_pkg__rosidl_typesupport_fastrtps_cpp.dir/rosidl_typesupport_fastrtps_cpp/task9_pkg/msg/detail/dds_fastrtps/full_name_message__type_support.cpp.o[0m
[ 52%] [32mBuilding C object CMakeFiles/task9_pkg__rosidl_typesupport_introspection_c.dir/rosidl_typesupport_introspection_c/task9_pkg/srv/detail/full_name_sum_service__type_support.c.o[0m
[ 54%] [32mBuilding CXX object CMakeFiles/task9_pkg__rosidl_typesupport_c.dir/rosidl_typesupport_c/task9_pkg/msg/full_name_message__type_support.cpp.o[0m
[ 56%] [32m[1mLinking C shared library libtask9_pkg__rosidl_typesupport_introspection_c.so[0m
[ 56%] Built target task9_pkg__rosidl_typesupport_introspection_c
[ 59%] [32mBuilding CXX object CMakeFiles/task9_pkg__rosidl_typesupport_fastrtps_cpp.dir/rosidl_typesupport_fastrtps_cpp/task9_pkg/srv/detail/dds_fastrtps/full_name_sum_service__type_support.cpp.o[0m
[ 61%] [32mBuilding CXX object CMakeFiles/task9_pkg__rosidl_typesupport_fastrtps_c.dir/rosidl_typesupport_fastrtps_c/task9_pkg/msg/detail/full_name_message__type_support_c.cpp.o[0m
[ 63%] [32mBuilding CXX object CMakeFiles/task9_pkg__rosidl_typesupport_c.dir/rosidl_typesupport_c/task9_pkg/srv/full_name_sum_service__type_support.cpp.o[0m
[ 65%] [32m[1mLinking CXX shared library libtask9_pkg__rosidl_typesupport_c.so[0m
[ 68%] [32mBuilding CXX object CMakeFiles/task9_pkg__rosidl_typesupport_fastrtps_c.dir/rosidl_typesupport_fastrtps_c/task9_pkg/srv/detail/full_name_sum_service__type_support_c.cpp.o[0m
[ 68%] Built target task9_pkg__rosidl_typesupport_c
[ 72%] [32m[1mLinking CXX shared library libtask9_pkg__rosidl_typesupport_introspection_cpp.so[0m
[ 72%] [32m[1mLinking CXX shared library libtask9_pkg__rosidl_typesupport_cpp.so[0m
[ 72%] Built target task9_pkg__rosidl_typesupport_cpp
[ 72%] Built target task9_pkg__rosidl_typesupport_introspection_cpp
[ 75%] [32m[1mLinking CXX shared library libtask9_pkg__rosidl_typesupport_fastrtps_c.so[0m
[ 77%] [32m[1mLinking CXX shared library libtask9_pkg__rosidl_typesupport_fastrtps_cpp.so[0m
[ 77%] Built target task9_pkg__rosidl_typesupport_fastrtps_c
[ 77%] Built target task9_pkg__rosidl_typesupport_fastrtps_cpp
[ 77%] Built target task9_pkg
[ 79%] [34m[1mGenerating Python code for ROS interfaces[0m
[ 79%] Built target task9_pkg__py
[ 81%] [32mBuilding C object CMakeFiles/task9_pkg__rosidl_generator_py.dir/rosidl_generator_py/task9_pkg/msg/_full_name_message_s.c.o[0m
[ 84%] [32mBuilding C object CMakeFiles/task9_pkg__rosidl_generator_py.dir/rosidl_generator_py/task9_pkg/srv/_full_name_sum_service_s.c.o[0m
[ 86%] [32m[1mLinking C shared library libtask9_pkg__rosidl_generator_py.so[0m
[ 86%] Built target task9_pkg__rosidl_generator_py
[ 88%] [32mBuilding C object CMakeFiles/task9_pkg_s__rosidl_typesupport_c.dir/rosidl_generator_py/task9_pkg/_task9_pkg_s.ep.rosidl_typesupport_c.c.o[0m
[ 90%] [32mBuilding C object CMakeFiles/task9_pkg_s__rosidl_typesupport_fastrtps_c.dir/rosidl_generator_py/task9_pkg/_task9_pkg_s.ep.rosidl_typesupport_fastrtps_c.c.o[0m
[ 93%] [32mBuilding C object CMakeFiles/task9_pkg_s__rosidl_typesupport_introspection_c.dir/rosidl_generator_py/task9_pkg/_task9_pkg_s.ep.rosidl_typesupport_introspection_c.c.o[0m
[ 95%] [32m[1mLinking C shared module rosidl_generator_py/task9_pkg/task9_pkg_s__rosidl_typesupport_c.so[0m
[ 97%] [32m[1mLinking C shared module rosidl_generator_py/task9_pkg/task9_pkg_s__rosidl_typesupport_fastrtps_c.so[0m
[ 97%] Built target task9_pkg_s__rosidl_typesupport_c
[ 97%] Built target task9_pkg_s__rosidl_typesupport_fastrtps_c
[100%] [32m[1mLinking C shared module rosidl_generator_py/task9_pkg/task9_pkg_s__rosidl_typesupport_introspection_c.so[0m
[100%] Built target task9_pkg_s__rosidl_typesupport_introspection_c
-- Install configuration: ""
-- Installing: /home/antonadonin/Robotics/lab2/ex09/install/task9_pkg/share/ament_index/resource_index/rosidl_interfaces/task9_pkg
-- Installing: /home/antonadonin/Robotics/lab2/ex09/install/task9_pkg/share/task9_pkg/msg/FullNameMessage.json
-- Installing: /home/antonadonin/Robotics/lab2/ex09/install/task9_pkg/share/task9_pkg/srv/FullNameSumService.json
-- Installing: /home/antonadonin/Robotics/lab2/ex09/install/task9_pkg/include/task9_pkg/task9_pkg
-- Installing: /home/antonadonin/Robotics/lab2/ex09/install/task9_pkg/include/task9_pkg/task9_pkg/srv
-- Installing: /home/antonadonin/Robotics/lab2/ex09/install/task9_pkg/include/task9_pkg/task9_pkg/srv/detail
-- Installing: /home/antonadonin/Robotics/lab2/ex09/install/task9_pkg/include/task9_pkg/task9_pkg/srv/detail/full_name_sum_service__description.c
-- Installing: /home/antonadonin/Robotics/lab2/ex09/install/task9_pkg/include/task9_pkg/task9_pkg/srv/detail/full_name_sum_service__functions.c
-- Installing: /home/antonadonin/Robotics/lab2/ex09/install/task9_pkg/include/task9_pkg/task9_pkg/srv/detail/full_name_sum_service__type_support.h
-- Installing: /home/antonadonin/Robotics/lab2/ex09/install/task9_pkg/include/task9_pkg/task9_pkg/srv/detail/full_name_sum_service__functions.h
-- Installing: /home/antonadonin/Robotics/lab2/ex09/install/task9_pkg/include/task9_pkg/task9_pkg/srv/detail/full_name_sum_service__type_support.c
-- Installing: /home/antonadonin/Robotics/lab2/ex09/install/task9_pkg/include/task9_pkg/task9_pkg/srv/detail/full_name_sum_service__struct.h
-- Installing: /home/antonadonin/Robotics/lab2/ex09/install/task9_pkg/include/task9_pkg/task9_pkg/srv/full_name_sum_service.h
-- Installing: /home/antonadonin/Robotics/lab2/ex09/install/task9_pkg/include/task9_pkg/task9_pkg/msg
-- Installing: /home/antonadonin/Robotics/lab2/ex09/install/task9_pkg/include/task9_pkg/task9_pkg/msg/detail
-- Installing: /home/antonadonin/Robotics/lab2/ex09/install/task9_pkg/include/task9_pkg/task9_pkg/msg/detail/full_name_message__functions.c
-- Installing: /home/antonadonin/Robotics/lab2/ex09/install/task9_pkg/include/task9_pkg/task9_pkg/msg/detail/full_name_message__type_support.c
-- Installing: /home/antonadonin/Robotics/lab2/ex09/install/task9_pkg/include/task9_pkg/task9_pkg/msg/detail/full_name_message__functions.h
-- Installing: /home/antonadonin/Robotics/lab2/ex09/install/task9_pkg/include/task9_pkg/task9_pkg/msg/detail/full_name_message__description.c
-- Installing: /home/antonadonin/Robotics/lab2/ex09/install/task9_pkg/include/task9_pkg/task9_pkg/msg/detail/full_name_message__type_support.h
-- Installing: /home/antonadonin/Robotics/lab2/ex09/install/task9_pkg/include/task9_pkg/task9_pkg/msg/detail/full_name_message__struct.h
-- Installing: /home/antonadonin/Robotics/lab2/ex09/install/task9_pkg/include/task9_pkg/task9_pkg/msg/rosidl_generator_c__visibility_control.h
-- Installing: /home/antonadonin/Robotics/lab2/ex09/install/task9_pkg/include/task9_pkg/task9_pkg/msg/full_name_message.h
-- Installing: /home/antonadonin/Robotics/lab2/ex09/install/task9_pkg/share/task9_pkg/environment/library_path.sh
-- Installing: /home/antonadonin/Robotics/lab2/ex09/install/task9_pkg/share/task9_pkg/environment/library_path.dsv
-- Installing: /home/antonadonin/Robotics/lab2/ex09/install/task9_pkg/lib/libtask9_pkg__rosidl_generator_c.so
-- Set non-toolchain portion of runtime path of "/home/antonadonin/Robotics/lab2/ex09/install/task9_pkg/lib/libtask9_pkg__rosidl_generator_c.so" to ""
-- Up-to-date: /home/antonadonin/Robotics/lab2/ex09/install/task9_pkg/include/task9_pkg/task9_pkg
-- Up-to-date: /home/antonadonin/Robotics/lab2/ex09/install/task9_pkg/include/task9_pkg/task9_pkg/srv
-- Up-to-date: /home/antonadonin/Robotics/lab2/ex09/install/task9_pkg/include/task9_pkg/task9_pkg/srv/detail
-- Installing: /home/antonadonin/Robotics/lab2/ex09/install/task9_pkg/include/task9_pkg/task9_pkg/srv/detail/full_name_sum_service__rosidl_typesupport_fastrtps_c.h
-- Up-to-date: /home/antonadonin/Robotics/lab2/ex09/install/task9_pkg/include/task9_pkg/task9_pkg/msg
-- Up-to-date: /home/antonadonin/Robotics/lab2/ex09/install/task9_pkg/include/task9_pkg/task9_pkg/msg/detail
-- Installing: /home/antonadonin/Robotics/lab2/ex09/install/task9_pkg/include/task9_pkg/task9_pkg/msg/detail/full_name_message__rosidl_typesupport_fastrtps_c.h
-- Installing: /home/antonadonin/Robotics/lab2/ex09/install/task9_pkg/include/task9_pkg/task9_pkg/msg/rosidl_typesupport_fastrtps_c__visibility_control.h
-- Installing: /home/antonadonin/Robotics/lab2/ex09/install/task9_pkg/lib/libtask9_pkg__rosidl_typesupport_fastrtps_c.so
-- Set non-toolchain portion of runtime path of "/home/antonadonin/Robotics/lab2/ex09/install/task9_pkg/lib/libtask9_pkg__rosidl_typesupport_fastrtps_c.so" to ""
-- Up-to-date: /home/antonadonin/Robotics/lab2/ex09/install/task9_pkg/include/task9_pkg/task9_pkg
-- Up-to-date: /home/antonadonin/Robotics/lab2/ex09/install/task9_pkg/include/task9_pkg/task9_pkg/srv
-- Up-to-date: /home/antonadonin/Robotics/lab2/ex09/install/task9_pkg/include/task9_pkg/task9_pkg/srv/detail
-- Up-to-date: /home/antonadonin/Robotics/lab2/ex09/install/task9_pkg/include/task9_pkg/task9_pkg/srv/detail/full_name_sum_service__type_support.c
-- Installing: /home/antonadonin/Robotics/lab2/ex09/install/task9_pkg/include/task9_pkg/task9_pkg/srv/detail/full_name_sum_service__rosidl_typesupport_introspection_c.h
-- Up-to-date: /home/antonadonin/Robotics/lab2/ex09/install/task9_pkg/include/task9_pkg/task9_pkg/msg
-- Up-to-date: /home/antonadonin/Robotics/lab2/ex09/install/task9_pkg/include/task9_pkg/task9_pkg/msg/detail
-- Installing: /home/antonadonin/Robotics/lab2/ex09/install/task9_pkg/include/task9_pkg/task9_pkg/msg/detail/full_name_message__rosidl_typesupport_introspection_c.h
-- Up-to-date: /home/antonadonin/Robotics/lab2/ex09/install/task9_pkg/include/task9_pkg/task9_pkg/msg/detail/full_name_message__type_support.c
-- Installing: /home/antonadonin/Robotics/lab2/ex09/install/task9_pkg/include/task9_pkg/task9_pkg/msg/rosidl_typesupport_introspection_c__visibility_control.h
-- Installing: /home/antonadonin/Robotics/lab2/ex09/install/task9_pkg/lib/libtask9_pkg__rosidl_typesupport_introspection_c.so
-- Set non-toolchain portion of runtime path of "/home/antonadonin/Robotics/lab2/ex09/install/task9_pkg/lib/libtask9_pkg__rosidl_typesupport_introspection_c.so" to ""
-- Installing: /home/antonadonin/Robotics/lab2/ex09/install/task9_pkg/lib/libtask9_pkg__rosidl_typesupport_c.so
-- Set non-toolchain portion of runtime path of "/home/antonadonin/Robotics/lab2/ex09/install/task9_pkg/lib/libtask9_pkg__rosidl_typesupport_c.so" to ""
-- Up-to-date: /home/antonadonin/Robotics/lab2/ex09/install/task9_pkg/include/task9_pkg/task9_pkg
-- Up-to-date: /home/antonadonin/Robotics/lab2/ex09/install/task9_pkg/include/task9_pkg/task9_pkg/srv
-- Up-to-date: /home/antonadonin/Robotics/lab2/ex09/install/task9_pkg/include/task9_pkg/task9_pkg/srv/detail
-- Installing: /home/antonadonin/Robotics/lab2/ex09/install/task9_pkg/include/task9_pkg/task9_pkg/srv/detail/full_name_sum_service__type_support.hpp
-- Installing: /home/antonadonin/Robotics/lab2/ex09/install/task9_pkg/include/task9_pkg/task9_pkg/srv/detail/full_name_sum_service__traits.hpp
-- Installing: /home/antonadonin/Robotics/lab2/ex09/install/task9_pkg/include/task9_pkg/task9_pkg/srv/detail/full_name_sum_service__builder.hpp
-- Installing: /home/antonadonin/Robotics/lab2/ex09/install/task9_pkg/include/task9_pkg/task9_pkg/srv/detail/full_name_sum_service__struct.hpp
-- Installing: /home/antonadonin/Robotics/lab2/ex09/install/task9_pkg/include/task9_pkg/task9_pkg/srv/full_name_sum_service.hpp
-- Up-to-date: /home/antonadonin/Robotics/lab2/ex09/install/task9_pkg/include/task9_pkg/task9_pkg/msg
-- Installing: /home/antonadonin/Robotics/lab2/ex09/install/task9_pkg/include/task9_pkg/task9_pkg/msg/full_name_message.hpp
-- Up-to-date: /home/antonadonin/Robotics/lab2/ex09/install/task9_pkg/include/task9_pkg/task9_pkg/msg/detail
-- Installing: /home/antonadonin/Robotics/lab2/ex09/install/task9_pkg/include/task9_pkg/task9_pkg/msg/detail/full_name_message__traits.hpp
-- Installing: /home/antonadonin/Robotics/lab2/ex09/install/task9_pkg/include/task9_pkg/task9_pkg/msg/detail/full_name_message__builder.hpp
-- Installing: /home/antonadonin/Robotics/lab2/ex09/install/task9_pkg/include/task9_pkg/task9_pkg/msg/detail/full_name_message__type_support.hpp
-- Installing: /home/antonadonin/Robotics/lab2/ex09/install/task9_pkg/include/task9_pkg/task9_pkg/msg/detail/full_name_message__struct.hpp
-- Installing: /home/antonadonin/Robotics/lab2/ex09/install/task9_pkg/include/task9_pkg/task9_pkg/msg/rosidl_generator_cpp__visibility_control.hpp
-- Up-to-date: /home/antonadonin/Robotics/lab2/ex09/install/task9_pkg/include/task9_pkg/task9_pkg
-- Up-to-date: /home/antonadonin/Robotics/lab2/ex09/install/task9_pkg/include/task9_pkg/task9_pkg/srv
-- Up-to-date: /home/antonadonin/Robotics/lab2/ex09/install/task9_pkg/include/task9_pkg/task9_pkg/srv/detail
-- Installing: /home/antonadonin/Robotics/lab2/ex09/install/task9_pkg/include/task9_pkg/task9_pkg/srv/detail/dds_fastrtps
-- Installing: /home/antonadonin/Robotics/lab2/ex09/install/task9_pkg/include/task9_pkg/task9_pkg/srv/detail/full_name_sum_service__rosidl_typesupport_fastrtps_cpp.hpp
-- Up-to-date: /home/antonadonin/Robotics/lab2/ex09/install/task9_pkg/include/task9_pkg/task9_pkg/msg
-- Up-to-date: /home/antonadonin/Robotics/lab2/ex09/install/task9_pkg/include/task9_pkg/task9_pkg/msg/detail
-- Installing: /home/antonadonin/Robotics/lab2/ex09/install/task9_pkg/include/task9_pkg/task9_pkg/msg/detail/dds_fastrtps
-- Installing: /home/antonadonin/Robotics/lab2/ex09/install/task9_pkg/include/task9_pkg/task9_pkg/msg/detail/full_name_message__rosidl_typesupport_fastrtps_cpp.hpp
-- Installing: /home/antonadonin/Robotics/lab2/ex09/install/task9_pkg/include/task9_pkg/task9_pkg/msg/rosidl_typesupport_fastrtps_cpp__visibility_control.h
-- Installing: /home/antonadonin/Robotics/lab2/ex09/install/task9_pkg/lib/libtask9_pkg__rosidl_typesupport_fastrtps_cpp.so
-- Set non-toolchain portion of runtime path of "/home/antonadonin/Robotics/lab2/ex09/install/task9_pkg/lib/libtask9_pkg__rosidl_typesupport_fastrtps_cpp.so" to ""
-- Up-to-date: /home/antonadonin/Robotics/lab2/ex09/install/task9_pkg/include/task9_pkg/task9_pkg
-- Up-to-date: /home/antonadonin/Robotics/lab2/ex09/install/task9_pkg/include/task9_pkg/task9_pkg/srv
-- Up-to-date: /home/antonadonin/Robotics/lab2/ex09/install/task9_pkg/include/task9_pkg/task9_pkg/srv/detail
-- Installing: /home/antonadonin/Robotics/lab2/ex09/install/task9_pkg/include/task9_pkg/task9_pkg/srv/detail/full_name_sum_service__type_support.cpp
-- Installing: /home/antonadonin/Robotics/lab2/ex09/install/task9_pkg/include/task9_pkg/task9_pkg/srv/detail/full_name_sum_service__rosidl_typesupport_introspection_cpp.hpp
-- Up-to-date: /home/antonadonin/Robotics/lab2/ex09/install/task9_pkg/include/task9_pkg/task9_pkg/msg
-- Up-to-date: /home/antonadonin/Robotics/lab2/ex09/install/task9_pkg/include/task9_pkg/task9_pkg/msg/detail
-- Installing: /home/antonadonin/Robotics/lab2/ex09/install/task9_pkg/include/task9_pkg/task9_pkg/msg/detail/full_name_message__type_support.cpp
-- Installing: /home/antonadonin/Robotics/lab2/ex09/install/task9_pkg/include/task9_pkg/task9_pkg/msg/detail/full_name_message__rosidl_typesupport_introspection_cpp.hpp
-- Installing: /home/antonadonin/Robotics/lab2/ex09/install/task9_pkg/lib/libtask9_pkg__rosidl_typesupport_introspection_cpp.so
-- Set non-toolchain portion of runtime path of "/home/antonadonin/Robotics/lab2/ex09/install/task9_pkg/lib/libtask9_pkg__rosidl_typesupport_introspection_cpp.so" to ""
-- Installing: /home/antonadonin/Robotics/lab2/ex09/install/task9_pkg/lib/libtask9_pkg__rosidl_typesupport_cpp.so
-- Set non-toolchain portion of runtime path of "/home/antonadonin/Robotics/lab2/ex09/install/task9_pkg/lib/libtask9_pkg__rosidl_typesupport_cpp.so" to ""
-- Installing: /home/antonadonin/Robotics/lab2/ex09/install/task9_pkg/share/task9_pkg/environment/pythonpath.sh
-- Installing: /home/antonadonin/Robotics/lab2/ex09/install/task9_pkg/share/task9_pkg/environment/pythonpath.dsv
-- Installing: /home/antonadonin/Robotics/lab2/ex09/install/task9_pkg/lib/python3.12/site-packages/task9_pkg-0.0.0-py3.12.egg-info
-- Installing: /home/antonadonin/Robotics/lab2/ex09/install/task9_pkg/lib/python3.12/site-packages/task9_pkg-0.0.0-py3.12.egg-info/PKG-INFO
-- Installing: /home/antonadonin/Robotics/lab2/ex09/install/task9_pkg/lib/python3.12/site-packages/task9_pkg-0.0.0-py3.12.egg-info/dependency_links.txt
-- Installing: /home/antonadonin/Robotics/lab2/ex09/install/task9_pkg/lib/python3.12/site-packages/task9_pkg-0.0.0-py3.12.egg-info/SOURCES.txt
-- Installing: /home/antonadonin/Robotics/lab2/ex09/install/task9_pkg/lib/python3.12/site-packages/task9_pkg-0.0.0-py3.12.egg-info/top_level.txt
-- Installing: /home/antonadonin/Robotics/lab2/ex09/install/task9_pkg/lib/python3.12/site-packages/task9_pkg
-- Installing: /home/antonadonin/Robotics/lab2/ex09/install/task9_pkg/lib/python3.12/site-packages/task9_pkg/task9_pkg_s__rosidl_typesupport_fastrtps_c.so
-- Installing: /home/antonadonin/Robotics/lab2/ex09/install/task9_pkg/lib/python3.12/site-packages/task9_pkg/__init__.py
-- Installing: /home/antonadonin/Robotics/lab2/ex09/install/task9_pkg/lib/python3.12/site-packages/task9_pkg/task9_pkg_s__rosidl_typesupport_introspection_c.so
-- Installing: /home/antonadonin/Robotics/lab2/ex09/install/task9_pkg/lib/python3.12/site-packages/task9_pkg/task9_pkg_s__rosidl_typesupport_c.so
-- Installing: /home/antonadonin/Robotics/lab2/ex09/install/task9_pkg/lib/python3.12/site-packages/task9_pkg/srv
-- Installing: /home/antonadonin/Robotics/lab2/ex09/install/task9_pkg/lib/python3.12/site-packages/task9_pkg/srv/__init__.py
-- Installing: /home/antonadonin/Robotics/lab2/ex09/install/task9_pkg/lib/python3.12/site-packages/task9_pkg/srv/_full_name_sum_service_s.c
-- Installing: /home/antonadonin/Robotics/lab2/ex09/install/task9_pkg/lib/python3.12/site-packages/task9_pkg/srv/_full_name_sum_service.py
-- Installing: /home/antonadonin/Robotics/lab2/ex09/install/task9_pkg/lib/python3.12/site-packages/task9_pkg/_task9_pkg_s.ep.rosidl_typesupport_fastrtps_c.c
-- Installing: /home/antonadonin/Robotics/lab2/ex09/install/task9_pkg/lib/python3.12/site-packages/task9_pkg/_task9_pkg_s.ep.rosidl_typesupport_c.c
-- Installing: /home/antonadonin/Robotics/lab2/ex09/install/task9_pkg/lib/python3.12/site-packages/task9_pkg/_task9_pkg_s.ep.rosidl_typesupport_introspection_c.c
-- Installing: /home/antonadonin/Robotics/lab2/ex09/install/task9_pkg/lib/python3.12/site-packages/task9_pkg/msg
-- Installing: /home/antonadonin/Robotics/lab2/ex09/install/task9_pkg/lib/python3.12/site-packages/task9_pkg/msg/__init__.py
-- Installing: /home/antonadonin/Robotics/lab2/ex09/install/task9_pkg/lib/python3.12/site-packages/task9_pkg/msg/_full_name_message_s.c
-- Installing: /home/antonadonin/Robotics/lab2/ex09/install/task9_pkg/lib/python3.12/site-packages/task9_pkg/msg/_full_name_message.py
Listing '/home/antonadonin/Robotics/lab2/ex09/install/task9_pkg/lib/python3.12/site-packages/task9_pkg'...
Compiling '/home/antonadonin/Robotics/lab2/ex09/install/task9_pkg/lib/python3.12/site-packages/task9_pkg/__init__.py'...
Listing '/home/antonadonin/Robotics/lab2/ex09/install/task9_pkg/lib/python3.12/site-packages/task9_pkg/msg'...
Compiling '/home/antonadonin/Robotics/lab2/ex09/install/task9_pkg/lib/python3.12/site-packages/task9_pkg/msg/__init__.py'...
Compiling '/home/antonadonin/Robotics/lab2/ex09/install/task9_pkg/lib/python3.12/site-packages/task9_pkg/msg/_full_name_message.py'...
Listing '/home/antonadonin/Robotics/lab2/ex09/install/task9_pkg/lib/python3.12/site-packages/task9_pkg/srv'...
Compiling '/home/antonadonin/Robotics/lab2/ex09/install/task9_pkg/lib/python3.12/site-packages/task9_pkg/srv/__init__.py'...
Compiling '/home/antonadonin/Robotics/lab2/ex09/install/task9_pkg/lib/python3.12/site-packages/task9_pkg/srv/_full_name_sum_service.py'...
-- Installing: /home/antonadonin/Robotics/lab2/ex09/install/task9_pkg/lib/python3.12/site-packages/task9_pkg/task9_pkg_s__rosidl_typesupport_fastrtps_c.so
-- Set non-toolchain portion of runtime path of "/home/antonadonin/Robotics/lab2/ex09/install/task9_pkg/lib/python3.12/site-packages/task9_pkg/task9_pkg_s__rosidl_typesupport_fastrtps_c.so" to ""
-- Installing: /home/antonadonin/Robotics/lab2/ex09/install/task9_pkg/lib/python3.12/site-packages/task9_pkg/task9_pkg_s__rosidl_typesupport_introspection_c.so
-- Set non-toolchain portion of runtime path of "/home/antonadonin/Robotics/lab2/ex09/install/task9_pkg/lib/python3.12/site-packages/task9_pkg/task9_pkg_s__rosidl_typesupport_introspection_c.so" to ""
-- Installing: /home/antonadonin/Robotics/lab2/ex09/install/task9_pkg/lib/python3.12/site-packages/task9_pkg/task9_pkg_s__rosidl_typesupport_c.so
-- Set non-toolchain portion of runtime path of "/home/antonadonin/Robotics/lab2/ex09/install/task9_pkg/lib/python3.12/site-packages/task9_pkg/task9_pkg_s__rosidl_typesupport_c.so" to ""
-- Installing: /home/antonadonin/Robotics/lab2/ex09/install/task9_pkg/lib/libtask9_pkg__rosidl_generator_py.so
-- Set non-toolchain portion of runtime path of "/home/antonadonin/Robotics/lab2/ex09/install/task9_pkg/lib/libtask9_pkg__rosidl_generator_py.so" to ""
-- Installing: /home/antonadonin/Robotics/lab2/ex09/install/task9_pkg/share/task9_pkg/msg/FullNameMessage.idl
-- Installing: /home/antonadonin/Robotics/lab2/ex09/install/task9_pkg/share/task9_pkg/srv/FullNameSumService.idl
-- Installing: /home/antonadonin/Robotics/lab2/ex09/install/task9_pkg/share/task9_pkg/msg/FullNameMessage.msg
-- Installing: /home/antonadonin/Robotics/lab2/ex09/install/task9_pkg/share/task9_pkg/srv/FullNameSumService.srv
-- Installing: /home/antonadonin/Robotics/lab2/ex09/install/task9_pkg/share/ament_index/resource_index/package_run_dependencies/task9_pkg
-- Installing: /home/antonadonin/Robotics/lab2/ex09/install/task9_pkg/share/ament_index/resource_index/parent_prefix_path/task9_pkg
-- Installing: /home/antonadonin/Robotics/lab2/ex09/install/task9_pkg/share/task9_pkg/environment/ament_prefix_path.sh
-- Installing: /home/antonadonin/Robotics/lab2/ex09/install/task9_pkg/share/task9_pkg/environment/ament_prefix_path.dsv
-- Installing: /home/antonadonin/Robotics/lab2/ex09/install/task9_pkg/share/task9_pkg/environment/path.sh
-- Installing: /home/antonadonin/Robotics/lab2/ex09/install/task9_pkg/share/task9_pkg/environment/path.dsv
-- Installing: /home/antonadonin/Robotics/lab2/ex09/install/task9_pkg/share/task9_pkg/local_setup.bash
-- Installing: /home/antonadonin/Robotics/lab2/ex09/install/task9_pkg/share/task9_pkg/local_setup.sh
-- Installing: /home/antonadonin/Robotics/lab2/ex09/install/task9_pkg/share/task9_pkg/local_setup.zsh
-- Installing: /home/antonadonin/Robotics/lab2/ex09/install/task9_pkg/share/task9_pkg/local_setup.dsv
-- Installing: /home/antonadonin/Robotics/lab2/ex09/install/task9_pkg/share/task9_pkg/package.dsv
-- Installing: /home/antonadonin/Robotics/lab2/ex09/install/task9_pkg/share/ament_index/resource_index/packages/task9_pkg
-- Installing: /home/antonadonin/Robotics/lab2/ex09/install/task9_pkg/share/task9_pkg/cmake/export_task9_pkg__rosidl_generator_cExport.cmake
-- Installing: /home/antonadonin/Robotics/lab2/ex09/install/task9_pkg/share/task9_pkg/cmake/export_task9_pkg__rosidl_generator_cExport-noconfig.cmake
-- Installing: /home/antonadonin/Robotics/lab2/ex09/install/task9_pkg/share/task9_pkg/cmake/export_task9_pkg__rosidl_typesupport_fastrtps_cExport.cmake
-- Installing: /home/antonadonin/Robotics/lab2/ex09/install/task9_pkg/share/task9_pkg/cmake/export_task9_pkg__rosidl_typesupport_fastrtps_cExport-noconfig.cmake
-- Installing: /home/antonadonin/Robotics/lab2/ex09/install/task9_pkg/share/task9_pkg/cmake/task9_pkg__rosidl_typesupport_introspection_cExport.cmake
-- Installing: /home/antonadonin/Robotics/lab2/ex09/install/task9_pkg/share/task9_pkg/cmake/task9_pkg__rosidl_typesupport_introspection_cExport-noconfig.cmake
-- Installing: /home/antonadonin/Robotics/lab2/ex09/install/task9_pkg/share/task9_pkg/cmake/task9_pkg__rosidl_typesupport_cExport.cmake
-- Installing: /home/antonadonin/Robotics/lab2/ex09/install/task9_pkg/share/task9_pkg/cmake/task9_pkg__rosidl_typesupport_cExport-noconfig.cmake
-- Installing: /home/antonadonin/Robotics/lab2/ex09/install/task9_pkg/share/task9_pkg/cmake/export_task9_pkg__rosidl_generator_cppExport.cmake
-- Installing: /home/antonadonin/Robotics/lab2/ex09/install/task9_pkg/share/task9_pkg/cmake/export_task9_pkg__rosidl_typesupport_fastrtps_cppExport.cmake
-- Installing: /home/antonadonin/Robotics/lab2/ex09/install/task9_pkg/share/task9_pkg/cmake/export_task9_pkg__rosidl_typesupport_fastrtps_cppExport-noconfig.cmake
-- Installing: /home/antonadonin/Robotics/lab2/ex09/install/task9_pkg/share/task9_pkg/cmake/task9_pkg__rosidl_typesupport_introspection_cppExport.cmake
-- Installing: /home/antonadonin/Robotics/lab2/ex09/install/task9_pkg/share/task9_pkg/cmake/task9_pkg__rosidl_typesupport_introspection_cppExport-noconfig.cmake
-- Installing: /home/antonadonin/Robotics/lab2/ex09/install/task9_pkg/share/task9_pkg/cmake/task9_pkg__rosidl_typesupport_cppExport.cmake
-- Installing: /home/antonadonin/Robotics/lab2/ex09/install/task9_pkg/share/task9_pkg/cmake/task9_pkg__rosidl_typesupport_cppExport-noconfig.cmake
-- Installing: /home/antonadonin/Robotics/lab2/ex09/install/task9_pkg/share/task9_pkg/cmake/export_task9_pkg__rosidl_generator_pyExport.cmake
-- Installing: /home/antonadonin/Robotics/lab2/ex09/install/task9_pkg/share/task9_pkg/cmake/export_task9_pkg__rosidl_generator_pyExport-noconfig.cmake
-- Installing: /home/antonadonin/Robotics/lab2/ex09/install/task9_pkg/share/task9_pkg/cmake/rosidl_cmake-extras.cmake
-- Installing: /home/antonadonin/Robotics/lab2/ex09/install/task9_pkg/share/task9_pkg/cmake/ament_cmake_export_dependencies-extras.cmake
-- Installing: /home/antonadonin/Robotics/lab2/ex09/install/task9_pkg/share/task9_pkg/cmake/ament_cmake_export_include_directories-extras.cmake
-- Installing: /home/antonadonin/Robotics/lab2/ex09/install/task9_pkg/share/task9_pkg/cmake/ament_cmake_export_libraries-extras.cmake
-- Installing: /home/antonadonin/Robotics/lab2/ex09/install/task9_pkg/share/task9_pkg/cmake/ament_cmake_export_targets-extras.cmake
-- Installing: /home/antonadonin/Robotics/lab2/ex09/install/task9_pkg/share/task9_pkg/cmake/rosidl_cmake_export_typesupport_targets-extras.cmake
-- Installing: /home/antonadonin/Robotics/lab2/ex09/install/task9_pkg/share/task9_pkg/cmake/rosidl_cmake_export_typesupport_libraries-extras.cmake
-- Installing: /home/antonadonin/Robotics/lab2/ex09/install/task9_pkg/share/task9_pkg/cmake/task9_pkgConfig.cmake
-- Installing: /home/antonadonin/Robotics/lab2/ex09/install/task9_pkg/share/task9_pkg/cmake/task9_pkgConfig-version.cmake
-- Installing: /home/antonadonin/Robotics/lab2/ex09/install/task9_pkg/share/task9_pkg/package.xml
