[0.005s] Invoking command in '/home/antonadonin/Robotics/lab2/ex09/build/task9_pkg': CMAKE_PREFIX_PATH=${CMAKE_PREFIX_PATH}:/opt/ros/jazzy DEBUGINFOD_URLS=https://debuginfod.ubuntu.com /usr/bin/cmake /home/antonadonin/Robotics/lab2/ex09/task9_pkg -DCMAKE_INSTALL_PREFIX=/home/antonadonin/Robotics/lab2/ex09/install/task9_pkg
[0.016s] -- Found ament_cmake: 2.5.2 (/opt/ros/jazzy/share/ament_cmake/cmake)
[0.120s] -- Found Python3: /usr/bin/python3 (found version "3.12.3") found components: Interpreter 
[0.199s] -- Found rosidl_default_generators: 1.6.0 (/opt/ros/jazzy/share/rosidl_default_generators/cmake)
[0.204s] -- Using all available rosidl_typesupport_c: rosidl_typesupport_fastrtps_c;rosidl_typesupport_introspection_c
[0.239s] -- Using all available rosidl_typesupport_cpp: rosidl_typesupport_fastrtps_cpp;rosidl_typesupport_introspection_cpp
[0.267s] -- Found rosidl_adapter: 4.6.4 (/opt/ros/jazzy/share/rosidl_adapter/cmake)
[0.704s] -- Found ament_cmake_ros: 0.12.0 (/opt/ros/jazzy/share/ament_cmake_ros/cmake)
[1.060s] -- Using all available rosidl_typesupport_c: rosidl_typesupport_fastrtps_c;rosidl_typesupport_introspection_c
[1.515s] -- Using all available rosidl_typesupport_cpp: rosidl_typesupport_fastrtps_cpp;rosidl_typesupport_introspection_cpp
[1.517s] -- Found python_cmake_module: 0.11.1 (/opt/ros/jazzy/share/python_cmake_module/cmake)
[1.619s] -- Found PythonExtra: /usr/bin/python3  
[1.925s] -- Found Python3: /usr/bin/python3 (found version "3.12.3") found components: Interpreter Development NumPy Development.Module Development.Embed 
[1.941s] -- Found ament_lint_auto: 0.17.1 (/opt/ros/jazzy/share/ament_lint_auto/cmake)
[1.978s] -- Added test 'cppcheck' to perform static code analysis on C / C++ code
[1.978s] -- Configured cppcheck include dirs: 
[1.978s] -- Configured cppcheck exclude dirs and/or files: 
[1.980s] -- Added test 'flake8' to check Python code syntax and style conventions
[1.980s] -- Configured 'flake8' exclude dirs and/or files: 
[1.983s] -- Added test 'lint_cmake' to check CMake code style
[1.985s] -- Added test 'pep257' to check Python code against some of the docstring style conventions in PEP 257
[1.998s] -- Added test 'uncrustify' to check C / C++ code style
[1.998s] -- Configured uncrustify additional arguments: 
[2.000s] -- Added test 'xmllint' to check XML markup files
[2.001s] -- Configuring done (2.0s)
[2.016s] -- Generating done (0.0s)
[2.017s] -- Build files have been written to: /home/antonadonin/Robotics/lab2/ex09/build/task9_pkg
[2.022s] Invoked command in '/home/antonadonin/Robotics/lab2/ex09/build/task9_pkg' returned '0': CMAKE_PREFIX_PATH=${CMAKE_PREFIX_PATH}:/opt/ros/jazzy DEBUGINFOD_URLS=https://debuginfod.ubuntu.com /usr/bin/cmake /home/antonadonin/Robotics/lab2/ex09/task9_pkg -DCMAKE_INSTALL_PREFIX=/home/antonadonin/Robotics/lab2/ex09/install/task9_pkg
[2.022s] Invoking command in '/home/antonadonin/Robotics/lab2/ex09/build/task9_pkg': CMAKE_PREFIX_PATH=${CMAKE_PREFIX_PATH}:/opt/ros/jazzy DEBUGINFOD_URLS=https://debuginfod.ubuntu.com /usr/bin/cmake --build /home/antonadonin/Robotics/lab2/ex09/build/task9_pkg -- -j8 -l8
[2.058s] [  2%] [34m[1mGenerating type hashes for ROS interfaces[0m
[2.069s] [  2%] Built target ament_cmake_python_copy_task9_pkg
[2.160s] [  2%] Built target task9_pkg__rosidl_generator_type_description
[2.165s] [  4%] [34m[1mGenerating C code for ROS interfaces[0m
[2.172s] [  6%] [34m[1mGenerating C++ code for ROS interfaces[0m
[2.178s] running egg_info
[2.179s] creating task9_pkg.egg-info
[2.186s] writing task9_pkg.egg-info/PKG-INFO
[2.186s] writing dependency_links to task9_pkg.egg-info/dependency_links.txt
[2.186s] writing top-level names to task9_pkg.egg-info/top_level.txt
[2.186s] writing manifest file 'task9_pkg.egg-info/SOURCES.txt'
[2.205s] reading manifest file 'task9_pkg.egg-info/SOURCES.txt'
[2.206s] writing manifest file 'task9_pkg.egg-info/SOURCES.txt'
[2.223s] [  6%] Built target ament_cmake_python_build_task9_pkg_egg
[2.357s] [  6%] Built target task9_pkg__cpp
[2.358s] [ 11%] [32mBuilding C object CMakeFiles/task9_pkg__rosidl_generator_c.dir/rosidl_generator_c/task9_pkg/msg/detail/full_name_message__functions.c.o[0m
[2.359s] [ 11%] [32mBuilding C object CMakeFiles/task9_pkg__rosidl_generator_c.dir/rosidl_generator_c/task9_pkg/msg/detail/full_name_message__description.c.o[0m
[2.359s] [ 13%] [32mBuilding C object CMakeFiles/task9_pkg__rosidl_generator_c.dir/rosidl_generator_c/task9_pkg/srv/detail/full_name_sum_service__type_support.c.o[0m
[2.360s] [ 15%] [32mBuilding C object CMakeFiles/task9_pkg__rosidl_generator_c.dir/rosidl_generator_c/task9_pkg/srv/detail/full_name_sum_service__description.c.o[0m
[2.361s] [ 18%] [32mBuilding C object CMakeFiles/task9_pkg__rosidl_generator_c.dir/rosidl_generator_c/task9_pkg/msg/detail/full_name_message__type_support.c.o[0m
[2.361s] [ 20%] [32mBuilding C object CMakeFiles/task9_pkg__rosidl_generator_c.dir/rosidl_generator_c/task9_pkg/srv/detail/full_name_sum_service__functions.c.o[0m
[2.422s] [ 22%] [32m[1mLinking C shared library libtask9_pkg__rosidl_generator_c.so[0m
[2.449s] [ 22%] Built target task9_pkg__rosidl_generator_c
[2.454s] [ 29%] [34m[1mGenerating C++ type support dispatch for ROS interfaces[0m
[2.454s] [ 29%] [34m[1mGenerating C introspection for ROS interfaces[0m
[2.454s] [ 29%] [34m[1mGenerating C++ type support for eProsima Fast-RTPS[0m
[2.457s] [ 36%] [34m[1mGenerating C type support dispatch for ROS interfaces[0m
[2.457s] [ 36%] [34m[1mGenerating C type support for eProsima Fast-RTPS[0m
[2.457s] [ 36%] [34m[1mGenerating C++ introspection for ROS interfaces[0m
[2.585s] [ 40%] [32mBuilding CXX object CMakeFiles/task9_pkg__rosidl_typesupport_cpp.dir/rosidl_typesupport_cpp/task9_pkg/msg/full_name_message__type_support.cpp.o[0m
[2.585s] [ 40%] [32mBuilding CXX object CMakeFiles/task9_pkg__rosidl_typesupport_cpp.dir/rosidl_typesupport_cpp/task9_pkg/srv/full_name_sum_service__type_support.cpp.o[0m
[2.592s] [ 43%] [32mBuilding CXX object CMakeFiles/task9_pkg__rosidl_typesupport_introspection_cpp.dir/rosidl_typesupport_introspection_cpp/task9_pkg/msg/detail/full_name_message__type_support.cpp.o[0m
[2.600s] [ 45%] [32mBuilding CXX object CMakeFiles/task9_pkg__rosidl_typesupport_introspection_cpp.dir/rosidl_typesupport_introspection_cpp/task9_pkg/srv/detail/full_name_sum_service__type_support.cpp.o[0m
[2.612s] [ 47%] [32mBuilding C object CMakeFiles/task9_pkg__rosidl_typesupport_introspection_c.dir/rosidl_typesupport_introspection_c/task9_pkg/msg/detail/full_name_message__type_support.c.o[0m
[2.629s] [ 50%] [32mBuilding CXX object CMakeFiles/task9_pkg__rosidl_typesupport_fastrtps_cpp.dir/rosidl_typesupport_fastrtps_cpp/task9_pkg/msg/detail/dds_fastrtps/full_name_message__type_support.cpp.o[0m
[2.632s] [ 52%] [32mBuilding C object CMakeFiles/task9_pkg__rosidl_typesupport_introspection_c.dir/rosidl_typesupport_introspection_c/task9_pkg/srv/detail/full_name_sum_service__type_support.c.o[0m
[2.648s] [ 54%] [32mBuilding CXX object CMakeFiles/task9_pkg__rosidl_typesupport_c.dir/rosidl_typesupport_c/task9_pkg/msg/full_name_message__type_support.cpp.o[0m
[2.660s] [ 56%] [32m[1mLinking C shared library libtask9_pkg__rosidl_typesupport_introspection_c.so[0m
[2.679s] [ 56%] Built target task9_pkg__rosidl_typesupport_introspection_c
[2.684s] [ 59%] [32mBuilding CXX object CMakeFiles/task9_pkg__rosidl_typesupport_fastrtps_cpp.dir/rosidl_typesupport_fastrtps_cpp/task9_pkg/srv/detail/dds_fastrtps/full_name_sum_service__type_support.cpp.o[0m
[2.686s] [ 61%] [32mBuilding CXX object CMakeFiles/task9_pkg__rosidl_typesupport_fastrtps_c.dir/rosidl_typesupport_fastrtps_c/task9_pkg/msg/detail/full_name_message__type_support_c.cpp.o[0m
[2.693s] [ 63%] [32mBuilding CXX object CMakeFiles/task9_pkg__rosidl_typesupport_c.dir/rosidl_typesupport_c/task9_pkg/srv/full_name_sum_service__type_support.cpp.o[0m
[2.744s] [ 65%] [32m[1mLinking CXX shared library libtask9_pkg__rosidl_typesupport_c.so[0m
[2.765s] [ 68%] [32mBuilding CXX object CMakeFiles/task9_pkg__rosidl_typesupport_fastrtps_c.dir/rosidl_typesupport_fastrtps_c/task9_pkg/srv/detail/full_name_sum_service__type_support_c.cpp.o[0m
[2.779s] [ 68%] Built target task9_pkg__rosidl_typesupport_c
[2.856s] [ 72%] [32m[1mLinking CXX shared library libtask9_pkg__rosidl_typesupport_introspection_cpp.so[0m
[2.856s] [ 72%] [32m[1mLinking CXX shared library libtask9_pkg__rosidl_typesupport_cpp.so[0m
[2.920s] [ 72%] Built target task9_pkg__rosidl_typesupport_cpp
[2.927s] [ 72%] Built target task9_pkg__rosidl_typesupport_introspection_cpp
[3.035s] [ 75%] [32m[1mLinking CXX shared library libtask9_pkg__rosidl_typesupport_fastrtps_c.so[0m
[3.057s] [ 77%] [32m[1mLinking CXX shared library libtask9_pkg__rosidl_typesupport_fastrtps_cpp.so[0m
[3.066s] [ 77%] Built target task9_pkg__rosidl_typesupport_fastrtps_c
[3.112s] [ 77%] Built target task9_pkg__rosidl_typesupport_fastrtps_cpp
[3.125s] [ 77%] Built target task9_pkg
[3.136s] [ 79%] [34m[1mGenerating Python code for ROS interfaces[0m
[3.359s] [ 79%] Built target task9_pkg__py
[3.368s] [ 81%] [32mBuilding C object CMakeFiles/task9_pkg__rosidl_generator_py.dir/rosidl_generator_py/task9_pkg/msg/_full_name_message_s.c.o[0m
[3.371s] [ 84%] [32mBuilding C object CMakeFiles/task9_pkg__rosidl_generator_py.dir/rosidl_generator_py/task9_pkg/srv/_full_name_sum_service_s.c.o[0m
[3.465s] [ 86%] [32m[1mLinking C shared library libtask9_pkg__rosidl_generator_py.so[0m
[3.498s] [ 86%] Built target task9_pkg__rosidl_generator_py
[3.507s] [ 88%] [32mBuilding C object CMakeFiles/task9_pkg_s__rosidl_typesupport_c.dir/rosidl_generator_py/task9_pkg/_task9_pkg_s.ep.rosidl_typesupport_c.c.o[0m
[3.508s] [ 90%] [32mBuilding C object CMakeFiles/task9_pkg_s__rosidl_typesupport_fastrtps_c.dir/rosidl_generator_py/task9_pkg/_task9_pkg_s.ep.rosidl_typesupport_fastrtps_c.c.o[0m
[3.513s] [ 93%] [32mBuilding C object CMakeFiles/task9_pkg_s__rosidl_typesupport_introspection_c.dir/rosidl_generator_py/task9_pkg/_task9_pkg_s.ep.rosidl_typesupport_introspection_c.c.o[0m
[3.561s] [ 95%] [32m[1mLinking C shared module rosidl_generator_py/task9_pkg/task9_pkg_s__rosidl_typesupport_c.so[0m
[3.566s] [ 97%] [32m[1mLinking C shared module rosidl_generator_py/task9_pkg/task9_pkg_s__rosidl_typesupport_fastrtps_c.so[0m
[3.580s] [ 97%] Built target task9_pkg_s__rosidl_typesupport_c
[3.583s] [ 97%] Built target task9_pkg_s__rosidl_typesupport_fastrtps_c
[3.587s] [100%] [32m[1mLinking C shared module rosidl_generator_py/task9_pkg/task9_pkg_s__rosidl_typesupport_introspection_c.so[0m
[3.605s] [100%] Built target task9_pkg_s__rosidl_typesupport_introspection_c
[3.611s] Invoked command in '/home/antonadonin/Robotics/lab2/ex09/build/task9_pkg' returned '0': CMAKE_PREFIX_PATH=${CMAKE_PREFIX_PATH}:/opt/ros/jazzy DEBUGINFOD_URLS=https://debuginfod.ubuntu.com /usr/bin/cmake --build /home/antonadonin/Robotics/lab2/ex09/build/task9_pkg -- -j8 -l8
[3.654s] Invoking command in '/home/antonadonin/Robotics/lab2/ex09/build/task9_pkg': CMAKE_PREFIX_PATH=${CMAKE_PREFIX_PATH}:/opt/ros/jazzy DEBUGINFOD_URLS=https://debuginfod.ubuntu.com /usr/bin/cmake --install /home/antonadonin/Robotics/lab2/ex09/build/task9_pkg
[3.659s] -- Install configuration: ""
[3.659s] -- Installing: /home/antonadonin/Robotics/lab2/ex09/install/task9_pkg/share/ament_index/resource_index/rosidl_interfaces/task9_pkg
[3.660s] -- Installing: /home/antonadonin/Robotics/lab2/ex09/install/task9_pkg/share/task9_pkg/msg/FullNameMessage.json
[3.660s] -- Installing: /home/antonadonin/Robotics/lab2/ex09/install/task9_pkg/share/task9_pkg/srv/FullNameSumService.json
[3.660s] -- Installing: /home/antonadonin/Robotics/lab2/ex09/install/task9_pkg/include/task9_pkg/task9_pkg
[3.660s] -- Installing: /home/antonadonin/Robotics/lab2/ex09/install/task9_pkg/include/task9_pkg/task9_pkg/srv
[3.660s] -- Installing: /home/antonadonin/Robotics/lab2/ex09/install/task9_pkg/include/task9_pkg/task9_pkg/srv/detail
[3.660s] -- Installing: /home/antonadonin/Robotics/lab2/ex09/install/task9_pkg/include/task9_pkg/task9_pkg/srv/detail/full_name_sum_service__description.c
[3.660s] -- Installing: /home/antonadonin/Robotics/lab2/ex09/install/task9_pkg/include/task9_pkg/task9_pkg/srv/detail/full_name_sum_service__functions.c
[3.660s] -- Installing: /home/antonadonin/Robotics/lab2/ex09/install/task9_pkg/include/task9_pkg/task9_pkg/srv/detail/full_name_sum_service__type_support.h
[3.660s] -- Installing: /home/antonadonin/Robotics/lab2/ex09/install/task9_pkg/include/task9_pkg/task9_pkg/srv/detail/full_name_sum_service__functions.h
[3.661s] -- Installing: /home/antonadonin/Robotics/lab2/ex09/install/task9_pkg/include/task9_pkg/task9_pkg/srv/detail/full_name_sum_service__type_support.c
[3.661s] -- Installing: /home/antonadonin/Robotics/lab2/ex09/install/task9_pkg/include/task9_pkg/task9_pkg/srv/detail/full_name_sum_service__struct.h
[3.661s] -- Installing: /home/antonadonin/Robotics/lab2/ex09/install/task9_pkg/include/task9_pkg/task9_pkg/srv/full_name_sum_service.h
[3.661s] -- Installing: /home/antonadonin/Robotics/lab2/ex09/install/task9_pkg/include/task9_pkg/task9_pkg/msg
[3.661s] -- Installing: /home/antonadonin/Robotics/lab2/ex09/install/task9_pkg/include/task9_pkg/task9_pkg/msg/detail
[3.661s] -- Installing: /home/antonadonin/Robotics/lab2/ex09/install/task9_pkg/include/task9_pkg/task9_pkg/msg/detail/full_name_message__functions.c
[3.661s] -- Installing: /home/antonadonin/Robotics/lab2/ex09/install/task9_pkg/include/task9_pkg/task9_pkg/msg/detail/full_name_message__type_support.c
[3.661s] -- Installing: /home/antonadonin/Robotics/lab2/ex09/install/task9_pkg/include/task9_pkg/task9_pkg/msg/detail/full_name_message__functions.h
[3.661s] -- Installing: /home/antonadonin/Robotics/lab2/ex09/install/task9_pkg/include/task9_pkg/task9_pkg/msg/detail/full_name_message__description.c
[3.662s] -- Installing: /home/antonadonin/Robotics/lab2/ex09/install/task9_pkg/include/task9_pkg/task9_pkg/msg/detail/full_name_message__type_support.h
[3.662s] -- Installing: /home/antonadonin/Robotics/lab2/ex09/install/task9_pkg/include/task9_pkg/task9_pkg/msg/detail/full_name_message__struct.h
[3.662s] -- Installing: /home/antonadonin/Robotics/lab2/ex09/install/task9_pkg/include/task9_pkg/task9_pkg/msg/rosidl_generator_c__visibility_control.h
[3.662s] -- Installing: /home/antonadonin/Robotics/lab2/ex09/install/task9_pkg/include/task9_pkg/task9_pkg/msg/full_name_message.h
[3.662s] -- Installing: /home/antonadonin/Robotics/lab2/ex09/install/task9_pkg/share/task9_pkg/environment/library_path.sh
[3.662s] -- Installing: /home/antonadonin/Robotics/lab2/ex09/install/task9_pkg/share/task9_pkg/environment/library_path.dsv
[3.662s] -- Installing: /home/antonadonin/Robotics/lab2/ex09/install/task9_pkg/lib/libtask9_pkg__rosidl_generator_c.so
[3.662s] -- Set non-toolchain portion of runtime path of "/home/antonadonin/Robotics/lab2/ex09/install/task9_pkg/lib/libtask9_pkg__rosidl_generator_c.so" to ""
[3.662s] -- Up-to-date: /home/antonadonin/Robotics/lab2/ex09/install/task9_pkg/include/task9_pkg/task9_pkg
[3.662s] -- Up-to-date: /home/antonadonin/Robotics/lab2/ex09/install/task9_pkg/include/task9_pkg/task9_pkg/srv
[3.662s] -- Up-to-date: /home/antonadonin/Robotics/lab2/ex09/install/task9_pkg/include/task9_pkg/task9_pkg/srv/detail
[3.662s] -- Installing: /home/antonadonin/Robotics/lab2/ex09/install/task9_pkg/include/task9_pkg/task9_pkg/srv/detail/full_name_sum_service__rosidl_typesupport_fastrtps_c.h
[3.663s] -- Up-to-date: /home/antonadonin/Robotics/lab2/ex09/install/task9_pkg/include/task9_pkg/task9_pkg/msg
[3.663s] -- Up-to-date: /home/antonadonin/Robotics/lab2/ex09/install/task9_pkg/include/task9_pkg/task9_pkg/msg/detail
[3.663s] -- Installing: /home/antonadonin/Robotics/lab2/ex09/install/task9_pkg/include/task9_pkg/task9_pkg/msg/detail/full_name_message__rosidl_typesupport_fastrtps_c.h
[3.663s] -- Installing: /home/antonadonin/Robotics/lab2/ex09/install/task9_pkg/include/task9_pkg/task9_pkg/msg/rosidl_typesupport_fastrtps_c__visibility_control.h
[3.663s] -- Installing: /home/antonadonin/Robotics/lab2/ex09/install/task9_pkg/lib/libtask9_pkg__rosidl_typesupport_fastrtps_c.so
[3.663s] -- Set non-toolchain portion of runtime path of "/home/antonadonin/Robotics/lab2/ex09/install/task9_pkg/lib/libtask9_pkg__rosidl_typesupport_fastrtps_c.so" to ""
[3.663s] -- Up-to-date: /home/antonadonin/Robotics/lab2/ex09/install/task9_pkg/include/task9_pkg/task9_pkg
[3.663s] -- Up-to-date: /home/antonadonin/Robotics/lab2/ex09/install/task9_pkg/include/task9_pkg/task9_pkg/srv
[3.663s] -- Up-to-date: /home/antonadonin/Robotics/lab2/ex09/install/task9_pkg/include/task9_pkg/task9_pkg/srv/detail
[3.663s] -- Up-to-date: /home/antonadonin/Robotics/lab2/ex09/install/task9_pkg/include/task9_pkg/task9_pkg/srv/detail/full_name_sum_service__type_support.c
[3.663s] -- Installing: /home/antonadonin/Robotics/lab2/ex09/install/task9_pkg/include/task9_pkg/task9_pkg/srv/detail/full_name_sum_service__rosidl_typesupport_introspection_c.h
[3.663s] -- Up-to-date: /home/antonadonin/Robotics/lab2/ex09/install/task9_pkg/include/task9_pkg/task9_pkg/msg
[3.663s] -- Up-to-date: /home/antonadonin/Robotics/lab2/ex09/install/task9_pkg/include/task9_pkg/task9_pkg/msg/detail
[3.664s] -- Installing: /home/antonadonin/Robotics/lab2/ex09/install/task9_pkg/include/task9_pkg/task9_pkg/msg/detail/full_name_message__rosidl_typesupport_introspection_c.h
[3.664s] -- Up-to-date: /home/antonadonin/Robotics/lab2/ex09/install/task9_pkg/include/task9_pkg/task9_pkg/msg/detail/full_name_message__type_support.c
[3.664s] -- Installing: /home/antonadonin/Robotics/lab2/ex09/install/task9_pkg/include/task9_pkg/task9_pkg/msg/rosidl_typesupport_introspection_c__visibility_control.h
[3.664s] -- Installing: /home/antonadonin/Robotics/lab2/ex09/install/task9_pkg/lib/libtask9_pkg__rosidl_typesupport_introspection_c.so
[3.664s] -- Set non-toolchain portion of runtime path of "/home/antonadonin/Robotics/lab2/ex09/install/task9_pkg/lib/libtask9_pkg__rosidl_typesupport_introspection_c.so" to ""
[3.664s] -- Installing: /home/antonadonin/Robotics/lab2/ex09/install/task9_pkg/lib/libtask9_pkg__rosidl_typesupport_c.so
[3.664s] -- Set non-toolchain portion of runtime path of "/home/antonadonin/Robotics/lab2/ex09/install/task9_pkg/lib/libtask9_pkg__rosidl_typesupport_c.so" to ""
[3.664s] -- Up-to-date: /home/antonadonin/Robotics/lab2/ex09/install/task9_pkg/include/task9_pkg/task9_pkg
[3.664s] -- Up-to-date: /home/antonadonin/Robotics/lab2/ex09/install/task9_pkg/include/task9_pkg/task9_pkg/srv
[3.664s] -- Up-to-date: /home/antonadonin/Robotics/lab2/ex09/install/task9_pkg/include/task9_pkg/task9_pkg/srv/detail
[3.664s] -- Installing: /home/antonadonin/Robotics/lab2/ex09/install/task9_pkg/include/task9_pkg/task9_pkg/srv/detail/full_name_sum_service__type_support.hpp
[3.664s] -- Installing: /home/antonadonin/Robotics/lab2/ex09/install/task9_pkg/include/task9_pkg/task9_pkg/srv/detail/full_name_sum_service__traits.hpp
[3.664s] -- Installing: /home/antonadonin/Robotics/lab2/ex09/install/task9_pkg/include/task9_pkg/task9_pkg/srv/detail/full_name_sum_service__builder.hpp
[3.664s] -- Installing: /home/antonadonin/Robotics/lab2/ex09/install/task9_pkg/include/task9_pkg/task9_pkg/srv/detail/full_name_sum_service__struct.hpp
[3.665s] -- Installing: /home/antonadonin/Robotics/lab2/ex09/install/task9_pkg/include/task9_pkg/task9_pkg/srv/full_name_sum_service.hpp
[3.665s] -- Up-to-date: /home/antonadonin/Robotics/lab2/ex09/install/task9_pkg/include/task9_pkg/task9_pkg/msg
[3.665s] -- Installing: /home/antonadonin/Robotics/lab2/ex09/install/task9_pkg/include/task9_pkg/task9_pkg/msg/full_name_message.hpp
[3.665s] -- Up-to-date: /home/antonadonin/Robotics/lab2/ex09/install/task9_pkg/include/task9_pkg/task9_pkg/msg/detail
[3.665s] -- Installing: /home/antonadonin/Robotics/lab2/ex09/install/task9_pkg/include/task9_pkg/task9_pkg/msg/detail/full_name_message__traits.hpp
[3.665s] -- Installing: /home/antonadonin/Robotics/lab2/ex09/install/task9_pkg/include/task9_pkg/task9_pkg/msg/detail/full_name_message__builder.hpp
[3.665s] -- Installing: /home/antonadonin/Robotics/lab2/ex09/install/task9_pkg/include/task9_pkg/task9_pkg/msg/detail/full_name_message__type_support.hpp
[3.665s] -- Installing: /home/antonadonin/Robotics/lab2/ex09/install/task9_pkg/include/task9_pkg/task9_pkg/msg/detail/full_name_message__struct.hpp
[3.665s] -- Installing: /home/antonadonin/Robotics/lab2/ex09/install/task9_pkg/include/task9_pkg/task9_pkg/msg/rosidl_generator_cpp__visibility_control.hpp
[3.665s] -- Up-to-date: /home/antonadonin/Robotics/lab2/ex09/install/task9_pkg/include/task9_pkg/task9_pkg
[3.665s] -- Up-to-date: /home/antonadonin/Robotics/lab2/ex09/install/task9_pkg/include/task9_pkg/task9_pkg/srv
[3.665s] -- Up-to-date: /home/antonadonin/Robotics/lab2/ex09/install/task9_pkg/include/task9_pkg/task9_pkg/srv/detail
[3.665s] -- Installing: /home/antonadonin/Robotics/lab2/ex09/install/task9_pkg/include/task9_pkg/task9_pkg/srv/detail/dds_fastrtps
[3.665s] -- Installing: /home/antonadonin/Robotics/lab2/ex09/install/task9_pkg/include/task9_pkg/task9_pkg/srv/detail/full_name_sum_service__rosidl_typesupport_fastrtps_cpp.hpp
[3.665s] -- Up-to-date: /home/antonadonin/Robotics/lab2/ex09/install/task9_pkg/include/task9_pkg/task9_pkg/msg
[3.665s] -- Up-to-date: /home/antonadonin/Robotics/lab2/ex09/install/task9_pkg/include/task9_pkg/task9_pkg/msg/detail
[3.666s] -- Installing: /home/antonadonin/Robotics/lab2/ex09/install/task9_pkg/include/task9_pkg/task9_pkg/msg/detail/dds_fastrtps
[3.666s] -- Installing: /home/antonadonin/Robotics/lab2/ex09/install/task9_pkg/include/task9_pkg/task9_pkg/msg/detail/full_name_message__rosidl_typesupport_fastrtps_cpp.hpp
[3.666s] -- Installing: /home/antonadonin/Robotics/lab2/ex09/install/task9_pkg/include/task9_pkg/task9_pkg/msg/rosidl_typesupport_fastrtps_cpp__visibility_control.h
[3.666s] -- Installing: /home/antonadonin/Robotics/lab2/ex09/install/task9_pkg/lib/libtask9_pkg__rosidl_typesupport_fastrtps_cpp.so
[3.666s] -- Set non-toolchain portion of runtime path of "/home/antonadonin/Robotics/lab2/ex09/install/task9_pkg/lib/libtask9_pkg__rosidl_typesupport_fastrtps_cpp.so" to ""
[3.666s] -- Up-to-date: /home/antonadonin/Robotics/lab2/ex09/install/task9_pkg/include/task9_pkg/task9_pkg
[3.666s] -- Up-to-date: /home/antonadonin/Robotics/lab2/ex09/install/task9_pkg/include/task9_pkg/task9_pkg/srv
[3.666s] -- Up-to-date: /home/antonadonin/Robotics/lab2/ex09/install/task9_pkg/include/task9_pkg/task9_pkg/srv/detail
[3.666s] -- Installing: /home/antonadonin/Robotics/lab2/ex09/install/task9_pkg/include/task9_pkg/task9_pkg/srv/detail/full_name_sum_service__type_support.cpp
[3.666s] -- Installing: /home/antonadonin/Robotics/lab2/ex09/install/task9_pkg/include/task9_pkg/task9_pkg/srv/detail/full_name_sum_service__rosidl_typesupport_introspection_cpp.hpp
[3.666s] -- Up-to-date: /home/antonadonin/Robotics/lab2/ex09/install/task9_pkg/include/task9_pkg/task9_pkg/msg
[3.666s] -- Up-to-date: /home/antonadonin/Robotics/lab2/ex09/install/task9_pkg/include/task9_pkg/task9_pkg/msg/detail
[3.666s] -- Installing: /home/antonadonin/Robotics/lab2/ex09/install/task9_pkg/include/task9_pkg/task9_pkg/msg/detail/full_name_message__type_support.cpp
[3.666s] -- Installing: /home/antonadonin/Robotics/lab2/ex09/install/task9_pkg/include/task9_pkg/task9_pkg/msg/detail/full_name_message__rosidl_typesupport_introspection_cpp.hpp
[3.666s] -- Installing: /home/antonadonin/Robotics/lab2/ex09/install/task9_pkg/lib/libtask9_pkg__rosidl_typesupport_introspection_cpp.so
[3.667s] -- Set non-toolchain portion of runtime path of "/home/antonadonin/Robotics/lab2/ex09/install/task9_pkg/lib/libtask9_pkg__rosidl_typesupport_introspection_cpp.so" to ""
[3.667s] -- Installing: /home/antonadonin/Robotics/lab2/ex09/install/task9_pkg/lib/libtask9_pkg__rosidl_typesupport_cpp.so
[3.667s] -- Set non-toolchain portion of runtime path of "/home/antonadonin/Robotics/lab2/ex09/install/task9_pkg/lib/libtask9_pkg__rosidl_typesupport_cpp.so" to ""
[3.667s] -- Installing: /home/antonadonin/Robotics/lab2/ex09/install/task9_pkg/share/task9_pkg/environment/pythonpath.sh
[3.667s] -- Installing: /home/antonadonin/Robotics/lab2/ex09/install/task9_pkg/share/task9_pkg/environment/pythonpath.dsv
[3.667s] -- Installing: /home/antonadonin/Robotics/lab2/ex09/install/task9_pkg/lib/python3.12/site-packages/task9_pkg-0.0.0-py3.12.egg-info
[3.667s] -- Installing: /home/antonadonin/Robotics/lab2/ex09/install/task9_pkg/lib/python3.12/site-packages/task9_pkg-0.0.0-py3.12.egg-info/PKG-INFO
[3.667s] -- Installing: /home/antonadonin/Robotics/lab2/ex09/install/task9_pkg/lib/python3.12/site-packages/task9_pkg-0.0.0-py3.12.egg-info/dependency_links.txt
[3.667s] -- Installing: /home/antonadonin/Robotics/lab2/ex09/install/task9_pkg/lib/python3.12/site-packages/task9_pkg-0.0.0-py3.12.egg-info/SOURCES.txt
[3.667s] -- Installing: /home/antonadonin/Robotics/lab2/ex09/install/task9_pkg/lib/python3.12/site-packages/task9_pkg-0.0.0-py3.12.egg-info/top_level.txt
[3.667s] -- Installing: /home/antonadonin/Robotics/lab2/ex09/install/task9_pkg/lib/python3.12/site-packages/task9_pkg
[3.667s] -- Installing: /home/antonadonin/Robotics/lab2/ex09/install/task9_pkg/lib/python3.12/site-packages/task9_pkg/task9_pkg_s__rosidl_typesupport_fastrtps_c.so
[3.667s] -- Installing: /home/antonadonin/Robotics/lab2/ex09/install/task9_pkg/lib/python3.12/site-packages/task9_pkg/__init__.py
[3.667s] -- Installing: /home/antonadonin/Robotics/lab2/ex09/install/task9_pkg/lib/python3.12/site-packages/task9_pkg/task9_pkg_s__rosidl_typesupport_introspection_c.so
[3.667s] -- Installing: /home/antonadonin/Robotics/lab2/ex09/install/task9_pkg/lib/python3.12/site-packages/task9_pkg/task9_pkg_s__rosidl_typesupport_c.so
[3.668s] -- Installing: /home/antonadonin/Robotics/lab2/ex09/install/task9_pkg/lib/python3.12/site-packages/task9_pkg/srv
[3.668s] -- Installing: /home/antonadonin/Robotics/lab2/ex09/install/task9_pkg/lib/python3.12/site-packages/task9_pkg/srv/__init__.py
[3.668s] -- Installing: /home/antonadonin/Robotics/lab2/ex09/install/task9_pkg/lib/python3.12/site-packages/task9_pkg/srv/_full_name_sum_service_s.c
[3.668s] -- Installing: /home/antonadonin/Robotics/lab2/ex09/install/task9_pkg/lib/python3.12/site-packages/task9_pkg/srv/_full_name_sum_service.py
[3.668s] -- Installing: /home/antonadonin/Robotics/lab2/ex09/install/task9_pkg/lib/python3.12/site-packages/task9_pkg/_task9_pkg_s.ep.rosidl_typesupport_fastrtps_c.c
[3.668s] -- Installing: /home/antonadonin/Robotics/lab2/ex09/install/task9_pkg/lib/python3.12/site-packages/task9_pkg/_task9_pkg_s.ep.rosidl_typesupport_c.c
[3.668s] -- Installing: /home/antonadonin/Robotics/lab2/ex09/install/task9_pkg/lib/python3.12/site-packages/task9_pkg/_task9_pkg_s.ep.rosidl_typesupport_introspection_c.c
[3.668s] -- Installing: /home/antonadonin/Robotics/lab2/ex09/install/task9_pkg/lib/python3.12/site-packages/task9_pkg/msg
[3.668s] -- Installing: /home/antonadonin/Robotics/lab2/ex09/install/task9_pkg/lib/python3.12/site-packages/task9_pkg/msg/__init__.py
[3.668s] -- Installing: /home/antonadonin/Robotics/lab2/ex09/install/task9_pkg/lib/python3.12/site-packages/task9_pkg/msg/_full_name_message_s.c
[3.668s] -- Installing: /home/antonadonin/Robotics/lab2/ex09/install/task9_pkg/lib/python3.12/site-packages/task9_pkg/msg/_full_name_message.py
[3.682s] Listing '/home/antonadonin/Robotics/lab2/ex09/install/task9_pkg/lib/python3.12/site-packages/task9_pkg'...
[3.682s] Compiling '/home/antonadonin/Robotics/lab2/ex09/install/task9_pkg/lib/python3.12/site-packages/task9_pkg/__init__.py'...
[3.682s] Listing '/home/antonadonin/Robotics/lab2/ex09/install/task9_pkg/lib/python3.12/site-packages/task9_pkg/msg'...
[3.682s] Compiling '/home/antonadonin/Robotics/lab2/ex09/install/task9_pkg/lib/python3.12/site-packages/task9_pkg/msg/__init__.py'...
[3.683s] Compiling '/home/antonadonin/Robotics/lab2/ex09/install/task9_pkg/lib/python3.12/site-packages/task9_pkg/msg/_full_name_message.py'...
[3.683s] Listing '/home/antonadonin/Robotics/lab2/ex09/install/task9_pkg/lib/python3.12/site-packages/task9_pkg/srv'...
[3.683s] Compiling '/home/antonadonin/Robotics/lab2/ex09/install/task9_pkg/lib/python3.12/site-packages/task9_pkg/srv/__init__.py'...
[3.684s] Compiling '/home/antonadonin/Robotics/lab2/ex09/install/task9_pkg/lib/python3.12/site-packages/task9_pkg/srv/_full_name_sum_service.py'...
[3.684s] -- Installing: /home/antonadonin/Robotics/lab2/ex09/install/task9_pkg/lib/python3.12/site-packages/task9_pkg/task9_pkg_s__rosidl_typesupport_fastrtps_c.so
[3.684s] -- Set non-toolchain portion of runtime path of "/home/antonadonin/Robotics/lab2/ex09/install/task9_pkg/lib/python3.12/site-packages/task9_pkg/task9_pkg_s__rosidl_typesupport_fastrtps_c.so" to ""
[3.685s] -- Installing: /home/antonadonin/Robotics/lab2/ex09/install/task9_pkg/lib/python3.12/site-packages/task9_pkg/task9_pkg_s__rosidl_typesupport_introspection_c.so
[3.685s] -- Set non-toolchain portion of runtime path of "/home/antonadonin/Robotics/lab2/ex09/install/task9_pkg/lib/python3.12/site-packages/task9_pkg/task9_pkg_s__rosidl_typesupport_introspection_c.so" to ""
[3.685s] -- Installing: /home/antonadonin/Robotics/lab2/ex09/install/task9_pkg/lib/python3.12/site-packages/task9_pkg/task9_pkg_s__rosidl_typesupport_c.so
[3.685s] -- Set non-toolchain portion of runtime path of "/home/antonadonin/Robotics/lab2/ex09/install/task9_pkg/lib/python3.12/site-packages/task9_pkg/task9_pkg_s__rosidl_typesupport_c.so" to ""
[3.685s] -- Installing: /home/antonadonin/Robotics/lab2/ex09/install/task9_pkg/lib/libtask9_pkg__rosidl_generator_py.so
[3.685s] -- Set non-toolchain portion of runtime path of "/home/antonadonin/Robotics/lab2/ex09/install/task9_pkg/lib/libtask9_pkg__rosidl_generator_py.so" to ""
[3.685s] -- Installing: /home/antonadonin/Robotics/lab2/ex09/install/task9_pkg/share/task9_pkg/msg/FullNameMessage.idl
[3.685s] -- Installing: /home/antonadonin/Robotics/lab2/ex09/install/task9_pkg/share/task9_pkg/srv/FullNameSumService.idl
[3.685s] -- Installing: /home/antonadonin/Robotics/lab2/ex09/install/task9_pkg/share/task9_pkg/msg/FullNameMessage.msg
[3.685s] -- Installing: /home/antonadonin/Robotics/lab2/ex09/install/task9_pkg/share/task9_pkg/srv/FullNameSumService.srv
[3.685s] -- Installing: /home/antonadonin/Robotics/lab2/ex09/install/task9_pkg/share/ament_index/resource_index/package_run_dependencies/task9_pkg
[3.686s] -- Installing: /home/antonadonin/Robotics/lab2/ex09/install/task9_pkg/share/ament_index/resource_index/parent_prefix_path/task9_pkg
[3.686s] -- Installing: /home/antonadonin/Robotics/lab2/ex09/install/task9_pkg/share/task9_pkg/environment/ament_prefix_path.sh
[3.686s] -- Installing: /home/antonadonin/Robotics/lab2/ex09/install/task9_pkg/share/task9_pkg/environment/ament_prefix_path.dsv
[3.686s] -- Installing: /home/antonadonin/Robotics/lab2/ex09/install/task9_pkg/share/task9_pkg/environment/path.sh
[3.686s] -- Installing: /home/antonadonin/Robotics/lab2/ex09/install/task9_pkg/share/task9_pkg/environment/path.dsv
[3.686s] -- Installing: /home/antonadonin/Robotics/lab2/ex09/install/task9_pkg/share/task9_pkg/local_setup.bash
[3.686s] -- Installing: /home/antonadonin/Robotics/lab2/ex09/install/task9_pkg/share/task9_pkg/local_setup.sh
[3.686s] -- Installing: /home/antonadonin/Robotics/lab2/ex09/install/task9_pkg/share/task9_pkg/local_setup.zsh
[3.686s] -- Installing: /home/antonadonin/Robotics/lab2/ex09/install/task9_pkg/share/task9_pkg/local_setup.dsv
[3.686s] -- Installing: /home/antonadonin/Robotics/lab2/ex09/install/task9_pkg/share/task9_pkg/package.dsv
[3.687s] -- Installing: /home/antonadonin/Robotics/lab2/ex09/install/task9_pkg/share/ament_index/resource_index/packages/task9_pkg
[3.687s] -- Installing: /home/antonadonin/Robotics/lab2/ex09/install/task9_pkg/share/task9_pkg/cmake/export_task9_pkg__rosidl_generator_cExport.cmake
[3.687s] -- Installing: /home/antonadonin/Robotics/lab2/ex09/install/task9_pkg/share/task9_pkg/cmake/export_task9_pkg__rosidl_generator_cExport-noconfig.cmake
[3.687s] -- Installing: /home/antonadonin/Robotics/lab2/ex09/install/task9_pkg/share/task9_pkg/cmake/export_task9_pkg__rosidl_typesupport_fastrtps_cExport.cmake
[3.687s] -- Installing: /home/antonadonin/Robotics/lab2/ex09/install/task9_pkg/share/task9_pkg/cmake/export_task9_pkg__rosidl_typesupport_fastrtps_cExport-noconfig.cmake
[3.687s] -- Installing: /home/antonadonin/Robotics/lab2/ex09/install/task9_pkg/share/task9_pkg/cmake/task9_pkg__rosidl_typesupport_introspection_cExport.cmake
[3.687s] -- Installing: /home/antonadonin/Robotics/lab2/ex09/install/task9_pkg/share/task9_pkg/cmake/task9_pkg__rosidl_typesupport_introspection_cExport-noconfig.cmake
[3.687s] -- Installing: /home/antonadonin/Robotics/lab2/ex09/install/task9_pkg/share/task9_pkg/cmake/task9_pkg__rosidl_typesupport_cExport.cmake
[3.688s] -- Installing: /home/antonadonin/Robotics/lab2/ex09/install/task9_pkg/share/task9_pkg/cmake/task9_pkg__rosidl_typesupport_cExport-noconfig.cmake
[3.688s] -- Installing: /home/antonadonin/Robotics/lab2/ex09/install/task9_pkg/share/task9_pkg/cmake/export_task9_pkg__rosidl_generator_cppExport.cmake
[3.688s] -- Installing: /home/antonadonin/Robotics/lab2/ex09/install/task9_pkg/share/task9_pkg/cmake/export_task9_pkg__rosidl_typesupport_fastrtps_cppExport.cmake
[3.688s] -- Installing: /home/antonadonin/Robotics/lab2/ex09/install/task9_pkg/share/task9_pkg/cmake/export_task9_pkg__rosidl_typesupport_fastrtps_cppExport-noconfig.cmake
[3.688s] -- Installing: /home/antonadonin/Robotics/lab2/ex09/install/task9_pkg/share/task9_pkg/cmake/task9_pkg__rosidl_typesupport_introspection_cppExport.cmake
[3.688s] -- Installing: /home/antonadonin/Robotics/lab2/ex09/install/task9_pkg/share/task9_pkg/cmake/task9_pkg__rosidl_typesupport_introspection_cppExport-noconfig.cmake
[3.689s] -- Installing: /home/antonadonin/Robotics/lab2/ex09/install/task9_pkg/share/task9_pkg/cmake/task9_pkg__rosidl_typesupport_cppExport.cmake
[3.689s] -- Installing: /home/antonadonin/Robotics/lab2/ex09/install/task9_pkg/share/task9_pkg/cmake/task9_pkg__rosidl_typesupport_cppExport-noconfig.cmake
[3.689s] -- Installing: /home/antonadonin/Robotics/lab2/ex09/install/task9_pkg/share/task9_pkg/cmake/export_task9_pkg__rosidl_generator_pyExport.cmake
[3.689s] -- Installing: /home/antonadonin/Robotics/lab2/ex09/install/task9_pkg/share/task9_pkg/cmake/export_task9_pkg__rosidl_generator_pyExport-noconfig.cmake
[3.689s] -- Installing: /home/antonadonin/Robotics/lab2/ex09/install/task9_pkg/share/task9_pkg/cmake/rosidl_cmake-extras.cmake
[3.689s] -- Installing: /home/antonadonin/Robotics/lab2/ex09/install/task9_pkg/share/task9_pkg/cmake/ament_cmake_export_dependencies-extras.cmake
[3.689s] -- Installing: /home/antonadonin/Robotics/lab2/ex09/install/task9_pkg/share/task9_pkg/cmake/ament_cmake_export_include_directories-extras.cmake
[3.689s] -- Installing: /home/antonadonin/Robotics/lab2/ex09/install/task9_pkg/share/task9_pkg/cmake/ament_cmake_export_libraries-extras.cmake
[3.689s] -- Installing: /home/antonadonin/Robotics/lab2/ex09/install/task9_pkg/share/task9_pkg/cmake/ament_cmake_export_targets-extras.cmake
[3.689s] -- Installing: /home/antonadonin/Robotics/lab2/ex09/install/task9_pkg/share/task9_pkg/cmake/rosidl_cmake_export_typesupport_targets-extras.cmake
[3.690s] -- Installing: /home/antonadonin/Robotics/lab2/ex09/install/task9_pkg/share/task9_pkg/cmake/rosidl_cmake_export_typesupport_libraries-extras.cmake
[3.690s] -- Installing: /home/antonadonin/Robotics/lab2/ex09/install/task9_pkg/share/task9_pkg/cmake/task9_pkgConfig.cmake
[3.690s] -- Installing: /home/antonadonin/Robotics/lab2/ex09/install/task9_pkg/share/task9_pkg/cmake/task9_pkgConfig-version.cmake
[3.690s] -- Installing: /home/antonadonin/Robotics/lab2/ex09/install/task9_pkg/share/task9_pkg/package.xml
[3.690s] Invoked command in '/home/antonadonin/Robotics/lab2/ex09/build/task9_pkg' returned '0': CMAKE_PREFIX_PATH=${CMAKE_PREFIX_PATH}:/opt/ros/jazzy DEBUGINFOD_URLS=https://debuginfod.ubuntu.com /usr/bin/cmake --install /home/antonadonin/Robotics/lab2/ex09/build/task9_pkg
