[  2%] Built target actions__rosidl_generator_type_description
[  5%] Built target actions__cpp
[  5%] Built target ament_cmake_python_copy_actions
[ 20%] Built target actions__rosidl_generator_c
[ 29%] Built target actions__rosidl_typesupport_introspection_c
[ 47%] Built target actions__rosidl_typesupport_cpp
[ 47%] Built target actions__rosidl_typesupport_fastrtps_cpp
[ 64%] Built target actions__rosidl_typesupport_introspection_cpp
[ 64%] Built target actions__rosidl_typesupport_fastrtps_c
[ 73%] Built target actions__rosidl_typesupport_c
[ 73%] Built target actions
[ 76%] Built target actions__py
[ 82%] Built target actions__rosidl_generator_py
[ 88%] Built target actions_s__rosidl_typesupport_c
[ 94%] Built target actions_s__rosidl_typesupport_introspection_c
running egg_info
[100%] Built target actions_s__rosidl_typesupport_fastrtps_c
writing actions.egg-info/PKG-INFO
writing dependency_links to actions.egg-info/dependency_links.txt
writing top-level names to actions.egg-info/top_level.txt
reading manifest file 'actions.egg-info/SOURCES.txt'
writing manifest file 'actions.egg-info/SOURCES.txt'
[100%] Built target ament_cmake_python_build_actions_egg
-- Install configuration: ""
-- Up-to-date: /home/antonadonin/Robotics/lab3/ex02/install/actions/share/ament_index/resource_index/rosidl_interfaces/actions
-- Up-to-date: /home/antonadonin/Robotics/lab3/ex02/install/actions/share/actions/action/MessageTurtleCommands.json
-- Up-to-date: /home/antonadonin/Robotics/lab3/ex02/install/actions/include/actions/actions
-- Up-to-date: /home/antonadonin/Robotics/lab3/ex02/install/actions/include/actions/actions/action
-- Up-to-date: /home/antonadonin/Robotics/lab3/ex02/install/actions/include/actions/actions/action/message_turtle_commands.h
-- Up-to-date: /home/antonadonin/Robotics/lab3/ex02/install/actions/include/actions/actions/action/detail
-- Up-to-date: /home/antonadonin/Robotics/lab3/ex02/install/actions/include/actions/actions/action/detail/message_turtle_commands__type_support.c
-- Up-to-date: /home/antonadonin/Robotics/lab3/ex02/install/actions/include/actions/actions/action/detail/message_turtle_commands__functions.h
-- Up-to-date: /home/antonadonin/Robotics/lab3/ex02/install/actions/include/actions/actions/action/detail/message_turtle_commands__struct.h
-- Up-to-date: /home/antonadonin/Robotics/lab3/ex02/install/actions/include/actions/actions/action/detail/message_turtle_commands__functions.c
-- Up-to-date: /home/antonadonin/Robotics/lab3/ex02/install/actions/include/actions/actions/action/detail/message_turtle_commands__description.c
-- Up-to-date: /home/antonadonin/Robotics/lab3/ex02/install/actions/include/actions/actions/action/detail/message_turtle_commands__type_support.h
-- Up-to-date: /home/antonadonin/Robotics/lab3/ex02/install/actions/include/actions/actions/msg
-- Up-to-date: /home/antonadonin/Robotics/lab3/ex02/install/actions/include/actions/actions/msg/rosidl_generator_c__visibility_control.h
-- Up-to-date: /home/antonadonin/Robotics/lab3/ex02/install/actions/share/actions/environment/library_path.sh
-- Up-to-date: /home/antonadonin/Robotics/lab3/ex02/install/actions/share/actions/environment/library_path.dsv
-- Up-to-date: /home/antonadonin/Robotics/lab3/ex02/install/actions/lib/libactions__rosidl_generator_c.so
-- Up-to-date: /home/antonadonin/Robotics/lab3/ex02/install/actions/include/actions/actions
-- Up-to-date: /home/antonadonin/Robotics/lab3/ex02/install/actions/include/actions/actions/action
-- Up-to-date: /home/antonadonin/Robotics/lab3/ex02/install/actions/include/actions/actions/action/detail
-- Up-to-date: /home/antonadonin/Robotics/lab3/ex02/install/actions/include/actions/actions/action/detail/message_turtle_commands__rosidl_typesupport_fastrtps_c.h
-- Up-to-date: /home/antonadonin/Robotics/lab3/ex02/install/actions/include/actions/actions/msg
-- Up-to-date: /home/antonadonin/Robotics/lab3/ex02/install/actions/include/actions/actions/msg/rosidl_typesupport_fastrtps_c__visibility_control.h
-- Up-to-date: /home/antonadonin/Robotics/lab3/ex02/install/actions/lib/libactions__rosidl_typesupport_fastrtps_c.so
-- Up-to-date: /home/antonadonin/Robotics/lab3/ex02/install/actions/include/actions/actions
-- Up-to-date: /home/antonadonin/Robotics/lab3/ex02/install/actions/include/actions/actions/action
-- Up-to-date: /home/antonadonin/Robotics/lab3/ex02/install/actions/include/actions/actions/action/detail
-- Up-to-date: /home/antonadonin/Robotics/lab3/ex02/install/actions/include/actions/actions/action/detail/message_turtle_commands__type_support.c
-- Up-to-date: /home/antonadonin/Robotics/lab3/ex02/install/actions/include/actions/actions/action/detail/message_turtle_commands__rosidl_typesupport_introspection_c.h
-- Up-to-date: /home/antonadonin/Robotics/lab3/ex02/install/actions/include/actions/actions/msg
-- Up-to-date: /home/antonadonin/Robotics/lab3/ex02/install/actions/include/actions/actions/msg/rosidl_typesupport_introspection_c__visibility_control.h
-- Up-to-date: /home/antonadonin/Robotics/lab3/ex02/install/actions/lib/libactions__rosidl_typesupport_introspection_c.so
-- Up-to-date: /home/antonadonin/Robotics/lab3/ex02/install/actions/lib/libactions__rosidl_typesupport_c.so
-- Up-to-date: /home/antonadonin/Robotics/lab3/ex02/install/actions/include/actions/actions
-- Up-to-date: /home/antonadonin/Robotics/lab3/ex02/install/actions/include/actions/actions/action
-- Up-to-date: /home/antonadonin/Robotics/lab3/ex02/install/actions/include/actions/actions/action/detail
-- Up-to-date: /home/antonadonin/Robotics/lab3/ex02/install/actions/include/actions/actions/action/detail/message_turtle_commands__builder.hpp
-- Up-to-date: /home/antonadonin/Robotics/lab3/ex02/install/actions/include/actions/actions/action/detail/message_turtle_commands__type_support.hpp
-- Up-to-date: /home/antonadonin/Robotics/lab3/ex02/install/actions/include/actions/actions/action/detail/message_turtle_commands__traits.hpp
-- Up-to-date: /home/antonadonin/Robotics/lab3/ex02/install/actions/include/actions/actions/action/detail/message_turtle_commands__struct.hpp
-- Up-to-date: /home/antonadonin/Robotics/lab3/ex02/install/actions/include/actions/actions/action/message_turtle_commands.hpp
-- Up-to-date: /home/antonadonin/Robotics/lab3/ex02/install/actions/include/actions/actions/msg
-- Up-to-date: /home/antonadonin/Robotics/lab3/ex02/install/actions/include/actions/actions/msg/rosidl_generator_cpp__visibility_control.hpp
-- Up-to-date: /home/antonadonin/Robotics/lab3/ex02/install/actions/include/actions/actions
-- Up-to-date: /home/antonadonin/Robotics/lab3/ex02/install/actions/include/actions/actions/action
-- Up-to-date: /home/antonadonin/Robotics/lab3/ex02/install/actions/include/actions/actions/action/detail
-- Up-to-date: /home/antonadonin/Robotics/lab3/ex02/install/actions/include/actions/actions/action/detail/dds_fastrtps
-- Up-to-date: /home/antonadonin/Robotics/lab3/ex02/install/actions/include/actions/actions/action/detail/message_turtle_commands__rosidl_typesupport_fastrtps_cpp.hpp
-- Up-to-date: /home/antonadonin/Robotics/lab3/ex02/install/actions/include/actions/actions/msg
-- Up-to-date: /home/antonadonin/Robotics/lab3/ex02/install/actions/include/actions/actions/msg/rosidl_typesupport_fastrtps_cpp__visibility_control.h
-- Up-to-date: /home/antonadonin/Robotics/lab3/ex02/install/actions/lib/libactions__rosidl_typesupport_fastrtps_cpp.so
-- Up-to-date: /home/antonadonin/Robotics/lab3/ex02/install/actions/include/actions/actions
-- Up-to-date: /home/antonadonin/Robotics/lab3/ex02/install/actions/include/actions/actions/action
-- Up-to-date: /home/antonadonin/Robotics/lab3/ex02/install/actions/include/actions/actions/action/detail
-- Up-to-date: /home/antonadonin/Robotics/lab3/ex02/install/actions/include/actions/actions/action/detail/message_turtle_commands__rosidl_typesupport_introspection_cpp.hpp
-- Up-to-date: /home/antonadonin/Robotics/lab3/ex02/install/actions/include/actions/actions/action/detail/message_turtle_commands__type_support.cpp
-- Up-to-date: /home/antonadonin/Robotics/lab3/ex02/install/actions/lib/libactions__rosidl_typesupport_introspection_cpp.so
-- Up-to-date: /home/antonadonin/Robotics/lab3/ex02/install/actions/lib/libactions__rosidl_typesupport_cpp.so
-- Up-to-date: /home/antonadonin/Robotics/lab3/ex02/install/actions/share/actions/environment/pythonpath.sh
-- Up-to-date: /home/antonadonin/Robotics/lab3/ex02/install/actions/share/actions/environment/pythonpath.dsv
-- Up-to-date: /home/antonadonin/Robotics/lab3/ex02/install/actions/lib/python3.12/site-packages/actions-0.0.0-py3.12.egg-info
-- Installing: /home/antonadonin/Robotics/lab3/ex02/install/actions/lib/python3.12/site-packages/actions-0.0.0-py3.12.egg-info/PKG-INFO
-- Installing: /home/antonadonin/Robotics/lab3/ex02/install/actions/lib/python3.12/site-packages/actions-0.0.0-py3.12.egg-info/dependency_links.txt
-- Installing: /home/antonadonin/Robotics/lab3/ex02/install/actions/lib/python3.12/site-packages/actions-0.0.0-py3.12.egg-info/SOURCES.txt
-- Installing: /home/antonadonin/Robotics/lab3/ex02/install/actions/lib/python3.12/site-packages/actions-0.0.0-py3.12.egg-info/top_level.txt
-- Up-to-date: /home/antonadonin/Robotics/lab3/ex02/install/actions/lib/python3.12/site-packages/actions
-- Up-to-date: /home/antonadonin/Robotics/lab3/ex02/install/actions/lib/python3.12/site-packages/actions/__init__.py
-- Up-to-date: /home/antonadonin/Robotics/lab3/ex02/install/actions/lib/python3.12/site-packages/actions/actions_s__rosidl_typesupport_introspection_c.so
-- Up-to-date: /home/antonadonin/Robotics/lab3/ex02/install/actions/lib/python3.12/site-packages/actions/_actions_s.ep.rosidl_typesupport_introspection_c.c
-- Up-to-date: /home/antonadonin/Robotics/lab3/ex02/install/actions/lib/python3.12/site-packages/actions/actions_s__rosidl_typesupport_fastrtps_c.so
-- Up-to-date: /home/antonadonin/Robotics/lab3/ex02/install/actions/lib/python3.12/site-packages/actions/_actions_s.ep.rosidl_typesupport_fastrtps_c.c
-- Up-to-date: /home/antonadonin/Robotics/lab3/ex02/install/actions/lib/python3.12/site-packages/actions/actions_s__rosidl_typesupport_c.so
-- Up-to-date: /home/antonadonin/Robotics/lab3/ex02/install/actions/lib/python3.12/site-packages/actions/action
-- Up-to-date: /home/antonadonin/Robotics/lab3/ex02/install/actions/lib/python3.12/site-packages/actions/action/__init__.py
-- Up-to-date: /home/antonadonin/Robotics/lab3/ex02/install/actions/lib/python3.12/site-packages/actions/action/_message_turtle_commands_s.c
-- Up-to-date: /home/antonadonin/Robotics/lab3/ex02/install/actions/lib/python3.12/site-packages/actions/action/_message_turtle_commands.py
-- Up-to-date: /home/antonadonin/Robotics/lab3/ex02/install/actions/lib/python3.12/site-packages/actions/_actions_s.ep.rosidl_typesupport_c.c
Listing '/home/antonadonin/Robotics/lab3/ex02/install/actions/lib/python3.12/site-packages/actions'...
Listing '/home/antonadonin/Robotics/lab3/ex02/install/actions/lib/python3.12/site-packages/actions/action'...
-- Up-to-date: /home/antonadonin/Robotics/lab3/ex02/install/actions/lib/python3.12/site-packages/actions/actions_s__rosidl_typesupport_fastrtps_c.so
-- Up-to-date: /home/antonadonin/Robotics/lab3/ex02/install/actions/lib/python3.12/site-packages/actions/actions_s__rosidl_typesupport_introspection_c.so
-- Up-to-date: /home/antonadonin/Robotics/lab3/ex02/install/actions/lib/python3.12/site-packages/actions/actions_s__rosidl_typesupport_c.so
-- Up-to-date: /home/antonadonin/Robotics/lab3/ex02/install/actions/lib/libactions__rosidl_generator_py.so
-- Up-to-date: /home/antonadonin/Robotics/lab3/ex02/install/actions/share/actions/action/MessageTurtleCommands.idl
-- Up-to-date: /home/antonadonin/Robotics/lab3/ex02/install/actions/share/actions/action/MessageTurtleCommands.action
-- Up-to-date: /home/antonadonin/Robotics/lab3/ex02/install/actions/share/ament_index/resource_index/package_run_dependencies/actions
-- Up-to-date: /home/antonadonin/Robotics/lab3/ex02/install/actions/share/ament_index/resource_index/parent_prefix_path/actions
-- Up-to-date: /home/antonadonin/Robotics/lab3/ex02/install/actions/share/actions/environment/ament_prefix_path.sh
-- Up-to-date: /home/antonadonin/Robotics/lab3/ex02/install/actions/share/actions/environment/ament_prefix_path.dsv
-- Up-to-date: /home/antonadonin/Robotics/lab3/ex02/install/actions/share/actions/environment/path.sh
-- Up-to-date: /home/antonadonin/Robotics/lab3/ex02/install/actions/share/actions/environment/path.dsv
-- Up-to-date: /home/antonadonin/Robotics/lab3/ex02/install/actions/share/actions/local_setup.bash
-- Up-to-date: /home/antonadonin/Robotics/lab3/ex02/install/actions/share/actions/local_setup.sh
-- Up-to-date: /home/antonadonin/Robotics/lab3/ex02/install/actions/share/actions/local_setup.zsh
-- Up-to-date: /home/antonadonin/Robotics/lab3/ex02/install/actions/share/actions/local_setup.dsv
-- Installing: /home/antonadonin/Robotics/lab3/ex02/install/actions/share/actions/package.dsv
-- Up-to-date: /home/antonadonin/Robotics/lab3/ex02/install/actions/share/ament_index/resource_index/packages/actions
-- Up-to-date: /home/antonadonin/Robotics/lab3/ex02/install/actions/share/actions/cmake/export_actions__rosidl_generator_cExport.cmake
-- Up-to-date: /home/antonadonin/Robotics/lab3/ex02/install/actions/share/actions/cmake/export_actions__rosidl_generator_cExport-noconfig.cmake
-- Up-to-date: /home/antonadonin/Robotics/lab3/ex02/install/actions/share/actions/cmake/export_actions__rosidl_typesupport_fastrtps_cExport.cmake
-- Up-to-date: /home/antonadonin/Robotics/lab3/ex02/install/actions/share/actions/cmake/export_actions__rosidl_typesupport_fastrtps_cExport-noconfig.cmake
-- Up-to-date: /home/antonadonin/Robotics/lab3/ex02/install/actions/share/actions/cmake/actions__rosidl_typesupport_introspection_cExport.cmake
-- Up-to-date: /home/antonadonin/Robotics/lab3/ex02/install/actions/share/actions/cmake/actions__rosidl_typesupport_introspection_cExport-noconfig.cmake
-- Up-to-date: /home/antonadonin/Robotics/lab3/ex02/install/actions/share/actions/cmake/actions__rosidl_typesupport_cExport.cmake
-- Up-to-date: /home/antonadonin/Robotics/lab3/ex02/install/actions/share/actions/cmake/actions__rosidl_typesupport_cExport-noconfig.cmake
-- Up-to-date: /home/antonadonin/Robotics/lab3/ex02/install/actions/share/actions/cmake/export_actions__rosidl_generator_cppExport.cmake
-- Up-to-date: /home/antonadonin/Robotics/lab3/ex02/install/actions/share/actions/cmake/export_actions__rosidl_typesupport_fastrtps_cppExport.cmake
-- Up-to-date: /home/antonadonin/Robotics/lab3/ex02/install/actions/share/actions/cmake/export_actions__rosidl_typesupport_fastrtps_cppExport-noconfig.cmake
-- Up-to-date: /home/antonadonin/Robotics/lab3/ex02/install/actions/share/actions/cmake/actions__rosidl_typesupport_introspection_cppExport.cmake
-- Up-to-date: /home/antonadonin/Robotics/lab3/ex02/install/actions/share/actions/cmake/actions__rosidl_typesupport_introspection_cppExport-noconfig.cmake
-- Up-to-date: /home/antonadonin/Robotics/lab3/ex02/install/actions/share/actions/cmake/actions__rosidl_typesupport_cppExport.cmake
-- Up-to-date: /home/antonadonin/Robotics/lab3/ex02/install/actions/share/actions/cmake/actions__rosidl_typesupport_cppExport-noconfig.cmake
-- Up-to-date: /home/antonadonin/Robotics/lab3/ex02/install/actions/share/actions/cmake/export_actions__rosidl_generator_pyExport.cmake
-- Up-to-date: /home/antonadonin/Robotics/lab3/ex02/install/actions/share/actions/cmake/export_actions__rosidl_generator_pyExport-noconfig.cmake
-- Up-to-date: /home/antonadonin/Robotics/lab3/ex02/install/actions/share/actions/cmake/rosidl_cmake-extras.cmake
-- Up-to-date: /home/antonadonin/Robotics/lab3/ex02/install/actions/share/actions/cmake/ament_cmake_export_dependencies-extras.cmake
-- Up-to-date: /home/antonadonin/Robotics/lab3/ex02/install/actions/share/actions/cmake/ament_cmake_export_include_directories-extras.cmake
-- Up-to-date: /home/antonadonin/Robotics/lab3/ex02/install/actions/share/actions/cmake/ament_cmake_export_libraries-extras.cmake
-- Up-to-date: /home/antonadonin/Robotics/lab3/ex02/install/actions/share/actions/cmake/ament_cmake_export_targets-extras.cmake
-- Up-to-date: /home/antonadonin/Robotics/lab3/ex02/install/actions/share/actions/cmake/rosidl_cmake_export_typesupport_targets-extras.cmake
-- Up-to-date: /home/antonadonin/Robotics/lab3/ex02/install/actions/share/actions/cmake/rosidl_cmake_export_typesupport_libraries-extras.cmake
-- Up-to-date: /home/antonadonin/Robotics/lab3/ex02/install/actions/share/actions/cmake/actionsConfig.cmake
-- Up-to-date: /home/antonadonin/Robotics/lab3/ex02/install/actions/share/actions/cmake/actionsConfig-version.cmake
-- Up-to-date: /home/antonadonin/Robotics/lab3/ex02/install/actions/share/actions/package.xml
