[0.407s] Invoking command in '/home/antonadonin/Robotics/lab3/ex05/move_to_goal': DEBUGINFOD_URLS=https://debuginfod.ubuntu.com PYTHONPATH=/home/antonadonin/Robotics/lab3/ex05/build/move_to_goal/prefix_override:/usr/lib/python3/dist-packages/colcon_core/task/python/colcon_distutils_commands:/home/antonadonin/Robotics/lab3/ex05/install/move_to_goal/lib/python3.12/site-packages:${PYTHONPATH} /usr/bin/python3 -W ignore:setup.py install is deprecated setup.py egg_info --egg-base ../build/move_to_goal build --build-base /home/antonadonin/Robotics/lab3/ex05/build/move_to_goal/build install --record /home/antonadonin/Robotics/lab3/ex05/build/move_to_goal/install.log --single-version-externally-managed install_data
[0.504s] running egg_info
[0.504s] creating ../build/move_to_goal/move_to_goal.egg-info
[0.511s] writing ../build/move_to_goal/move_to_goal.egg-info/PKG-INFO
[0.511s] writing dependency_links to ../build/move_to_goal/move_to_goal.egg-info/dependency_links.txt
[0.511s] writing entry points to ../build/move_to_goal/move_to_goal.egg-info/entry_points.txt
[0.511s] writing requirements to ../build/move_to_goal/move_to_goal.egg-info/requires.txt
[0.511s] writing top-level names to ../build/move_to_goal/move_to_goal.egg-info/top_level.txt
[0.511s] writing manifest file '../build/move_to_goal/move_to_goal.egg-info/SOURCES.txt'
[0.525s] reading manifest file '../build/move_to_goal/move_to_goal.egg-info/SOURCES.txt'
[0.525s] writing manifest file '../build/move_to_goal/move_to_goal.egg-info/SOURCES.txt'
[0.525s] running build
[0.525s] running build_py
[0.525s] creating /home/antonadonin/Robotics/lab3/ex05/build/move_to_goal/build
[0.525s] creating /home/antonadonin/Robotics/lab3/ex05/build/move_to_goal/build/lib
[0.525s] creating /home/antonadonin/Robotics/lab3/ex05/build/move_to_goal/build/lib/move_to_goal
[0.525s] copying move_to_goal/__init__.py -> /home/antonadonin/Robotics/lab3/ex05/build/move_to_goal/build/lib/move_to_goal
[0.525s] copying move_to_goal/move_to_goal.py -> /home/antonadonin/Robotics/lab3/ex05/build/move_to_goal/build/lib/move_to_goal
[0.525s] running install
[0.528s] running install_lib
[0.535s] creating /home/antonadonin/Robotics/lab3/ex05/install/move_to_goal/lib/python3.12/site-packages/move_to_goal
[0.535s] copying /home/antonadonin/Robotics/lab3/ex05/build/move_to_goal/build/lib/move_to_goal/__init__.py -> /home/antonadonin/Robotics/lab3/ex05/install/move_to_goal/lib/python3.12/site-packages/move_to_goal
[0.535s] copying /home/antonadonin/Robotics/lab3/ex05/build/move_to_goal/build/lib/move_to_goal/move_to_goal.py -> /home/antonadonin/Robotics/lab3/ex05/install/move_to_goal/lib/python3.12/site-packages/move_to_goal
[0.535s] byte-compiling /home/antonadonin/Robotics/lab3/ex05/install/move_to_goal/lib/python3.12/site-packages/move_to_goal/__init__.py to __init__.cpython-312.pyc
[0.536s] byte-compiling /home/antonadonin/Robotics/lab3/ex05/install/move_to_goal/lib/python3.12/site-packages/move_to_goal/move_to_goal.py to move_to_goal.cpython-312.pyc
[0.536s] running install_data
[0.536s] creating /home/antonadonin/Robotics/lab3/ex05/install/move_to_goal/share/ament_index
[0.537s] creating /home/antonadonin/Robotics/lab3/ex05/install/move_to_goal/share/ament_index/resource_index
[0.537s] creating /home/antonadonin/Robotics/lab3/ex05/install/move_to_goal/share/ament_index/resource_index/packages
[0.537s] copying resource/move_to_goal -> /home/antonadonin/Robotics/lab3/ex05/install/move_to_goal/share/ament_index/resource_index/packages
[0.537s] copying package.xml -> /home/antonadonin/Robotics/lab3/ex05/install/move_to_goal/share/move_to_goal
[0.537s] running install_egg_info
[0.544s] Copying ../build/move_to_goal/move_to_goal.egg-info to /home/antonadonin/Robotics/lab3/ex05/install/move_to_goal/lib/python3.12/site-packages/move_to_goal-0.0.0-py3.12.egg-info
[0.544s] running install_scripts
[0.593s] Installing move_to_goal_node script to /home/antonadonin/Robotics/lab3/ex05/install/move_to_goal/lib/move_to_goal
[0.593s] writing list of installed files to '/home/antonadonin/Robotics/lab3/ex05/build/move_to_goal/install.log'
[0.608s] Invoked command in '/home/antonadonin/Robotics/lab3/ex05/move_to_goal' returned '0': DEBUGINFOD_URLS=https://debuginfod.ubuntu.com PYTHONPATH=/home/antonadonin/Robotics/lab3/ex05/build/move_to_goal/prefix_override:/usr/lib/python3/dist-packages/colcon_core/task/python/colcon_distutils_commands:/home/antonadonin/Robotics/lab3/ex05/install/move_to_goal/lib/python3.12/site-packages:${PYTHONPATH} /usr/bin/python3 -W ignore:setup.py install is deprecated setup.py egg_info --egg-base ../build/move_to_goal build --build-base /home/antonadonin/Robotics/lab3/ex05/build/move_to_goal/build install --record /home/antonadonin/Robotics/lab3/ex05/build/move_to_goal/install.log --single-version-externally-managed install_data
