running egg_info
writing ../build/timetravel/timetravel.egg-info/PKG-INFO
writing dependency_links to ../build/timetravel/timetravel.egg-info/dependency_links.txt
writing entry points to ../build/timetravel/timetravel.egg-info/entry_points.txt
writing requirements to ../build/timetravel/timetravel.egg-info/requires.txt
writing top-level names to ../build/timetravel/timetravel.egg-info/top_level.txt
reading manifest file '../build/timetravel/timetravel.egg-info/SOURCES.txt'
writing manifest file '../build/timetravel/timetravel.egg-info/SOURCES.txt'
running build
running build_py
copying timetravel/turtle2_tf2_listener.py -> /home/antonadonin/Robotics/lab4/ex03/build/timetravel/build/lib/timetravel
running install
running install_lib
copying /home/antonadonin/Robotics/lab4/ex03/build/timetravel/build/lib/timetravel/turtle2_tf2_listener.py -> /home/antonadonin/Robotics/lab4/ex03/install/timetravel/lib/python3.12/site-packages/timetravel
byte-compiling /home/antonadonin/Robotics/lab4/ex03/install/timetravel/lib/python3.12/site-packages/timetravel/turtle2_tf2_listener.py to turtle2_tf2_listener.cpython-312.pyc
running install_data
running install_egg_info
removing '/home/antonadonin/Robotics/lab4/ex03/install/timetravel/lib/python3.12/site-packages/timetravel-0.0.0-py3.12.egg-info' (and everything under it)
Copying ../build/timetravel/timetravel.egg-info to /home/antonadonin/Robotics/lab4/ex03/install/timetravel/lib/python3.12/site-packages/timetravel-0.0.0-py3.12.egg-info
running install_scripts
Installing turtle1_tf2_broadcaster script to /home/antonadonin/Robotics/lab4/ex03/install/timetravel/lib/timetravel
Installing turtle2_tf2_broadcaster script to /home/antonadonin/Robotics/lab4/ex03/install/timetravel/lib/timetravel
Installing turtle2_tf2_listener script to /home/antonadonin/Robotics/lab4/ex03/install/timetravel/lib/timetravel
writing list of installed files to '/home/antonadonin/Robotics/lab4/ex03/build/timetravel/install.log'
