[  2%] Built target task9_pkg__rosidl_generator_type_description
[  2%] Built target ament_cmake_python_copy_task9_pkg
[ 20%] Built target task9_pkg__rosidl_generator_c
[ 22%] Built target task9_pkg__cpp
[ 40%] Built target task9_pkg__rosidl_typesupport_introspection_c
[ 40%] Built target task9_pkg__rosidl_typesupport_c
[ 50%] Built target task9_pkg__rosidl_typesupport_fastrtps_c
[ 59%] Built target task9_pkg__rosidl_typesupport_cpp
[ 68%] Built target task9_pkg__rosidl_typesupport_introspection_cpp
[ 77%] Built target task9_pkg__rosidl_typesupport_fastrtps_cpp
[ 77%] Built target task9_pkg
[ 79%] Built target task9_pkg__py
[ 86%] Built target task9_pkg__rosidl_generator_py
[ 90%] Built target task9_pkg_s__rosidl_typesupport_c
running egg_info
[100%] Built target task9_pkg_s__rosidl_typesupport_fastrtps_c
[100%] Built target task9_pkg_s__rosidl_typesupport_introspection_c
writing task9_pkg.egg-info/PKG-INFO
writing dependency_links to task9_pkg.egg-info/dependency_links.txt
writing top-level names to task9_pkg.egg-info/top_level.txt
reading manifest file 'task9_pkg.egg-info/SOURCES.txt'
writing manifest file 'task9_pkg.egg-info/SOURCES.txt'
[100%] Built target ament_cmake_python_build_task9_pkg_egg
-- Install configuration: ""
-- Up-to-date: /home/antonadonin/Robotics/lab3/ex01/install/task9_pkg/share/ament_index/resource_index/rosidl_interfaces/task9_pkg
-- Up-to-date: /home/antonadonin/Robotics/lab3/ex01/install/task9_pkg/share/task9_pkg/msg/FullNameMessage.json
-- Up-to-date: /home/antonadonin/Robotics/lab3/ex01/install/task9_pkg/share/task9_pkg/srv/FullNameSumService.json
-- Up-to-date: /home/antonadonin/Robotics/lab3/ex01/install/task9_pkg/include/task9_pkg/task9_pkg
-- Up-to-date: /home/antonadonin/Robotics/lab3/ex01/install/task9_pkg/include/task9_pkg/task9_pkg/srv
-- Up-to-date: /home/antonadonin/Robotics/lab3/ex01/install/task9_pkg/include/task9_pkg/task9_pkg/srv/detail
-- Up-to-date: /home/antonadonin/Robotics/lab3/ex01/install/task9_pkg/include/task9_pkg/task9_pkg/srv/detail/full_name_sum_service__description.c
-- Up-to-date: /home/antonadonin/Robotics/lab3/ex01/install/task9_pkg/include/task9_pkg/task9_pkg/srv/detail/full_name_sum_service__functions.c
-- Up-to-date: /home/antonadonin/Robotics/lab3/ex01/install/task9_pkg/include/task9_pkg/task9_pkg/srv/detail/full_name_sum_service__type_support.h
-- Up-to-date: /home/antonadonin/Robotics/lab3/ex01/install/task9_pkg/include/task9_pkg/task9_pkg/srv/detail/full_name_sum_service__functions.h
-- Up-to-date: /home/antonadonin/Robotics/lab3/ex01/install/task9_pkg/include/task9_pkg/task9_pkg/srv/detail/full_name_sum_service__type_support.c
-- Up-to-date: /home/antonadonin/Robotics/lab3/ex01/install/task9_pkg/include/task9_pkg/task9_pkg/srv/detail/full_name_sum_service__struct.h
-- Up-to-date: /home/antonadonin/Robotics/lab3/ex01/install/task9_pkg/include/task9_pkg/task9_pkg/srv/full_name_sum_service.h
-- Up-to-date: /home/antonadonin/Robotics/lab3/ex01/install/task9_pkg/include/task9_pkg/task9_pkg/msg
-- Up-to-date: /home/antonadonin/Robotics/lab3/ex01/install/task9_pkg/include/task9_pkg/task9_pkg/msg/detail
-- Up-to-date: /home/antonadonin/Robotics/lab3/ex01/install/task9_pkg/include/task9_pkg/task9_pkg/msg/detail/full_name_message__functions.c
-- Up-to-date: /home/antonadonin/Robotics/lab3/ex01/install/task9_pkg/include/task9_pkg/task9_pkg/msg/detail/full_name_message__type_support.c
-- Up-to-date: /home/antonadonin/Robotics/lab3/ex01/install/task9_pkg/include/task9_pkg/task9_pkg/msg/detail/full_name_message__functions.h
-- Up-to-date: /home/antonadonin/Robotics/lab3/ex01/install/task9_pkg/include/task9_pkg/task9_pkg/msg/detail/full_name_message__description.c
-- Up-to-date: /home/antonadonin/Robotics/lab3/ex01/install/task9_pkg/include/task9_pkg/task9_pkg/msg/detail/full_name_message__type_support.h
-- Up-to-date: /home/antonadonin/Robotics/lab3/ex01/install/task9_pkg/include/task9_pkg/task9_pkg/msg/detail/full_name_message__struct.h
-- Up-to-date: /home/antonadonin/Robotics/lab3/ex01/install/task9_pkg/include/task9_pkg/task9_pkg/msg/rosidl_generator_c__visibility_control.h
-- Up-to-date: /home/antonadonin/Robotics/lab3/ex01/install/task9_pkg/include/task9_pkg/task9_pkg/msg/full_name_message.h
-- Up-to-date: /home/antonadonin/Robotics/lab3/ex01/install/task9_pkg/share/task9_pkg/environment/library_path.sh
-- Up-to-date: /home/antonadonin/Robotics/lab3/ex01/install/task9_pkg/share/task9_pkg/environment/library_path.dsv
-- Up-to-date: /home/antonadonin/Robotics/lab3/ex01/install/task9_pkg/lib/libtask9_pkg__rosidl_generator_c.so
-- Up-to-date: /home/antonadonin/Robotics/lab3/ex01/install/task9_pkg/include/task9_pkg/task9_pkg
-- Up-to-date: /home/antonadonin/Robotics/lab3/ex01/install/task9_pkg/include/task9_pkg/task9_pkg/srv
-- Up-to-date: /home/antonadonin/Robotics/lab3/ex01/install/task9_pkg/include/task9_pkg/task9_pkg/srv/detail
-- Up-to-date: /home/antonadonin/Robotics/lab3/ex01/install/task9_pkg/include/task9_pkg/task9_pkg/srv/detail/full_name_sum_service__rosidl_typesupport_fastrtps_c.h
-- Up-to-date: /home/antonadonin/Robotics/lab3/ex01/install/task9_pkg/include/task9_pkg/task9_pkg/msg
-- Up-to-date: /home/antonadonin/Robotics/lab3/ex01/install/task9_pkg/include/task9_pkg/task9_pkg/msg/detail
-- Up-to-date: /home/antonadonin/Robotics/lab3/ex01/install/task9_pkg/include/task9_pkg/task9_pkg/msg/detail/full_name_message__rosidl_typesupport_fastrtps_c.h
-- Up-to-date: /home/antonadonin/Robotics/lab3/ex01/install/task9_pkg/include/task9_pkg/task9_pkg/msg/rosidl_typesupport_fastrtps_c__visibility_control.h
-- Up-to-date: /home/antonadonin/Robotics/lab3/ex01/install/task9_pkg/lib/libtask9_pkg__rosidl_typesupport_fastrtps_c.so
-- Up-to-date: /home/antonadonin/Robotics/lab3/ex01/install/task9_pkg/include/task9_pkg/task9_pkg
-- Up-to-date: /home/antonadonin/Robotics/lab3/ex01/install/task9_pkg/include/task9_pkg/task9_pkg/srv
-- Up-to-date: /home/antonadonin/Robotics/lab3/ex01/install/task9_pkg/include/task9_pkg/task9_pkg/srv/detail
-- Up-to-date: /home/antonadonin/Robotics/lab3/ex01/install/task9_pkg/include/task9_pkg/task9_pkg/srv/detail/full_name_sum_service__type_support.c
-- Up-to-date: /home/antonadonin/Robotics/lab3/ex01/install/task9_pkg/include/task9_pkg/task9_pkg/srv/detail/full_name_sum_service__rosidl_typesupport_introspection_c.h
-- Up-to-date: /home/antonadonin/Robotics/lab3/ex01/install/task9_pkg/include/task9_pkg/task9_pkg/msg
-- Up-to-date: /home/antonadonin/Robotics/lab3/ex01/install/task9_pkg/include/task9_pkg/task9_pkg/msg/detail
-- Up-to-date: /home/antonadonin/Robotics/lab3/ex01/install/task9_pkg/include/task9_pkg/task9_pkg/msg/detail/full_name_message__rosidl_typesupport_introspection_c.h
-- Up-to-date: /home/antonadonin/Robotics/lab3/ex01/install/task9_pkg/include/task9_pkg/task9_pkg/msg/detail/full_name_message__type_support.c
-- Up-to-date: /home/antonadonin/Robotics/lab3/ex01/install/task9_pkg/include/task9_pkg/task9_pkg/msg/rosidl_typesupport_introspection_c__visibility_control.h
-- Up-to-date: /home/antonadonin/Robotics/lab3/ex01/install/task9_pkg/lib/libtask9_pkg__rosidl_typesupport_introspection_c.so
-- Up-to-date: /home/antonadonin/Robotics/lab3/ex01/install/task9_pkg/lib/libtask9_pkg__rosidl_typesupport_c.so
-- Up-to-date: /home/antonadonin/Robotics/lab3/ex01/install/task9_pkg/include/task9_pkg/task9_pkg
-- Up-to-date: /home/antonadonin/Robotics/lab3/ex01/install/task9_pkg/include/task9_pkg/task9_pkg/srv
-- Up-to-date: /home/antonadonin/Robotics/lab3/ex01/install/task9_pkg/include/task9_pkg/task9_pkg/srv/detail
-- Up-to-date: /home/antonadonin/Robotics/lab3/ex01/install/task9_pkg/include/task9_pkg/task9_pkg/srv/detail/full_name_sum_service__type_support.hpp
-- Up-to-date: /home/antonadonin/Robotics/lab3/ex01/install/task9_pkg/include/task9_pkg/task9_pkg/srv/detail/full_name_sum_service__traits.hpp
-- Up-to-date: /home/antonadonin/Robotics/lab3/ex01/install/task9_pkg/include/task9_pkg/task9_pkg/srv/detail/full_name_sum_service__builder.hpp
-- Up-to-date: /home/antonadonin/Robotics/lab3/ex01/install/task9_pkg/include/task9_pkg/task9_pkg/srv/detail/full_name_sum_service__struct.hpp
-- Up-to-date: /home/antonadonin/Robotics/lab3/ex01/install/task9_pkg/include/task9_pkg/task9_pkg/srv/full_name_sum_service.hpp
-- Up-to-date: /home/antonadonin/Robotics/lab3/ex01/install/task9_pkg/include/task9_pkg/task9_pkg/msg
-- Up-to-date: /home/antonadonin/Robotics/lab3/ex01/install/task9_pkg/include/task9_pkg/task9_pkg/msg/full_name_message.hpp
-- Up-to-date: /home/antonadonin/Robotics/lab3/ex01/install/task9_pkg/include/task9_pkg/task9_pkg/msg/detail
-- Up-to-date: /home/antonadonin/Robotics/lab3/ex01/install/task9_pkg/include/task9_pkg/task9_pkg/msg/detail/full_name_message__traits.hpp
-- Up-to-date: /home/antonadonin/Robotics/lab3/ex01/install/task9_pkg/include/task9_pkg/task9_pkg/msg/detail/full_name_message__builder.hpp
-- Up-to-date: /home/antonadonin/Robotics/lab3/ex01/install/task9_pkg/include/task9_pkg/task9_pkg/msg/detail/full_name_message__type_support.hpp
-- Up-to-date: /home/antonadonin/Robotics/lab3/ex01/install/task9_pkg/include/task9_pkg/task9_pkg/msg/detail/full_name_message__struct.hpp
-- Up-to-date: /home/antonadonin/Robotics/lab3/ex01/install/task9_pkg/include/task9_pkg/task9_pkg/msg/rosidl_generator_cpp__visibility_control.hpp
-- Up-to-date: /home/antonadonin/Robotics/lab3/ex01/install/task9_pkg/include/task9_pkg/task9_pkg
-- Up-to-date: /home/antonadonin/Robotics/lab3/ex01/install/task9_pkg/include/task9_pkg/task9_pkg/srv
-- Up-to-date: /home/antonadonin/Robotics/lab3/ex01/install/task9_pkg/include/task9_pkg/task9_pkg/srv/detail
-- Up-to-date: /home/antonadonin/Robotics/lab3/ex01/install/task9_pkg/include/task9_pkg/task9_pkg/srv/detail/dds_fastrtps
-- Up-to-date: /home/antonadonin/Robotics/lab3/ex01/install/task9_pkg/include/task9_pkg/task9_pkg/srv/detail/full_name_sum_service__rosidl_typesupport_fastrtps_cpp.hpp
-- Up-to-date: /home/antonadonin/Robotics/lab3/ex01/install/task9_pkg/include/task9_pkg/task9_pkg/msg
-- Up-to-date: /home/antonadonin/Robotics/lab3/ex01/install/task9_pkg/include/task9_pkg/task9_pkg/msg/detail
-- Up-to-date: /home/antonadonin/Robotics/lab3/ex01/install/task9_pkg/include/task9_pkg/task9_pkg/msg/detail/dds_fastrtps
-- Up-to-date: /home/antonadonin/Robotics/lab3/ex01/install/task9_pkg/include/task9_pkg/task9_pkg/msg/detail/full_name_message__rosidl_typesupport_fastrtps_cpp.hpp
-- Up-to-date: /home/antonadonin/Robotics/lab3/ex01/install/task9_pkg/include/task9_pkg/task9_pkg/msg/rosidl_typesupport_fastrtps_cpp__visibility_control.h
-- Up-to-date: /home/antonadonin/Robotics/lab3/ex01/install/task9_pkg/lib/libtask9_pkg__rosidl_typesupport_fastrtps_cpp.so
-- Up-to-date: /home/antonadonin/Robotics/lab3/ex01/install/task9_pkg/include/task9_pkg/task9_pkg
-- Up-to-date: /home/antonadonin/Robotics/lab3/ex01/install/task9_pkg/include/task9_pkg/task9_pkg/srv
-- Up-to-date: /home/antonadonin/Robotics/lab3/ex01/install/task9_pkg/include/task9_pkg/task9_pkg/srv/detail
-- Up-to-date: /home/antonadonin/Robotics/lab3/ex01/install/task9_pkg/include/task9_pkg/task9_pkg/srv/detail/full_name_sum_service__type_support.cpp
-- Up-to-date: /home/antonadonin/Robotics/lab3/ex01/install/task9_pkg/include/task9_pkg/task9_pkg/srv/detail/full_name_sum_service__rosidl_typesupport_introspection_cpp.hpp
-- Up-to-date: /home/antonadonin/Robotics/lab3/ex01/install/task9_pkg/include/task9_pkg/task9_pkg/msg
-- Up-to-date: /home/antonadonin/Robotics/lab3/ex01/install/task9_pkg/include/task9_pkg/task9_pkg/msg/detail
-- Up-to-date: /home/antonadonin/Robotics/lab3/ex01/install/task9_pkg/include/task9_pkg/task9_pkg/msg/detail/full_name_message__type_support.cpp
-- Up-to-date: /home/antonadonin/Robotics/lab3/ex01/install/task9_pkg/include/task9_pkg/task9_pkg/msg/detail/full_name_message__rosidl_typesupport_introspection_cpp.hpp
-- Up-to-date: /home/antonadonin/Robotics/lab3/ex01/install/task9_pkg/lib/libtask9_pkg__rosidl_typesupport_introspection_cpp.so
-- Up-to-date: /home/antonadonin/Robotics/lab3/ex01/install/task9_pkg/lib/libtask9_pkg__rosidl_typesupport_cpp.so
-- Up-to-date: /home/antonadonin/Robotics/lab3/ex01/install/task9_pkg/share/task9_pkg/environment/pythonpath.sh
-- Up-to-date: /home/antonadonin/Robotics/lab3/ex01/install/task9_pkg/share/task9_pkg/environment/pythonpath.dsv
-- Up-to-date: /home/antonadonin/Robotics/lab3/ex01/install/task9_pkg/lib/python3.12/site-packages/task9_pkg-0.0.0-py3.12.egg-info
-- Installing: /home/antonadonin/Robotics/lab3/ex01/install/task9_pkg/lib/python3.12/site-packages/task9_pkg-0.0.0-py3.12.egg-info/PKG-INFO
-- Installing: /home/antonadonin/Robotics/lab3/ex01/install/task9_pkg/lib/python3.12/site-packages/task9_pkg-0.0.0-py3.12.egg-info/dependency_links.txt
-- Installing: /home/antonadonin/Robotics/lab3/ex01/install/task9_pkg/lib/python3.12/site-packages/task9_pkg-0.0.0-py3.12.egg-info/SOURCES.txt
-- Installing: /home/antonadonin/Robotics/lab3/ex01/install/task9_pkg/lib/python3.12/site-packages/task9_pkg-0.0.0-py3.12.egg-info/top_level.txt
-- Up-to-date: /home/antonadonin/Robotics/lab3/ex01/install/task9_pkg/lib/python3.12/site-packages/task9_pkg
-- Up-to-date: /home/antonadonin/Robotics/lab3/ex01/install/task9_pkg/lib/python3.12/site-packages/task9_pkg/task9_pkg_s__rosidl_typesupport_fastrtps_c.so
-- Up-to-date: /home/antonadonin/Robotics/lab3/ex01/install/task9_pkg/lib/python3.12/site-packages/task9_pkg/__init__.py
-- Up-to-date: /home/antonadonin/Robotics/lab3/ex01/install/task9_pkg/lib/python3.12/site-packages/task9_pkg/task9_pkg_s__rosidl_typesupport_introspection_c.so
-- Up-to-date: /home/antonadonin/Robotics/lab3/ex01/install/task9_pkg/lib/python3.12/site-packages/task9_pkg/task9_pkg_s__rosidl_typesupport_c.so
-- Up-to-date: /home/antonadonin/Robotics/lab3/ex01/install/task9_pkg/lib/python3.12/site-packages/task9_pkg/srv
-- Up-to-date: /home/antonadonin/Robotics/lab3/ex01/install/task9_pkg/lib/python3.12/site-packages/task9_pkg/srv/__init__.py
-- Up-to-date: /home/antonadonin/Robotics/lab3/ex01/install/task9_pkg/lib/python3.12/site-packages/task9_pkg/srv/_full_name_sum_service_s.c
-- Up-to-date: /home/antonadonin/Robotics/lab3/ex01/install/task9_pkg/lib/python3.12/site-packages/task9_pkg/srv/_full_name_sum_service.py
-- Up-to-date: /home/antonadonin/Robotics/lab3/ex01/install/task9_pkg/lib/python3.12/site-packages/task9_pkg/_task9_pkg_s.ep.rosidl_typesupport_fastrtps_c.c
-- Up-to-date: /home/antonadonin/Robotics/lab3/ex01/install/task9_pkg/lib/python3.12/site-packages/task9_pkg/_task9_pkg_s.ep.rosidl_typesupport_c.c
-- Up-to-date: /home/antonadonin/Robotics/lab3/ex01/install/task9_pkg/lib/python3.12/site-packages/task9_pkg/_task9_pkg_s.ep.rosidl_typesupport_introspection_c.c
-- Up-to-date: /home/antonadonin/Robotics/lab3/ex01/install/task9_pkg/lib/python3.12/site-packages/task9_pkg/msg
-- Up-to-date: /home/antonadonin/Robotics/lab3/ex01/install/task9_pkg/lib/python3.12/site-packages/task9_pkg/msg/__init__.py
-- Up-to-date: /home/antonadonin/Robotics/lab3/ex01/install/task9_pkg/lib/python3.12/site-packages/task9_pkg/msg/_full_name_message_s.c
-- Up-to-date: /home/antonadonin/Robotics/lab3/ex01/install/task9_pkg/lib/python3.12/site-packages/task9_pkg/msg/_full_name_message.py
Listing '/home/antonadonin/Robotics/lab3/ex01/install/task9_pkg/lib/python3.12/site-packages/task9_pkg'...
Listing '/home/antonadonin/Robotics/lab3/ex01/install/task9_pkg/lib/python3.12/site-packages/task9_pkg/msg'...
Listing '/home/antonadonin/Robotics/lab3/ex01/install/task9_pkg/lib/python3.12/site-packages/task9_pkg/srv'...
-- Up-to-date: /home/antonadonin/Robotics/lab3/ex01/install/task9_pkg/lib/python3.12/site-packages/task9_pkg/task9_pkg_s__rosidl_typesupport_fastrtps_c.so
-- Up-to-date: /home/antonadonin/Robotics/lab3/ex01/install/task9_pkg/lib/python3.12/site-packages/task9_pkg/task9_pkg_s__rosidl_typesupport_introspection_c.so
-- Up-to-date: /home/antonadonin/Robotics/lab3/ex01/install/task9_pkg/lib/python3.12/site-packages/task9_pkg/task9_pkg_s__rosidl_typesupport_c.so
-- Up-to-date: /home/antonadonin/Robotics/lab3/ex01/install/task9_pkg/lib/libtask9_pkg__rosidl_generator_py.so
-- Up-to-date: /home/antonadonin/Robotics/lab3/ex01/install/task9_pkg/share/task9_pkg/msg/FullNameMessage.idl
-- Up-to-date: /home/antonadonin/Robotics/lab3/ex01/install/task9_pkg/share/task9_pkg/srv/FullNameSumService.idl
-- Up-to-date: /home/antonadonin/Robotics/lab3/ex01/install/task9_pkg/share/task9_pkg/msg/FullNameMessage.msg
-- Up-to-date: /home/antonadonin/Robotics/lab3/ex01/install/task9_pkg/share/task9_pkg/srv/FullNameSumService.srv
-- Up-to-date: /home/antonadonin/Robotics/lab3/ex01/install/task9_pkg/share/ament_index/resource_index/package_run_dependencies/task9_pkg
-- Up-to-date: /home/antonadonin/Robotics/lab3/ex01/install/task9_pkg/share/ament_index/resource_index/parent_prefix_path/task9_pkg
-- Up-to-date: /home/antonadonin/Robotics/lab3/ex01/install/task9_pkg/share/task9_pkg/environment/ament_prefix_path.sh
-- Up-to-date: /home/antonadonin/Robotics/lab3/ex01/install/task9_pkg/share/task9_pkg/environment/ament_prefix_path.dsv
-- Up-to-date: /home/antonadonin/Robotics/lab3/ex01/install/task9_pkg/share/task9_pkg/environment/path.sh
-- Up-to-date: /home/antonadonin/Robotics/lab3/ex01/install/task9_pkg/share/task9_pkg/environment/path.dsv
-- Up-to-date: /home/antonadonin/Robotics/lab3/ex01/install/task9_pkg/share/task9_pkg/local_setup.bash
-- Up-to-date: /home/antonadonin/Robotics/lab3/ex01/install/task9_pkg/share/task9_pkg/local_setup.sh
-- Up-to-date: /home/antonadonin/Robotics/lab3/ex01/install/task9_pkg/share/task9_pkg/local_setup.zsh
-- Up-to-date: /home/antonadonin/Robotics/lab3/ex01/install/task9_pkg/share/task9_pkg/local_setup.dsv
-- Installing: /home/antonadonin/Robotics/lab3/ex01/install/task9_pkg/share/task9_pkg/package.dsv
-- Up-to-date: /home/antonadonin/Robotics/lab3/ex01/install/task9_pkg/share/ament_index/resource_index/packages/task9_pkg
-- Up-to-date: /home/antonadonin/Robotics/lab3/ex01/install/task9_pkg/share/task9_pkg/cmake/export_task9_pkg__rosidl_generator_cExport.cmake
-- Up-to-date: /home/antonadonin/Robotics/lab3/ex01/install/task9_pkg/share/task9_pkg/cmake/export_task9_pkg__rosidl_generator_cExport-noconfig.cmake
-- Up-to-date: /home/antonadonin/Robotics/lab3/ex01/install/task9_pkg/share/task9_pkg/cmake/export_task9_pkg__rosidl_typesupport_fastrtps_cExport.cmake
-- Up-to-date: /home/antonadonin/Robotics/lab3/ex01/install/task9_pkg/share/task9_pkg/cmake/export_task9_pkg__rosidl_typesupport_fastrtps_cExport-noconfig.cmake
-- Up-to-date: /home/antonadonin/Robotics/lab3/ex01/install/task9_pkg/share/task9_pkg/cmake/task9_pkg__rosidl_typesupport_introspection_cExport.cmake
-- Up-to-date: /home/antonadonin/Robotics/lab3/ex01/install/task9_pkg/share/task9_pkg/cmake/task9_pkg__rosidl_typesupport_introspection_cExport-noconfig.cmake
-- Up-to-date: /home/antonadonin/Robotics/lab3/ex01/install/task9_pkg/share/task9_pkg/cmake/task9_pkg__rosidl_typesupport_cExport.cmake
-- Up-to-date: /home/antonadonin/Robotics/lab3/ex01/install/task9_pkg/share/task9_pkg/cmake/task9_pkg__rosidl_typesupport_cExport-noconfig.cmake
-- Up-to-date: /home/antonadonin/Robotics/lab3/ex01/install/task9_pkg/share/task9_pkg/cmake/export_task9_pkg__rosidl_generator_cppExport.cmake
-- Up-to-date: /home/antonadonin/Robotics/lab3/ex01/install/task9_pkg/share/task9_pkg/cmake/export_task9_pkg__rosidl_typesupport_fastrtps_cppExport.cmake
-- Up-to-date: /home/antonadonin/Robotics/lab3/ex01/install/task9_pkg/share/task9_pkg/cmake/export_task9_pkg__rosidl_typesupport_fastrtps_cppExport-noconfig.cmake
-- Up-to-date: /home/antonadonin/Robotics/lab3/ex01/install/task9_pkg/share/task9_pkg/cmake/task9_pkg__rosidl_typesupport_introspection_cppExport.cmake
-- Up-to-date: /home/antonadonin/Robotics/lab3/ex01/install/task9_pkg/share/task9_pkg/cmake/task9_pkg__rosidl_typesupport_introspection_cppExport-noconfig.cmake
-- Up-to-date: /home/antonadonin/Robotics/lab3/ex01/install/task9_pkg/share/task9_pkg/cmake/task9_pkg__rosidl_typesupport_cppExport.cmake
-- Up-to-date: /home/antonadonin/Robotics/lab3/ex01/install/task9_pkg/share/task9_pkg/cmake/task9_pkg__rosidl_typesupport_cppExport-noconfig.cmake
-- Up-to-date: /home/antonadonin/Robotics/lab3/ex01/install/task9_pkg/share/task9_pkg/cmake/export_task9_pkg__rosidl_generator_pyExport.cmake
-- Up-to-date: /home/antonadonin/Robotics/lab3/ex01/install/task9_pkg/share/task9_pkg/cmake/export_task9_pkg__rosidl_generator_pyExport-noconfig.cmake
-- Up-to-date: /home/antonadonin/Robotics/lab3/ex01/install/task9_pkg/share/task9_pkg/cmake/rosidl_cmake-extras.cmake
-- Up-to-date: /home/antonadonin/Robotics/lab3/ex01/install/task9_pkg/share/task9_pkg/cmake/ament_cmake_export_dependencies-extras.cmake
-- Up-to-date: /home/antonadonin/Robotics/lab3/ex01/install/task9_pkg/share/task9_pkg/cmake/ament_cmake_export_include_directories-extras.cmake
-- Up-to-date: /home/antonadonin/Robotics/lab3/ex01/install/task9_pkg/share/task9_pkg/cmake/ament_cmake_export_libraries-extras.cmake
-- Up-to-date: /home/antonadonin/Robotics/lab3/ex01/install/task9_pkg/share/task9_pkg/cmake/ament_cmake_export_targets-extras.cmake
-- Up-to-date: /home/antonadonin/Robotics/lab3/ex01/install/task9_pkg/share/task9_pkg/cmake/rosidl_cmake_export_typesupport_targets-extras.cmake
-- Up-to-date: /home/antonadonin/Robotics/lab3/ex01/install/task9_pkg/share/task9_pkg/cmake/rosidl_cmake_export_typesupport_libraries-extras.cmake
-- Up-to-date: /home/antonadonin/Robotics/lab3/ex01/install/task9_pkg/share/task9_pkg/cmake/task9_pkgConfig.cmake
-- Up-to-date: /home/antonadonin/Robotics/lab3/ex01/install/task9_pkg/share/task9_pkg/cmake/task9_pkgConfig-version.cmake
-- Up-to-date: /home/antonadonin/Robotics/lab3/ex01/install/task9_pkg/share/task9_pkg/package.xml
