[0.043s] DEBUG:colcon:Command line arguments: ['/usr/bin/colcon', 'build']
[0.043s] DEBUG:colcon:Parsed command line arguments: Namespace(log_base=None, log_level=None, verb_name='build', build_base='build', install_base='install', merge_install=False, symlink_install=False, test_result_base=None, continue_on_error=False, executor='parallel', parallel_workers=8, event_handlers=None, ignore_user_meta=False, metas=['./colcon.meta'], base_paths=['.'], packages_ignore=None, packages_ignore_regex=None, paths=None, packages_up_to=None, packages_up_to_regex=None, packages_above=None, packages_above_and_dependencies=None, packages_above_depth=None, packages_select_by_dep=None, packages_skip_by_dep=None, packages_skip_up_to=None, packages_select_build_failed=False, packages_skip_build_finished=False, packages_select_test_failures=False, packages_skip_test_passed=False, packages_select=None, packages_skip=None, packages_select_regex=None, packages_skip_regex=None, packages_start=None, packages_end=None, allow_overriding=[], cmake_args=None, cmake_target=None, cmake_target_skip_unavailable=False, cmake_clean_cache=False, cmake_clean_first=False, cmake_force_configure=False, ament_cmake_args=None, catkin_cmake_args=None, catkin_skip_building_tests=False, mixin_files=None, mixin=None, verb_parser=<colcon_mixin.mixin.mixin_argument.MixinArgumentDecorator object at 0xffff86e68fb0>, verb_extension=<colcon_core.verb.build.BuildVerb object at 0xffff86e68f20>, main=<bound method BuildVerb.main of <colcon_core.verb.build.BuildVerb object at 0xffff86e68f20>>, mixin_verb=('build',))
[0.058s] Level 1:colcon.colcon_core.package_discovery:discover_packages(colcon_meta) check parameters
[0.058s] Level 1:colcon.colcon_core.package_discovery:discover_packages(recursive) check parameters
[0.058s] Level 1:colcon.colcon_core.package_discovery:discover_packages(ignore) check parameters
[0.058s] Level 1:colcon.colcon_core.package_discovery:discover_packages(path) check parameters
[0.058s] Level 1:colcon.colcon_core.package_discovery:discover_packages(colcon_meta) discover
[0.058s] Level 1:colcon.colcon_core.package_discovery:discover_packages(recursive) discover
[0.058s] INFO:colcon.colcon_core.package_discovery:Crawling recursively for packages in '/home/antonadonin/Robotics/lab2/ex09'
[0.058s] Level 1:colcon.colcon_core.package_identification:_identify(.) by extensions ['ignore', 'ignore_ament_install']
[0.058s] Level 1:colcon.colcon_core.package_identification:_identify(.) by extension 'ignore'
[0.058s] Level 1:colcon.colcon_core.package_identification:_identify(.) by extension 'ignore_ament_install'
[0.058s] Level 1:colcon.colcon_core.package_identification:_identify(.) by extensions ['colcon_pkg']
[0.058s] Level 1:colcon.colcon_core.package_identification:_identify(.) by extension 'colcon_pkg'
[0.058s] Level 1:colcon.colcon_core.package_identification:_identify(.) by extensions ['colcon_meta']
[0.058s] Level 1:colcon.colcon_core.package_identification:_identify(.) by extension 'colcon_meta'
[0.058s] Level 1:colcon.colcon_core.package_identification:_identify(.) by extensions ['ros']
[0.058s] Level 1:colcon.colcon_core.package_identification:_identify(.) by extension 'ros'
[0.071s] Level 1:colcon.colcon_core.package_identification:_identify(.) by extensions ['cmake', 'python']
[0.071s] Level 1:colcon.colcon_core.package_identification:_identify(.) by extension 'cmake'
[0.071s] Level 1:colcon.colcon_core.package_identification:_identify(.) by extension 'python'
[0.071s] Level 1:colcon.colcon_core.package_identification:_identify(.) by extensions ['python_setup_py']
[0.071s] Level 1:colcon.colcon_core.package_identification:_identify(.) by extension 'python_setup_py'
[0.071s] Level 1:colcon.colcon_core.package_identification:_identify(build) by extensions ['ignore', 'ignore_ament_install']
[0.071s] Level 1:colcon.colcon_core.package_identification:_identify(build) by extension 'ignore'
[0.071s] Level 1:colcon.colcon_core.package_identification:_identify(build) ignored
[0.071s] Level 1:colcon.colcon_core.package_identification:_identify(install) by extensions ['ignore', 'ignore_ament_install']
[0.071s] Level 1:colcon.colcon_core.package_identification:_identify(install) by extension 'ignore'
[0.071s] Level 1:colcon.colcon_core.package_identification:_identify(install) ignored
[0.071s] Level 1:colcon.colcon_core.package_identification:_identify(log) by extensions ['ignore', 'ignore_ament_install']
[0.071s] Level 1:colcon.colcon_core.package_identification:_identify(log) by extension 'ignore'
[0.071s] Level 1:colcon.colcon_core.package_identification:_identify(log) ignored
[0.071s] Level 1:colcon.colcon_core.package_identification:_identify(task9_pkg) by extensions ['ignore', 'ignore_ament_install']
[0.072s] Level 1:colcon.colcon_core.package_identification:_identify(task9_pkg) by extension 'ignore'
[0.072s] Level 1:colcon.colcon_core.package_identification:_identify(task9_pkg) by extension 'ignore_ament_install'
[0.072s] Level 1:colcon.colcon_core.package_identification:_identify(task9_pkg) by extensions ['colcon_pkg']
[0.072s] Level 1:colcon.colcon_core.package_identification:_identify(task9_pkg) by extension 'colcon_pkg'
[0.072s] Level 1:colcon.colcon_core.package_identification:_identify(task9_pkg) by extensions ['colcon_meta']
[0.072s] Level 1:colcon.colcon_core.package_identification:_identify(task9_pkg) by extension 'colcon_meta'
[0.072s] Level 1:colcon.colcon_core.package_identification:_identify(task9_pkg) by extensions ['ros']
[0.072s] Level 1:colcon.colcon_core.package_identification:_identify(task9_pkg) by extension 'ros'
[0.073s] DEBUG:colcon.colcon_core.package_identification:Package 'task9_pkg' with type 'ros.ament_cmake' and name 'task9_pkg'
[0.073s] Level 1:colcon.colcon_core.package_discovery:discover_packages(recursive) using defaults
[0.073s] Level 1:colcon.colcon_core.package_discovery:discover_packages(ignore) discover
[0.073s] Level 1:colcon.colcon_core.package_discovery:discover_packages(ignore) using defaults
[0.073s] Level 1:colcon.colcon_core.package_discovery:discover_packages(path) discover
[0.073s] Level 1:colcon.colcon_core.package_discovery:discover_packages(path) using defaults
[0.081s] Level 1:colcon.colcon_core.package_discovery:discover_packages(prefix_path) check parameters
[0.081s] Level 1:colcon.colcon_core.package_discovery:discover_packages(prefix_path) discover
[0.081s] Level 1:colcon.colcon_core.package_discovery:discover_packages(prefix_path) using defaults
[0.082s] Level 5:colcon.colcon_core.verb:set package 'task9_pkg' build argument 'cmake_args' from command line to 'None'
[0.082s] Level 5:colcon.colcon_core.verb:set package 'task9_pkg' build argument 'cmake_target' from command line to 'None'
[0.082s] Level 5:colcon.colcon_core.verb:set package 'task9_pkg' build argument 'cmake_target_skip_unavailable' from command line to 'False'
[0.082s] Level 5:colcon.colcon_core.verb:set package 'task9_pkg' build argument 'cmake_clean_cache' from command line to 'False'
[0.082s] Level 5:colcon.colcon_core.verb:set package 'task9_pkg' build argument 'cmake_clean_first' from command line to 'False'
[0.082s] Level 5:colcon.colcon_core.verb:set package 'task9_pkg' build argument 'cmake_force_configure' from command line to 'False'
[0.082s] Level 5:colcon.colcon_core.verb:set package 'task9_pkg' build argument 'ament_cmake_args' from command line to 'None'
[0.082s] Level 5:colcon.colcon_core.verb:set package 'task9_pkg' build argument 'catkin_cmake_args' from command line to 'None'
[0.082s] Level 5:colcon.colcon_core.verb:set package 'task9_pkg' build argument 'catkin_skip_building_tests' from command line to 'False'
[0.082s] DEBUG:colcon.colcon_core.verb:Building package 'task9_pkg' with the following arguments: {'ament_cmake_args': None, 'build_base': '/home/antonadonin/Robotics/lab2/ex09/build/task9_pkg', 'catkin_cmake_args': None, 'catkin_skip_building_tests': False, 'cmake_args': None, 'cmake_clean_cache': False, 'cmake_clean_first': False, 'cmake_force_configure': False, 'cmake_target': None, 'cmake_target_skip_unavailable': False, 'install_base': '/home/antonadonin/Robotics/lab2/ex09/install/task9_pkg', 'merge_install': False, 'path': '/home/antonadonin/Robotics/lab2/ex09/task9_pkg', 'symlink_install': False, 'test_result_base': None}
[0.082s] INFO:colcon.colcon_core.executor:Executing jobs using 'parallel' executor
[0.082s] DEBUG:colcon.colcon_parallel_executor.executor.parallel:run_until_complete
[0.082s] INFO:colcon.colcon_ros.task.ament_cmake.build:Building ROS package in '/home/antonadonin/Robotics/lab2/ex09/task9_pkg' with build type 'ament_cmake'
[0.082s] INFO:colcon.colcon_cmake.task.cmake.build:Building CMake package in '/home/antonadonin/Robotics/lab2/ex09/task9_pkg'
[0.083s] INFO:colcon.colcon_core.plugin_system:Skipping extension 'colcon_core.shell.bat': Not used on non-Windows systems
[0.083s] INFO:colcon.colcon_core.shell:Skip shell extension 'powershell' for command environment: Not usable outside of PowerShell
[0.083s] DEBUG:colcon.colcon_core.shell:Skip shell extension 'dsv' for command environment
[0.085s] DEBUG:colcon.colcon_core.event_handler.log_command:Invoking command in '/home/antonadonin/Robotics/lab2/ex09/build/task9_pkg': DEBUGINFOD_URLS=https://debuginfod.ubuntu.com /usr/bin/cmake /home/antonadonin/Robotics/lab2/ex09/task9_pkg -DCMAKE_INSTALL_PREFIX=/home/antonadonin/Robotics/lab2/ex09/install/task9_pkg
[0.096s] DEBUG:colcon.colcon_core.event_handler.log_command:Invoked command in '/home/antonadonin/Robotics/lab2/ex09/build/task9_pkg' returned '1': DEBUGINFOD_URLS=https://debuginfod.ubuntu.com /usr/bin/cmake /home/antonadonin/Robotics/lab2/ex09/task9_pkg -DCMAKE_INSTALL_PREFIX=/home/antonadonin/Robotics/lab2/ex09/install/task9_pkg
[0.100s] Level 1:colcon.colcon_core.environment:create_environment_scripts_only(task9_pkg)
[0.101s] Level 1:colcon.colcon_core.environment:checking '/home/antonadonin/Robotics/lab2/ex09/install/task9_pkg' for CMake module files
[0.101s] Level 1:colcon.colcon_core.environment:checking '/home/antonadonin/Robotics/lab2/ex09/install/task9_pkg' for CMake config files
[0.102s] Level 1:colcon.colcon_core.environment:checking '/home/antonadonin/Robotics/lab2/ex09/install/task9_pkg/bin'
[0.102s] Level 1:colcon.colcon_core.environment:checking '/home/antonadonin/Robotics/lab2/ex09/install/task9_pkg/lib/pkgconfig/task9_pkg.pc'
[0.102s] Level 1:colcon.colcon_core.environment:checking '/home/antonadonin/Robotics/lab2/ex09/install/task9_pkg/lib/python3.12/site-packages'
[0.103s] Level 1:colcon.colcon_core.environment:checking '/home/antonadonin/Robotics/lab2/ex09/install/task9_pkg/bin'
[0.103s] INFO:colcon.colcon_core.shell:Creating package script '/home/antonadonin/Robotics/lab2/ex09/install/task9_pkg/share/task9_pkg/package.ps1'
[0.103s] INFO:colcon.colcon_core.shell:Creating package descriptor '/home/antonadonin/Robotics/lab2/ex09/install/task9_pkg/share/task9_pkg/package.dsv'
[0.103s] INFO:colcon.colcon_core.shell:Creating package script '/home/antonadonin/Robotics/lab2/ex09/install/task9_pkg/share/task9_pkg/package.sh'
[0.103s] INFO:colcon.colcon_core.shell:Creating package script '/home/antonadonin/Robotics/lab2/ex09/install/task9_pkg/share/task9_pkg/package.bash'
[0.104s] INFO:colcon.colcon_core.shell:Creating package script '/home/antonadonin/Robotics/lab2/ex09/install/task9_pkg/share/task9_pkg/package.zsh'
[0.104s] Level 1:colcon.colcon_core.environment:create_file_with_runtime_dependencies(/home/antonadonin/Robotics/lab2/ex09/install/task9_pkg/share/colcon-core/packages/task9_pkg)
[0.104s] DEBUG:colcon.colcon_parallel_executor.executor.parallel:closing loop
[0.104s] DEBUG:colcon.colcon_parallel_executor.executor.parallel:loop closed
[0.104s] DEBUG:colcon.colcon_parallel_executor.executor.parallel:run_until_complete finished with '1'
[0.104s] DEBUG:colcon.colcon_core.event_reactor:joining thread
[0.106s] INFO:colcon.colcon_core.plugin_system:Skipping extension 'colcon_notification.desktop_notification.terminal_notifier': Not used on non-Darwin systems
[0.106s] INFO:colcon.colcon_core.plugin_system:Skipping extension 'colcon_notification.desktop_notification.win32': Not used on non-Windows systems
[0.106s] INFO:colcon.colcon_notification.desktop_notification:Sending desktop notification using 'notify2'
[0.114s] DEBUG:colcon.colcon_core.event_reactor:joined thread
[0.114s] INFO:colcon.colcon_core.shell:Creating prefix script '/home/antonadonin/Robotics/lab2/ex09/install/local_setup.ps1'
[0.114s] INFO:colcon.colcon_core.shell:Creating prefix util module '/home/antonadonin/Robotics/lab2/ex09/install/_local_setup_util_ps1.py'
[0.115s] INFO:colcon.colcon_core.shell:Creating prefix chain script '/home/antonadonin/Robotics/lab2/ex09/install/setup.ps1'
[0.115s] INFO:colcon.colcon_core.shell:Creating prefix script '/home/antonadonin/Robotics/lab2/ex09/install/local_setup.sh'
[0.115s] INFO:colcon.colcon_core.shell:Creating prefix util module '/home/antonadonin/Robotics/lab2/ex09/install/_local_setup_util_sh.py'
[0.116s] INFO:colcon.colcon_core.shell:Creating prefix chain script '/home/antonadonin/Robotics/lab2/ex09/install/setup.sh'
[0.116s] INFO:colcon.colcon_core.shell:Creating prefix script '/home/antonadonin/Robotics/lab2/ex09/install/local_setup.bash'
[0.116s] INFO:colcon.colcon_core.shell:Creating prefix chain script '/home/antonadonin/Robotics/lab2/ex09/install/setup.bash'
[0.116s] INFO:colcon.colcon_core.shell:Creating prefix script '/home/antonadonin/Robotics/lab2/ex09/install/local_setup.zsh'
[0.116s] INFO:colcon.colcon_core.shell:Creating prefix chain script '/home/antonadonin/Robotics/lab2/ex09/install/setup.zsh'
