running egg_info
writing ../build/move_to_goal/move_to_goal.egg-info/PKG-INFO
writing dependency_links to ../build/move_to_goal/move_to_goal.egg-info/dependency_links.txt
writing entry points to ../build/move_to_goal/move_to_goal.egg-info/entry_points.txt
writing requirements to ../build/move_to_goal/move_to_goal.egg-info/requires.txt
writing top-level names to ../build/move_to_goal/move_to_goal.egg-info/top_level.txt
reading manifest file '../build/move_to_goal/move_to_goal.egg-info/SOURCES.txt'
writing manifest file '../build/move_to_goal/move_to_goal.egg-info/SOURCES.txt'
running build
running build_py
copying move_to_goal/move_to_goal.py -> /home/antonadonin/Robotics/lab3/ex05/build/move_to_goal/build/lib/move_to_goal
running install
running install_lib
copying /home/antonadonin/Robotics/lab3/ex05/build/move_to_goal/build/lib/move_to_goal/move_to_goal.py -> /home/antonadonin/Robotics/lab3/ex05/install/move_to_goal/lib/python3.12/site-packages/move_to_goal
byte-compiling /home/antonadonin/Robotics/lab3/ex05/install/move_to_goal/lib/python3.12/site-packages/move_to_goal/move_to_goal.py to move_to_goal.cpython-312.pyc
running install_data
running install_egg_info
removing '/home/antonadonin/Robotics/lab3/ex05/install/move_to_goal/lib/python3.12/site-packages/move_to_goal-0.0.0-py3.12.egg-info' (and everything under it)
Copying ../build/move_to_goal/move_to_goal.egg-info to /home/antonadonin/Robotics/lab3/ex05/install/move_to_goal/lib/python3.12/site-packages/move_to_goal-0.0.0-py3.12.egg-info
running install_scripts
Installing move_to_goal_node script to /home/antonadonin/Robotics/lab3/ex05/install/move_to_goal/lib/move_to_goal
writing list of installed files to '/home/antonadonin/Robotics/lab3/ex05/build/move_to_goal/install.log'
