[0.098s] Invoking command in '/home/antonadonin/Robotics/lab5/ex05/build/robot_bringup': CMAKE_PREFIX_PATH=${CMAKE_PREFIX_PATH}:/opt/ros/jazzy DEBUGINFOD_URLS=https://debuginfod.ubuntu.com /usr/bin/cmake /home/antonadonin/Robotics/lab5/ex05/robot_bringup -DCMAKE_INSTALL_PREFIX=/home/antonadonin/Robotics/lab5/ex05/install/robot_bringup
[0.211s] -- The C compiler identification is GNU 13.2.0
[0.290s] -- The CXX compiler identification is GNU 13.2.0
[0.302s] -- Detecting C compiler ABI info
[0.357s] -- Detecting C compiler ABI info - done
[0.369s] -- Check for working C compiler: /usr/bin/cc - skipped
[0.369s] -- Detecting C compile features
[0.370s] -- Detecting C compile features - done
[0.375s] -- Detecting CXX compiler ABI info
[0.435s] -- Detecting CXX compiler ABI info - done
[0.447s] -- Check for working CXX compiler: /usr/bin/c++ - skipped
[0.448s] -- Detecting CXX compile features
[0.449s] -- Detecting CXX compile features - done
[0.452s] -- Found ament_cmake: 2.5.2 (/opt/ros/jazzy/share/ament_cmake/cmake)
[0.568s] -- Found Python3: /usr/bin/python3 (found version "3.12.3") found components: Interpreter 
[0.645s] -- Found ament_lint_auto: 0.17.1 (/opt/ros/jazzy/share/ament_lint_auto/cmake)
[0.689s] -- Configuring done (0.6s)
[0.690s] -- Generating done (0.0s)
[0.690s] -- Build files have been written to: /home/antonadonin/Robotics/lab5/ex05/build/robot_bringup
[0.693s] Invoked command in '/home/antonadonin/Robotics/lab5/ex05/build/robot_bringup' returned '0': CMAKE_PREFIX_PATH=${CMAKE_PREFIX_PATH}:/opt/ros/jazzy DEBUGINFOD_URLS=https://debuginfod.ubuntu.com /usr/bin/cmake /home/antonadonin/Robotics/lab5/ex05/robot_bringup -DCMAKE_INSTALL_PREFIX=/home/antonadonin/Robotics/lab5/ex05/install/robot_bringup
[0.694s] Invoking command in '/home/antonadonin/Robotics/lab5/ex05/build/robot_bringup': CMAKE_PREFIX_PATH=${CMAKE_PREFIX_PATH}:/opt/ros/jazzy DEBUGINFOD_URLS=https://debuginfod.ubuntu.com /usr/bin/cmake --build /home/antonadonin/Robotics/lab5/ex05/build/robot_bringup -- -j8 -l8
[0.711s] Invoked command in '/home/antonadonin/Robotics/lab5/ex05/build/robot_bringup' returned '0': CMAKE_PREFIX_PATH=${CMAKE_PREFIX_PATH}:/opt/ros/jazzy DEBUGINFOD_URLS=https://debuginfod.ubuntu.com /usr/bin/cmake --build /home/antonadonin/Robotics/lab5/ex05/build/robot_bringup -- -j8 -l8
[0.731s] Invoking command in '/home/antonadonin/Robotics/lab5/ex05/build/robot_bringup': CMAKE_PREFIX_PATH=${CMAKE_PREFIX_PATH}:/opt/ros/jazzy DEBUGINFOD_URLS=https://debuginfod.ubuntu.com /usr/bin/cmake --install /home/antonadonin/Robotics/lab5/ex05/build/robot_bringup
[0.735s] -- Install configuration: ""
[0.736s] -- Installing: /home/antonadonin/Robotics/lab5/ex05/install/robot_bringup/share/robot_bringup/launch
[0.736s] -- Installing: /home/antonadonin/Robotics/lab5/ex05/install/robot_bringup/share/robot_bringup/launch/diff_drive.launch.py
[0.736s] -- Installing: /home/antonadonin/Robotics/lab5/ex05/install/robot_bringup/share/robot_bringup/config
[0.736s] -- Installing: /home/antonadonin/Robotics/lab5/ex05/install/robot_bringup/share/robot_bringup/config/diff_drive.rviz
[0.736s] -- Installing: /home/antonadonin/Robotics/lab5/ex05/install/robot_bringup/share/robot_bringup/config/robot_bridge.yaml
[0.736s] -- Installing: /home/antonadonin/Robotics/lab5/ex05/install/robot_bringup/share/ament_index/resource_index/package_run_dependencies/robot_bringup
[0.736s] -- Installing: /home/antonadonin/Robotics/lab5/ex05/install/robot_bringup/share/ament_index/resource_index/parent_prefix_path/robot_bringup
[0.736s] -- Installing: /home/antonadonin/Robotics/lab5/ex05/install/robot_bringup/share/robot_bringup/environment/ament_prefix_path.sh
[0.736s] -- Installing: /home/antonadonin/Robotics/lab5/ex05/install/robot_bringup/share/robot_bringup/environment/ament_prefix_path.dsv
[0.736s] -- Installing: /home/antonadonin/Robotics/lab5/ex05/install/robot_bringup/share/robot_bringup/environment/path.sh
[0.736s] -- Installing: /home/antonadonin/Robotics/lab5/ex05/install/robot_bringup/share/robot_bringup/environment/path.dsv
[0.737s] -- Installing: /home/antonadonin/Robotics/lab5/ex05/install/robot_bringup/share/robot_bringup/local_setup.bash
[0.737s] -- Installing: /home/antonadonin/Robotics/lab5/ex05/install/robot_bringup/share/robot_bringup/local_setup.sh
[0.737s] -- Installing: /home/antonadonin/Robotics/lab5/ex05/install/robot_bringup/share/robot_bringup/local_setup.zsh
[0.737s] -- Installing: /home/antonadonin/Robotics/lab5/ex05/install/robot_bringup/share/robot_bringup/local_setup.dsv
[0.737s] -- Installing: /home/antonadonin/Robotics/lab5/ex05/install/robot_bringup/share/robot_bringup/package.dsv
[0.737s] -- Installing: /home/antonadonin/Robotics/lab5/ex05/install/robot_bringup/share/ament_index/resource_index/packages/robot_bringup
[0.737s] -- Installing: /home/antonadonin/Robotics/lab5/ex05/install/robot_bringup/share/robot_bringup/cmake/robot_bringupConfig.cmake
[0.737s] -- Installing: /home/antonadonin/Robotics/lab5/ex05/install/robot_bringup/share/robot_bringup/cmake/robot_bringupConfig-version.cmake
[0.737s] -- Installing: /home/antonadonin/Robotics/lab5/ex05/install/robot_bringup/share/robot_bringup/package.xml
[0.738s] Invoked command in '/home/antonadonin/Robotics/lab5/ex05/build/robot_bringup' returned '0': CMAKE_PREFIX_PATH=${CMAKE_PREFIX_PATH}:/opt/ros/jazzy DEBUGINFOD_URLS=https://debuginfod.ubuntu.com /usr/bin/cmake --install /home/antonadonin/Robotics/lab5/ex05/build/robot_bringup
