running egg_info
creating ../build/service/service.egg-info
writing ../build/service/service.egg-info/PKG-INFO
writing dependency_links to ../build/service/service.egg-info/dependency_links.txt
writing entry points to ../build/service/service.egg-info/entry_points.txt
writing requirements to ../build/service/service.egg-info/requires.txt
writing top-level names to ../build/service/service.egg-info/top_level.txt
writing manifest file '../build/service/service.egg-info/SOURCES.txt'
reading manifest file '../build/service/service.egg-info/SOURCES.txt'
adding license file 'LICENSE'
writing manifest file '../build/service/service.egg-info/SOURCES.txt'
running build
running build_py
creating /home/antonadonin/Robotics/lab3/ex01/build/service/build
creating /home/antonadonin/Robotics/lab3/ex01/build/service/build/lib
creating /home/antonadonin/Robotics/lab3/ex01/build/service/build/lib/service
copying service/__init__.py -> /home/antonadonin/Robotics/lab3/ex01/build/service/build/lib/service
copying service/client.py -> /home/antonadonin/Robotics/lab3/ex01/build/service/build/lib/service
copying service/server.py -> /home/antonadonin/Robotics/lab3/ex01/build/service/build/lib/service
running install
running install_lib
creating /home/antonadonin/Robotics/lab3/ex01/install/service/lib/python3.12/site-packages/service
copying /home/antonadonin/Robotics/lab3/ex01/build/service/build/lib/service/__init__.py -> /home/antonadonin/Robotics/lab3/ex01/install/service/lib/python3.12/site-packages/service
copying /home/antonadonin/Robotics/lab3/ex01/build/service/build/lib/service/client.py -> /home/antonadonin/Robotics/lab3/ex01/install/service/lib/python3.12/site-packages/service
copying /home/antonadonin/Robotics/lab3/ex01/build/service/build/lib/service/server.py -> /home/antonadonin/Robotics/lab3/ex01/install/service/lib/python3.12/site-packages/service
byte-compiling /home/antonadonin/Robotics/lab3/ex01/install/service/lib/python3.12/site-packages/service/__init__.py to __init__.cpython-312.pyc
byte-compiling /home/antonadonin/Robotics/lab3/ex01/install/service/lib/python3.12/site-packages/service/client.py to client.cpython-312.pyc
byte-compiling /home/antonadonin/Robotics/lab3/ex01/install/service/lib/python3.12/site-packages/service/server.py to server.cpython-312.pyc
running install_data
creating /home/antonadonin/Robotics/lab3/ex01/install/service/share/ament_index
creating /home/antonadonin/Robotics/lab3/ex01/install/service/share/ament_index/resource_index
creating /home/antonadonin/Robotics/lab3/ex01/install/service/share/ament_index/resource_index/packages
copying resource/service -> /home/antonadonin/Robotics/lab3/ex01/install/service/share/ament_index/resource_index/packages
copying package.xml -> /home/antonadonin/Robotics/lab3/ex01/install/service/share/service
running install_egg_info
Copying ../build/service/service.egg-info to /home/antonadonin/Robotics/lab3/ex01/install/service/lib/python3.12/site-packages/service-0.0.0-py3.12.egg-info
running install_scripts
Installing client script to /home/antonadonin/Robotics/lab3/ex01/install/service/lib/service
Installing server script to /home/antonadonin/Robotics/lab3/ex01/install/service/lib/service
writing list of installed files to '/home/antonadonin/Robotics/lab3/ex01/build/service/install.log'
