[0.415s] Invoking command in '/home/antonadonin/Robotics/lab3/ex01/service': DEBUGINFOD_URLS=https://debuginfod.ubuntu.com PYTHONPATH=/home/antonadonin/Robotics/lab3/ex01/build/service/prefix_override:/usr/lib/python3/dist-packages/colcon_core/task/python/colcon_distutils_commands:/home/antonadonin/Robotics/lab3/ex01/install/service/lib/python3.12/site-packages:${PYTHONPATH} /usr/bin/python3 -W ignore:setup.py install is deprecated setup.py egg_info --egg-base ../build/service build --build-base /home/antonadonin/Robotics/lab3/ex01/build/service/build install --record /home/antonadonin/Robotics/lab3/ex01/build/service/install.log --single-version-externally-managed install_data
[0.533s] running egg_info
[0.534s] creating ../build/service/service.egg-info
[0.540s] writing ../build/service/service.egg-info/PKG-INFO
[0.540s] writing dependency_links to ../build/service/service.egg-info/dependency_links.txt
[0.540s] writing entry points to ../build/service/service.egg-info/entry_points.txt
[0.540s] writing requirements to ../build/service/service.egg-info/requires.txt
[0.540s] writing top-level names to ../build/service/service.egg-info/top_level.txt
[0.540s] writing manifest file '../build/service/service.egg-info/SOURCES.txt'
[0.554s] reading manifest file '../build/service/service.egg-info/SOURCES.txt'
[0.554s] adding license file 'LICENSE'
[0.554s] writing manifest file '../build/service/service.egg-info/SOURCES.txt'
[0.554s] running build
[0.554s] running build_py
[0.554s] creating /home/antonadonin/Robotics/lab3/ex01/build/service/build
[0.554s] creating /home/antonadonin/Robotics/lab3/ex01/build/service/build/lib
[0.554s] creating /home/antonadonin/Robotics/lab3/ex01/build/service/build/lib/service
[0.554s] copying service/__init__.py -> /home/antonadonin/Robotics/lab3/ex01/build/service/build/lib/service
[0.554s] copying service/client.py -> /home/antonadonin/Robotics/lab3/ex01/build/service/build/lib/service
[0.554s] copying service/server.py -> /home/antonadonin/Robotics/lab3/ex01/build/service/build/lib/service
[0.554s] running install
[0.558s] running install_lib
[0.564s] creating /home/antonadonin/Robotics/lab3/ex01/install/service/lib/python3.12/site-packages/service
[0.565s] copying /home/antonadonin/Robotics/lab3/ex01/build/service/build/lib/service/__init__.py -> /home/antonadonin/Robotics/lab3/ex01/install/service/lib/python3.12/site-packages/service
[0.565s] copying /home/antonadonin/Robotics/lab3/ex01/build/service/build/lib/service/client.py -> /home/antonadonin/Robotics/lab3/ex01/install/service/lib/python3.12/site-packages/service
[0.565s] copying /home/antonadonin/Robotics/lab3/ex01/build/service/build/lib/service/server.py -> /home/antonadonin/Robotics/lab3/ex01/install/service/lib/python3.12/site-packages/service
[0.565s] byte-compiling /home/antonadonin/Robotics/lab3/ex01/install/service/lib/python3.12/site-packages/service/__init__.py to __init__.cpython-312.pyc
[0.565s] byte-compiling /home/antonadonin/Robotics/lab3/ex01/install/service/lib/python3.12/site-packages/service/client.py to client.cpython-312.pyc
[0.565s] byte-compiling /home/antonadonin/Robotics/lab3/ex01/install/service/lib/python3.12/site-packages/service/server.py to server.cpython-312.pyc
[0.565s] running install_data
[0.565s] creating /home/antonadonin/Robotics/lab3/ex01/install/service/share/ament_index
[0.565s] creating /home/antonadonin/Robotics/lab3/ex01/install/service/share/ament_index/resource_index
[0.565s] creating /home/antonadonin/Robotics/lab3/ex01/install/service/share/ament_index/resource_index/packages
[0.565s] copying resource/service -> /home/antonadonin/Robotics/lab3/ex01/install/service/share/ament_index/resource_index/packages
[0.565s] copying package.xml -> /home/antonadonin/Robotics/lab3/ex01/install/service/share/service
[0.565s] running install_egg_info
[0.573s] Copying ../build/service/service.egg-info to /home/antonadonin/Robotics/lab3/ex01/install/service/lib/python3.12/site-packages/service-0.0.0-py3.12.egg-info
[0.573s] running install_scripts
[0.622s] Installing client script to /home/antonadonin/Robotics/lab3/ex01/install/service/lib/service
[0.622s] Installing server script to /home/antonadonin/Robotics/lab3/ex01/install/service/lib/service
[0.622s] writing list of installed files to '/home/antonadonin/Robotics/lab3/ex01/build/service/install.log'
[0.637s] Invoked command in '/home/antonadonin/Robotics/lab3/ex01/service' returned '0': DEBUGINFOD_URLS=https://debuginfod.ubuntu.com PYTHONPATH=/home/antonadonin/Robotics/lab3/ex01/build/service/prefix_override:/usr/lib/python3/dist-packages/colcon_core/task/python/colcon_distutils_commands:/home/antonadonin/Robotics/lab3/ex01/install/service/lib/python3.12/site-packages:${PYTHONPATH} /usr/bin/python3 -W ignore:setup.py install is deprecated setup.py egg_info --egg-base ../build/service build --build-base /home/antonadonin/Robotics/lab3/ex01/build/service/build install --record /home/antonadonin/Robotics/lab3/ex01/build/service/install.log --single-version-externally-managed install_data
