[0.003s] Invoking command in '/home/antonadonin/Robotics/lab2/ex09/build/task9_pkg': DEBUGINFOD_URLS=https://debuginfod.ubuntu.com /usr/bin/cmake /home/antonadonin/Robotics/lab2/ex09/task9_pkg -DCMAKE_INSTALL_PREFIX=/home/antonadonin/Robotics/lab2/ex09/install/task9_pkg
[0.012s] [31mCMake Error at CMakeLists.txt:9 (find_package):
[0.012s]   By not providing "Findament_cmake.cmake" in CMAKE_MODULE_PATH this project
[0.012s]   has asked CMake to find a package configuration file provided by
[0.012s]   "ament_cmake", but CMake did not find one.
[0.012s] 
[0.012s]   Could not find a package configuration file provided by "ament_cmake" with
[0.012s]   any of the following names:
[0.012s] 
[0.013s]     ament_cmakeConfig.cmake
[0.013s]     ament_cmake-config.cmake
[0.013s] 
[0.013s]   Add the installation prefix of "ament_cmake" to CMAKE_PREFIX_PATH or set
[0.013s]   "ament_cmake_DIR" to a directory containing one of the above files.  If
[0.013s]   "ament_cmake" provides a separate development package or SDK, be sure it
[0.013s]   has been installed.
[0.013s] 
[0.013s] [0m
[0.013s] -- Configuring incomplete, errors occurred!
[0.013s] Invoked command in '/home/antonadonin/Robotics/lab2/ex09/build/task9_pkg' returned '1': DEBUGINFOD_URLS=https://debuginfod.ubuntu.com /usr/bin/cmake /home/antonadonin/Robotics/lab2/ex09/task9_pkg -DCMAKE_INSTALL_PREFIX=/home/antonadonin/Robotics/lab2/ex09/install/task9_pkg
