[0.112s] Invoking command in '/home/antonadonin/Robotics/lab5/ex04/build/robot_bringup': CMAKE_PREFIX_PATH=${CMAKE_PREFIX_PATH}:/opt/ros/jazzy DEBUGINFOD_URLS=https://debuginfod.ubuntu.com /usr/bin/cmake /home/antonadonin/Robotics/lab5/ex04/robot_bringup -DCMAKE_INSTALL_PREFIX=/home/antonadonin/Robotics/lab5/ex04/install/robot_bringup
[0.216s] -- The C compiler identification is GNU 13.2.0
[0.297s] -- The CXX compiler identification is GNU 13.2.0
[0.310s] -- Detecting C compiler ABI info
[0.369s] -- Detecting C compiler ABI info - done
[0.375s] -- Check for working C compiler: /usr/bin/cc - skipped
[0.375s] -- Detecting C compile features
[0.375s] -- Detecting C compile features - done
[0.380s] -- Detecting CXX compiler ABI info
[0.425s] -- Detecting CXX compiler ABI info - done
[0.430s] -- Check for working CXX compiler: /usr/bin/c++ - skipped
[0.431s] -- Detecting CXX compile features
[0.431s] -- Detecting CXX compile features - done
[0.439s] -- Found ament_cmake: 2.5.2 (/opt/ros/jazzy/share/ament_cmake/cmake)
[0.525s] -- Found Python3: /usr/bin/python3 (found version "3.12.3") found components: Interpreter 
[0.614s] -- Found ament_lint_auto: 0.17.1 (/opt/ros/jazzy/share/ament_lint_auto/cmake)
[0.673s] -- Configuring done (0.5s)
[0.674s] -- Generating done (0.0s)
[0.674s] -- Build files have been written to: /home/antonadonin/Robotics/lab5/ex04/build/robot_bringup
[0.677s] Invoked command in '/home/antonadonin/Robotics/lab5/ex04/build/robot_bringup' returned '0': CMAKE_PREFIX_PATH=${CMAKE_PREFIX_PATH}:/opt/ros/jazzy DEBUGINFOD_URLS=https://debuginfod.ubuntu.com /usr/bin/cmake /home/antonadonin/Robotics/lab5/ex04/robot_bringup -DCMAKE_INSTALL_PREFIX=/home/antonadonin/Robotics/lab5/ex04/install/robot_bringup
[0.678s] Invoking command in '/home/antonadonin/Robotics/lab5/ex04/build/robot_bringup': CMAKE_PREFIX_PATH=${CMAKE_PREFIX_PATH}:/opt/ros/jazzy DEBUGINFOD_URLS=https://debuginfod.ubuntu.com /usr/bin/cmake --build /home/antonadonin/Robotics/lab5/ex04/build/robot_bringup -- -j8 -l8
[0.701s] Invoked command in '/home/antonadonin/Robotics/lab5/ex04/build/robot_bringup' returned '0': CMAKE_PREFIX_PATH=${CMAKE_PREFIX_PATH}:/opt/ros/jazzy DEBUGINFOD_URLS=https://debuginfod.ubuntu.com /usr/bin/cmake --build /home/antonadonin/Robotics/lab5/ex04/build/robot_bringup -- -j8 -l8
[0.714s] Invoking command in '/home/antonadonin/Robotics/lab5/ex04/build/robot_bringup': CMAKE_PREFIX_PATH=${CMAKE_PREFIX_PATH}:/opt/ros/jazzy DEBUGINFOD_URLS=https://debuginfod.ubuntu.com /usr/bin/cmake --install /home/antonadonin/Robotics/lab5/ex04/build/robot_bringup
[0.717s] -- Install configuration: ""
[0.717s] -- Installing: /home/antonadonin/Robotics/lab5/ex04/install/robot_bringup/share/robot_bringup/launch
[0.717s] -- Installing: /home/antonadonin/Robotics/lab5/ex04/install/robot_bringup/share/robot_bringup/launch/diff_drive.launch.py
[0.717s] -- Installing: /home/antonadonin/Robotics/lab5/ex04/install/robot_bringup/share/robot_bringup/config
[0.717s] -- Installing: /home/antonadonin/Robotics/lab5/ex04/install/robot_bringup/share/robot_bringup/config/diff_drive.rviz
[0.718s] -- Installing: /home/antonadonin/Robotics/lab5/ex04/install/robot_bringup/share/robot_bringup/config/robot_bridge.yaml
[0.718s] -- Installing: /home/antonadonin/Robotics/lab5/ex04/install/robot_bringup/share/ament_index/resource_index/package_run_dependencies/robot_bringup
[0.718s] -- Installing: /home/antonadonin/Robotics/lab5/ex04/install/robot_bringup/share/ament_index/resource_index/parent_prefix_path/robot_bringup
[0.718s] -- Installing: /home/antonadonin/Robotics/lab5/ex04/install/robot_bringup/share/robot_bringup/environment/ament_prefix_path.sh
[0.718s] -- Installing: /home/antonadonin/Robotics/lab5/ex04/install/robot_bringup/share/robot_bringup/environment/ament_prefix_path.dsv
[0.718s] -- Installing: /home/antonadonin/Robotics/lab5/ex04/install/robot_bringup/share/robot_bringup/environment/path.sh
[0.718s] -- Installing: /home/antonadonin/Robotics/lab5/ex04/install/robot_bringup/share/robot_bringup/environment/path.dsv
[0.718s] -- Installing: /home/antonadonin/Robotics/lab5/ex04/install/robot_bringup/share/robot_bringup/local_setup.bash
[0.718s] -- Installing: /home/antonadonin/Robotics/lab5/ex04/install/robot_bringup/share/robot_bringup/local_setup.sh
[0.718s] -- Installing: /home/antonadonin/Robotics/lab5/ex04/install/robot_bringup/share/robot_bringup/local_setup.zsh
[0.718s] -- Installing: /home/antonadonin/Robotics/lab5/ex04/install/robot_bringup/share/robot_bringup/local_setup.dsv
[0.718s] -- Installing: /home/antonadonin/Robotics/lab5/ex04/install/robot_bringup/share/robot_bringup/package.dsv
[0.718s] -- Installing: /home/antonadonin/Robotics/lab5/ex04/install/robot_bringup/share/ament_index/resource_index/packages/robot_bringup
[0.718s] -- Installing: /home/antonadonin/Robotics/lab5/ex04/install/robot_bringup/share/robot_bringup/cmake/robot_bringupConfig.cmake
[0.718s] -- Installing: /home/antonadonin/Robotics/lab5/ex04/install/robot_bringup/share/robot_bringup/cmake/robot_bringupConfig-version.cmake
[0.718s] -- Installing: /home/antonadonin/Robotics/lab5/ex04/install/robot_bringup/share/robot_bringup/package.xml
[0.719s] Invoked command in '/home/antonadonin/Robotics/lab5/ex04/build/robot_bringup' returned '0': CMAKE_PREFIX_PATH=${CMAKE_PREFIX_PATH}:/opt/ros/jazzy DEBUGINFOD_URLS=https://debuginfod.ubuntu.com /usr/bin/cmake --install /home/antonadonin/Robotics/lab5/ex04/build/robot_bringup
