[0.417s] Invoking command in '/home/antonadonin/Robotics/lab3/ex02/action_turtle_commands': DEBUGINFOD_URLS=https://debuginfod.ubuntu.com PYTHONPATH=/home/antonadonin/Robotics/lab3/ex02/build/action_turtle_commands/prefix_override:/usr/lib/python3/dist-packages/colcon_core/task/python/colcon_distutils_commands:/home/antonadonin/Robotics/lab3/ex02/install/action_turtle_commands/lib/python3.12/site-packages:/home/antonadonin/Robotics/lab3/ex02/install/actions/lib/python3.12/site-packages:/home/antonadonin/Robotics/lab3/ex02/install/action_turtle_commands/lib/python3.12/site-packages:/home/antonadonin/Robotics/lab3/ex01/install/task9_pkg/lib/python3.12/site-packages:/home/antonadonin/Robotics/lab3/ex01/install/service/lib/python3.12/site-packages:/opt/ros/jazzy/lib/python3.12/site-packages /usr/bin/python3 -W ignore:setup.py install is deprecated setup.py egg_info --egg-base ../build/action_turtle_commands build --build-base /home/antonadonin/Robotics/lab3/ex02/build/action_turtle_commands/build install --record /home/antonadonin/Robotics/lab3/ex02/build/action_turtle_commands/install.log --single-version-externally-managed install_data
[0.519s] running egg_info
[0.525s] writing ../build/action_turtle_commands/action_turtle_commands.egg-info/PKG-INFO
[0.525s] writing dependency_links to ../build/action_turtle_commands/action_turtle_commands.egg-info/dependency_links.txt
[0.525s] writing entry points to ../build/action_turtle_commands/action_turtle_commands.egg-info/entry_points.txt
[0.525s] writing requirements to ../build/action_turtle_commands/action_turtle_commands.egg-info/requires.txt
[0.525s] writing top-level names to ../build/action_turtle_commands/action_turtle_commands.egg-info/top_level.txt
[0.538s] reading manifest file '../build/action_turtle_commands/action_turtle_commands.egg-info/SOURCES.txt'
[0.538s] writing manifest file '../build/action_turtle_commands/action_turtle_commands.egg-info/SOURCES.txt'
[0.538s] running build
[0.538s] running build_py
[0.539s] copying action_turtle_commands/client.py -> /home/antonadonin/Robotics/lab3/ex02/build/action_turtle_commands/build/lib/action_turtle_commands
[0.539s] copying action_turtle_commands/server.py -> /home/antonadonin/Robotics/lab3/ex02/build/action_turtle_commands/build/lib/action_turtle_commands
[0.539s] running install
[0.542s] running install_lib
[0.548s] copying /home/antonadonin/Robotics/lab3/ex02/build/action_turtle_commands/build/lib/action_turtle_commands/client.py -> /home/antonadonin/Robotics/lab3/ex02/install/action_turtle_commands/lib/python3.12/site-packages/action_turtle_commands
[0.548s] copying /home/antonadonin/Robotics/lab3/ex02/build/action_turtle_commands/build/lib/action_turtle_commands/server.py -> /home/antonadonin/Robotics/lab3/ex02/install/action_turtle_commands/lib/python3.12/site-packages/action_turtle_commands
[0.549s] byte-compiling /home/antonadonin/Robotics/lab3/ex02/install/action_turtle_commands/lib/python3.12/site-packages/action_turtle_commands/client.py to client.cpython-312.pyc
[0.549s] byte-compiling /home/antonadonin/Robotics/lab3/ex02/install/action_turtle_commands/lib/python3.12/site-packages/action_turtle_commands/server.py to server.cpython-312.pyc
[0.550s] running install_data
[0.550s] running install_egg_info
[0.557s] removing '/home/antonadonin/Robotics/lab3/ex02/install/action_turtle_commands/lib/python3.12/site-packages/action_turtle_commands-0.0.0-py3.12.egg-info' (and everything under it)
[0.557s] Copying ../build/action_turtle_commands/action_turtle_commands.egg-info to /home/antonadonin/Robotics/lab3/ex02/install/action_turtle_commands/lib/python3.12/site-packages/action_turtle_commands-0.0.0-py3.12.egg-info
[0.557s] running install_scripts
[0.606s] Installing client script to /home/antonadonin/Robotics/lab3/ex02/install/action_turtle_commands/lib/action_turtle_commands
[0.606s] Installing server script to /home/antonadonin/Robotics/lab3/ex02/install/action_turtle_commands/lib/action_turtle_commands
[0.607s] writing list of installed files to '/home/antonadonin/Robotics/lab3/ex02/build/action_turtle_commands/install.log'
[0.619s] Invoked command in '/home/antonadonin/Robotics/lab3/ex02/action_turtle_commands' returned '0': DEBUGINFOD_URLS=https://debuginfod.ubuntu.com PYTHONPATH=/home/antonadonin/Robotics/lab3/ex02/build/action_turtle_commands/prefix_override:/usr/lib/python3/dist-packages/colcon_core/task/python/colcon_distutils_commands:/home/antonadonin/Robotics/lab3/ex02/install/action_turtle_commands/lib/python3.12/site-packages:/home/antonadonin/Robotics/lab3/ex02/install/actions/lib/python3.12/site-packages:/home/antonadonin/Robotics/lab3/ex02/install/action_turtle_commands/lib/python3.12/site-packages:/home/antonadonin/Robotics/lab3/ex01/install/task9_pkg/lib/python3.12/site-packages:/home/antonadonin/Robotics/lab3/ex01/install/service/lib/python3.12/site-packages:/opt/ros/jazzy/lib/python3.12/site-packages /usr/bin/python3 -W ignore:setup.py install is deprecated setup.py egg_info --egg-base ../build/action_turtle_commands build --build-base /home/antonadonin/Robotics/lab3/ex02/build/action_turtle_commands/build install --record /home/antonadonin/Robotics/lab3/ex02/build/action_turtle_commands/install.log --single-version-externally-managed install_data
