[0.060s] DEBUG:colcon:Command line arguments: ['/usr/bin/colcon', 'build']
[0.060s] DEBUG:colcon:Parsed command line arguments: Namespace(log_base=None, log_level=None, verb_name='build', build_base='build', install_base='install', merge_install=False, symlink_install=False, test_result_base=None, continue_on_error=False, executor='parallel', parallel_workers=8, event_handlers=None, ignore_user_meta=False, metas=['./colcon.meta'], base_paths=['.'], packages_ignore=None, packages_ignore_regex=None, paths=None, packages_up_to=None, packages_up_to_regex=None, packages_above=None, packages_above_and_dependencies=None, packages_above_depth=None, packages_select_by_dep=None, packages_skip_by_dep=None, packages_skip_up_to=None, packages_select_build_failed=False, packages_skip_build_finished=False, packages_select_test_failures=False, packages_skip_test_passed=False, packages_select=None, packages_skip=None, packages_select_regex=None, packages_skip_regex=None, packages_start=None, packages_end=None, allow_overriding=[], cmake_args=None, cmake_target=None, cmake_target_skip_unavailable=False, cmake_clean_cache=False, cmake_clean_first=False, cmake_force_configure=False, ament_cmake_args=None, catkin_cmake_args=None, catkin_skip_building_tests=False, mixin_files=None, mixin=None, verb_parser=<colcon_mixin.mixin.mixin_argument.MixinArgumentDecorator object at 0xffff901da720>, verb_extension=<colcon_core.verb.build.BuildVerb object at 0xffff901da5d0>, main=<bound method BuildVerb.main of <colcon_core.verb.build.BuildVerb object at 0xffff901da5d0>>, mixin_verb=('build',))
[0.078s] Level 1:colcon.colcon_core.package_discovery:discover_packages(colcon_meta) check parameters
[0.078s] Level 1:colcon.colcon_core.package_discovery:discover_packages(recursive) check parameters
[0.078s] Level 1:colcon.colcon_core.package_discovery:discover_packages(ignore) check parameters
[0.078s] Level 1:colcon.colcon_core.package_discovery:discover_packages(path) check parameters
[0.078s] Level 1:colcon.colcon_core.package_discovery:discover_packages(colcon_meta) discover
[0.078s] Level 1:colcon.colcon_core.package_discovery:discover_packages(recursive) discover
[0.078s] INFO:colcon.colcon_core.package_discovery:Crawling recursively for packages in '/home/antonadonin/Robotics/lab3/ex02'
[0.078s] Level 1:colcon.colcon_core.package_identification:_identify(.) by extensions ['ignore', 'ignore_ament_install']
[0.078s] Level 1:colcon.colcon_core.package_identification:_identify(.) by extension 'ignore'
[0.078s] Level 1:colcon.colcon_core.package_identification:_identify(.) by extension 'ignore_ament_install'
[0.078s] Level 1:colcon.colcon_core.package_identification:_identify(.) by extensions ['colcon_pkg']
[0.078s] Level 1:colcon.colcon_core.package_identification:_identify(.) by extension 'colcon_pkg'
[0.078s] Level 1:colcon.colcon_core.package_identification:_identify(.) by extensions ['colcon_meta']
[0.078s] Level 1:colcon.colcon_core.package_identification:_identify(.) by extension 'colcon_meta'
[0.078s] Level 1:colcon.colcon_core.package_identification:_identify(.) by extensions ['ros']
[0.078s] Level 1:colcon.colcon_core.package_identification:_identify(.) by extension 'ros'
[0.089s] Level 1:colcon.colcon_core.package_identification:_identify(.) by extensions ['cmake', 'python']
[0.089s] Level 1:colcon.colcon_core.package_identification:_identify(.) by extension 'cmake'
[0.089s] Level 1:colcon.colcon_core.package_identification:_identify(.) by extension 'python'
[0.089s] Level 1:colcon.colcon_core.package_identification:_identify(.) by extensions ['python_setup_py']
[0.089s] Level 1:colcon.colcon_core.package_identification:_identify(.) by extension 'python_setup_py'
[0.089s] Level 1:colcon.colcon_core.package_identification:_identify(action_turtle_commands) by extensions ['ignore', 'ignore_ament_install']
[0.089s] Level 1:colcon.colcon_core.package_identification:_identify(action_turtle_commands) by extension 'ignore'
[0.089s] Level 1:colcon.colcon_core.package_identification:_identify(action_turtle_commands) by extension 'ignore_ament_install'
[0.089s] Level 1:colcon.colcon_core.package_identification:_identify(action_turtle_commands) by extensions ['colcon_pkg']
[0.089s] Level 1:colcon.colcon_core.package_identification:_identify(action_turtle_commands) by extension 'colcon_pkg'
[0.089s] Level 1:colcon.colcon_core.package_identification:_identify(action_turtle_commands) by extensions ['colcon_meta']
[0.089s] Level 1:colcon.colcon_core.package_identification:_identify(action_turtle_commands) by extension 'colcon_meta'
[0.089s] Level 1:colcon.colcon_core.package_identification:_identify(action_turtle_commands) by extensions ['ros']
[0.089s] Level 1:colcon.colcon_core.package_identification:_identify(action_turtle_commands) by extension 'ros'
[0.091s] DEBUG:colcon.colcon_core.package_identification:Package 'action_turtle_commands' with type 'ros.ament_python' and name 'action_turtle_commands'
[0.091s] Level 1:colcon.colcon_core.package_identification:_identify(actions) by extensions ['ignore', 'ignore_ament_install']
[0.091s] Level 1:colcon.colcon_core.package_identification:_identify(actions) by extension 'ignore'
[0.091s] Level 1:colcon.colcon_core.package_identification:_identify(actions) by extension 'ignore_ament_install'
[0.091s] Level 1:colcon.colcon_core.package_identification:_identify(actions) by extensions ['colcon_pkg']
[0.091s] Level 1:colcon.colcon_core.package_identification:_identify(actions) by extension 'colcon_pkg'
[0.091s] Level 1:colcon.colcon_core.package_identification:_identify(actions) by extensions ['colcon_meta']
[0.091s] Level 1:colcon.colcon_core.package_identification:_identify(actions) by extension 'colcon_meta'
[0.091s] Level 1:colcon.colcon_core.package_identification:_identify(actions) by extensions ['ros']
[0.091s] Level 1:colcon.colcon_core.package_identification:_identify(actions) by extension 'ros'
[0.091s] DEBUG:colcon.colcon_core.package_identification:Package 'actions' with type 'ros.ament_cmake' and name 'actions'
[0.091s] Level 1:colcon.colcon_core.package_identification:_identify(build) by extensions ['ignore', 'ignore_ament_install']
[0.091s] Level 1:colcon.colcon_core.package_identification:_identify(build) by extension 'ignore'
[0.091s] Level 1:colcon.colcon_core.package_identification:_identify(build) ignored
[0.091s] Level 1:colcon.colcon_core.package_identification:_identify(install) by extensions ['ignore', 'ignore_ament_install']
[0.091s] Level 1:colcon.colcon_core.package_identification:_identify(install) by extension 'ignore'
[0.091s] Level 1:colcon.colcon_core.package_identification:_identify(install) ignored
[0.091s] Level 1:colcon.colcon_core.package_identification:_identify(log) by extensions ['ignore', 'ignore_ament_install']
[0.091s] Level 1:colcon.colcon_core.package_identification:_identify(log) by extension 'ignore'
[0.091s] Level 1:colcon.colcon_core.package_identification:_identify(log) ignored
[0.091s] Level 1:colcon.colcon_core.package_discovery:discover_packages(recursive) using defaults
[0.091s] Level 1:colcon.colcon_core.package_discovery:discover_packages(ignore) discover
[0.091s] Level 1:colcon.colcon_core.package_discovery:discover_packages(ignore) using defaults
[0.092s] Level 1:colcon.colcon_core.package_discovery:discover_packages(path) discover
[0.092s] Level 1:colcon.colcon_core.package_discovery:discover_packages(path) using defaults
[0.103s] Level 1:colcon.colcon_core.package_discovery:discover_packages(prefix_path) check parameters
[0.103s] Level 1:colcon.colcon_core.package_discovery:discover_packages(prefix_path) discover
[0.104s] DEBUG:colcon.colcon_installed_package_information.package_discovery:Found 2 installed packages in /home/antonadonin/Robotics/lab3/ex01/install
[0.104s] DEBUG:colcon.colcon_installed_package_information.package_discovery:Found 285 installed packages in /opt/ros/jazzy
[0.105s] Level 1:colcon.colcon_core.package_discovery:discover_packages(prefix_path) using defaults
[0.123s] Level 5:colcon.colcon_core.verb:set package 'actions' build argument 'cmake_args' from command line to 'None'
[0.123s] Level 5:colcon.colcon_core.verb:set package 'actions' build argument 'cmake_target' from command line to 'None'
[0.123s] Level 5:colcon.colcon_core.verb:set package 'actions' build argument 'cmake_target_skip_unavailable' from command line to 'False'
[0.123s] Level 5:colcon.colcon_core.verb:set package 'actions' build argument 'cmake_clean_cache' from command line to 'False'
[0.123s] Level 5:colcon.colcon_core.verb:set package 'actions' build argument 'cmake_clean_first' from command line to 'False'
[0.123s] Level 5:colcon.colcon_core.verb:set package 'actions' build argument 'cmake_force_configure' from command line to 'False'
[0.123s] Level 5:colcon.colcon_core.verb:set package 'actions' build argument 'ament_cmake_args' from command line to 'None'
[0.123s] Level 5:colcon.colcon_core.verb:set package 'actions' build argument 'catkin_cmake_args' from command line to 'None'
[0.123s] Level 5:colcon.colcon_core.verb:set package 'actions' build argument 'catkin_skip_building_tests' from command line to 'False'
[0.123s] DEBUG:colcon.colcon_core.verb:Building package 'actions' with the following arguments: {'ament_cmake_args': None, 'build_base': '/home/antonadonin/Robotics/lab3/ex02/build/actions', 'catkin_cmake_args': None, 'catkin_skip_building_tests': False, 'cmake_args': None, 'cmake_clean_cache': False, 'cmake_clean_first': False, 'cmake_force_configure': False, 'cmake_target': None, 'cmake_target_skip_unavailable': False, 'install_base': '/home/antonadonin/Robotics/lab3/ex02/install/actions', 'merge_install': False, 'path': '/home/antonadonin/Robotics/lab3/ex02/actions', 'symlink_install': False, 'test_result_base': None}
[0.123s] Level 5:colcon.colcon_core.verb:set package 'action_turtle_commands' build argument 'cmake_args' from command line to 'None'
[0.123s] Level 5:colcon.colcon_core.verb:set package 'action_turtle_commands' build argument 'cmake_target' from command line to 'None'
[0.123s] Level 5:colcon.colcon_core.verb:set package 'action_turtle_commands' build argument 'cmake_target_skip_unavailable' from command line to 'False'
[0.123s] Level 5:colcon.colcon_core.verb:set package 'action_turtle_commands' build argument 'cmake_clean_cache' from command line to 'False'
[0.123s] Level 5:colcon.colcon_core.verb:set package 'action_turtle_commands' build argument 'cmake_clean_first' from command line to 'False'
[0.123s] Level 5:colcon.colcon_core.verb:set package 'action_turtle_commands' build argument 'cmake_force_configure' from command line to 'False'
[0.123s] Level 5:colcon.colcon_core.verb:set package 'action_turtle_commands' build argument 'ament_cmake_args' from command line to 'None'
[0.123s] Level 5:colcon.colcon_core.verb:set package 'action_turtle_commands' build argument 'catkin_cmake_args' from command line to 'None'
[0.123s] Level 5:colcon.colcon_core.verb:set package 'action_turtle_commands' build argument 'catkin_skip_building_tests' from command line to 'False'
[0.123s] DEBUG:colcon.colcon_core.verb:Building package 'action_turtle_commands' with the following arguments: {'ament_cmake_args': None, 'build_base': '/home/antonadonin/Robotics/lab3/ex02/build/action_turtle_commands', 'catkin_cmake_args': None, 'catkin_skip_building_tests': False, 'cmake_args': None, 'cmake_clean_cache': False, 'cmake_clean_first': False, 'cmake_force_configure': False, 'cmake_target': None, 'cmake_target_skip_unavailable': False, 'install_base': '/home/antonadonin/Robotics/lab3/ex02/install/action_turtle_commands', 'merge_install': False, 'path': '/home/antonadonin/Robotics/lab3/ex02/action_turtle_commands', 'symlink_install': False, 'test_result_base': None}
[0.123s] INFO:colcon.colcon_core.executor:Executing jobs using 'parallel' executor
[0.124s] DEBUG:colcon.colcon_parallel_executor.executor.parallel:run_until_complete
[0.124s] INFO:colcon.colcon_ros.task.ament_cmake.build:Building ROS package in '/home/antonadonin/Robotics/lab3/ex02/actions' with build type 'ament_cmake'
[0.124s] INFO:colcon.colcon_cmake.task.cmake.build:Building CMake package in '/home/antonadonin/Robotics/lab3/ex02/actions'
[0.126s] INFO:colcon.colcon_core.plugin_system:Skipping extension 'colcon_core.shell.bat': Not used on non-Windows systems
[0.126s] INFO:colcon.colcon_core.shell:Skip shell extension 'powershell' for command environment: Not usable outside of PowerShell
[0.126s] DEBUG:colcon.colcon_core.shell:Skip shell extension 'dsv' for command environment
[0.133s] DEBUG:colcon.colcon_core.event_handler.log_command:Invoking command in '/home/antonadonin/Robotics/lab3/ex02/build/actions': CMAKE_PREFIX_PATH=${CMAKE_PREFIX_PATH}:/home/antonadonin/Robotics/lab3/ex01/install/service:/opt/ros/jazzy DEBUGINFOD_URLS=https://debuginfod.ubuntu.com /usr/bin/cmake /home/antonadonin/Robotics/lab3/ex02/actions -DCMAKE_INSTALL_PREFIX=/home/antonadonin/Robotics/lab3/ex02/install/actions
[2.472s] DEBUG:colcon.colcon_core.event_handler.log_command:Invoked command in '/home/antonadonin/Robotics/lab3/ex02/build/actions' returned '0': CMAKE_PREFIX_PATH=${CMAKE_PREFIX_PATH}:/home/antonadonin/Robotics/lab3/ex01/install/service:/opt/ros/jazzy DEBUGINFOD_URLS=https://debuginfod.ubuntu.com /usr/bin/cmake /home/antonadonin/Robotics/lab3/ex02/actions -DCMAKE_INSTALL_PREFIX=/home/antonadonin/Robotics/lab3/ex02/install/actions
[2.473s] DEBUG:colcon.colcon_core.event_handler.log_command:Invoking command in '/home/antonadonin/Robotics/lab3/ex02/build/actions': CMAKE_PREFIX_PATH=${CMAKE_PREFIX_PATH}:/home/antonadonin/Robotics/lab3/ex01/install/service:/opt/ros/jazzy DEBUGINFOD_URLS=https://debuginfod.ubuntu.com /usr/bin/cmake --build /home/antonadonin/Robotics/lab3/ex02/build/actions -- -j8 -l8
[4.639s] DEBUG:colcon.colcon_core.event_handler.log_command:Invoked command in '/home/antonadonin/Robotics/lab3/ex02/build/actions' returned '0': CMAKE_PREFIX_PATH=${CMAKE_PREFIX_PATH}:/home/antonadonin/Robotics/lab3/ex01/install/service:/opt/ros/jazzy DEBUGINFOD_URLS=https://debuginfod.ubuntu.com /usr/bin/cmake --build /home/antonadonin/Robotics/lab3/ex02/build/actions -- -j8 -l8
[4.677s] DEBUG:colcon.colcon_core.event_handler.log_command:Invoking command in '/home/antonadonin/Robotics/lab3/ex02/build/actions': CMAKE_PREFIX_PATH=${CMAKE_PREFIX_PATH}:/home/antonadonin/Robotics/lab3/ex01/install/service:/opt/ros/jazzy DEBUGINFOD_URLS=https://debuginfod.ubuntu.com /usr/bin/cmake --install /home/antonadonin/Robotics/lab3/ex02/build/actions
[4.722s] Level 1:colcon.colcon_core.environment:create_environment_scripts_only(actions)
[4.722s] DEBUG:colcon.colcon_core.event_handler.log_command:Invoked command in '/home/antonadonin/Robotics/lab3/ex02/build/actions' returned '0': CMAKE_PREFIX_PATH=${CMAKE_PREFIX_PATH}:/home/antonadonin/Robotics/lab3/ex01/install/service:/opt/ros/jazzy DEBUGINFOD_URLS=https://debuginfod.ubuntu.com /usr/bin/cmake --install /home/antonadonin/Robotics/lab3/ex02/build/actions
[4.724s] Level 1:colcon.colcon_core.environment:checking '/home/antonadonin/Robotics/lab3/ex02/install/actions' for CMake module files
[4.725s] Level 1:colcon.colcon_core.environment:checking '/home/antonadonin/Robotics/lab3/ex02/install/actions' for CMake config files
[4.725s] Level 1:colcon.colcon_core.shell:create_environment_hook('actions', 'cmake_prefix_path')
[4.726s] INFO:colcon.colcon_core.shell:Creating environment hook '/home/antonadonin/Robotics/lab3/ex02/install/actions/share/actions/hook/cmake_prefix_path.ps1'
[4.726s] INFO:colcon.colcon_core.shell:Creating environment descriptor '/home/antonadonin/Robotics/lab3/ex02/install/actions/share/actions/hook/cmake_prefix_path.dsv'
[4.727s] INFO:colcon.colcon_core.shell:Creating environment hook '/home/antonadonin/Robotics/lab3/ex02/install/actions/share/actions/hook/cmake_prefix_path.sh'
[4.728s] Level 1:colcon.colcon_core.environment:checking '/home/antonadonin/Robotics/lab3/ex02/install/actions/lib'
[4.728s] Level 1:colcon.colcon_core.shell:create_environment_hook('actions', 'ld_library_path_lib')
[4.728s] INFO:colcon.colcon_core.shell:Creating environment hook '/home/antonadonin/Robotics/lab3/ex02/install/actions/share/actions/hook/ld_library_path_lib.ps1'
[4.729s] INFO:colcon.colcon_core.shell:Creating environment descriptor '/home/antonadonin/Robotics/lab3/ex02/install/actions/share/actions/hook/ld_library_path_lib.dsv'
[4.729s] INFO:colcon.colcon_core.shell:Creating environment hook '/home/antonadonin/Robotics/lab3/ex02/install/actions/share/actions/hook/ld_library_path_lib.sh'
[4.729s] Level 1:colcon.colcon_core.environment:checking '/home/antonadonin/Robotics/lab3/ex02/install/actions/bin'
[4.729s] Level 1:colcon.colcon_core.environment:checking '/home/antonadonin/Robotics/lab3/ex02/install/actions/lib/pkgconfig/actions.pc'
[4.730s] Level 1:colcon.colcon_core.environment:checking '/home/antonadonin/Robotics/lab3/ex02/install/actions/lib/python3.12/site-packages'
[4.730s] Level 1:colcon.colcon_core.shell:create_environment_hook('actions', 'pythonpath')
[4.730s] INFO:colcon.colcon_core.shell:Creating environment hook '/home/antonadonin/Robotics/lab3/ex02/install/actions/share/actions/hook/pythonpath.ps1'
[4.730s] INFO:colcon.colcon_core.shell:Creating environment descriptor '/home/antonadonin/Robotics/lab3/ex02/install/actions/share/actions/hook/pythonpath.dsv'
[4.731s] INFO:colcon.colcon_core.shell:Creating environment hook '/home/antonadonin/Robotics/lab3/ex02/install/actions/share/actions/hook/pythonpath.sh'
[4.731s] Level 1:colcon.colcon_core.environment:checking '/home/antonadonin/Robotics/lab3/ex02/install/actions/bin'
[4.731s] INFO:colcon.colcon_core.shell:Creating package script '/home/antonadonin/Robotics/lab3/ex02/install/actions/share/actions/package.ps1'
[4.732s] INFO:colcon.colcon_core.shell:Creating package descriptor '/home/antonadonin/Robotics/lab3/ex02/install/actions/share/actions/package.dsv'
[4.732s] INFO:colcon.colcon_core.shell:Creating package script '/home/antonadonin/Robotics/lab3/ex02/install/actions/share/actions/package.sh'
[4.733s] INFO:colcon.colcon_core.shell:Creating package script '/home/antonadonin/Robotics/lab3/ex02/install/actions/share/actions/package.bash'
[4.733s] INFO:colcon.colcon_core.shell:Creating package script '/home/antonadonin/Robotics/lab3/ex02/install/actions/share/actions/package.zsh'
[4.734s] Level 1:colcon.colcon_core.environment:create_file_with_runtime_dependencies(/home/antonadonin/Robotics/lab3/ex02/install/actions/share/colcon-core/packages/actions)
[4.767s] Level 1:colcon.colcon_core.environment:create_environment_scripts_only(actions)
[4.767s] Level 1:colcon.colcon_core.environment:checking '/home/antonadonin/Robotics/lab3/ex02/install/actions' for CMake module files
[4.768s] Level 1:colcon.colcon_core.environment:checking '/home/antonadonin/Robotics/lab3/ex02/install/actions' for CMake config files
[4.768s] Level 1:colcon.colcon_core.shell:create_environment_hook('actions', 'cmake_prefix_path')
[4.768s] INFO:colcon.colcon_core.shell:Creating environment hook '/home/antonadonin/Robotics/lab3/ex02/install/actions/share/actions/hook/cmake_prefix_path.ps1'
[4.768s] INFO:colcon.colcon_core.shell:Creating environment descriptor '/home/antonadonin/Robotics/lab3/ex02/install/actions/share/actions/hook/cmake_prefix_path.dsv'
[4.769s] INFO:colcon.colcon_core.shell:Creating environment hook '/home/antonadonin/Robotics/lab3/ex02/install/actions/share/actions/hook/cmake_prefix_path.sh'
[4.769s] Level 1:colcon.colcon_core.environment:checking '/home/antonadonin/Robotics/lab3/ex02/install/actions/lib'
[4.769s] Level 1:colcon.colcon_core.shell:create_environment_hook('actions', 'ld_library_path_lib')
[4.769s] INFO:colcon.colcon_core.shell:Creating environment hook '/home/antonadonin/Robotics/lab3/ex02/install/actions/share/actions/hook/ld_library_path_lib.ps1'
[4.769s] INFO:colcon.colcon_core.shell:Creating environment descriptor '/home/antonadonin/Robotics/lab3/ex02/install/actions/share/actions/hook/ld_library_path_lib.dsv'
[4.769s] INFO:colcon.colcon_core.shell:Creating environment hook '/home/antonadonin/Robotics/lab3/ex02/install/actions/share/actions/hook/ld_library_path_lib.sh'
[4.769s] Level 1:colcon.colcon_core.environment:checking '/home/antonadonin/Robotics/lab3/ex02/install/actions/bin'
[4.769s] Level 1:colcon.colcon_core.environment:checking '/home/antonadonin/Robotics/lab3/ex02/install/actions/lib/pkgconfig/actions.pc'
[4.769s] Level 1:colcon.colcon_core.environment:checking '/home/antonadonin/Robotics/lab3/ex02/install/actions/lib/python3.12/site-packages'
[4.769s] Level 1:colcon.colcon_core.shell:create_environment_hook('actions', 'pythonpath')
[4.769s] INFO:colcon.colcon_core.shell:Creating environment hook '/home/antonadonin/Robotics/lab3/ex02/install/actions/share/actions/hook/pythonpath.ps1'
[4.770s] INFO:colcon.colcon_core.shell:Creating environment descriptor '/home/antonadonin/Robotics/lab3/ex02/install/actions/share/actions/hook/pythonpath.dsv'
[4.770s] INFO:colcon.colcon_core.shell:Creating environment hook '/home/antonadonin/Robotics/lab3/ex02/install/actions/share/actions/hook/pythonpath.sh'
[4.770s] Level 1:colcon.colcon_core.environment:checking '/home/antonadonin/Robotics/lab3/ex02/install/actions/bin'
[4.770s] INFO:colcon.colcon_core.shell:Creating package script '/home/antonadonin/Robotics/lab3/ex02/install/actions/share/actions/package.ps1'
[4.770s] INFO:colcon.colcon_core.shell:Creating package descriptor '/home/antonadonin/Robotics/lab3/ex02/install/actions/share/actions/package.dsv'
[4.770s] INFO:colcon.colcon_core.shell:Creating package script '/home/antonadonin/Robotics/lab3/ex02/install/actions/share/actions/package.sh'
[4.770s] INFO:colcon.colcon_core.shell:Creating package script '/home/antonadonin/Robotics/lab3/ex02/install/actions/share/actions/package.bash'
[4.771s] INFO:colcon.colcon_core.shell:Creating package script '/home/antonadonin/Robotics/lab3/ex02/install/actions/share/actions/package.zsh'
[4.771s] Level 1:colcon.colcon_core.environment:create_file_with_runtime_dependencies(/home/antonadonin/Robotics/lab3/ex02/install/actions/share/colcon-core/packages/actions)
[4.771s] INFO:colcon.colcon_ros.task.ament_python.build:Building ROS package in '/home/antonadonin/Robotics/lab3/ex02/action_turtle_commands' with build type 'ament_python'
[4.771s] Level 1:colcon.colcon_core.shell:create_environment_hook('action_turtle_commands', 'ament_prefix_path')
[4.771s] INFO:colcon.colcon_core.shell:Creating environment hook '/home/antonadonin/Robotics/lab3/ex02/install/action_turtle_commands/share/action_turtle_commands/hook/ament_prefix_path.ps1'
[4.771s] INFO:colcon.colcon_core.shell:Creating environment descriptor '/home/antonadonin/Robotics/lab3/ex02/install/action_turtle_commands/share/action_turtle_commands/hook/ament_prefix_path.dsv'
[4.772s] INFO:colcon.colcon_core.shell:Creating environment hook '/home/antonadonin/Robotics/lab3/ex02/install/action_turtle_commands/share/action_turtle_commands/hook/ament_prefix_path.sh'
[4.772s] INFO:colcon.colcon_core.shell:Skip shell extension 'powershell' for command environment: Not usable outside of PowerShell
[4.772s] DEBUG:colcon.colcon_core.shell:Skip shell extension 'dsv' for command environment
[4.873s] INFO:colcon.colcon_core.task.python.build:Building Python package in '/home/antonadonin/Robotics/lab3/ex02/action_turtle_commands'
[4.873s] INFO:colcon.colcon_core.shell:Skip shell extension 'powershell' for command environment: Not usable outside of PowerShell
[4.873s] DEBUG:colcon.colcon_core.shell:Skip shell extension 'dsv' for command environment
[5.175s] DEBUG:colcon.colcon_core.event_handler.log_command:Invoking command in '/home/antonadonin/Robotics/lab3/ex02/action_turtle_commands': AMENT_PREFIX_PATH=/home/antonadonin/Robotics/lab3/ex02/install/actions:${AMENT_PREFIX_PATH} CMAKE_PREFIX_PATH=/home/antonadonin/Robotics/lab3/ex02/install/actions:${CMAKE_PREFIX_PATH} DEBUGINFOD_URLS=https://debuginfod.ubuntu.com LD_LIBRARY_PATH=/home/antonadonin/Robotics/lab3/ex02/install/actions/lib:${LD_LIBRARY_PATH} PYTHONPATH=/home/antonadonin/Robotics/lab3/ex02/build/action_turtle_commands/prefix_override:/usr/lib/python3/dist-packages/colcon_core/task/python/colcon_distutils_commands:/home/antonadonin/Robotics/lab3/ex02/install/action_turtle_commands/lib/python3.12/site-packages:/home/antonadonin/Robotics/lab3/ex02/install/actions/lib/python3.12/site-packages:${PYTHONPATH} /usr/bin/python3 -W ignore:setup.py install is deprecated setup.py egg_info --egg-base ../build/action_turtle_commands build --build-base /home/antonadonin/Robotics/lab3/ex02/build/action_turtle_commands/build install --record /home/antonadonin/Robotics/lab3/ex02/build/action_turtle_commands/install.log --single-version-externally-managed install_data
[5.373s] Level 1:colcon.colcon_core.environment:checking '/home/antonadonin/Robotics/lab3/ex02/install/action_turtle_commands' for CMake module files
[5.374s] DEBUG:colcon.colcon_core.event_handler.log_command:Invoked command in '/home/antonadonin/Robotics/lab3/ex02/action_turtle_commands' returned '0': AMENT_PREFIX_PATH=/home/antonadonin/Robotics/lab3/ex02/install/actions:${AMENT_PREFIX_PATH} CMAKE_PREFIX_PATH=/home/antonadonin/Robotics/lab3/ex02/install/actions:${CMAKE_PREFIX_PATH} DEBUGINFOD_URLS=https://debuginfod.ubuntu.com LD_LIBRARY_PATH=/home/antonadonin/Robotics/lab3/ex02/install/actions/lib:${LD_LIBRARY_PATH} PYTHONPATH=/home/antonadonin/Robotics/lab3/ex02/build/action_turtle_commands/prefix_override:/usr/lib/python3/dist-packages/colcon_core/task/python/colcon_distutils_commands:/home/antonadonin/Robotics/lab3/ex02/install/action_turtle_commands/lib/python3.12/site-packages:/home/antonadonin/Robotics/lab3/ex02/install/actions/lib/python3.12/site-packages:${PYTHONPATH} /usr/bin/python3 -W ignore:setup.py install is deprecated setup.py egg_info --egg-base ../build/action_turtle_commands build --build-base /home/antonadonin/Robotics/lab3/ex02/build/action_turtle_commands/build install --record /home/antonadonin/Robotics/lab3/ex02/build/action_turtle_commands/install.log --single-version-externally-managed install_data
[5.375s] Level 1:colcon.colcon_core.environment:checking '/home/antonadonin/Robotics/lab3/ex02/install/action_turtle_commands' for CMake config files
[5.375s] Level 1:colcon.colcon_core.environment:checking '/home/antonadonin/Robotics/lab3/ex02/install/action_turtle_commands/lib'
[5.375s] Level 1:colcon.colcon_core.environment:checking '/home/antonadonin/Robotics/lab3/ex02/install/action_turtle_commands/bin'
[5.375s] Level 1:colcon.colcon_core.environment:checking '/home/antonadonin/Robotics/lab3/ex02/install/action_turtle_commands/lib/pkgconfig/action_turtle_commands.pc'
[5.375s] Level 1:colcon.colcon_core.environment:checking '/home/antonadonin/Robotics/lab3/ex02/install/action_turtle_commands/lib/python3.12/site-packages'
[5.375s] Level 1:colcon.colcon_core.shell:create_environment_hook('action_turtle_commands', 'pythonpath')
[5.375s] INFO:colcon.colcon_core.shell:Creating environment hook '/home/antonadonin/Robotics/lab3/ex02/install/action_turtle_commands/share/action_turtle_commands/hook/pythonpath.ps1'
[5.375s] INFO:colcon.colcon_core.shell:Creating environment descriptor '/home/antonadonin/Robotics/lab3/ex02/install/action_turtle_commands/share/action_turtle_commands/hook/pythonpath.dsv'
[5.375s] INFO:colcon.colcon_core.shell:Creating environment hook '/home/antonadonin/Robotics/lab3/ex02/install/action_turtle_commands/share/action_turtle_commands/hook/pythonpath.sh'
[5.376s] Level 1:colcon.colcon_core.environment:checking '/home/antonadonin/Robotics/lab3/ex02/install/action_turtle_commands/bin'
[5.376s] Level 1:colcon.colcon_core.environment:create_environment_scripts_only(action_turtle_commands)
[5.376s] INFO:colcon.colcon_core.shell:Creating package script '/home/antonadonin/Robotics/lab3/ex02/install/action_turtle_commands/share/action_turtle_commands/package.ps1'
[5.376s] INFO:colcon.colcon_core.shell:Creating package descriptor '/home/antonadonin/Robotics/lab3/ex02/install/action_turtle_commands/share/action_turtle_commands/package.dsv'
[5.376s] INFO:colcon.colcon_core.shell:Creating package script '/home/antonadonin/Robotics/lab3/ex02/install/action_turtle_commands/share/action_turtle_commands/package.sh'
[5.376s] INFO:colcon.colcon_core.shell:Creating package script '/home/antonadonin/Robotics/lab3/ex02/install/action_turtle_commands/share/action_turtle_commands/package.bash'
[5.376s] INFO:colcon.colcon_core.shell:Creating package script '/home/antonadonin/Robotics/lab3/ex02/install/action_turtle_commands/share/action_turtle_commands/package.zsh'
[5.377s] Level 1:colcon.colcon_core.environment:create_file_with_runtime_dependencies(/home/antonadonin/Robotics/lab3/ex02/install/action_turtle_commands/share/colcon-core/packages/action_turtle_commands)
[5.377s] DEBUG:colcon.colcon_parallel_executor.executor.parallel:closing loop
[5.377s] DEBUG:colcon.colcon_parallel_executor.executor.parallel:loop closed
[5.377s] DEBUG:colcon.colcon_parallel_executor.executor.parallel:run_until_complete finished with '0'
[5.377s] DEBUG:colcon.colcon_core.event_reactor:joining thread
[5.385s] INFO:colcon.colcon_core.plugin_system:Skipping extension 'colcon_notification.desktop_notification.terminal_notifier': Not used on non-Darwin systems
[5.385s] INFO:colcon.colcon_core.plugin_system:Skipping extension 'colcon_notification.desktop_notification.win32': Not used on non-Windows systems
[5.385s] INFO:colcon.colcon_notification.desktop_notification:Sending desktop notification using 'notify2'
[5.399s] DEBUG:colcon.colcon_core.event_reactor:joined thread
[5.400s] INFO:colcon.colcon_core.shell:Creating prefix script '/home/antonadonin/Robotics/lab3/ex02/install/local_setup.ps1'
[5.401s] INFO:colcon.colcon_core.shell:Creating prefix util module '/home/antonadonin/Robotics/lab3/ex02/install/_local_setup_util_ps1.py'
[5.402s] INFO:colcon.colcon_core.shell:Creating prefix chain script '/home/antonadonin/Robotics/lab3/ex02/install/setup.ps1'
[5.402s] INFO:colcon.colcon_core.shell:Creating prefix script '/home/antonadonin/Robotics/lab3/ex02/install/local_setup.sh'
[5.402s] INFO:colcon.colcon_core.shell:Creating prefix util module '/home/antonadonin/Robotics/lab3/ex02/install/_local_setup_util_sh.py'
[5.403s] INFO:colcon.colcon_core.shell:Creating prefix chain script '/home/antonadonin/Robotics/lab3/ex02/install/setup.sh'
[5.403s] INFO:colcon.colcon_core.shell:Creating prefix script '/home/antonadonin/Robotics/lab3/ex02/install/local_setup.bash'
[5.403s] INFO:colcon.colcon_core.shell:Creating prefix chain script '/home/antonadonin/Robotics/lab3/ex02/install/setup.bash'
[5.404s] INFO:colcon.colcon_core.shell:Creating prefix script '/home/antonadonin/Robotics/lab3/ex02/install/local_setup.zsh'
[5.404s] INFO:colcon.colcon_core.shell:Creating prefix chain script '/home/antonadonin/Robotics/lab3/ex02/install/setup.zsh'
