running egg_info
creating ../build/movement/movement.egg-info
writing ../build/movement/movement.egg-info/PKG-INFO
writing dependency_links to ../build/movement/movement.egg-info/dependency_links.txt
writing entry points to ../build/movement/movement.egg-info/entry_points.txt
writing requirements to ../build/movement/movement.egg-info/requires.txt
writing top-level names to ../build/movement/movement.egg-info/top_level.txt
writing manifest file '../build/movement/movement.egg-info/SOURCES.txt'
reading manifest file '../build/movement/movement.egg-info/SOURCES.txt'
writing manifest file '../build/movement/movement.egg-info/SOURCES.txt'
running build
running build_py
creating /home/antonadonin/Robotics/lab5/ex04/build/movement/build
creating /home/antonadonin/Robotics/lab5/ex04/build/movement/build/lib
creating /home/antonadonin/Robotics/lab5/ex04/build/movement/build/lib/movement
copying movement/__init__.py -> /home/antonadonin/Robotics/lab5/ex04/build/movement/build/lib/movement
copying movement/movement.py -> /home/antonadonin/Robotics/lab5/ex04/build/movement/build/lib/movement
running install
running install_lib
creating /home/antonadonin/Robotics/lab5/ex04/install/movement/lib/python3.12/site-packages/movement
copying /home/antonadonin/Robotics/lab5/ex04/build/movement/build/lib/movement/__init__.py -> /home/antonadonin/Robotics/lab5/ex04/install/movement/lib/python3.12/site-packages/movement
copying /home/antonadonin/Robotics/lab5/ex04/build/movement/build/lib/movement/movement.py -> /home/antonadonin/Robotics/lab5/ex04/install/movement/lib/python3.12/site-packages/movement
byte-compiling /home/antonadonin/Robotics/lab5/ex04/install/movement/lib/python3.12/site-packages/movement/__init__.py to __init__.cpython-312.pyc
byte-compiling /home/antonadonin/Robotics/lab5/ex04/install/movement/lib/python3.12/site-packages/movement/movement.py to movement.cpython-312.pyc
running install_data
creating /home/antonadonin/Robotics/lab5/ex04/install/movement/share/ament_index
creating /home/antonadonin/Robotics/lab5/ex04/install/movement/share/ament_index/resource_index
creating /home/antonadonin/Robotics/lab5/ex04/install/movement/share/ament_index/resource_index/packages
copying resource/movement -> /home/antonadonin/Robotics/lab5/ex04/install/movement/share/ament_index/resource_index/packages
copying package.xml -> /home/antonadonin/Robotics/lab5/ex04/install/movement/share/movement
running install_egg_info
Copying ../build/movement/movement.egg-info to /home/antonadonin/Robotics/lab5/ex04/install/movement/lib/python3.12/site-packages/movement-0.0.0-py3.12.egg-info
running install_scripts
Installing movement_node script to /home/antonadonin/Robotics/lab5/ex04/install/movement/lib/movement
writing list of installed files to '/home/antonadonin/Robotics/lab5/ex04/build/movement/install.log'
