[0.493s] Invoking command in '/home/antonadonin/Robotics/lab5/ex04/movement': DEBUGINFOD_URLS=https://debuginfod.ubuntu.com PYTHONPATH=/home/antonadonin/Robotics/lab5/ex04/build/movement/prefix_override:/usr/lib/python3/dist-packages/colcon_core/task/python/colcon_distutils_commands:/home/antonadonin/Robotics/lab5/ex04/install/movement/lib/python3.12/site-packages:${PYTHONPATH} /usr/bin/python3 -W ignore:setup.py install is deprecated setup.py egg_info --egg-base ../build/movement build --build-base /home/antonadonin/Robotics/lab5/ex04/build/movement/build install --record /home/antonadonin/Robotics/lab5/ex04/build/movement/install.log --single-version-externally-managed install_data
[0.600s] running egg_info
[0.600s] creating ../build/movement/movement.egg-info
[0.607s] writing ../build/movement/movement.egg-info/PKG-INFO
[0.607s] writing dependency_links to ../build/movement/movement.egg-info/dependency_links.txt
[0.607s] writing entry points to ../build/movement/movement.egg-info/entry_points.txt
[0.607s] writing requirements to ../build/movement/movement.egg-info/requires.txt
[0.607s] writing top-level names to ../build/movement/movement.egg-info/top_level.txt
[0.607s] writing manifest file '../build/movement/movement.egg-info/SOURCES.txt'
[0.621s] reading manifest file '../build/movement/movement.egg-info/SOURCES.txt'
[0.622s] writing manifest file '../build/movement/movement.egg-info/SOURCES.txt'
[0.622s] running build
[0.622s] running build_py
[0.622s] creating /home/antonadonin/Robotics/lab5/ex04/build/movement/build
[0.622s] creating /home/antonadonin/Robotics/lab5/ex04/build/movement/build/lib
[0.622s] creating /home/antonadonin/Robotics/lab5/ex04/build/movement/build/lib/movement
[0.622s] copying movement/__init__.py -> /home/antonadonin/Robotics/lab5/ex04/build/movement/build/lib/movement
[0.622s] copying movement/movement.py -> /home/antonadonin/Robotics/lab5/ex04/build/movement/build/lib/movement
[0.622s] running install
[0.625s] running install_lib
[0.632s] creating /home/antonadonin/Robotics/lab5/ex04/install/movement/lib/python3.12/site-packages/movement
[0.632s] copying /home/antonadonin/Robotics/lab5/ex04/build/movement/build/lib/movement/__init__.py -> /home/antonadonin/Robotics/lab5/ex04/install/movement/lib/python3.12/site-packages/movement
[0.632s] copying /home/antonadonin/Robotics/lab5/ex04/build/movement/build/lib/movement/movement.py -> /home/antonadonin/Robotics/lab5/ex04/install/movement/lib/python3.12/site-packages/movement
[0.633s] byte-compiling /home/antonadonin/Robotics/lab5/ex04/install/movement/lib/python3.12/site-packages/movement/__init__.py to __init__.cpython-312.pyc
[0.633s] byte-compiling /home/antonadonin/Robotics/lab5/ex04/install/movement/lib/python3.12/site-packages/movement/movement.py to movement.cpython-312.pyc
[0.633s] running install_data
[0.633s] creating /home/antonadonin/Robotics/lab5/ex04/install/movement/share/ament_index
[0.633s] creating /home/antonadonin/Robotics/lab5/ex04/install/movement/share/ament_index/resource_index
[0.633s] creating /home/antonadonin/Robotics/lab5/ex04/install/movement/share/ament_index/resource_index/packages
[0.633s] copying resource/movement -> /home/antonadonin/Robotics/lab5/ex04/install/movement/share/ament_index/resource_index/packages
[0.633s] copying package.xml -> /home/antonadonin/Robotics/lab5/ex04/install/movement/share/movement
[0.633s] running install_egg_info
[0.641s] Copying ../build/movement/movement.egg-info to /home/antonadonin/Robotics/lab5/ex04/install/movement/lib/python3.12/site-packages/movement-0.0.0-py3.12.egg-info
[0.641s] running install_scripts
[0.694s] Installing movement_node script to /home/antonadonin/Robotics/lab5/ex04/install/movement/lib/movement
[0.694s] writing list of installed files to '/home/antonadonin/Robotics/lab5/ex04/build/movement/install.log'
[0.709s] Invoked command in '/home/antonadonin/Robotics/lab5/ex04/movement' returned '0': DEBUGINFOD_URLS=https://debuginfod.ubuntu.com PYTHONPATH=/home/antonadonin/Robotics/lab5/ex04/build/movement/prefix_override:/usr/lib/python3/dist-packages/colcon_core/task/python/colcon_distutils_commands:/home/antonadonin/Robotics/lab5/ex04/install/movement/lib/python3.12/site-packages:${PYTHONPATH} /usr/bin/python3 -W ignore:setup.py install is deprecated setup.py egg_info --egg-base ../build/movement build --build-base /home/antonadonin/Robotics/lab5/ex04/build/movement/build install --record /home/antonadonin/Robotics/lab5/ex04/build/movement/install.log --single-version-externally-managed install_data
