[0.402s] Invoking command in '/home/antonadonin/Robotics/lab3/ex02/action_turtle_commands': AMENT_PREFIX_PATH=/home/antonadonin/Robotics/lab3/ex02/install/actions:${AMENT_PREFIX_PATH} CMAKE_PREFIX_PATH=/home/antonadonin/Robotics/lab3/ex02/install/actions:${CMAKE_PREFIX_PATH} DEBUGINFOD_URLS=https://debuginfod.ubuntu.com LD_LIBRARY_PATH=/home/antonadonin/Robotics/lab3/ex02/install/actions/lib:${LD_LIBRARY_PATH} PYTHONPATH=/home/antonadonin/Robotics/lab3/ex02/build/action_turtle_commands/prefix_override:/usr/lib/python3/dist-packages/colcon_core/task/python/colcon_distutils_commands:/home/antonadonin/Robotics/lab3/ex02/install/action_turtle_commands/lib/python3.12/site-packages:/home/antonadonin/Robotics/lab3/ex02/install/actions/lib/python3.12/site-packages:${PYTHONPATH} /usr/bin/python3 -W ignore:setup.py install is deprecated setup.py egg_info --egg-base ../build/action_turtle_commands build --build-base /home/antonadonin/Robotics/lab3/ex02/build/action_turtle_commands/build install --record /home/antonadonin/Robotics/lab3/ex02/build/action_turtle_commands/install.log --single-version-externally-managed install_data
[0.501s] running egg_info
[0.502s] creating ../build/action_turtle_commands/action_turtle_commands.egg-info
[0.508s] writing ../build/action_turtle_commands/action_turtle_commands.egg-info/PKG-INFO
[0.508s] writing dependency_links to ../build/action_turtle_commands/action_turtle_commands.egg-info/dependency_links.txt
[0.508s] writing requirements to ../build/action_turtle_commands/action_turtle_commands.egg-info/requires.txt
[0.508s] writing top-level names to ../build/action_turtle_commands/action_turtle_commands.egg-info/top_level.txt
[0.508s] writing manifest file '../build/action_turtle_commands/action_turtle_commands.egg-info/SOURCES.txt'
[0.521s] reading manifest file '../build/action_turtle_commands/action_turtle_commands.egg-info/SOURCES.txt'
[0.521s] writing manifest file '../build/action_turtle_commands/action_turtle_commands.egg-info/SOURCES.txt'
[0.522s] running build
[0.522s] running build_py
[0.522s] creating /home/antonadonin/Robotics/lab3/ex02/build/action_turtle_commands/build
[0.522s] creating /home/antonadonin/Robotics/lab3/ex02/build/action_turtle_commands/build/lib
[0.523s] creating /home/antonadonin/Robotics/lab3/ex02/build/action_turtle_commands/build/lib/action_turtle_commands
[0.523s] copying action_turtle_commands/__init__.py -> /home/antonadonin/Robotics/lab3/ex02/build/action_turtle_commands/build/lib/action_turtle_commands
[0.523s] copying action_turtle_commands/action_turtle_client.py -> /home/antonadonin/Robotics/lab3/ex02/build/action_turtle_commands/build/lib/action_turtle_commands
[0.523s] copying action_turtle_commands/action_turtle_server.py -> /home/antonadonin/Robotics/lab3/ex02/build/action_turtle_commands/build/lib/action_turtle_commands
[0.523s] running install
[0.524s] running install_lib
[0.531s] creating /home/antonadonin/Robotics/lab3/ex02/install/action_turtle_commands/lib/python3.12/site-packages/action_turtle_commands
[0.531s] copying /home/antonadonin/Robotics/lab3/ex02/build/action_turtle_commands/build/lib/action_turtle_commands/__init__.py -> /home/antonadonin/Robotics/lab3/ex02/install/action_turtle_commands/lib/python3.12/site-packages/action_turtle_commands
[0.531s] copying /home/antonadonin/Robotics/lab3/ex02/build/action_turtle_commands/build/lib/action_turtle_commands/action_turtle_client.py -> /home/antonadonin/Robotics/lab3/ex02/install/action_turtle_commands/lib/python3.12/site-packages/action_turtle_commands
[0.531s] copying /home/antonadonin/Robotics/lab3/ex02/build/action_turtle_commands/build/lib/action_turtle_commands/action_turtle_server.py -> /home/antonadonin/Robotics/lab3/ex02/install/action_turtle_commands/lib/python3.12/site-packages/action_turtle_commands
[0.531s] byte-compiling /home/antonadonin/Robotics/lab3/ex02/install/action_turtle_commands/lib/python3.12/site-packages/action_turtle_commands/__init__.py to __init__.cpython-312.pyc
[0.531s] byte-compiling /home/antonadonin/Robotics/lab3/ex02/install/action_turtle_commands/lib/python3.12/site-packages/action_turtle_commands/action_turtle_client.py to action_turtle_client.cpython-312.pyc
[0.532s] byte-compiling /home/antonadonin/Robotics/lab3/ex02/install/action_turtle_commands/lib/python3.12/site-packages/action_turtle_commands/action_turtle_server.py to action_turtle_server.cpython-312.pyc
[0.532s] running install_data
[0.532s] creating /home/antonadonin/Robotics/lab3/ex02/install/action_turtle_commands/share/ament_index
[0.532s] creating /home/antonadonin/Robotics/lab3/ex02/install/action_turtle_commands/share/ament_index/resource_index
[0.532s] creating /home/antonadonin/Robotics/lab3/ex02/install/action_turtle_commands/share/ament_index/resource_index/packages
[0.532s] copying resource/action_turtle_commands -> /home/antonadonin/Robotics/lab3/ex02/install/action_turtle_commands/share/ament_index/resource_index/packages
[0.532s] copying package.xml -> /home/antonadonin/Robotics/lab3/ex02/install/action_turtle_commands/share/action_turtle_commands
[0.533s] running install_egg_info
[0.540s] Copying ../build/action_turtle_commands/action_turtle_commands.egg-info to /home/antonadonin/Robotics/lab3/ex02/install/action_turtle_commands/lib/python3.12/site-packages/action_turtle_commands-0.0.0-py3.12.egg-info
[0.540s] running install_scripts
[0.588s] writing list of installed files to '/home/antonadonin/Robotics/lab3/ex02/build/action_turtle_commands/install.log'
[0.601s] Invoked command in '/home/antonadonin/Robotics/lab3/ex02/action_turtle_commands' returned '0': AMENT_PREFIX_PATH=/home/antonadonin/Robotics/lab3/ex02/install/actions:${AMENT_PREFIX_PATH} CMAKE_PREFIX_PATH=/home/antonadonin/Robotics/lab3/ex02/install/actions:${CMAKE_PREFIX_PATH} DEBUGINFOD_URLS=https://debuginfod.ubuntu.com LD_LIBRARY_PATH=/home/antonadonin/Robotics/lab3/ex02/install/actions/lib:${LD_LIBRARY_PATH} PYTHONPATH=/home/antonadonin/Robotics/lab3/ex02/build/action_turtle_commands/prefix_override:/usr/lib/python3/dist-packages/colcon_core/task/python/colcon_distutils_commands:/home/antonadonin/Robotics/lab3/ex02/install/action_turtle_commands/lib/python3.12/site-packages:/home/antonadonin/Robotics/lab3/ex02/install/actions/lib/python3.12/site-packages:${PYTHONPATH} /usr/bin/python3 -W ignore:setup.py install is deprecated setup.py egg_info --egg-base ../build/action_turtle_commands build --build-base /home/antonadonin/Robotics/lab3/ex02/build/action_turtle_commands/build install --record /home/antonadonin/Robotics/lab3/ex02/build/action_turtle_commands/install.log --single-version-externally-managed install_data
