[0.006s] Invoking command in '/home/antonadonin/Robotics/lab3/ex02/build/actions': CMAKE_PREFIX_PATH=${CMAKE_PREFIX_PATH}:/home/antonadonin/Robotics/lab3/ex02/install/action_turtle_commands:/home/antonadonin/Robotics/lab3/ex01/install/service:/opt/ros/jazzy DEBUGINFOD_URLS=https://debuginfod.ubuntu.com /usr/bin/cmake --build /home/antonadonin/Robotics/lab3/ex02/build/actions -- -j8 -l8
[0.033s] [  0%] Built target ament_cmake_python_copy_actions
[0.035s] [  2%] Built target actions__rosidl_generator_type_description
[0.047s] [ 17%] Built target actions__rosidl_generator_c
[0.050s] [ 20%] Built target actions__cpp
[0.056s] [ 29%] Built target actions__rosidl_typesupport_fastrtps_c
[0.060s] [ 38%] Built target actions__rosidl_typesupport_cpp
[0.060s] [ 47%] Built target actions__rosidl_typesupport_c
[0.061s] [ 55%] Built target actions__rosidl_typesupport_introspection_c
[0.064s] [ 64%] Built target actions__rosidl_typesupport_fastrtps_cpp
[0.065s] [ 73%] Built target actions__rosidl_typesupport_introspection_cpp
[0.079s] [ 73%] Built target actions
[0.094s] [ 76%] Built target actions__py
[0.108s] [ 82%] Built target actions__rosidl_generator_py
[0.117s] [ 88%] Built target actions_s__rosidl_typesupport_fastrtps_c
[0.121s] running egg_info
[0.122s] [ 94%] Built target actions_s__rosidl_typesupport_c
[0.125s] [100%] Built target actions_s__rosidl_typesupport_introspection_c
[0.128s] writing actions.egg-info/PKG-INFO
[0.128s] writing dependency_links to actions.egg-info/dependency_links.txt
[0.129s] writing top-level names to actions.egg-info/top_level.txt
[0.148s] reading manifest file 'actions.egg-info/SOURCES.txt'
[0.149s] writing manifest file 'actions.egg-info/SOURCES.txt'
[0.161s] [100%] Built target ament_cmake_python_build_actions_egg
[0.165s] Invoked command in '/home/antonadonin/Robotics/lab3/ex02/build/actions' returned '0': CMAKE_PREFIX_PATH=${CMAKE_PREFIX_PATH}:/home/antonadonin/Robotics/lab3/ex02/install/action_turtle_commands:/home/antonadonin/Robotics/lab3/ex01/install/service:/opt/ros/jazzy DEBUGINFOD_URLS=https://debuginfod.ubuntu.com /usr/bin/cmake --build /home/antonadonin/Robotics/lab3/ex02/build/actions -- -j8 -l8
[0.192s] Invoking command in '/home/antonadonin/Robotics/lab3/ex02/build/actions': CMAKE_PREFIX_PATH=${CMAKE_PREFIX_PATH}:/home/antonadonin/Robotics/lab3/ex02/install/action_turtle_commands:/home/antonadonin/Robotics/lab3/ex01/install/service:/opt/ros/jazzy DEBUGINFOD_URLS=https://debuginfod.ubuntu.com /usr/bin/cmake --install /home/antonadonin/Robotics/lab3/ex02/build/actions
[0.201s] -- Install configuration: ""
[0.201s] -- Up-to-date: /home/antonadonin/Robotics/lab3/ex02/install/actions/share/ament_index/resource_index/rosidl_interfaces/actions
[0.201s] -- Up-to-date: /home/antonadonin/Robotics/lab3/ex02/install/actions/share/actions/action/MessageTurtleCommands.json
[0.201s] -- Up-to-date: /home/antonadonin/Robotics/lab3/ex02/install/actions/include/actions/actions
[0.201s] -- Up-to-date: /home/antonadonin/Robotics/lab3/ex02/install/actions/include/actions/actions/action
[0.201s] -- Up-to-date: /home/antonadonin/Robotics/lab3/ex02/install/actions/include/actions/actions/action/message_turtle_commands.h
[0.201s] -- Up-to-date: /home/antonadonin/Robotics/lab3/ex02/install/actions/include/actions/actions/action/detail
[0.202s] -- Up-to-date: /home/antonadonin/Robotics/lab3/ex02/install/actions/include/actions/actions/action/detail/message_turtle_commands__type_support.c
[0.202s] -- Up-to-date: /home/antonadonin/Robotics/lab3/ex02/install/actions/include/actions/actions/action/detail/message_turtle_commands__functions.h
[0.202s] -- Up-to-date: /home/antonadonin/Robotics/lab3/ex02/install/actions/include/actions/actions/action/detail/message_turtle_commands__struct.h
[0.202s] -- Up-to-date: /home/antonadonin/Robotics/lab3/ex02/install/actions/include/actions/actions/action/detail/message_turtle_commands__functions.c
[0.202s] -- Up-to-date: /home/antonadonin/Robotics/lab3/ex02/install/actions/include/actions/actions/action/detail/message_turtle_commands__description.c
[0.202s] -- Up-to-date: /home/antonadonin/Robotics/lab3/ex02/install/actions/include/actions/actions/action/detail/message_turtle_commands__type_support.h
[0.202s] -- Up-to-date: /home/antonadonin/Robotics/lab3/ex02/install/actions/include/actions/actions/msg
[0.202s] -- Up-to-date: /home/antonadonin/Robotics/lab3/ex02/install/actions/include/actions/actions/msg/rosidl_generator_c__visibility_control.h
[0.202s] -- Up-to-date: /home/antonadonin/Robotics/lab3/ex02/install/actions/share/actions/environment/library_path.sh
[0.202s] -- Up-to-date: /home/antonadonin/Robotics/lab3/ex02/install/actions/share/actions/environment/library_path.dsv
[0.202s] -- Up-to-date: /home/antonadonin/Robotics/lab3/ex02/install/actions/lib/libactions__rosidl_generator_c.so
[0.202s] -- Up-to-date: /home/antonadonin/Robotics/lab3/ex02/install/actions/include/actions/actions
[0.202s] -- Up-to-date: /home/antonadonin/Robotics/lab3/ex02/install/actions/include/actions/actions/action
[0.202s] -- Up-to-date: /home/antonadonin/Robotics/lab3/ex02/install/actions/include/actions/actions/action/detail
[0.202s] -- Up-to-date: /home/antonadonin/Robotics/lab3/ex02/install/actions/include/actions/actions/action/detail/message_turtle_commands__rosidl_typesupport_fastrtps_c.h
[0.202s] -- Up-to-date: /home/antonadonin/Robotics/lab3/ex02/install/actions/include/actions/actions/msg
[0.202s] -- Up-to-date: /home/antonadonin/Robotics/lab3/ex02/install/actions/include/actions/actions/msg/rosidl_typesupport_fastrtps_c__visibility_control.h
[0.202s] -- Up-to-date: /home/antonadonin/Robotics/lab3/ex02/install/actions/lib/libactions__rosidl_typesupport_fastrtps_c.so
[0.202s] -- Up-to-date: /home/antonadonin/Robotics/lab3/ex02/install/actions/include/actions/actions
[0.202s] -- Up-to-date: /home/antonadonin/Robotics/lab3/ex02/install/actions/include/actions/actions/action
[0.202s] -- Up-to-date: /home/antonadonin/Robotics/lab3/ex02/install/actions/include/actions/actions/action/detail
[0.202s] -- Up-to-date: /home/antonadonin/Robotics/lab3/ex02/install/actions/include/actions/actions/action/detail/message_turtle_commands__type_support.c
[0.202s] -- Up-to-date: /home/antonadonin/Robotics/lab3/ex02/install/actions/include/actions/actions/action/detail/message_turtle_commands__rosidl_typesupport_introspection_c.h
[0.202s] -- Up-to-date: /home/antonadonin/Robotics/lab3/ex02/install/actions/include/actions/actions/msg
[0.202s] -- Up-to-date: /home/antonadonin/Robotics/lab3/ex02/install/actions/include/actions/actions/msg/rosidl_typesupport_introspection_c__visibility_control.h
[0.202s] -- Up-to-date: /home/antonadonin/Robotics/lab3/ex02/install/actions/lib/libactions__rosidl_typesupport_introspection_c.so
[0.202s] -- Up-to-date: /home/antonadonin/Robotics/lab3/ex02/install/actions/lib/libactions__rosidl_typesupport_c.so
[0.202s] -- Up-to-date: /home/antonadonin/Robotics/lab3/ex02/install/actions/include/actions/actions
[0.202s] -- Up-to-date: /home/antonadonin/Robotics/lab3/ex02/install/actions/include/actions/actions/action
[0.202s] -- Up-to-date: /home/antonadonin/Robotics/lab3/ex02/install/actions/include/actions/actions/action/detail
[0.203s] -- Up-to-date: /home/antonadonin/Robotics/lab3/ex02/install/actions/include/actions/actions/action/detail/message_turtle_commands__builder.hpp
[0.203s] -- Up-to-date: /home/antonadonin/Robotics/lab3/ex02/install/actions/include/actions/actions/action/detail/message_turtle_commands__type_support.hpp
[0.203s] -- Up-to-date: /home/antonadonin/Robotics/lab3/ex02/install/actions/include/actions/actions/action/detail/message_turtle_commands__traits.hpp
[0.203s] -- Up-to-date: /home/antonadonin/Robotics/lab3/ex02/install/actions/include/actions/actions/action/detail/message_turtle_commands__struct.hpp
[0.203s] -- Up-to-date: /home/antonadonin/Robotics/lab3/ex02/install/actions/include/actions/actions/action/message_turtle_commands.hpp
[0.203s] -- Up-to-date: /home/antonadonin/Robotics/lab3/ex02/install/actions/include/actions/actions/msg
[0.203s] -- Up-to-date: /home/antonadonin/Robotics/lab3/ex02/install/actions/include/actions/actions/msg/rosidl_generator_cpp__visibility_control.hpp
[0.203s] -- Up-to-date: /home/antonadonin/Robotics/lab3/ex02/install/actions/include/actions/actions
[0.203s] -- Up-to-date: /home/antonadonin/Robotics/lab3/ex02/install/actions/include/actions/actions/action
[0.203s] -- Up-to-date: /home/antonadonin/Robotics/lab3/ex02/install/actions/include/actions/actions/action/detail
[0.203s] -- Up-to-date: /home/antonadonin/Robotics/lab3/ex02/install/actions/include/actions/actions/action/detail/dds_fastrtps
[0.203s] -- Up-to-date: /home/antonadonin/Robotics/lab3/ex02/install/actions/include/actions/actions/action/detail/message_turtle_commands__rosidl_typesupport_fastrtps_cpp.hpp
[0.203s] -- Up-to-date: /home/antonadonin/Robotics/lab3/ex02/install/actions/include/actions/actions/msg
[0.203s] -- Up-to-date: /home/antonadonin/Robotics/lab3/ex02/install/actions/include/actions/actions/msg/rosidl_typesupport_fastrtps_cpp__visibility_control.h
[0.203s] -- Up-to-date: /home/antonadonin/Robotics/lab3/ex02/install/actions/lib/libactions__rosidl_typesupport_fastrtps_cpp.so
[0.203s] -- Up-to-date: /home/antonadonin/Robotics/lab3/ex02/install/actions/include/actions/actions
[0.203s] -- Up-to-date: /home/antonadonin/Robotics/lab3/ex02/install/actions/include/actions/actions/action
[0.203s] -- Up-to-date: /home/antonadonin/Robotics/lab3/ex02/install/actions/include/actions/actions/action/detail
[0.203s] -- Up-to-date: /home/antonadonin/Robotics/lab3/ex02/install/actions/include/actions/actions/action/detail/message_turtle_commands__rosidl_typesupport_introspection_cpp.hpp
[0.203s] -- Up-to-date: /home/antonadonin/Robotics/lab3/ex02/install/actions/include/actions/actions/action/detail/message_turtle_commands__type_support.cpp
[0.203s] -- Up-to-date: /home/antonadonin/Robotics/lab3/ex02/install/actions/lib/libactions__rosidl_typesupport_introspection_cpp.so
[0.203s] -- Up-to-date: /home/antonadonin/Robotics/lab3/ex02/install/actions/lib/libactions__rosidl_typesupport_cpp.so
[0.203s] -- Up-to-date: /home/antonadonin/Robotics/lab3/ex02/install/actions/share/actions/environment/pythonpath.sh
[0.203s] -- Up-to-date: /home/antonadonin/Robotics/lab3/ex02/install/actions/share/actions/environment/pythonpath.dsv
[0.203s] -- Up-to-date: /home/antonadonin/Robotics/lab3/ex02/install/actions/lib/python3.12/site-packages/actions-0.0.0-py3.12.egg-info
[0.203s] -- Installing: /home/antonadonin/Robotics/lab3/ex02/install/actions/lib/python3.12/site-packages/actions-0.0.0-py3.12.egg-info/PKG-INFO
[0.203s] -- Installing: /home/antonadonin/Robotics/lab3/ex02/install/actions/lib/python3.12/site-packages/actions-0.0.0-py3.12.egg-info/dependency_links.txt
[0.203s] -- Installing: /home/antonadonin/Robotics/lab3/ex02/install/actions/lib/python3.12/site-packages/actions-0.0.0-py3.12.egg-info/SOURCES.txt
[0.204s] -- Installing: /home/antonadonin/Robotics/lab3/ex02/install/actions/lib/python3.12/site-packages/actions-0.0.0-py3.12.egg-info/top_level.txt
[0.204s] -- Up-to-date: /home/antonadonin/Robotics/lab3/ex02/install/actions/lib/python3.12/site-packages/actions
[0.204s] -- Up-to-date: /home/antonadonin/Robotics/lab3/ex02/install/actions/lib/python3.12/site-packages/actions/__init__.py
[0.204s] -- Up-to-date: /home/antonadonin/Robotics/lab3/ex02/install/actions/lib/python3.12/site-packages/actions/actions_s__rosidl_typesupport_introspection_c.so
[0.204s] -- Up-to-date: /home/antonadonin/Robotics/lab3/ex02/install/actions/lib/python3.12/site-packages/actions/_actions_s.ep.rosidl_typesupport_introspection_c.c
[0.204s] -- Up-to-date: /home/antonadonin/Robotics/lab3/ex02/install/actions/lib/python3.12/site-packages/actions/actions_s__rosidl_typesupport_fastrtps_c.so
[0.204s] -- Up-to-date: /home/antonadonin/Robotics/lab3/ex02/install/actions/lib/python3.12/site-packages/actions/_actions_s.ep.rosidl_typesupport_fastrtps_c.c
[0.204s] -- Up-to-date: /home/antonadonin/Robotics/lab3/ex02/install/actions/lib/python3.12/site-packages/actions/actions_s__rosidl_typesupport_c.so
[0.204s] -- Up-to-date: /home/antonadonin/Robotics/lab3/ex02/install/actions/lib/python3.12/site-packages/actions/action
[0.204s] -- Up-to-date: /home/antonadonin/Robotics/lab3/ex02/install/actions/lib/python3.12/site-packages/actions/action/__init__.py
[0.204s] -- Up-to-date: /home/antonadonin/Robotics/lab3/ex02/install/actions/lib/python3.12/site-packages/actions/action/_message_turtle_commands_s.c
[0.204s] -- Up-to-date: /home/antonadonin/Robotics/lab3/ex02/install/actions/lib/python3.12/site-packages/actions/action/_message_turtle_commands.py
[0.204s] -- Up-to-date: /home/antonadonin/Robotics/lab3/ex02/install/actions/lib/python3.12/site-packages/actions/_actions_s.ep.rosidl_typesupport_c.c
[0.220s] Listing '/home/antonadonin/Robotics/lab3/ex02/install/actions/lib/python3.12/site-packages/actions'...
[0.220s] Listing '/home/antonadonin/Robotics/lab3/ex02/install/actions/lib/python3.12/site-packages/actions/action'...
[0.223s] -- Up-to-date: /home/antonadonin/Robotics/lab3/ex02/install/actions/lib/python3.12/site-packages/actions/actions_s__rosidl_typesupport_fastrtps_c.so
[0.223s] -- Up-to-date: /home/antonadonin/Robotics/lab3/ex02/install/actions/lib/python3.12/site-packages/actions/actions_s__rosidl_typesupport_introspection_c.so
[0.224s] -- Up-to-date: /home/antonadonin/Robotics/lab3/ex02/install/actions/lib/python3.12/site-packages/actions/actions_s__rosidl_typesupport_c.so
[0.224s] -- Up-to-date: /home/antonadonin/Robotics/lab3/ex02/install/actions/lib/libactions__rosidl_generator_py.so
[0.224s] -- Up-to-date: /home/antonadonin/Robotics/lab3/ex02/install/actions/share/actions/action/MessageTurtleCommands.idl
[0.224s] -- Up-to-date: /home/antonadonin/Robotics/lab3/ex02/install/actions/share/actions/action/MessageTurtleCommands.action
[0.224s] -- Up-to-date: /home/antonadonin/Robotics/lab3/ex02/install/actions/share/ament_index/resource_index/package_run_dependencies/actions
[0.224s] -- Up-to-date: /home/antonadonin/Robotics/lab3/ex02/install/actions/share/ament_index/resource_index/parent_prefix_path/actions
[0.224s] -- Up-to-date: /home/antonadonin/Robotics/lab3/ex02/install/actions/share/actions/environment/ament_prefix_path.sh
[0.224s] -- Up-to-date: /home/antonadonin/Robotics/lab3/ex02/install/actions/share/actions/environment/ament_prefix_path.dsv
[0.224s] -- Up-to-date: /home/antonadonin/Robotics/lab3/ex02/install/actions/share/actions/environment/path.sh
[0.224s] -- Up-to-date: /home/antonadonin/Robotics/lab3/ex02/install/actions/share/actions/environment/path.dsv
[0.224s] -- Up-to-date: /home/antonadonin/Robotics/lab3/ex02/install/actions/share/actions/local_setup.bash
[0.224s] -- Up-to-date: /home/antonadonin/Robotics/lab3/ex02/install/actions/share/actions/local_setup.sh
[0.224s] -- Up-to-date: /home/antonadonin/Robotics/lab3/ex02/install/actions/share/actions/local_setup.zsh
[0.224s] -- Up-to-date: /home/antonadonin/Robotics/lab3/ex02/install/actions/share/actions/local_setup.dsv
[0.224s] -- Installing: /home/antonadonin/Robotics/lab3/ex02/install/actions/share/actions/package.dsv
[0.224s] -- Up-to-date: /home/antonadonin/Robotics/lab3/ex02/install/actions/share/ament_index/resource_index/packages/actions
[0.224s] -- Up-to-date: /home/antonadonin/Robotics/lab3/ex02/install/actions/share/actions/cmake/export_actions__rosidl_generator_cExport.cmake
[0.224s] -- Up-to-date: /home/antonadonin/Robotics/lab3/ex02/install/actions/share/actions/cmake/export_actions__rosidl_generator_cExport-noconfig.cmake
[0.224s] -- Up-to-date: /home/antonadonin/Robotics/lab3/ex02/install/actions/share/actions/cmake/export_actions__rosidl_typesupport_fastrtps_cExport.cmake
[0.224s] -- Up-to-date: /home/antonadonin/Robotics/lab3/ex02/install/actions/share/actions/cmake/export_actions__rosidl_typesupport_fastrtps_cExport-noconfig.cmake
[0.224s] -- Up-to-date: /home/antonadonin/Robotics/lab3/ex02/install/actions/share/actions/cmake/actions__rosidl_typesupport_introspection_cExport.cmake
[0.224s] -- Up-to-date: /home/antonadonin/Robotics/lab3/ex02/install/actions/share/actions/cmake/actions__rosidl_typesupport_introspection_cExport-noconfig.cmake
[0.224s] -- Up-to-date: /home/antonadonin/Robotics/lab3/ex02/install/actions/share/actions/cmake/actions__rosidl_typesupport_cExport.cmake
[0.224s] -- Up-to-date: /home/antonadonin/Robotics/lab3/ex02/install/actions/share/actions/cmake/actions__rosidl_typesupport_cExport-noconfig.cmake
[0.224s] -- Up-to-date: /home/antonadonin/Robotics/lab3/ex02/install/actions/share/actions/cmake/export_actions__rosidl_generator_cppExport.cmake
[0.224s] -- Up-to-date: /home/antonadonin/Robotics/lab3/ex02/install/actions/share/actions/cmake/export_actions__rosidl_typesupport_fastrtps_cppExport.cmake
[0.224s] -- Up-to-date: /home/antonadonin/Robotics/lab3/ex02/install/actions/share/actions/cmake/export_actions__rosidl_typesupport_fastrtps_cppExport-noconfig.cmake
[0.224s] -- Up-to-date: /home/antonadonin/Robotics/lab3/ex02/install/actions/share/actions/cmake/actions__rosidl_typesupport_introspection_cppExport.cmake
[0.225s] -- Up-to-date: /home/antonadonin/Robotics/lab3/ex02/install/actions/share/actions/cmake/actions__rosidl_typesupport_introspection_cppExport-noconfig.cmake
[0.225s] -- Up-to-date: /home/antonadonin/Robotics/lab3/ex02/install/actions/share/actions/cmake/actions__rosidl_typesupport_cppExport.cmake
[0.225s] -- Up-to-date: /home/antonadonin/Robotics/lab3/ex02/install/actions/share/actions/cmake/actions__rosidl_typesupport_cppExport-noconfig.cmake
[0.225s] -- Up-to-date: /home/antonadonin/Robotics/lab3/ex02/install/actions/share/actions/cmake/export_actions__rosidl_generator_pyExport.cmake
[0.225s] -- Up-to-date: /home/antonadonin/Robotics/lab3/ex02/install/actions/share/actions/cmake/export_actions__rosidl_generator_pyExport-noconfig.cmake
[0.225s] -- Up-to-date: /home/antonadonin/Robotics/lab3/ex02/install/actions/share/actions/cmake/rosidl_cmake-extras.cmake
[0.225s] -- Up-to-date: /home/antonadonin/Robotics/lab3/ex02/install/actions/share/actions/cmake/ament_cmake_export_dependencies-extras.cmake
[0.225s] -- Up-to-date: /home/antonadonin/Robotics/lab3/ex02/install/actions/share/actions/cmake/ament_cmake_export_include_directories-extras.cmake
[0.225s] -- Up-to-date: /home/antonadonin/Robotics/lab3/ex02/install/actions/share/actions/cmake/ament_cmake_export_libraries-extras.cmake
[0.225s] -- Up-to-date: /home/antonadonin/Robotics/lab3/ex02/install/actions/share/actions/cmake/ament_cmake_export_targets-extras.cmake
[0.225s] -- Up-to-date: /home/antonadonin/Robotics/lab3/ex02/install/actions/share/actions/cmake/rosidl_cmake_export_typesupport_targets-extras.cmake
[0.225s] -- Up-to-date: /home/antonadonin/Robotics/lab3/ex02/install/actions/share/actions/cmake/rosidl_cmake_export_typesupport_libraries-extras.cmake
[0.225s] -- Up-to-date: /home/antonadonin/Robotics/lab3/ex02/install/actions/share/actions/cmake/actionsConfig.cmake
[0.225s] -- Up-to-date: /home/antonadonin/Robotics/lab3/ex02/install/actions/share/actions/cmake/actionsConfig-version.cmake
[0.225s] -- Up-to-date: /home/antonadonin/Robotics/lab3/ex02/install/actions/share/actions/package.xml
[0.225s] Invoked command in '/home/antonadonin/Robotics/lab3/ex02/build/actions' returned '0': CMAKE_PREFIX_PATH=${CMAKE_PREFIX_PATH}:/home/antonadonin/Robotics/lab3/ex02/install/action_turtle_commands:/home/antonadonin/Robotics/lab3/ex01/install/service:/opt/ros/jazzy DEBUGINFOD_URLS=https://debuginfod.ubuntu.com /usr/bin/cmake --install /home/antonadonin/Robotics/lab3/ex02/build/actions
