[0.006s] Invoking command in '/home/antonadonin/Robotics/lab5/ex01/build/sam_bot_description': CMAKE_PREFIX_PATH=${CMAKE_PREFIX_PATH}:/opt/ros/jazzy DEBUGINFOD_URLS=https://debuginfod.ubuntu.com /usr/bin/cmake /home/antonadonin/Robotics/lab5/ex01/sam_bot_description -DCMAKE_INSTALL_PREFIX=/home/antonadonin/Robotics/lab5/ex01/install/sam_bot_description
[0.133s] -- The C compiler identification is GNU 13.2.0
[0.233s] -- The CXX compiler identification is GNU 13.2.0
[0.249s] -- Detecting C compiler ABI info
[0.327s] -- Detecting C compiler ABI info - done
[0.338s] -- Check for working C compiler: /usr/bin/cc - skipped
[0.339s] -- Detecting C compile features
[0.339s] -- Detecting C compile features - done
[0.347s] -- Detecting CXX compiler ABI info
[0.419s] -- Detecting CXX compiler ABI info - done
[0.430s] -- Check for working CXX compiler: /usr/bin/c++ - skipped
[0.431s] -- Detecting CXX compile features
[0.431s] -- Detecting CXX compile features - done
[0.438s] -- Found ament_cmake: 2.5.2 (/opt/ros/jazzy/share/ament_cmake/cmake)
[0.518s] -- Found Python3: /usr/bin/python3 (found version "3.12.3") found components: Interpreter 
[0.589s] -- Found ament_lint_auto: 0.17.1 (/opt/ros/jazzy/share/ament_lint_auto/cmake)
[0.654s] -- Added test 'flake8' to check Python code syntax and style conventions
[0.654s] -- Configured 'flake8' exclude dirs and/or files: 
[0.655s] -- Added test 'lint_cmake' to check CMake code style
[0.656s] -- Added test 'pep257' to check Python code against some of the docstring style conventions in PEP 257
[0.657s] -- Added test 'xmllint' to check XML markup files
[0.658s] -- Configuring done (0.6s)
[0.661s] -- Generating done (0.0s)
[0.662s] -- Build files have been written to: /home/antonadonin/Robotics/lab5/ex01/build/sam_bot_description
[0.666s] Invoked command in '/home/antonadonin/Robotics/lab5/ex01/build/sam_bot_description' returned '0': CMAKE_PREFIX_PATH=${CMAKE_PREFIX_PATH}:/opt/ros/jazzy DEBUGINFOD_URLS=https://debuginfod.ubuntu.com /usr/bin/cmake /home/antonadonin/Robotics/lab5/ex01/sam_bot_description -DCMAKE_INSTALL_PREFIX=/home/antonadonin/Robotics/lab5/ex01/install/sam_bot_description
[0.667s] Invoking command in '/home/antonadonin/Robotics/lab5/ex01/build/sam_bot_description': CMAKE_PREFIX_PATH=${CMAKE_PREFIX_PATH}:/opt/ros/jazzy DEBUGINFOD_URLS=https://debuginfod.ubuntu.com /usr/bin/cmake --build /home/antonadonin/Robotics/lab5/ex01/build/sam_bot_description -- -j8 -l8
[0.698s] Invoked command in '/home/antonadonin/Robotics/lab5/ex01/build/sam_bot_description' returned '0': CMAKE_PREFIX_PATH=${CMAKE_PREFIX_PATH}:/opt/ros/jazzy DEBUGINFOD_URLS=https://debuginfod.ubuntu.com /usr/bin/cmake --build /home/antonadonin/Robotics/lab5/ex01/build/sam_bot_description -- -j8 -l8
[0.723s] Invoking command in '/home/antonadonin/Robotics/lab5/ex01/build/sam_bot_description': CMAKE_PREFIX_PATH=${CMAKE_PREFIX_PATH}:/opt/ros/jazzy DEBUGINFOD_URLS=https://debuginfod.ubuntu.com /usr/bin/cmake --install /home/antonadonin/Robotics/lab5/ex01/build/sam_bot_description
[0.728s] -- Install configuration: ""
[0.729s] -- Installing: /home/antonadonin/Robotics/lab5/ex01/install/sam_bot_description/share/sam_bot_description/src
[0.729s] -- Installing: /home/antonadonin/Robotics/lab5/ex01/install/sam_bot_description/share/sam_bot_description/src/description
[0.729s] -- Installing: /home/antonadonin/Robotics/lab5/ex01/install/sam_bot_description/share/sam_bot_description/launch
[0.729s] -- Installing: /home/antonadonin/Robotics/lab5/ex01/install/sam_bot_description/share/sam_bot_description/launch/display.launch.py
[0.729s] -- Installing: /home/antonadonin/Robotics/lab5/ex01/install/sam_bot_description/share/sam_bot_description/rviz
[0.729s] -- Installing: /home/antonadonin/Robotics/lab5/ex01/install/sam_bot_description/share/sam_bot_description/rviz/urdf_config.rviz
[0.729s] -- Installing: /home/antonadonin/Robotics/lab5/ex01/install/sam_bot_description/share/ament_index/resource_index/package_run_dependencies/sam_bot_description
[0.730s] -- Installing: /home/antonadonin/Robotics/lab5/ex01/install/sam_bot_description/share/ament_index/resource_index/parent_prefix_path/sam_bot_description
[0.730s] -- Installing: /home/antonadonin/Robotics/lab5/ex01/install/sam_bot_description/share/sam_bot_description/environment/ament_prefix_path.sh
[0.730s] -- Installing: /home/antonadonin/Robotics/lab5/ex01/install/sam_bot_description/share/sam_bot_description/environment/ament_prefix_path.dsv
[0.730s] -- Installing: /home/antonadonin/Robotics/lab5/ex01/install/sam_bot_description/share/sam_bot_description/environment/path.sh
[0.730s] -- Installing: /home/antonadonin/Robotics/lab5/ex01/install/sam_bot_description/share/sam_bot_description/environment/path.dsv
[0.730s] -- Installing: /home/antonadonin/Robotics/lab5/ex01/install/sam_bot_description/share/sam_bot_description/local_setup.bash
[0.730s] -- Installing: /home/antonadonin/Robotics/lab5/ex01/install/sam_bot_description/share/sam_bot_description/local_setup.sh
[0.730s] -- Installing: /home/antonadonin/Robotics/lab5/ex01/install/sam_bot_description/share/sam_bot_description/local_setup.zsh
[0.730s] -- Installing: /home/antonadonin/Robotics/lab5/ex01/install/sam_bot_description/share/sam_bot_description/local_setup.dsv
[0.730s] -- Installing: /home/antonadonin/Robotics/lab5/ex01/install/sam_bot_description/share/sam_bot_description/package.dsv
[0.730s] -- Installing: /home/antonadonin/Robotics/lab5/ex01/install/sam_bot_description/share/ament_index/resource_index/packages/sam_bot_description
[0.730s] -- Installing: /home/antonadonin/Robotics/lab5/ex01/install/sam_bot_description/share/sam_bot_description/cmake/sam_bot_descriptionConfig.cmake
[0.730s] -- Installing: /home/antonadonin/Robotics/lab5/ex01/install/sam_bot_description/share/sam_bot_description/cmake/sam_bot_descriptionConfig-version.cmake
[0.731s] -- Installing: /home/antonadonin/Robotics/lab5/ex01/install/sam_bot_description/share/sam_bot_description/package.xml
[0.731s] Invoked command in '/home/antonadonin/Robotics/lab5/ex01/build/sam_bot_description' returned '0': CMAKE_PREFIX_PATH=${CMAKE_PREFIX_PATH}:/opt/ros/jazzy DEBUGINFOD_URLS=https://debuginfod.ubuntu.com /usr/bin/cmake --install /home/antonadonin/Robotics/lab5/ex01/build/sam_bot_description
