[0.345s] Invoking command in '/home/antonadonin/Robotics/lab5/ex04/movement': DEBUGINFOD_URLS=https://debuginfod.ubuntu.com PYTHONPATH=/home/antonadonin/Robotics/lab5/ex04/build/movement/prefix_override:/usr/lib/python3/dist-packages/colcon_core/task/python/colcon_distutils_commands:/home/antonadonin/Robotics/lab5/ex04/install/movement/lib/python3.12/site-packages:${PYTHONPATH} /usr/bin/python3 -W ignore:setup.py install is deprecated setup.py egg_info --egg-base ../build/movement build --build-base /home/antonadonin/Robotics/lab5/ex04/build/movement/build install --record /home/antonadonin/Robotics/lab5/ex04/build/movement/install.log --single-version-externally-managed install_data
[0.449s] running egg_info
[0.456s] writing ../build/movement/movement.egg-info/PKG-INFO
[0.456s] writing dependency_links to ../build/movement/movement.egg-info/dependency_links.txt
[0.456s] writing entry points to ../build/movement/movement.egg-info/entry_points.txt
[0.457s] writing requirements to ../build/movement/movement.egg-info/requires.txt
[0.457s] writing top-level names to ../build/movement/movement.egg-info/top_level.txt
[0.470s] reading manifest file '../build/movement/movement.egg-info/SOURCES.txt'
[0.470s] writing manifest file '../build/movement/movement.egg-info/SOURCES.txt'
[0.470s] running build
[0.470s] running build_py
[0.471s] running install
[0.473s] running install_lib
[0.481s] running install_data
[0.481s] running install_egg_info
[0.488s] removing '/home/antonadonin/Robotics/lab5/ex04/install/movement/lib/python3.12/site-packages/movement-0.0.0-py3.12.egg-info' (and everything under it)
[0.488s] Copying ../build/movement/movement.egg-info to /home/antonadonin/Robotics/lab5/ex04/install/movement/lib/python3.12/site-packages/movement-0.0.0-py3.12.egg-info
[0.489s] running install_scripts
[0.540s] Installing movement_node script to /home/antonadonin/Robotics/lab5/ex04/install/movement/lib/movement
[0.540s] writing list of installed files to '/home/antonadonin/Robotics/lab5/ex04/build/movement/install.log'
[0.555s] Invoked command in '/home/antonadonin/Robotics/lab5/ex04/movement' returned '0': DEBUGINFOD_URLS=https://debuginfod.ubuntu.com PYTHONPATH=/home/antonadonin/Robotics/lab5/ex04/build/movement/prefix_override:/usr/lib/python3/dist-packages/colcon_core/task/python/colcon_distutils_commands:/home/antonadonin/Robotics/lab5/ex04/install/movement/lib/python3.12/site-packages:${PYTHONPATH} /usr/bin/python3 -W ignore:setup.py install is deprecated setup.py egg_info --egg-base ../build/movement build --build-base /home/antonadonin/Robotics/lab5/ex04/build/movement/build install --record /home/antonadonin/Robotics/lab5/ex04/build/movement/install.log --single-version-externally-managed install_data
