[0.047s] DEBUG:colcon:Command line arguments: ['/usr/bin/colcon', 'build']
[0.047s] DEBUG:colcon:Parsed command line arguments: Namespace(log_base=None, log_level=None, verb_name='build', build_base='build', install_base='install', merge_install=False, symlink_install=False, test_result_base=None, continue_on_error=False, executor='parallel', parallel_workers=8, event_handlers=None, ignore_user_meta=False, metas=['./colcon.meta'], base_paths=['.'], packages_ignore=None, packages_ignore_regex=None, paths=None, packages_up_to=None, packages_up_to_regex=None, packages_above=None, packages_above_and_dependencies=None, packages_above_depth=None, packages_select_by_dep=None, packages_skip_by_dep=None, packages_skip_up_to=None, packages_select_build_failed=False, packages_skip_build_finished=False, packages_select_test_failures=False, packages_skip_test_passed=False, packages_select=None, packages_skip=None, packages_select_regex=None, packages_skip_regex=None, packages_start=None, packages_end=None, allow_overriding=[], cmake_args=None, cmake_target=None, cmake_target_skip_unavailable=False, cmake_clean_cache=False, cmake_clean_first=False, cmake_force_configure=False, ament_cmake_args=None, catkin_cmake_args=None, catkin_skip_building_tests=False, mixin_files=None, mixin=None, verb_parser=<colcon_mixin.mixin.mixin_argument.MixinArgumentDecorator object at 0xffff8f01f170>, verb_extension=<colcon_core.verb.build.BuildVerb object at 0xffff8e58fad0>, main=<bound method BuildVerb.main of <colcon_core.verb.build.BuildVerb object at 0xffff8e58fad0>>, mixin_verb=('build',))
[0.064s] Level 1:colcon.colcon_core.package_discovery:discover_packages(colcon_meta) check parameters
[0.064s] Level 1:colcon.colcon_core.package_discovery:discover_packages(recursive) check parameters
[0.064s] Level 1:colcon.colcon_core.package_discovery:discover_packages(ignore) check parameters
[0.064s] Level 1:colcon.colcon_core.package_discovery:discover_packages(path) check parameters
[0.064s] Level 1:colcon.colcon_core.package_discovery:discover_packages(colcon_meta) discover
[0.064s] Level 1:colcon.colcon_core.package_discovery:discover_packages(recursive) discover
[0.064s] INFO:colcon.colcon_core.package_discovery:Crawling recursively for packages in '/home/antonadonin/Robotics/lab5/ex05'
[0.064s] Level 1:colcon.colcon_core.package_identification:_identify(.) by extensions ['ignore', 'ignore_ament_install']
[0.064s] Level 1:colcon.colcon_core.package_identification:_identify(.) by extension 'ignore'
[0.064s] Level 1:colcon.colcon_core.package_identification:_identify(.) by extension 'ignore_ament_install'
[0.064s] Level 1:colcon.colcon_core.package_identification:_identify(.) by extensions ['colcon_pkg']
[0.064s] Level 1:colcon.colcon_core.package_identification:_identify(.) by extension 'colcon_pkg'
[0.064s] Level 1:colcon.colcon_core.package_identification:_identify(.) by extensions ['colcon_meta']
[0.064s] Level 1:colcon.colcon_core.package_identification:_identify(.) by extension 'colcon_meta'
[0.064s] Level 1:colcon.colcon_core.package_identification:_identify(.) by extensions ['ros']
[0.064s] Level 1:colcon.colcon_core.package_identification:_identify(.) by extension 'ros'
[0.076s] Level 1:colcon.colcon_core.package_identification:_identify(.) by extensions ['cmake', 'python']
[0.076s] Level 1:colcon.colcon_core.package_identification:_identify(.) by extension 'cmake'
[0.077s] Level 1:colcon.colcon_core.package_identification:_identify(.) by extension 'python'
[0.077s] Level 1:colcon.colcon_core.package_identification:_identify(.) by extensions ['python_setup_py']
[0.077s] Level 1:colcon.colcon_core.package_identification:_identify(.) by extension 'python_setup_py'
[0.077s] Level 1:colcon.colcon_core.package_identification:_identify(build) by extensions ['ignore', 'ignore_ament_install']
[0.077s] Level 1:colcon.colcon_core.package_identification:_identify(build) by extension 'ignore'
[0.077s] Level 1:colcon.colcon_core.package_identification:_identify(build) ignored
[0.077s] Level 1:colcon.colcon_core.package_identification:_identify(install) by extensions ['ignore', 'ignore_ament_install']
[0.077s] Level 1:colcon.colcon_core.package_identification:_identify(install) by extension 'ignore'
[0.077s] Level 1:colcon.colcon_core.package_identification:_identify(install) ignored
[0.077s] Level 1:colcon.colcon_core.package_identification:_identify(log) by extensions ['ignore', 'ignore_ament_install']
[0.077s] Level 1:colcon.colcon_core.package_identification:_identify(log) by extension 'ignore'
[0.077s] Level 1:colcon.colcon_core.package_identification:_identify(log) ignored
[0.077s] Level 1:colcon.colcon_core.package_identification:_identify(movement) by extensions ['ignore', 'ignore_ament_install']
[0.077s] Level 1:colcon.colcon_core.package_identification:_identify(movement) by extension 'ignore'
[0.077s] Level 1:colcon.colcon_core.package_identification:_identify(movement) by extension 'ignore_ament_install'
[0.077s] Level 1:colcon.colcon_core.package_identification:_identify(movement) by extensions ['colcon_pkg']
[0.077s] Level 1:colcon.colcon_core.package_identification:_identify(movement) by extension 'colcon_pkg'
[0.077s] Level 1:colcon.colcon_core.package_identification:_identify(movement) by extensions ['colcon_meta']
[0.077s] Level 1:colcon.colcon_core.package_identification:_identify(movement) by extension 'colcon_meta'
[0.077s] Level 1:colcon.colcon_core.package_identification:_identify(movement) by extensions ['ros']
[0.077s] Level 1:colcon.colcon_core.package_identification:_identify(movement) by extension 'ros'
[0.078s] DEBUG:colcon.colcon_core.package_identification:Package 'movement' with type 'ros.ament_python' and name 'movement'
[0.078s] Level 1:colcon.colcon_core.package_identification:_identify(robot_bringup) by extensions ['ignore', 'ignore_ament_install']
[0.078s] Level 1:colcon.colcon_core.package_identification:_identify(robot_bringup) by extension 'ignore'
[0.078s] Level 1:colcon.colcon_core.package_identification:_identify(robot_bringup) by extension 'ignore_ament_install'
[0.078s] Level 1:colcon.colcon_core.package_identification:_identify(robot_bringup) by extensions ['colcon_pkg']
[0.078s] Level 1:colcon.colcon_core.package_identification:_identify(robot_bringup) by extension 'colcon_pkg'
[0.078s] Level 1:colcon.colcon_core.package_identification:_identify(robot_bringup) by extensions ['colcon_meta']
[0.078s] Level 1:colcon.colcon_core.package_identification:_identify(robot_bringup) by extension 'colcon_meta'
[0.078s] Level 1:colcon.colcon_core.package_identification:_identify(robot_bringup) by extensions ['ros']
[0.078s] Level 1:colcon.colcon_core.package_identification:_identify(robot_bringup) by extension 'ros'
[0.078s] DEBUG:colcon.colcon_core.package_identification:Package 'robot_bringup' with type 'ros.ament_cmake' and name 'robot_bringup'
[0.079s] Level 1:colcon.colcon_core.package_identification:_identify(robot_description) by extensions ['ignore', 'ignore_ament_install']
[0.079s] Level 1:colcon.colcon_core.package_identification:_identify(robot_description) by extension 'ignore'
[0.079s] Level 1:colcon.colcon_core.package_identification:_identify(robot_description) by extension 'ignore_ament_install'
[0.079s] Level 1:colcon.colcon_core.package_identification:_identify(robot_description) by extensions ['colcon_pkg']
[0.079s] Level 1:colcon.colcon_core.package_identification:_identify(robot_description) by extension 'colcon_pkg'
[0.079s] Level 1:colcon.colcon_core.package_identification:_identify(robot_description) by extensions ['colcon_meta']
[0.079s] Level 1:colcon.colcon_core.package_identification:_identify(robot_description) by extension 'colcon_meta'
[0.079s] Level 1:colcon.colcon_core.package_identification:_identify(robot_description) by extensions ['ros']
[0.079s] Level 1:colcon.colcon_core.package_identification:_identify(robot_description) by extension 'ros'
[0.079s] DEBUG:colcon.colcon_core.package_identification:Package 'robot_description' with type 'ros.ament_cmake' and name 'robot_description'
[0.079s] Level 1:colcon.colcon_core.package_discovery:discover_packages(recursive) using defaults
[0.079s] Level 1:colcon.colcon_core.package_discovery:discover_packages(ignore) discover
[0.079s] Level 1:colcon.colcon_core.package_discovery:discover_packages(ignore) using defaults
[0.079s] Level 1:colcon.colcon_core.package_discovery:discover_packages(path) discover
[0.079s] Level 1:colcon.colcon_core.package_discovery:discover_packages(path) using defaults
[0.087s] Level 1:colcon.colcon_core.package_discovery:discover_packages(prefix_path) check parameters
[0.087s] Level 1:colcon.colcon_core.package_discovery:discover_packages(prefix_path) discover
[0.088s] DEBUG:colcon.colcon_installed_package_information.package_discovery:Found 3 installed packages in /home/antonadonin/Robotics/lab5/ex05/install
[0.089s] DEBUG:colcon.colcon_installed_package_information.package_discovery:Found 318 installed packages in /opt/ros/jazzy
[0.090s] Level 1:colcon.colcon_core.package_discovery:discover_packages(prefix_path) using defaults
[0.110s] Level 5:colcon.colcon_core.verb:set package 'movement' build argument 'cmake_args' from command line to 'None'
[0.110s] Level 5:colcon.colcon_core.verb:set package 'movement' build argument 'cmake_target' from command line to 'None'
[0.110s] Level 5:colcon.colcon_core.verb:set package 'movement' build argument 'cmake_target_skip_unavailable' from command line to 'False'
[0.110s] Level 5:colcon.colcon_core.verb:set package 'movement' build argument 'cmake_clean_cache' from command line to 'False'
[0.110s] Level 5:colcon.colcon_core.verb:set package 'movement' build argument 'cmake_clean_first' from command line to 'False'
[0.110s] Level 5:colcon.colcon_core.verb:set package 'movement' build argument 'cmake_force_configure' from command line to 'False'
[0.110s] Level 5:colcon.colcon_core.verb:set package 'movement' build argument 'ament_cmake_args' from command line to 'None'
[0.110s] Level 5:colcon.colcon_core.verb:set package 'movement' build argument 'catkin_cmake_args' from command line to 'None'
[0.110s] Level 5:colcon.colcon_core.verb:set package 'movement' build argument 'catkin_skip_building_tests' from command line to 'False'
[0.110s] DEBUG:colcon.colcon_core.verb:Building package 'movement' with the following arguments: {'ament_cmake_args': None, 'build_base': '/home/antonadonin/Robotics/lab5/ex05/build/movement', 'catkin_cmake_args': None, 'catkin_skip_building_tests': False, 'cmake_args': None, 'cmake_clean_cache': False, 'cmake_clean_first': False, 'cmake_force_configure': False, 'cmake_target': None, 'cmake_target_skip_unavailable': False, 'install_base': '/home/antonadonin/Robotics/lab5/ex05/install/movement', 'merge_install': False, 'path': '/home/antonadonin/Robotics/lab5/ex05/movement', 'symlink_install': False, 'test_result_base': None}
[0.110s] Level 5:colcon.colcon_core.verb:set package 'robot_bringup' build argument 'cmake_args' from command line to 'None'
[0.110s] Level 5:colcon.colcon_core.verb:set package 'robot_bringup' build argument 'cmake_target' from command line to 'None'
[0.110s] Level 5:colcon.colcon_core.verb:set package 'robot_bringup' build argument 'cmake_target_skip_unavailable' from command line to 'False'
[0.110s] Level 5:colcon.colcon_core.verb:set package 'robot_bringup' build argument 'cmake_clean_cache' from command line to 'False'
[0.110s] Level 5:colcon.colcon_core.verb:set package 'robot_bringup' build argument 'cmake_clean_first' from command line to 'False'
[0.110s] Level 5:colcon.colcon_core.verb:set package 'robot_bringup' build argument 'cmake_force_configure' from command line to 'False'
[0.110s] Level 5:colcon.colcon_core.verb:set package 'robot_bringup' build argument 'ament_cmake_args' from command line to 'None'
[0.110s] Level 5:colcon.colcon_core.verb:set package 'robot_bringup' build argument 'catkin_cmake_args' from command line to 'None'
[0.110s] Level 5:colcon.colcon_core.verb:set package 'robot_bringup' build argument 'catkin_skip_building_tests' from command line to 'False'
[0.110s] DEBUG:colcon.colcon_core.verb:Building package 'robot_bringup' with the following arguments: {'ament_cmake_args': None, 'build_base': '/home/antonadonin/Robotics/lab5/ex05/build/robot_bringup', 'catkin_cmake_args': None, 'catkin_skip_building_tests': False, 'cmake_args': None, 'cmake_clean_cache': False, 'cmake_clean_first': False, 'cmake_force_configure': False, 'cmake_target': None, 'cmake_target_skip_unavailable': False, 'install_base': '/home/antonadonin/Robotics/lab5/ex05/install/robot_bringup', 'merge_install': False, 'path': '/home/antonadonin/Robotics/lab5/ex05/robot_bringup', 'symlink_install': False, 'test_result_base': None}
[0.110s] Level 5:colcon.colcon_core.verb:set package 'robot_description' build argument 'cmake_args' from command line to 'None'
[0.110s] Level 5:colcon.colcon_core.verb:set package 'robot_description' build argument 'cmake_target' from command line to 'None'
[0.110s] Level 5:colcon.colcon_core.verb:set package 'robot_description' build argument 'cmake_target_skip_unavailable' from command line to 'False'
[0.110s] Level 5:colcon.colcon_core.verb:set package 'robot_description' build argument 'cmake_clean_cache' from command line to 'False'
[0.110s] Level 5:colcon.colcon_core.verb:set package 'robot_description' build argument 'cmake_clean_first' from command line to 'False'
[0.110s] Level 5:colcon.colcon_core.verb:set package 'robot_description' build argument 'cmake_force_configure' from command line to 'False'
[0.110s] Level 5:colcon.colcon_core.verb:set package 'robot_description' build argument 'ament_cmake_args' from command line to 'None'
[0.110s] Level 5:colcon.colcon_core.verb:set package 'robot_description' build argument 'catkin_cmake_args' from command line to 'None'
[0.110s] Level 5:colcon.colcon_core.verb:set package 'robot_description' build argument 'catkin_skip_building_tests' from command line to 'False'
[0.110s] DEBUG:colcon.colcon_core.verb:Building package 'robot_description' with the following arguments: {'ament_cmake_args': None, 'build_base': '/home/antonadonin/Robotics/lab5/ex05/build/robot_description', 'catkin_cmake_args': None, 'catkin_skip_building_tests': False, 'cmake_args': None, 'cmake_clean_cache': False, 'cmake_clean_first': False, 'cmake_force_configure': False, 'cmake_target': None, 'cmake_target_skip_unavailable': False, 'install_base': '/home/antonadonin/Robotics/lab5/ex05/install/robot_description', 'merge_install': False, 'path': '/home/antonadonin/Robotics/lab5/ex05/robot_description', 'symlink_install': False, 'test_result_base': None}
[0.110s] INFO:colcon.colcon_core.executor:Executing jobs using 'parallel' executor
[0.111s] DEBUG:colcon.colcon_parallel_executor.executor.parallel:run_until_complete
[0.111s] INFO:colcon.colcon_ros.task.ament_python.build:Building ROS package in '/home/antonadonin/Robotics/lab5/ex05/movement' with build type 'ament_python'
[0.111s] Level 1:colcon.colcon_core.shell:create_environment_hook('movement', 'ament_prefix_path')
[0.111s] INFO:colcon.colcon_core.plugin_system:Skipping extension 'colcon_core.shell.bat': Not used on non-Windows systems
[0.112s] INFO:colcon.colcon_core.shell:Creating environment hook '/home/antonadonin/Robotics/lab5/ex05/install/movement/share/movement/hook/ament_prefix_path.ps1'
[0.112s] INFO:colcon.colcon_core.shell:Creating environment descriptor '/home/antonadonin/Robotics/lab5/ex05/install/movement/share/movement/hook/ament_prefix_path.dsv'
[0.112s] INFO:colcon.colcon_core.shell:Creating environment hook '/home/antonadonin/Robotics/lab5/ex05/install/movement/share/movement/hook/ament_prefix_path.sh'
[0.112s] INFO:colcon.colcon_core.shell:Skip shell extension 'powershell' for command environment: Not usable outside of PowerShell
[0.112s] DEBUG:colcon.colcon_core.shell:Skip shell extension 'dsv' for command environment
[0.114s] INFO:colcon.colcon_ros.task.ament_cmake.build:Building ROS package in '/home/antonadonin/Robotics/lab5/ex05/robot_bringup' with build type 'ament_cmake'
[0.114s] INFO:colcon.colcon_cmake.task.cmake.build:Building CMake package in '/home/antonadonin/Robotics/lab5/ex05/robot_bringup'
[0.114s] INFO:colcon.colcon_core.shell:Skip shell extension 'powershell' for command environment: Not usable outside of PowerShell
[0.114s] DEBUG:colcon.colcon_core.shell:Skip shell extension 'dsv' for command environment
[0.115s] INFO:colcon.colcon_ros.task.ament_cmake.build:Building ROS package in '/home/antonadonin/Robotics/lab5/ex05/robot_description' with build type 'ament_cmake'
[0.115s] INFO:colcon.colcon_cmake.task.cmake.build:Building CMake package in '/home/antonadonin/Robotics/lab5/ex05/robot_description'
[0.115s] INFO:colcon.colcon_core.shell:Skip shell extension 'powershell' for command environment: Not usable outside of PowerShell
[0.115s] DEBUG:colcon.colcon_core.shell:Skip shell extension 'dsv' for command environment
[0.206s] INFO:colcon.colcon_core.task.python.build:Building Python package in '/home/antonadonin/Robotics/lab5/ex05/movement'
[0.206s] INFO:colcon.colcon_core.shell:Skip shell extension 'powershell' for command environment: Not usable outside of PowerShell
[0.206s] DEBUG:colcon.colcon_core.shell:Skip shell extension 'dsv' for command environment
[0.210s] DEBUG:colcon.colcon_core.event_handler.log_command:Invoking command in '/home/antonadonin/Robotics/lab5/ex05/build/robot_bringup': CMAKE_PREFIX_PATH=${CMAKE_PREFIX_PATH}:/home/antonadonin/Robotics/lab5/ex05/install/movement:/opt/ros/jazzy DEBUGINFOD_URLS=https://debuginfod.ubuntu.com /usr/bin/cmake --build /home/antonadonin/Robotics/lab5/ex05/build/robot_bringup -- -j8 -l8
[0.212s] DEBUG:colcon.colcon_core.event_handler.log_command:Invoking command in '/home/antonadonin/Robotics/lab5/ex05/build/robot_description': CMAKE_PREFIX_PATH=${CMAKE_PREFIX_PATH}:/home/antonadonin/Robotics/lab5/ex05/install/movement:/opt/ros/jazzy DEBUGINFOD_URLS=https://debuginfod.ubuntu.com /usr/bin/cmake --build /home/antonadonin/Robotics/lab5/ex05/build/robot_description -- -j8 -l8
[0.238s] DEBUG:colcon.colcon_core.event_handler.log_command:Invoked command in '/home/antonadonin/Robotics/lab5/ex05/build/robot_bringup' returned '0': CMAKE_PREFIX_PATH=${CMAKE_PREFIX_PATH}:/home/antonadonin/Robotics/lab5/ex05/install/movement:/opt/ros/jazzy DEBUGINFOD_URLS=https://debuginfod.ubuntu.com /usr/bin/cmake --build /home/antonadonin/Robotics/lab5/ex05/build/robot_bringup -- -j8 -l8
[0.240s] DEBUG:colcon.colcon_core.event_handler.log_command:Invoked command in '/home/antonadonin/Robotics/lab5/ex05/build/robot_description' returned '0': CMAKE_PREFIX_PATH=${CMAKE_PREFIX_PATH}:/home/antonadonin/Robotics/lab5/ex05/install/movement:/opt/ros/jazzy DEBUGINFOD_URLS=https://debuginfod.ubuntu.com /usr/bin/cmake --build /home/antonadonin/Robotics/lab5/ex05/build/robot_description -- -j8 -l8
[0.256s] DEBUG:colcon.colcon_core.event_handler.log_command:Invoking command in '/home/antonadonin/Robotics/lab5/ex05/build/robot_description': CMAKE_PREFIX_PATH=${CMAKE_PREFIX_PATH}:/home/antonadonin/Robotics/lab5/ex05/install/movement:/opt/ros/jazzy DEBUGINFOD_URLS=https://debuginfod.ubuntu.com /usr/bin/cmake --install /home/antonadonin/Robotics/lab5/ex05/build/robot_description
[0.258s] DEBUG:colcon.colcon_core.event_handler.log_command:Invoking command in '/home/antonadonin/Robotics/lab5/ex05/build/robot_bringup': CMAKE_PREFIX_PATH=${CMAKE_PREFIX_PATH}:/home/antonadonin/Robotics/lab5/ex05/install/movement:/opt/ros/jazzy DEBUGINFOD_URLS=https://debuginfod.ubuntu.com /usr/bin/cmake --install /home/antonadonin/Robotics/lab5/ex05/build/robot_bringup
[0.261s] Level 1:colcon.colcon_core.environment:create_environment_scripts_only(robot_description)
[0.261s] DEBUG:colcon.colcon_core.event_handler.log_command:Invoked command in '/home/antonadonin/Robotics/lab5/ex05/build/robot_description' returned '0': CMAKE_PREFIX_PATH=${CMAKE_PREFIX_PATH}:/home/antonadonin/Robotics/lab5/ex05/install/movement:/opt/ros/jazzy DEBUGINFOD_URLS=https://debuginfod.ubuntu.com /usr/bin/cmake --install /home/antonadonin/Robotics/lab5/ex05/build/robot_description
[0.263s] Level 1:colcon.colcon_core.environment:checking '/home/antonadonin/Robotics/lab5/ex05/install/robot_description' for CMake module files
[0.263s] Level 1:colcon.colcon_core.environment:checking '/home/antonadonin/Robotics/lab5/ex05/install/robot_description' for CMake config files
[0.263s] Level 1:colcon.colcon_core.shell:create_environment_hook('robot_description', 'cmake_prefix_path')
[0.264s] INFO:colcon.colcon_core.shell:Creating environment hook '/home/antonadonin/Robotics/lab5/ex05/install/robot_description/share/robot_description/hook/cmake_prefix_path.ps1'
[0.264s] INFO:colcon.colcon_core.shell:Creating environment descriptor '/home/antonadonin/Robotics/lab5/ex05/install/robot_description/share/robot_description/hook/cmake_prefix_path.dsv'
[0.264s] INFO:colcon.colcon_core.shell:Creating environment hook '/home/antonadonin/Robotics/lab5/ex05/install/robot_description/share/robot_description/hook/cmake_prefix_path.sh'
[0.265s] Level 1:colcon.colcon_core.environment:checking '/home/antonadonin/Robotics/lab5/ex05/install/robot_description/bin'
[0.265s] Level 1:colcon.colcon_core.environment:checking '/home/antonadonin/Robotics/lab5/ex05/install/robot_description/lib/pkgconfig/robot_description.pc'
[0.265s] Level 1:colcon.colcon_core.environment:checking '/home/antonadonin/Robotics/lab5/ex05/install/robot_description/lib/python3.12/site-packages'
[0.266s] Level 1:colcon.colcon_core.environment:checking '/home/antonadonin/Robotics/lab5/ex05/install/robot_description/bin'
[0.266s] INFO:colcon.colcon_core.shell:Creating package script '/home/antonadonin/Robotics/lab5/ex05/install/robot_description/share/robot_description/package.ps1'
[0.267s] INFO:colcon.colcon_core.shell:Creating package descriptor '/home/antonadonin/Robotics/lab5/ex05/install/robot_description/share/robot_description/package.dsv'
[0.268s] INFO:colcon.colcon_core.shell:Creating package script '/home/antonadonin/Robotics/lab5/ex05/install/robot_description/share/robot_description/package.sh'
[0.268s] INFO:colcon.colcon_core.shell:Creating package script '/home/antonadonin/Robotics/lab5/ex05/install/robot_description/share/robot_description/package.bash'
[0.269s] INFO:colcon.colcon_core.shell:Creating package script '/home/antonadonin/Robotics/lab5/ex05/install/robot_description/share/robot_description/package.zsh'
[0.269s] Level 1:colcon.colcon_core.environment:create_file_with_runtime_dependencies(/home/antonadonin/Robotics/lab5/ex05/install/robot_description/share/colcon-core/packages/robot_description)
[0.270s] Level 1:colcon.colcon_core.environment:create_environment_scripts_only(robot_bringup)
[0.271s] Level 1:colcon.colcon_core.environment:checking '/home/antonadonin/Robotics/lab5/ex05/install/robot_bringup' for CMake module files
[0.271s] DEBUG:colcon.colcon_core.event_handler.log_command:Invoked command in '/home/antonadonin/Robotics/lab5/ex05/build/robot_bringup' returned '0': CMAKE_PREFIX_PATH=${CMAKE_PREFIX_PATH}:/home/antonadonin/Robotics/lab5/ex05/install/movement:/opt/ros/jazzy DEBUGINFOD_URLS=https://debuginfod.ubuntu.com /usr/bin/cmake --install /home/antonadonin/Robotics/lab5/ex05/build/robot_bringup
[0.271s] Level 1:colcon.colcon_core.environment:checking '/home/antonadonin/Robotics/lab5/ex05/install/robot_bringup' for CMake config files
[0.271s] Level 1:colcon.colcon_core.shell:create_environment_hook('robot_bringup', 'cmake_prefix_path')
[0.271s] INFO:colcon.colcon_core.shell:Creating environment hook '/home/antonadonin/Robotics/lab5/ex05/install/robot_bringup/share/robot_bringup/hook/cmake_prefix_path.ps1'
[0.271s] INFO:colcon.colcon_core.shell:Creating environment descriptor '/home/antonadonin/Robotics/lab5/ex05/install/robot_bringup/share/robot_bringup/hook/cmake_prefix_path.dsv'
[0.271s] INFO:colcon.colcon_core.shell:Creating environment hook '/home/antonadonin/Robotics/lab5/ex05/install/robot_bringup/share/robot_bringup/hook/cmake_prefix_path.sh'
[0.272s] Level 1:colcon.colcon_core.environment:checking '/home/antonadonin/Robotics/lab5/ex05/install/robot_bringup/bin'
[0.272s] Level 1:colcon.colcon_core.environment:checking '/home/antonadonin/Robotics/lab5/ex05/install/robot_bringup/lib/pkgconfig/robot_bringup.pc'
[0.272s] Level 1:colcon.colcon_core.environment:checking '/home/antonadonin/Robotics/lab5/ex05/install/robot_bringup/lib/python3.12/site-packages'
[0.272s] Level 1:colcon.colcon_core.environment:checking '/home/antonadonin/Robotics/lab5/ex05/install/robot_bringup/bin'
[0.272s] INFO:colcon.colcon_core.shell:Creating package script '/home/antonadonin/Robotics/lab5/ex05/install/robot_bringup/share/robot_bringup/package.ps1'
[0.272s] INFO:colcon.colcon_core.shell:Creating package descriptor '/home/antonadonin/Robotics/lab5/ex05/install/robot_bringup/share/robot_bringup/package.dsv'
[0.272s] INFO:colcon.colcon_core.shell:Creating package script '/home/antonadonin/Robotics/lab5/ex05/install/robot_bringup/share/robot_bringup/package.sh'
[0.272s] INFO:colcon.colcon_core.shell:Creating package script '/home/antonadonin/Robotics/lab5/ex05/install/robot_bringup/share/robot_bringup/package.bash'
[0.272s] INFO:colcon.colcon_core.shell:Creating package script '/home/antonadonin/Robotics/lab5/ex05/install/robot_bringup/share/robot_bringup/package.zsh'
[0.272s] Level 1:colcon.colcon_core.environment:create_file_with_runtime_dependencies(/home/antonadonin/Robotics/lab5/ex05/install/robot_bringup/share/colcon-core/packages/robot_bringup)
[0.279s] Level 1:colcon.colcon_core.environment:create_environment_scripts_only(robot_bringup)
[0.279s] Level 1:colcon.colcon_core.environment:checking '/home/antonadonin/Robotics/lab5/ex05/install/robot_bringup' for CMake module files
[0.279s] Level 1:colcon.colcon_core.environment:checking '/home/antonadonin/Robotics/lab5/ex05/install/robot_bringup' for CMake config files
[0.279s] Level 1:colcon.colcon_core.shell:create_environment_hook('robot_bringup', 'cmake_prefix_path')
[0.280s] INFO:colcon.colcon_core.shell:Creating environment hook '/home/antonadonin/Robotics/lab5/ex05/install/robot_bringup/share/robot_bringup/hook/cmake_prefix_path.ps1'
[0.280s] INFO:colcon.colcon_core.shell:Creating environment descriptor '/home/antonadonin/Robotics/lab5/ex05/install/robot_bringup/share/robot_bringup/hook/cmake_prefix_path.dsv'
[0.280s] INFO:colcon.colcon_core.shell:Creating environment hook '/home/antonadonin/Robotics/lab5/ex05/install/robot_bringup/share/robot_bringup/hook/cmake_prefix_path.sh'
[0.280s] Level 1:colcon.colcon_core.environment:checking '/home/antonadonin/Robotics/lab5/ex05/install/robot_bringup/bin'
[0.280s] Level 1:colcon.colcon_core.environment:checking '/home/antonadonin/Robotics/lab5/ex05/install/robot_bringup/lib/pkgconfig/robot_bringup.pc'
[0.280s] Level 1:colcon.colcon_core.environment:checking '/home/antonadonin/Robotics/lab5/ex05/install/robot_bringup/lib/python3.12/site-packages'
[0.280s] Level 1:colcon.colcon_core.environment:checking '/home/antonadonin/Robotics/lab5/ex05/install/robot_bringup/bin'
[0.280s] INFO:colcon.colcon_core.shell:Creating package script '/home/antonadonin/Robotics/lab5/ex05/install/robot_bringup/share/robot_bringup/package.ps1'
[0.280s] INFO:colcon.colcon_core.shell:Creating package descriptor '/home/antonadonin/Robotics/lab5/ex05/install/robot_bringup/share/robot_bringup/package.dsv'
[0.281s] INFO:colcon.colcon_core.shell:Creating package script '/home/antonadonin/Robotics/lab5/ex05/install/robot_bringup/share/robot_bringup/package.sh'
[0.281s] INFO:colcon.colcon_core.shell:Creating package script '/home/antonadonin/Robotics/lab5/ex05/install/robot_bringup/share/robot_bringup/package.bash'
[0.281s] INFO:colcon.colcon_core.shell:Creating package script '/home/antonadonin/Robotics/lab5/ex05/install/robot_bringup/share/robot_bringup/package.zsh'
[0.281s] Level 1:colcon.colcon_core.environment:create_file_with_runtime_dependencies(/home/antonadonin/Robotics/lab5/ex05/install/robot_bringup/share/colcon-core/packages/robot_bringup)
[0.283s] Level 1:colcon.colcon_core.environment:create_environment_scripts_only(robot_description)
[0.283s] Level 1:colcon.colcon_core.environment:checking '/home/antonadonin/Robotics/lab5/ex05/install/robot_description' for CMake module files
[0.283s] Level 1:colcon.colcon_core.environment:checking '/home/antonadonin/Robotics/lab5/ex05/install/robot_description' for CMake config files
[0.283s] Level 1:colcon.colcon_core.shell:create_environment_hook('robot_description', 'cmake_prefix_path')
[0.283s] INFO:colcon.colcon_core.shell:Creating environment hook '/home/antonadonin/Robotics/lab5/ex05/install/robot_description/share/robot_description/hook/cmake_prefix_path.ps1'
[0.283s] INFO:colcon.colcon_core.shell:Creating environment descriptor '/home/antonadonin/Robotics/lab5/ex05/install/robot_description/share/robot_description/hook/cmake_prefix_path.dsv'
[0.284s] INFO:colcon.colcon_core.shell:Creating environment hook '/home/antonadonin/Robotics/lab5/ex05/install/robot_description/share/robot_description/hook/cmake_prefix_path.sh'
[0.284s] Level 1:colcon.colcon_core.environment:checking '/home/antonadonin/Robotics/lab5/ex05/install/robot_description/bin'
[0.284s] Level 1:colcon.colcon_core.environment:checking '/home/antonadonin/Robotics/lab5/ex05/install/robot_description/lib/pkgconfig/robot_description.pc'
[0.284s] Level 1:colcon.colcon_core.environment:checking '/home/antonadonin/Robotics/lab5/ex05/install/robot_description/lib/python3.12/site-packages'
[0.284s] Level 1:colcon.colcon_core.environment:checking '/home/antonadonin/Robotics/lab5/ex05/install/robot_description/bin'
[0.284s] INFO:colcon.colcon_core.shell:Creating package script '/home/antonadonin/Robotics/lab5/ex05/install/robot_description/share/robot_description/package.ps1'
[0.284s] INFO:colcon.colcon_core.shell:Creating package descriptor '/home/antonadonin/Robotics/lab5/ex05/install/robot_description/share/robot_description/package.dsv'
[0.284s] INFO:colcon.colcon_core.shell:Creating package script '/home/antonadonin/Robotics/lab5/ex05/install/robot_description/share/robot_description/package.sh'
[0.284s] INFO:colcon.colcon_core.shell:Creating package script '/home/antonadonin/Robotics/lab5/ex05/install/robot_description/share/robot_description/package.bash'
[0.285s] INFO:colcon.colcon_core.shell:Creating package script '/home/antonadonin/Robotics/lab5/ex05/install/robot_description/share/robot_description/package.zsh'
[0.285s] Level 1:colcon.colcon_core.environment:create_file_with_runtime_dependencies(/home/antonadonin/Robotics/lab5/ex05/install/robot_description/share/colcon-core/packages/robot_description)
[0.458s] DEBUG:colcon.colcon_core.event_handler.log_command:Invoking command in '/home/antonadonin/Robotics/lab5/ex05/movement': DEBUGINFOD_URLS=https://debuginfod.ubuntu.com PYTHONPATH=/home/antonadonin/Robotics/lab5/ex05/build/movement/prefix_override:/usr/lib/python3/dist-packages/colcon_core/task/python/colcon_distutils_commands:/home/antonadonin/Robotics/lab5/ex05/install/movement/lib/python3.12/site-packages:${PYTHONPATH} /usr/bin/python3 -W ignore:setup.py install is deprecated setup.py egg_info --egg-base ../build/movement build --build-base /home/antonadonin/Robotics/lab5/ex05/build/movement/build install --record /home/antonadonin/Robotics/lab5/ex05/build/movement/install.log --single-version-externally-managed install_data
[0.666s] Level 1:colcon.colcon_core.environment:checking '/home/antonadonin/Robotics/lab5/ex05/install/movement' for CMake module files
[0.667s] DEBUG:colcon.colcon_core.event_handler.log_command:Invoked command in '/home/antonadonin/Robotics/lab5/ex05/movement' returned '0': DEBUGINFOD_URLS=https://debuginfod.ubuntu.com PYTHONPATH=/home/antonadonin/Robotics/lab5/ex05/build/movement/prefix_override:/usr/lib/python3/dist-packages/colcon_core/task/python/colcon_distutils_commands:/home/antonadonin/Robotics/lab5/ex05/install/movement/lib/python3.12/site-packages:${PYTHONPATH} /usr/bin/python3 -W ignore:setup.py install is deprecated setup.py egg_info --egg-base ../build/movement build --build-base /home/antonadonin/Robotics/lab5/ex05/build/movement/build install --record /home/antonadonin/Robotics/lab5/ex05/build/movement/install.log --single-version-externally-managed install_data
[0.668s] Level 1:colcon.colcon_core.environment:checking '/home/antonadonin/Robotics/lab5/ex05/install/movement' for CMake config files
[0.668s] Level 1:colcon.colcon_core.environment:checking '/home/antonadonin/Robotics/lab5/ex05/install/movement/lib'
[0.668s] Level 1:colcon.colcon_core.environment:checking '/home/antonadonin/Robotics/lab5/ex05/install/movement/bin'
[0.668s] Level 1:colcon.colcon_core.environment:checking '/home/antonadonin/Robotics/lab5/ex05/install/movement/lib/pkgconfig/movement.pc'
[0.669s] Level 1:colcon.colcon_core.environment:checking '/home/antonadonin/Robotics/lab5/ex05/install/movement/lib/python3.12/site-packages'
[0.669s] Level 1:colcon.colcon_core.shell:create_environment_hook('movement', 'pythonpath')
[0.669s] INFO:colcon.colcon_core.shell:Creating environment hook '/home/antonadonin/Robotics/lab5/ex05/install/movement/share/movement/hook/pythonpath.ps1'
[0.669s] INFO:colcon.colcon_core.shell:Creating environment descriptor '/home/antonadonin/Robotics/lab5/ex05/install/movement/share/movement/hook/pythonpath.dsv'
[0.669s] INFO:colcon.colcon_core.shell:Creating environment hook '/home/antonadonin/Robotics/lab5/ex05/install/movement/share/movement/hook/pythonpath.sh'
[0.670s] Level 1:colcon.colcon_core.environment:checking '/home/antonadonin/Robotics/lab5/ex05/install/movement/bin'
[0.670s] Level 1:colcon.colcon_core.environment:create_environment_scripts_only(movement)
[0.670s] INFO:colcon.colcon_core.shell:Creating package script '/home/antonadonin/Robotics/lab5/ex05/install/movement/share/movement/package.ps1'
[0.670s] INFO:colcon.colcon_core.shell:Creating package descriptor '/home/antonadonin/Robotics/lab5/ex05/install/movement/share/movement/package.dsv'
[0.670s] INFO:colcon.colcon_core.shell:Creating package script '/home/antonadonin/Robotics/lab5/ex05/install/movement/share/movement/package.sh'
[0.670s] INFO:colcon.colcon_core.shell:Creating package script '/home/antonadonin/Robotics/lab5/ex05/install/movement/share/movement/package.bash'
[0.670s] INFO:colcon.colcon_core.shell:Creating package script '/home/antonadonin/Robotics/lab5/ex05/install/movement/share/movement/package.zsh'
[0.670s] Level 1:colcon.colcon_core.environment:create_file_with_runtime_dependencies(/home/antonadonin/Robotics/lab5/ex05/install/movement/share/colcon-core/packages/movement)
[0.670s] DEBUG:colcon.colcon_parallel_executor.executor.parallel:closing loop
[0.671s] DEBUG:colcon.colcon_parallel_executor.executor.parallel:loop closed
[0.671s] DEBUG:colcon.colcon_parallel_executor.executor.parallel:run_until_complete finished with '0'
[0.671s] DEBUG:colcon.colcon_core.event_reactor:joining thread
[0.677s] INFO:colcon.colcon_core.plugin_system:Skipping extension 'colcon_notification.desktop_notification.terminal_notifier': Not used on non-Darwin systems
[0.677s] INFO:colcon.colcon_core.plugin_system:Skipping extension 'colcon_notification.desktop_notification.win32': Not used on non-Windows systems
[0.677s] INFO:colcon.colcon_notification.desktop_notification:Sending desktop notification using 'notify2'
[0.686s] DEBUG:colcon.colcon_core.event_reactor:joined thread
[0.686s] INFO:colcon.colcon_core.shell:Creating prefix script '/home/antonadonin/Robotics/lab5/ex05/install/local_setup.ps1'
[0.687s] INFO:colcon.colcon_core.shell:Creating prefix util module '/home/antonadonin/Robotics/lab5/ex05/install/_local_setup_util_ps1.py'
[0.687s] INFO:colcon.colcon_core.shell:Creating prefix chain script '/home/antonadonin/Robotics/lab5/ex05/install/setup.ps1'
[0.688s] INFO:colcon.colcon_core.shell:Creating prefix script '/home/antonadonin/Robotics/lab5/ex05/install/local_setup.sh'
[0.688s] INFO:colcon.colcon_core.shell:Creating prefix util module '/home/antonadonin/Robotics/lab5/ex05/install/_local_setup_util_sh.py'
[0.688s] INFO:colcon.colcon_core.shell:Creating prefix chain script '/home/antonadonin/Robotics/lab5/ex05/install/setup.sh'
[0.688s] INFO:colcon.colcon_core.shell:Creating prefix script '/home/antonadonin/Robotics/lab5/ex05/install/local_setup.bash'
[0.688s] INFO:colcon.colcon_core.shell:Creating prefix chain script '/home/antonadonin/Robotics/lab5/ex05/install/setup.bash'
[0.689s] INFO:colcon.colcon_core.shell:Creating prefix script '/home/antonadonin/Robotics/lab5/ex05/install/local_setup.zsh'
[0.689s] INFO:colcon.colcon_core.shell:Creating prefix chain script '/home/antonadonin/Robotics/lab5/ex05/install/setup.zsh'
