[0.098s] Invoking command in '/home/antonadonin/Robotics/lab5/ex05/build/robot_description': CMAKE_PREFIX_PATH=${CMAKE_PREFIX_PATH}:/opt/ros/jazzy DEBUGINFOD_URLS=https://debuginfod.ubuntu.com /usr/bin/cmake /home/antonadonin/Robotics/lab5/ex05/robot_description -DCMAKE_INSTALL_PREFIX=/home/antonadonin/Robotics/lab5/ex05/install/robot_description
[0.207s] -- The C compiler identification is GNU 13.2.0
[0.278s] -- The CXX compiler identification is GNU 13.2.0
[0.285s] -- Detecting C compiler ABI info
[0.345s] -- Detecting C compiler ABI info - done
[0.350s] -- Check for working C compiler: /usr/bin/cc - skipped
[0.350s] -- Detecting C compile features
[0.351s] -- Detecting C compile features - done
[0.356s] -- Detecting CXX compiler ABI info
[0.430s] -- Detecting CXX compiler ABI info - done
[0.435s] -- Check for working CXX compiler: /usr/bin/c++ - skipped
[0.435s] -- Detecting CXX compile features
[0.435s] -- Detecting CXX compile features - done
[0.442s] -- Found ament_cmake: 2.5.2 (/opt/ros/jazzy/share/ament_cmake/cmake)
[0.558s] -- Found Python3: /usr/bin/python3 (found version "3.12.3") found components: Interpreter 
[0.639s] -- Found ament_lint_auto: 0.17.1 (/opt/ros/jazzy/share/ament_lint_auto/cmake)
[0.698s] -- Configuring done (0.6s)
[0.700s] -- Generating done (0.0s)
[0.701s] -- Build files have been written to: /home/antonadonin/Robotics/lab5/ex05/build/robot_description
[0.705s] Invoked command in '/home/antonadonin/Robotics/lab5/ex05/build/robot_description' returned '0': CMAKE_PREFIX_PATH=${CMAKE_PREFIX_PATH}:/opt/ros/jazzy DEBUGINFOD_URLS=https://debuginfod.ubuntu.com /usr/bin/cmake /home/antonadonin/Robotics/lab5/ex05/robot_description -DCMAKE_INSTALL_PREFIX=/home/antonadonin/Robotics/lab5/ex05/install/robot_description
[0.706s] Invoking command in '/home/antonadonin/Robotics/lab5/ex05/build/robot_description': CMAKE_PREFIX_PATH=${CMAKE_PREFIX_PATH}:/opt/ros/jazzy DEBUGINFOD_URLS=https://debuginfod.ubuntu.com /usr/bin/cmake --build /home/antonadonin/Robotics/lab5/ex05/build/robot_description -- -j8 -l8
[0.731s] Invoked command in '/home/antonadonin/Robotics/lab5/ex05/build/robot_description' returned '0': CMAKE_PREFIX_PATH=${CMAKE_PREFIX_PATH}:/opt/ros/jazzy DEBUGINFOD_URLS=https://debuginfod.ubuntu.com /usr/bin/cmake --build /home/antonadonin/Robotics/lab5/ex05/build/robot_description -- -j8 -l8
[0.754s] Invoking command in '/home/antonadonin/Robotics/lab5/ex05/build/robot_description': CMAKE_PREFIX_PATH=${CMAKE_PREFIX_PATH}:/opt/ros/jazzy DEBUGINFOD_URLS=https://debuginfod.ubuntu.com /usr/bin/cmake --install /home/antonadonin/Robotics/lab5/ex05/build/robot_description
[0.758s] -- Install configuration: ""
[0.758s] -- Installing: /home/antonadonin/Robotics/lab5/ex05/install/robot_description/share/robot_description//urdf
[0.758s] -- Installing: /home/antonadonin/Robotics/lab5/ex05/install/robot_description/share/robot_description//urdf/robot.urdf.xacro
[0.759s] -- Installing: /home/antonadonin/Robotics/lab5/ex05/install/robot_description/share/robot_description//urdf/gazebo.urdf.xacro
[0.759s] -- Installing: /home/antonadonin/Robotics/lab5/ex05/install/robot_description/share/robot_description//urdf/hat.dae
[0.760s] -- Installing: /home/antonadonin/Robotics/lab5/ex05/install/robot_description/share/robot_description//urdf/hat.fbx
[0.761s] -- Installing: /home/antonadonin/Robotics/lab5/ex05/install/robot_description/share/ament_index/resource_index/package_run_dependencies/robot_description
[0.761s] -- Installing: /home/antonadonin/Robotics/lab5/ex05/install/robot_description/share/ament_index/resource_index/parent_prefix_path/robot_description
[0.761s] -- Installing: /home/antonadonin/Robotics/lab5/ex05/install/robot_description/share/robot_description/environment/ament_prefix_path.sh
[0.761s] -- Installing: /home/antonadonin/Robotics/lab5/ex05/install/robot_description/share/robot_description/environment/ament_prefix_path.dsv
[0.761s] -- Installing: /home/antonadonin/Robotics/lab5/ex05/install/robot_description/share/robot_description/environment/path.sh
[0.761s] -- Installing: /home/antonadonin/Robotics/lab5/ex05/install/robot_description/share/robot_description/environment/path.dsv
[0.761s] -- Installing: /home/antonadonin/Robotics/lab5/ex05/install/robot_description/share/robot_description/local_setup.bash
[0.762s] -- Installing: /home/antonadonin/Robotics/lab5/ex05/install/robot_description/share/robot_description/local_setup.sh
[0.762s] -- Installing: /home/antonadonin/Robotics/lab5/ex05/install/robot_description/share/robot_description/local_setup.zsh
[0.762s] -- Installing: /home/antonadonin/Robotics/lab5/ex05/install/robot_description/share/robot_description/local_setup.dsv
[0.762s] -- Installing: /home/antonadonin/Robotics/lab5/ex05/install/robot_description/share/robot_description/package.dsv
[0.762s] -- Installing: /home/antonadonin/Robotics/lab5/ex05/install/robot_description/share/ament_index/resource_index/packages/robot_description
[0.762s] -- Installing: /home/antonadonin/Robotics/lab5/ex05/install/robot_description/share/robot_description/cmake/robot_descriptionConfig.cmake
[0.762s] -- Installing: /home/antonadonin/Robotics/lab5/ex05/install/robot_description/share/robot_description/cmake/robot_descriptionConfig-version.cmake
[0.763s] -- Installing: /home/antonadonin/Robotics/lab5/ex05/install/robot_description/share/robot_description/package.xml
[0.764s] Invoked command in '/home/antonadonin/Robotics/lab5/ex05/build/robot_description' returned '0': CMAKE_PREFIX_PATH=${CMAKE_PREFIX_PATH}:/opt/ros/jazzy DEBUGINFOD_URLS=https://debuginfod.ubuntu.com /usr/bin/cmake --install /home/antonadonin/Robotics/lab5/ex05/build/robot_description
