running egg_info
creating ../build/timetravel/timetravel.egg-info
writing ../build/timetravel/timetravel.egg-info/PKG-INFO
writing dependency_links to ../build/timetravel/timetravel.egg-info/dependency_links.txt
writing entry points to ../build/timetravel/timetravel.egg-info/entry_points.txt
writing requirements to ../build/timetravel/timetravel.egg-info/requires.txt
writing top-level names to ../build/timetravel/timetravel.egg-info/top_level.txt
writing manifest file '../build/timetravel/timetravel.egg-info/SOURCES.txt'
reading manifest file '../build/timetravel/timetravel.egg-info/SOURCES.txt'
writing manifest file '../build/timetravel/timetravel.egg-info/SOURCES.txt'
running build
running build_py
creating /home/antonadonin/Robotics/lab4/ex03/build/timetravel/build
creating /home/antonadonin/Robotics/lab4/ex03/build/timetravel/build/lib
creating /home/antonadonin/Robotics/lab4/ex03/build/timetravel/build/lib/timetravel
copying timetravel/__init__.py -> /home/antonadonin/Robotics/lab4/ex03/build/timetravel/build/lib/timetravel
copying timetravel/turtle2_tf2_broadcaster.py -> /home/antonadonin/Robotics/lab4/ex03/build/timetravel/build/lib/timetravel
copying timetravel/turtle2_tf2_listener.py -> /home/antonadonin/Robotics/lab4/ex03/build/timetravel/build/lib/timetravel
copying timetravel/turtle1_tf2_broadcaster.py -> /home/antonadonin/Robotics/lab4/ex03/build/timetravel/build/lib/timetravel
running install
running install_lib
creating /home/antonadonin/Robotics/lab4/ex03/install/timetravel/lib/python3.12/site-packages/timetravel
copying /home/antonadonin/Robotics/lab4/ex03/build/timetravel/build/lib/timetravel/__init__.py -> /home/antonadonin/Robotics/lab4/ex03/install/timetravel/lib/python3.12/site-packages/timetravel
copying /home/antonadonin/Robotics/lab4/ex03/build/timetravel/build/lib/timetravel/turtle2_tf2_broadcaster.py -> /home/antonadonin/Robotics/lab4/ex03/install/timetravel/lib/python3.12/site-packages/timetravel
copying /home/antonadonin/Robotics/lab4/ex03/build/timetravel/build/lib/timetravel/turtle2_tf2_listener.py -> /home/antonadonin/Robotics/lab4/ex03/install/timetravel/lib/python3.12/site-packages/timetravel
copying /home/antonadonin/Robotics/lab4/ex03/build/timetravel/build/lib/timetravel/turtle1_tf2_broadcaster.py -> /home/antonadonin/Robotics/lab4/ex03/install/timetravel/lib/python3.12/site-packages/timetravel
byte-compiling /home/antonadonin/Robotics/lab4/ex03/install/timetravel/lib/python3.12/site-packages/timetravel/__init__.py to __init__.cpython-312.pyc
byte-compiling /home/antonadonin/Robotics/lab4/ex03/install/timetravel/lib/python3.12/site-packages/timetravel/turtle2_tf2_broadcaster.py to turtle2_tf2_broadcaster.cpython-312.pyc
byte-compiling /home/antonadonin/Robotics/lab4/ex03/install/timetravel/lib/python3.12/site-packages/timetravel/turtle2_tf2_listener.py to turtle2_tf2_listener.cpython-312.pyc
byte-compiling /home/antonadonin/Robotics/lab4/ex03/install/timetravel/lib/python3.12/site-packages/timetravel/turtle1_tf2_broadcaster.py to turtle1_tf2_broadcaster.cpython-312.pyc
running install_data
creating /home/antonadonin/Robotics/lab4/ex03/install/timetravel/share/ament_index
creating /home/antonadonin/Robotics/lab4/ex03/install/timetravel/share/ament_index/resource_index
creating /home/antonadonin/Robotics/lab4/ex03/install/timetravel/share/ament_index/resource_index/packages
copying resource/timetravel -> /home/antonadonin/Robotics/lab4/ex03/install/timetravel/share/ament_index/resource_index/packages
copying package.xml -> /home/antonadonin/Robotics/lab4/ex03/install/timetravel/share/timetravel
creating /home/antonadonin/Robotics/lab4/ex03/install/timetravel/share/timetravel/launch
copying launch/turtle_time_travel.launch.py -> /home/antonadonin/Robotics/lab4/ex03/install/timetravel/share/timetravel/launch
running install_egg_info
Copying ../build/timetravel/timetravel.egg-info to /home/antonadonin/Robotics/lab4/ex03/install/timetravel/lib/python3.12/site-packages/timetravel-0.0.0-py3.12.egg-info
running install_scripts
Installing turtle1_tf2_broadcaster script to /home/antonadonin/Robotics/lab4/ex03/install/timetravel/lib/timetravel
Installing turtle2_tf2_broadcaster script to /home/antonadonin/Robotics/lab4/ex03/install/timetravel/lib/timetravel
Installing turtle2_tf2_listener script to /home/antonadonin/Robotics/lab4/ex03/install/timetravel/lib/timetravel
writing list of installed files to '/home/antonadonin/Robotics/lab4/ex03/build/timetravel/install.log'
