[0.090s] Invoking command in '/Users/antonadonin/ros2_jazzy/task9_pkg/build/task9_pkg': CMAKE_PREFIX_PATH=${CMAKE_PREFIX_PATH}:/Users/antonadonin/ros2_jazzy/install/rosbag2_examples_py:/Users/antonadonin/ros2_jazzy/install/launch_testing_examples:/Users/antonadonin/ros2_jazzy/install/ros2bag:/Users/antonadonin/ros2_jazzy/install/tracetools_test:/Users/antonadonin/ros2_jazzy/install/tracetools_launch:/Users/antonadonin/ros2_jazzy/install/topic_monitor:/Users/antonadonin/ros2_jazzy/install/tf2_tools:/Users/antonadonin/ros2_jazzy/install/examples_tf2_py:/Users/antonadonin/ros2_jazzy/install/tf2_ros_py:/Users/antonadonin/ros2_jazzy/install/examples_rclpy_pointcloud_publisher:/Users/antonadonin/ros2_jazzy/install/sensor_msgs_py:/Users/antonadonin/ros2_jazzy/install/quality_of_service_demo_py:/Users/antonadonin/ros2_jazzy/install/ros2doctor:/Users/antonadonin/ros2_jazzy/install/lifecycle_py:/Users/antonadonin/ros2_jazzy/install/examples_rclpy_minimal_subscriber:/Users/antonadonin/ros2_jazzy/install/examples_rclpy_minimal_service:/Users/antonadonin/ros2_jazzy/install/examples_rclpy_minimal_publisher:/Users/antonadonin/ros2_jazzy/install/examples_rclpy_minimal_client:/Users/antonadonin/ros2_jazzy/install/examples_rclpy_executors:/Users/antonadonin/ros2_jazzy/install/demo_nodes_py:/Users/antonadonin/ros2_jazzy/install/ros2component:/Users/antonadonin/ros2_jazzy/install/sros2:/Users/antonadonin/ros2_jazzy/install/ros2trace:/Users/antonadonin/ros2_jazzy/install/ros2topic:/Users/antonadonin/ros2_jazzy/install/ros2test:/Users/antonadonin/ros2_jazzy/install/ros2param:/Users/antonadonin/ros2_jazzy/install/ros2lifecycle:/Users/antonadonin/ros2_jazzy/install/ros2service:/Users/antonadonin/ros2_jazzy/install/ros2run:/Users/antonadonin/ros2_jazzy/install/ros2launch:/Users/antonadonin/ros2_jazzy/install/ros2pkg:/Users/antonadonin/ros2_jazzy/install/ros2node:/Users/antonadonin/ros2_jazzy/install/ros2multicast:/Users/antonadonin/ros2_jazzy/install/ros2interface:/Users/antonadonin/ros2_jazzy/install/ros2action:/Users/antonadonin/ros2_jazzy/install/ros2cli:/Users/antonadonin/ros2_jazzy/install/launch_testing_ros:/Users/antonadonin/ros2_jazzy/install/launch_ros:/Users/antonadonin/ros2_jazzy/install/examples_rclpy_minimal_action_server:/Users/antonadonin/ros2_jazzy/install/examples_rclpy_minimal_action_client:/Users/antonadonin/ros2_jazzy/install/examples_rclpy_guard_conditions:/Users/antonadonin/ros2_jazzy/install/action_tutorials_py:/Users/antonadonin/ros2_jazzy/install/ament_uncrustify:/Users/antonadonin/ros2_jazzy/install/tracetools_trace:/Users/antonadonin/ros2_jazzy/install/tracetools_read:/Users/antonadonin/ros2_jazzy/install/test_tracetools_launch:/Users/antonadonin/ros2_jazzy/install/test_ros2trace:/Users/antonadonin/ros2_jazzy/install/test_launch_ros:/Users/antonadonin/ros2_jazzy/install/rpyutils:/Users/antonadonin/ros2_jazzy/install/rosidl_runtime_py:/Users/antonadonin/ros2_jazzy/install/rosidl_pycommon:/Users/antonadonin/ros2_jazzy/install/rosidl_cli:/Users/antonadonin/ros2_jazzy/install/launch_pytest:/Users/antonadonin/ros2_jazzy/install/launch_testing:/Users/antonadonin/ros2_jazzy/install/launch_yaml:/Users/antonadonin/ros2_jazzy/install/launch_xml:/Users/antonadonin/ros2_jazzy/install/launch:/Users/antonadonin/ros2_jazzy/install/osrf_pycommon:/Users/antonadonin/ros2_jazzy/install/domain_coordinator:/Users/antonadonin/ros2_jazzy/install/ament_xmllint:/Users/antonadonin/ros2_jazzy/install/ament_pyflakes:/Users/antonadonin/ros2_jazzy/install/ament_pycodestyle:/Users/antonadonin/ros2_jazzy/install/ament_pep257:/Users/antonadonin/ros2_jazzy/install/ament_pclint:/Users/antonadonin/ros2_jazzy/install/ament_package:/Users/antonadonin/ros2_jazzy/install/ament_mypy:/Users/antonadonin/ros2_jazzy/install/ament_lint_cmake:/Users/antonadonin/ros2_jazzy/install/ament_flake8:/Users/antonadonin/ros2_jazzy/install/ament_copyright:/Users/antonadonin/ros2_jazzy/install/ament_lint:/Users/antonadonin/ros2_jazzy/install/ament_index_python:/Users/antonadonin/ros2_jazzy/install/ament_cpplint:/Users/antonadonin/ros2_jazzy/install/ament_cppcheck:/Users/antonadonin/ros2_jazzy/install/ament_clang_tidy:/Users/antonadonin/ros2_jazzy/install/ament_clang_format CONDA_PROMPT_MODIFIER=(base) SHLVL=3 VIRTUAL_ENV_PROMPT=(.ros2_venv) _=/usr/bin/env /opt/homebrew/bin/cmake /Users/antonadonin/ros2_jazzy/task9_pkg -DCMAKE_INSTALL_PREFIX=/Users/antonadonin/ros2_jazzy/task9_pkg/install/task9_pkg
[0.295s] -- The C compiler identification is AppleClang 16.0.0.16000026
[0.377s] -- The CXX compiler identification is AppleClang 16.0.0.16000026
[0.400s] -- Detecting C compiler ABI info
[0.561s] -- Detecting C compiler ABI info - done
[0.581s] -- Check for working C compiler: /Applications/Xcode.app/Contents/Developer/Toolchains/XcodeDefault.xctoolchain/usr/bin/cc - skipped
[0.581s] -- Detecting C compile features
[0.582s] -- Detecting C compile features - done
[0.590s] -- Detecting CXX compiler ABI info
[0.741s] -- Detecting CXX compiler ABI info - done
[0.758s] -- Check for working CXX compiler: /Applications/Xcode.app/Contents/Developer/Toolchains/XcodeDefault.xctoolchain/usr/bin/c++ - skipped
[0.758s] -- Detecting CXX compile features
[0.759s] -- Detecting CXX compile features - done
[0.850s] -- Found ament_cmake: 2.5.0 (/Users/antonadonin/ros2_jazzy/install/ament_cmake/share/ament_cmake/cmake)
[1.290s] -- Found Python3: /Users/antonadonin/.ros2_venv/bin/python3 (found version "3.11.8") found components: Interpreter
[2.474s] -- Found rosidl_default_generators: 1.6.0 (/Users/antonadonin/ros2_jazzy/install/rosidl_default_generators/share/rosidl_default_generators/cmake)
[2.719s] -- Using all available rosidl_typesupport_c: rosidl_typesupport_introspection_c;rosidl_typesupport_fastrtps_c
[3.472s] -- Using all available rosidl_typesupport_cpp: rosidl_typesupport_introspection_cpp;rosidl_typesupport_fastrtps_cpp
[4.050s] -- Found rosidl_adapter: 4.6.2 (/Users/antonadonin/ros2_jazzy/install/rosidl_adapter/share/rosidl_adapter/cmake)
[5.793s] -- Found ament_cmake_ros: 0.12.0 (/Users/antonadonin/ros2_jazzy/install/ament_cmake_ros/share/ament_cmake_ros/cmake)
[6.619s] -- Using all available rosidl_typesupport_c: rosidl_typesupport_introspection_c;rosidl_typesupport_fastrtps_c
[7.810s] -- Using all available rosidl_typesupport_cpp: rosidl_typesupport_introspection_cpp;rosidl_typesupport_fastrtps_cpp
[7.877s] -- Found python_cmake_module: 0.11.1 (/Users/antonadonin/ros2_jazzy/install/python_cmake_module/share/python_cmake_module/cmake)
[8.161s] -- Found PythonExtra: /Users/antonadonin/.ros2_venv/bin/python3
[8.999s] -- Found Python3: /Users/antonadonin/.ros2_venv/bin/python3 (found version "3.11.8") found components: Interpreter Development NumPy Development.Module Development.Embed
[9.229s] -- Found ament_lint_auto: 0.17.0 (/Users/antonadonin/ros2_jazzy/install/ament_lint_auto/share/ament_lint_auto/cmake)
[9.728s] -- Added test 'cppcheck' to perform static code analysis on C / C++ code
[9.729s] -- Configured cppcheck include dirs: $<BUILD_INTERFACE:/Users/antonadonin/ros2_jazzy/task9_pkg/build/task9_pkg/rosidl_generator_c>;$<BUILD_INTERFACE:/Users/antonadonin/ros2_jazzy/task9_pkg/build/task9_pkg/rosidl_typesupport_introspection_c>;$<BUILD_INTERFACE:/Users/antonadonin/ros2_jazzy/task9_pkg/build/task9_pkg/rosidl_typesupport_fastrtps_c>;$<BUILD_INTERFACE:/Users/antonadonin/ros2_jazzy/task9_pkg/build/task9_pkg/rosidl_generator_cpp>;$<BUILD_INTERFACE:/Users/antonadonin/ros2_jazzy/task9_pkg/build/task9_pkg/rosidl_typesupport_introspection_cpp>;$<BUILD_INTERFACE:/Users/antonadonin/ros2_jazzy/task9_pkg/build/task9_pkg/rosidl_typesupport_fastrtps_cpp>;/Users/antonadonin/ros2_jazzy/task9_pkg/build/task9_pkg/rosidl_generator_c;/Users/antonadonin/ros2_jazzy/task9_pkg/build/task9_pkg/rosidl_generator_py
[9.729s] -- Configured cppcheck exclude dirs and/or files: 
[9.742s] -- Added test 'flake8' to check Python code syntax and style conventions
[9.742s] -- Configured 'flake8' exclude dirs and/or files: 
[9.754s] -- Added test 'lint_cmake' to check CMake code style
[9.765s] -- Added test 'pep257' to check Python code against some of the docstring style conventions in PEP 257
[9.787s] -- Added test 'uncrustify' to check C / C++ code style
[9.787s] -- Configured uncrustify additional arguments: 
[9.798s] -- Added test 'xmllint' to check XML markup files
[9.820s] -- Configuring done (9.7s)
[9.959s] -- Generating done (0.1s)
[9.960s] -- Build files have been written to: /Users/antonadonin/ros2_jazzy/task9_pkg/build/task9_pkg
[9.966s] Invoked command in '/Users/antonadonin/ros2_jazzy/task9_pkg/build/task9_pkg' returned '0': CMAKE_PREFIX_PATH=${CMAKE_PREFIX_PATH}:/Users/antonadonin/ros2_jazzy/install/rosbag2_examples_py:/Users/antonadonin/ros2_jazzy/install/launch_testing_examples:/Users/antonadonin/ros2_jazzy/install/ros2bag:/Users/antonadonin/ros2_jazzy/install/tracetools_test:/Users/antonadonin/ros2_jazzy/install/tracetools_launch:/Users/antonadonin/ros2_jazzy/install/topic_monitor:/Users/antonadonin/ros2_jazzy/install/tf2_tools:/Users/antonadonin/ros2_jazzy/install/examples_tf2_py:/Users/antonadonin/ros2_jazzy/install/tf2_ros_py:/Users/antonadonin/ros2_jazzy/install/examples_rclpy_pointcloud_publisher:/Users/antonadonin/ros2_jazzy/install/sensor_msgs_py:/Users/antonadonin/ros2_jazzy/install/quality_of_service_demo_py:/Users/antonadonin/ros2_jazzy/install/ros2doctor:/Users/antonadonin/ros2_jazzy/install/lifecycle_py:/Users/antonadonin/ros2_jazzy/install/examples_rclpy_minimal_subscriber:/Users/antonadonin/ros2_jazzy/install/examples_rclpy_minimal_service:/Users/antonadonin/ros2_jazzy/install/examples_rclpy_minimal_publisher:/Users/antonadonin/ros2_jazzy/install/examples_rclpy_minimal_client:/Users/antonadonin/ros2_jazzy/install/examples_rclpy_executors:/Users/antonadonin/ros2_jazzy/install/demo_nodes_py:/Users/antonadonin/ros2_jazzy/install/ros2component:/Users/antonadonin/ros2_jazzy/install/sros2:/Users/antonadonin/ros2_jazzy/install/ros2trace:/Users/antonadonin/ros2_jazzy/install/ros2topic:/Users/antonadonin/ros2_jazzy/install/ros2test:/Users/antonadonin/ros2_jazzy/install/ros2param:/Users/antonadonin/ros2_jazzy/install/ros2lifecycle:/Users/antonadonin/ros2_jazzy/install/ros2service:/Users/antonadonin/ros2_jazzy/install/ros2run:/Users/antonadonin/ros2_jazzy/install/ros2launch:/Users/antonadonin/ros2_jazzy/install/ros2pkg:/Users/antonadonin/ros2_jazzy/install/ros2node:/Users/antonadonin/ros2_jazzy/install/ros2multicast:/Users/antonadonin/ros2_jazzy/install/ros2interface:/Users/antonadonin/ros2_jazzy/install/ros2action:/Users/antonadonin/ros2_jazzy/install/ros2cli:/Users/antonadonin/ros2_jazzy/install/launch_testing_ros:/Users/antonadonin/ros2_jazzy/install/launch_ros:/Users/antonadonin/ros2_jazzy/install/examples_rclpy_minimal_action_server:/Users/antonadonin/ros2_jazzy/install/examples_rclpy_minimal_action_client:/Users/antonadonin/ros2_jazzy/install/examples_rclpy_guard_conditions:/Users/antonadonin/ros2_jazzy/install/action_tutorials_py:/Users/antonadonin/ros2_jazzy/install/ament_uncrustify:/Users/antonadonin/ros2_jazzy/install/tracetools_trace:/Users/antonadonin/ros2_jazzy/install/tracetools_read:/Users/antonadonin/ros2_jazzy/install/test_tracetools_launch:/Users/antonadonin/ros2_jazzy/install/test_ros2trace:/Users/antonadonin/ros2_jazzy/install/test_launch_ros:/Users/antonadonin/ros2_jazzy/install/rpyutils:/Users/antonadonin/ros2_jazzy/install/rosidl_runtime_py:/Users/antonadonin/ros2_jazzy/install/rosidl_pycommon:/Users/antonadonin/ros2_jazzy/install/rosidl_cli:/Users/antonadonin/ros2_jazzy/install/launch_pytest:/Users/antonadonin/ros2_jazzy/install/launch_testing:/Users/antonadonin/ros2_jazzy/install/launch_yaml:/Users/antonadonin/ros2_jazzy/install/launch_xml:/Users/antonadonin/ros2_jazzy/install/launch:/Users/antonadonin/ros2_jazzy/install/osrf_pycommon:/Users/antonadonin/ros2_jazzy/install/domain_coordinator:/Users/antonadonin/ros2_jazzy/install/ament_xmllint:/Users/antonadonin/ros2_jazzy/install/ament_pyflakes:/Users/antonadonin/ros2_jazzy/install/ament_pycodestyle:/Users/antonadonin/ros2_jazzy/install/ament_pep257:/Users/antonadonin/ros2_jazzy/install/ament_pclint:/Users/antonadonin/ros2_jazzy/install/ament_package:/Users/antonadonin/ros2_jazzy/install/ament_mypy:/Users/antonadonin/ros2_jazzy/install/ament_lint_cmake:/Users/antonadonin/ros2_jazzy/install/ament_flake8:/Users/antonadonin/ros2_jazzy/install/ament_copyright:/Users/antonadonin/ros2_jazzy/install/ament_lint:/Users/antonadonin/ros2_jazzy/install/ament_index_python:/Users/antonadonin/ros2_jazzy/install/ament_cpplint:/Users/antonadonin/ros2_jazzy/install/ament_cppcheck:/Users/antonadonin/ros2_jazzy/install/ament_clang_tidy:/Users/antonadonin/ros2_jazzy/install/ament_clang_format CONDA_PROMPT_MODIFIER=(base) SHLVL=3 VIRTUAL_ENV_PROMPT=(.ros2_venv) _=/usr/bin/env /opt/homebrew/bin/cmake /Users/antonadonin/ros2_jazzy/task9_pkg -DCMAKE_INSTALL_PREFIX=/Users/antonadonin/ros2_jazzy/task9_pkg/install/task9_pkg
[9.967s] Invoking command in '/Users/antonadonin/ros2_jazzy/task9_pkg/build/task9_pkg': CMAKE_PREFIX_PATH=${CMAKE_PREFIX_PATH}:/Users/antonadonin/ros2_jazzy/install/rosbag2_examples_py:/Users/antonadonin/ros2_jazzy/install/launch_testing_examples:/Users/antonadonin/ros2_jazzy/install/ros2bag:/Users/antonadonin/ros2_jazzy/install/tracetools_test:/Users/antonadonin/ros2_jazzy/install/tracetools_launch:/Users/antonadonin/ros2_jazzy/install/topic_monitor:/Users/antonadonin/ros2_jazzy/install/tf2_tools:/Users/antonadonin/ros2_jazzy/install/examples_tf2_py:/Users/antonadonin/ros2_jazzy/install/tf2_ros_py:/Users/antonadonin/ros2_jazzy/install/examples_rclpy_pointcloud_publisher:/Users/antonadonin/ros2_jazzy/install/sensor_msgs_py:/Users/antonadonin/ros2_jazzy/install/quality_of_service_demo_py:/Users/antonadonin/ros2_jazzy/install/ros2doctor:/Users/antonadonin/ros2_jazzy/install/lifecycle_py:/Users/antonadonin/ros2_jazzy/install/examples_rclpy_minimal_subscriber:/Users/antonadonin/ros2_jazzy/install/examples_rclpy_minimal_service:/Users/antonadonin/ros2_jazzy/install/examples_rclpy_minimal_publisher:/Users/antonadonin/ros2_jazzy/install/examples_rclpy_minimal_client:/Users/antonadonin/ros2_jazzy/install/examples_rclpy_executors:/Users/antonadonin/ros2_jazzy/install/demo_nodes_py:/Users/antonadonin/ros2_jazzy/install/ros2component:/Users/antonadonin/ros2_jazzy/install/sros2:/Users/antonadonin/ros2_jazzy/install/ros2trace:/Users/antonadonin/ros2_jazzy/install/ros2topic:/Users/antonadonin/ros2_jazzy/install/ros2test:/Users/antonadonin/ros2_jazzy/install/ros2param:/Users/antonadonin/ros2_jazzy/install/ros2lifecycle:/Users/antonadonin/ros2_jazzy/install/ros2service:/Users/antonadonin/ros2_jazzy/install/ros2run:/Users/antonadonin/ros2_jazzy/install/ros2launch:/Users/antonadonin/ros2_jazzy/install/ros2pkg:/Users/antonadonin/ros2_jazzy/install/ros2node:/Users/antonadonin/ros2_jazzy/install/ros2multicast:/Users/antonadonin/ros2_jazzy/install/ros2interface:/Users/antonadonin/ros2_jazzy/install/ros2action:/Users/antonadonin/ros2_jazzy/install/ros2cli:/Users/antonadonin/ros2_jazzy/install/launch_testing_ros:/Users/antonadonin/ros2_jazzy/install/launch_ros:/Users/antonadonin/ros2_jazzy/install/examples_rclpy_minimal_action_server:/Users/antonadonin/ros2_jazzy/install/examples_rclpy_minimal_action_client:/Users/antonadonin/ros2_jazzy/install/examples_rclpy_guard_conditions:/Users/antonadonin/ros2_jazzy/install/action_tutorials_py:/Users/antonadonin/ros2_jazzy/install/ament_uncrustify:/Users/antonadonin/ros2_jazzy/install/tracetools_trace:/Users/antonadonin/ros2_jazzy/install/tracetools_read:/Users/antonadonin/ros2_jazzy/install/test_tracetools_launch:/Users/antonadonin/ros2_jazzy/install/test_ros2trace:/Users/antonadonin/ros2_jazzy/install/test_launch_ros:/Users/antonadonin/ros2_jazzy/install/rpyutils:/Users/antonadonin/ros2_jazzy/install/rosidl_runtime_py:/Users/antonadonin/ros2_jazzy/install/rosidl_pycommon:/Users/antonadonin/ros2_jazzy/install/rosidl_cli:/Users/antonadonin/ros2_jazzy/install/launch_pytest:/Users/antonadonin/ros2_jazzy/install/launch_testing:/Users/antonadonin/ros2_jazzy/install/launch_yaml:/Users/antonadonin/ros2_jazzy/install/launch_xml:/Users/antonadonin/ros2_jazzy/install/launch:/Users/antonadonin/ros2_jazzy/install/osrf_pycommon:/Users/antonadonin/ros2_jazzy/install/domain_coordinator:/Users/antonadonin/ros2_jazzy/install/ament_xmllint:/Users/antonadonin/ros2_jazzy/install/ament_pyflakes:/Users/antonadonin/ros2_jazzy/install/ament_pycodestyle:/Users/antonadonin/ros2_jazzy/install/ament_pep257:/Users/antonadonin/ros2_jazzy/install/ament_pclint:/Users/antonadonin/ros2_jazzy/install/ament_package:/Users/antonadonin/ros2_jazzy/install/ament_mypy:/Users/antonadonin/ros2_jazzy/install/ament_lint_cmake:/Users/antonadonin/ros2_jazzy/install/ament_flake8:/Users/antonadonin/ros2_jazzy/install/ament_copyright:/Users/antonadonin/ros2_jazzy/install/ament_lint:/Users/antonadonin/ros2_jazzy/install/ament_index_python:/Users/antonadonin/ros2_jazzy/install/ament_cpplint:/Users/antonadonin/ros2_jazzy/install/ament_cppcheck:/Users/antonadonin/ros2_jazzy/install/ament_clang_tidy:/Users/antonadonin/ros2_jazzy/install/ament_clang_format CONDA_PROMPT_MODIFIER=(base) SHLVL=3 VIRTUAL_ENV_PROMPT=(.ros2_venv) _=/usr/bin/env /opt/homebrew/bin/cmake --build /Users/antonadonin/ros2_jazzy/task9_pkg/build/task9_pkg -- -j8 -l8
[10.032s] [  2%] Generating type hashes for ROS interfaces
[10.037s] [  2%] Built target ament_cmake_python_copy_task9_pkg
[10.364s] [  2%] Built target task9_pkg__rosidl_generator_type_description
[10.377s] [  4%] Generating C code for ROS interfaces
[10.390s] [  6%] Generating C++ code for ROS interfaces
[10.496s] running egg_info
[10.497s] creating task9_pkg.egg-info
[10.497s] writing task9_pkg.egg-info/PKG-INFO
[10.497s] writing dependency_links to task9_pkg.egg-info/dependency_links.txt
[10.497s] writing top-level names to task9_pkg.egg-info/top_level.txt
[10.497s] writing manifest file 'task9_pkg.egg-info/SOURCES.txt'
[10.500s] reading manifest file 'task9_pkg.egg-info/SOURCES.txt'
[10.500s] writing manifest file 'task9_pkg.egg-info/SOURCES.txt'
[10.528s] [  6%] Built target ament_cmake_python_build_task9_pkg_egg
[10.820s] [  6%] Built target task9_pkg__cpp
[10.852s] [  9%] Building C object CMakeFiles/task9_pkg__rosidl_generator_c.dir/rosidl_generator_c/task9_pkg/msg/detail/full_name_message__description.c.o
[10.852s] [ 11%] Building C object CMakeFiles/task9_pkg__rosidl_generator_c.dir/rosidl_generator_c/task9_pkg/msg/detail/full_name_message__functions.c.o
[10.854s] [ 13%] Building C object CMakeFiles/task9_pkg__rosidl_generator_c.dir/rosidl_generator_c/task9_pkg/srv/detail/full_name_sum_service__description.c.o
[10.854s] [ 15%] Building C object CMakeFiles/task9_pkg__rosidl_generator_c.dir/rosidl_generator_c/task9_pkg/srv/detail/full_name_sum_service__type_support.c.o
[10.857s] [ 18%] Building C object CMakeFiles/task9_pkg__rosidl_generator_c.dir/rosidl_generator_c/task9_pkg/msg/detail/full_name_message__type_support.c.o
[10.858s] [ 20%] Building C object CMakeFiles/task9_pkg__rosidl_generator_c.dir/rosidl_generator_c/task9_pkg/srv/detail/full_name_sum_service__functions.c.o
[10.952s] [ 22%] Linking C shared library libtask9_pkg__rosidl_generator_c.dylib
[11.009s] [ 22%] Built target task9_pkg__rosidl_generator_c
[11.024s] [ 25%] Generating C++ introspection for ROS interfaces
[11.025s] [ 29%] Generating C introspection for ROS interfaces
[11.025s] [ 29%] Generating C++ type support for eProsima Fast-RTPS
[11.025s] [ 31%] Generating C type support for eProsima Fast-RTPS
[11.025s] [ 34%] Generating C++ type support dispatch for ROS interfaces
[11.026s] [ 36%] Generating C type support dispatch for ROS interfaces
[11.574s] [ 38%] Building CXX object CMakeFiles/task9_pkg__rosidl_typesupport_cpp.dir/rosidl_typesupport_cpp/task9_pkg/msg/full_name_message__type_support.cpp.o
[11.579s] [ 40%] Building CXX object CMakeFiles/task9_pkg__rosidl_typesupport_cpp.dir/rosidl_typesupport_cpp/task9_pkg/srv/full_name_sum_service__type_support.cpp.o
[11.594s] [ 43%] Building CXX object CMakeFiles/task9_pkg__rosidl_typesupport_c.dir/rosidl_typesupport_c/task9_pkg/msg/full_name_message__type_support.cpp.o
[11.595s] [ 45%] Building CXX object CMakeFiles/task9_pkg__rosidl_typesupport_c.dir/rosidl_typesupport_c/task9_pkg/srv/full_name_sum_service__type_support.cpp.o
[11.624s] [ 47%] Building C object CMakeFiles/task9_pkg__rosidl_typesupport_introspection_c.dir/rosidl_typesupport_introspection_c/task9_pkg/msg/detail/full_name_message__type_support.c.o
[11.637s] [ 50%] Building CXX object CMakeFiles/task9_pkg__rosidl_typesupport_introspection_cpp.dir/rosidl_typesupport_introspection_cpp/task9_pkg/msg/detail/full_name_message__type_support.cpp.o
[11.674s] [ 52%] Building C object CMakeFiles/task9_pkg__rosidl_typesupport_introspection_c.dir/rosidl_typesupport_introspection_c/task9_pkg/srv/detail/full_name_sum_service__type_support.c.o
[11.679s] [ 54%] Linking CXX shared library libtask9_pkg__rosidl_typesupport_c.dylib
[11.706s] [ 56%] Building CXX object CMakeFiles/task9_pkg__rosidl_typesupport_introspection_cpp.dir/rosidl_typesupport_introspection_cpp/task9_pkg/srv/detail/full_name_sum_service__type_support.cpp.o
[11.719s] [ 59%] Building CXX object CMakeFiles/task9_pkg__rosidl_typesupport_fastrtps_cpp.dir/rosidl_typesupport_fastrtps_cpp/task9_pkg/msg/detail/dds_fastrtps/full_name_message__type_support.cpp.o
[11.766s] [ 61%] Linking C shared library libtask9_pkg__rosidl_typesupport_introspection_c.dylib
[11.771s] [ 61%] Built target task9_pkg__rosidl_typesupport_c
[11.772s] [ 63%] Building CXX object CMakeFiles/task9_pkg__rosidl_typesupport_fastrtps_c.dir/rosidl_typesupport_fastrtps_c/task9_pkg/msg/detail/full_name_message__type_support_c.cpp.o
[11.785s] [ 65%] Building CXX object CMakeFiles/task9_pkg__rosidl_typesupport_fastrtps_cpp.dir/rosidl_typesupport_fastrtps_cpp/task9_pkg/srv/detail/dds_fastrtps/full_name_sum_service__type_support.cpp.o
[11.871s] [ 65%] Built target task9_pkg__rosidl_typesupport_introspection_c
[11.895s] [ 68%] Building CXX object CMakeFiles/task9_pkg__rosidl_typesupport_fastrtps_c.dir/rosidl_typesupport_fastrtps_c/task9_pkg/srv/detail/full_name_sum_service__type_support_c.cpp.o
[12.366s] [ 70%] Linking CXX shared library libtask9_pkg__rosidl_typesupport_cpp.dylib
[12.435s] [ 70%] Built target task9_pkg__rosidl_typesupport_cpp
[12.455s] [ 72%] Linking CXX shared library libtask9_pkg__rosidl_typesupport_introspection_cpp.dylib
[12.511s] [ 72%] Built target task9_pkg__rosidl_typesupport_introspection_cpp
[12.543s] [ 75%] Linking CXX shared library libtask9_pkg__rosidl_typesupport_fastrtps_cpp.dylib
[12.553s] [ 77%] Linking CXX shared library libtask9_pkg__rosidl_typesupport_fastrtps_c.dylib
[12.599s] [ 77%] Built target task9_pkg__rosidl_typesupport_fastrtps_cpp
[12.606s] [ 77%] Built target task9_pkg__rosidl_typesupport_fastrtps_c
[12.631s] [ 77%] Built target task9_pkg
[12.654s] [ 79%] Generating Python code for ROS interfaces
[13.119s] [ 79%] Built target task9_pkg__py
[13.144s] [ 84%] Building C object CMakeFiles/task9_pkg__rosidl_generator_py.dir/rosidl_generator_py/task9_pkg/srv/_full_name_sum_service_s.c.o
[13.144s] [ 84%] Building C object CMakeFiles/task9_pkg__rosidl_generator_py.dir/rosidl_generator_py/task9_pkg/msg/_full_name_message_s.c.o
[13.266s] [ 86%] Linking C shared library libtask9_pkg__rosidl_generator_py.dylib
[13.320s] [ 86%] Built target task9_pkg__rosidl_generator_py
[13.345s] [ 93%] Building C object CMakeFiles/task9_pkg_s__rosidl_typesupport_c.dir/rosidl_generator_py/task9_pkg/_task9_pkg_s.ep.rosidl_typesupport_c.c.o
[13.346s] [ 93%] Building C object CMakeFiles/task9_pkg_s__rosidl_typesupport_fastrtps_c.dir/rosidl_generator_py/task9_pkg/_task9_pkg_s.ep.rosidl_typesupport_fastrtps_c.c.o
[13.346s] [ 93%] Building C object CMakeFiles/task9_pkg_s__rosidl_typesupport_introspection_c.dir/rosidl_generator_py/task9_pkg/_task9_pkg_s.ep.rosidl_typesupport_introspection_c.c.o
[13.428s] [100%] Linking C shared module rosidl_generator_py/task9_pkg/task9_pkg_s__rosidl_typesupport_fastrtps_c.so
[13.428s] [100%] Linking C shared module rosidl_generator_py/task9_pkg/task9_pkg_s__rosidl_typesupport_c.so
[13.428s] [100%] Linking C shared module rosidl_generator_py/task9_pkg/task9_pkg_s__rosidl_typesupport_introspection_c.so
[13.490s] [100%] Built target task9_pkg_s__rosidl_typesupport_fastrtps_c
[13.490s] [100%] Built target task9_pkg_s__rosidl_typesupport_introspection_c
[13.490s] [100%] Built target task9_pkg_s__rosidl_typesupport_c
[13.500s] Invoked command in '/Users/antonadonin/ros2_jazzy/task9_pkg/build/task9_pkg' returned '0': CMAKE_PREFIX_PATH=${CMAKE_PREFIX_PATH}:/Users/antonadonin/ros2_jazzy/install/rosbag2_examples_py:/Users/antonadonin/ros2_jazzy/install/launch_testing_examples:/Users/antonadonin/ros2_jazzy/install/ros2bag:/Users/antonadonin/ros2_jazzy/install/tracetools_test:/Users/antonadonin/ros2_jazzy/install/tracetools_launch:/Users/antonadonin/ros2_jazzy/install/topic_monitor:/Users/antonadonin/ros2_jazzy/install/tf2_tools:/Users/antonadonin/ros2_jazzy/install/examples_tf2_py:/Users/antonadonin/ros2_jazzy/install/tf2_ros_py:/Users/antonadonin/ros2_jazzy/install/examples_rclpy_pointcloud_publisher:/Users/antonadonin/ros2_jazzy/install/sensor_msgs_py:/Users/antonadonin/ros2_jazzy/install/quality_of_service_demo_py:/Users/antonadonin/ros2_jazzy/install/ros2doctor:/Users/antonadonin/ros2_jazzy/install/lifecycle_py:/Users/antonadonin/ros2_jazzy/install/examples_rclpy_minimal_subscriber:/Users/antonadonin/ros2_jazzy/install/examples_rclpy_minimal_service:/Users/antonadonin/ros2_jazzy/install/examples_rclpy_minimal_publisher:/Users/antonadonin/ros2_jazzy/install/examples_rclpy_minimal_client:/Users/antonadonin/ros2_jazzy/install/examples_rclpy_executors:/Users/antonadonin/ros2_jazzy/install/demo_nodes_py:/Users/antonadonin/ros2_jazzy/install/ros2component:/Users/antonadonin/ros2_jazzy/install/sros2:/Users/antonadonin/ros2_jazzy/install/ros2trace:/Users/antonadonin/ros2_jazzy/install/ros2topic:/Users/antonadonin/ros2_jazzy/install/ros2test:/Users/antonadonin/ros2_jazzy/install/ros2param:/Users/antonadonin/ros2_jazzy/install/ros2lifecycle:/Users/antonadonin/ros2_jazzy/install/ros2service:/Users/antonadonin/ros2_jazzy/install/ros2run:/Users/antonadonin/ros2_jazzy/install/ros2launch:/Users/antonadonin/ros2_jazzy/install/ros2pkg:/Users/antonadonin/ros2_jazzy/install/ros2node:/Users/antonadonin/ros2_jazzy/install/ros2multicast:/Users/antonadonin/ros2_jazzy/install/ros2interface:/Users/antonadonin/ros2_jazzy/install/ros2action:/Users/antonadonin/ros2_jazzy/install/ros2cli:/Users/antonadonin/ros2_jazzy/install/launch_testing_ros:/Users/antonadonin/ros2_jazzy/install/launch_ros:/Users/antonadonin/ros2_jazzy/install/examples_rclpy_minimal_action_server:/Users/antonadonin/ros2_jazzy/install/examples_rclpy_minimal_action_client:/Users/antonadonin/ros2_jazzy/install/examples_rclpy_guard_conditions:/Users/antonadonin/ros2_jazzy/install/action_tutorials_py:/Users/antonadonin/ros2_jazzy/install/ament_uncrustify:/Users/antonadonin/ros2_jazzy/install/tracetools_trace:/Users/antonadonin/ros2_jazzy/install/tracetools_read:/Users/antonadonin/ros2_jazzy/install/test_tracetools_launch:/Users/antonadonin/ros2_jazzy/install/test_ros2trace:/Users/antonadonin/ros2_jazzy/install/test_launch_ros:/Users/antonadonin/ros2_jazzy/install/rpyutils:/Users/antonadonin/ros2_jazzy/install/rosidl_runtime_py:/Users/antonadonin/ros2_jazzy/install/rosidl_pycommon:/Users/antonadonin/ros2_jazzy/install/rosidl_cli:/Users/antonadonin/ros2_jazzy/install/launch_pytest:/Users/antonadonin/ros2_jazzy/install/launch_testing:/Users/antonadonin/ros2_jazzy/install/launch_yaml:/Users/antonadonin/ros2_jazzy/install/launch_xml:/Users/antonadonin/ros2_jazzy/install/launch:/Users/antonadonin/ros2_jazzy/install/osrf_pycommon:/Users/antonadonin/ros2_jazzy/install/domain_coordinator:/Users/antonadonin/ros2_jazzy/install/ament_xmllint:/Users/antonadonin/ros2_jazzy/install/ament_pyflakes:/Users/antonadonin/ros2_jazzy/install/ament_pycodestyle:/Users/antonadonin/ros2_jazzy/install/ament_pep257:/Users/antonadonin/ros2_jazzy/install/ament_pclint:/Users/antonadonin/ros2_jazzy/install/ament_package:/Users/antonadonin/ros2_jazzy/install/ament_mypy:/Users/antonadonin/ros2_jazzy/install/ament_lint_cmake:/Users/antonadonin/ros2_jazzy/install/ament_flake8:/Users/antonadonin/ros2_jazzy/install/ament_copyright:/Users/antonadonin/ros2_jazzy/install/ament_lint:/Users/antonadonin/ros2_jazzy/install/ament_index_python:/Users/antonadonin/ros2_jazzy/install/ament_cpplint:/Users/antonadonin/ros2_jazzy/install/ament_cppcheck:/Users/antonadonin/ros2_jazzy/install/ament_clang_tidy:/Users/antonadonin/ros2_jazzy/install/ament_clang_format CONDA_PROMPT_MODIFIER=(base) SHLVL=3 VIRTUAL_ENV_PROMPT=(.ros2_venv) _=/usr/bin/env /opt/homebrew/bin/cmake --build /Users/antonadonin/ros2_jazzy/task9_pkg/build/task9_pkg -- -j8 -l8
[13.974s] Invoking command in '/Users/antonadonin/ros2_jazzy/task9_pkg/build/task9_pkg': CMAKE_PREFIX_PATH=${CMAKE_PREFIX_PATH}:/Users/antonadonin/ros2_jazzy/install/rosbag2_examples_py:/Users/antonadonin/ros2_jazzy/install/launch_testing_examples:/Users/antonadonin/ros2_jazzy/install/ros2bag:/Users/antonadonin/ros2_jazzy/install/tracetools_test:/Users/antonadonin/ros2_jazzy/install/tracetools_launch:/Users/antonadonin/ros2_jazzy/install/topic_monitor:/Users/antonadonin/ros2_jazzy/install/tf2_tools:/Users/antonadonin/ros2_jazzy/install/examples_tf2_py:/Users/antonadonin/ros2_jazzy/install/tf2_ros_py:/Users/antonadonin/ros2_jazzy/install/examples_rclpy_pointcloud_publisher:/Users/antonadonin/ros2_jazzy/install/sensor_msgs_py:/Users/antonadonin/ros2_jazzy/install/quality_of_service_demo_py:/Users/antonadonin/ros2_jazzy/install/ros2doctor:/Users/antonadonin/ros2_jazzy/install/lifecycle_py:/Users/antonadonin/ros2_jazzy/install/examples_rclpy_minimal_subscriber:/Users/antonadonin/ros2_jazzy/install/examples_rclpy_minimal_service:/Users/antonadonin/ros2_jazzy/install/examples_rclpy_minimal_publisher:/Users/antonadonin/ros2_jazzy/install/examples_rclpy_minimal_client:/Users/antonadonin/ros2_jazzy/install/examples_rclpy_executors:/Users/antonadonin/ros2_jazzy/install/demo_nodes_py:/Users/antonadonin/ros2_jazzy/install/ros2component:/Users/antonadonin/ros2_jazzy/install/sros2:/Users/antonadonin/ros2_jazzy/install/ros2trace:/Users/antonadonin/ros2_jazzy/install/ros2topic:/Users/antonadonin/ros2_jazzy/install/ros2test:/Users/antonadonin/ros2_jazzy/install/ros2param:/Users/antonadonin/ros2_jazzy/install/ros2lifecycle:/Users/antonadonin/ros2_jazzy/install/ros2service:/Users/antonadonin/ros2_jazzy/install/ros2run:/Users/antonadonin/ros2_jazzy/install/ros2launch:/Users/antonadonin/ros2_jazzy/install/ros2pkg:/Users/antonadonin/ros2_jazzy/install/ros2node:/Users/antonadonin/ros2_jazzy/install/ros2multicast:/Users/antonadonin/ros2_jazzy/install/ros2interface:/Users/antonadonin/ros2_jazzy/install/ros2action:/Users/antonadonin/ros2_jazzy/install/ros2cli:/Users/antonadonin/ros2_jazzy/install/launch_testing_ros:/Users/antonadonin/ros2_jazzy/install/launch_ros:/Users/antonadonin/ros2_jazzy/install/examples_rclpy_minimal_action_server:/Users/antonadonin/ros2_jazzy/install/examples_rclpy_minimal_action_client:/Users/antonadonin/ros2_jazzy/install/examples_rclpy_guard_conditions:/Users/antonadonin/ros2_jazzy/install/action_tutorials_py:/Users/antonadonin/ros2_jazzy/install/ament_uncrustify:/Users/antonadonin/ros2_jazzy/install/tracetools_trace:/Users/antonadonin/ros2_jazzy/install/tracetools_read:/Users/antonadonin/ros2_jazzy/install/test_tracetools_launch:/Users/antonadonin/ros2_jazzy/install/test_ros2trace:/Users/antonadonin/ros2_jazzy/install/test_launch_ros:/Users/antonadonin/ros2_jazzy/install/rpyutils:/Users/antonadonin/ros2_jazzy/install/rosidl_runtime_py:/Users/antonadonin/ros2_jazzy/install/rosidl_pycommon:/Users/antonadonin/ros2_jazzy/install/rosidl_cli:/Users/antonadonin/ros2_jazzy/install/launch_pytest:/Users/antonadonin/ros2_jazzy/install/launch_testing:/Users/antonadonin/ros2_jazzy/install/launch_yaml:/Users/antonadonin/ros2_jazzy/install/launch_xml:/Users/antonadonin/ros2_jazzy/install/launch:/Users/antonadonin/ros2_jazzy/install/osrf_pycommon:/Users/antonadonin/ros2_jazzy/install/domain_coordinator:/Users/antonadonin/ros2_jazzy/install/ament_xmllint:/Users/antonadonin/ros2_jazzy/install/ament_pyflakes:/Users/antonadonin/ros2_jazzy/install/ament_pycodestyle:/Users/antonadonin/ros2_jazzy/install/ament_pep257:/Users/antonadonin/ros2_jazzy/install/ament_pclint:/Users/antonadonin/ros2_jazzy/install/ament_package:/Users/antonadonin/ros2_jazzy/install/ament_mypy:/Users/antonadonin/ros2_jazzy/install/ament_lint_cmake:/Users/antonadonin/ros2_jazzy/install/ament_flake8:/Users/antonadonin/ros2_jazzy/install/ament_copyright:/Users/antonadonin/ros2_jazzy/install/ament_lint:/Users/antonadonin/ros2_jazzy/install/ament_index_python:/Users/antonadonin/ros2_jazzy/install/ament_cpplint:/Users/antonadonin/ros2_jazzy/install/ament_cppcheck:/Users/antonadonin/ros2_jazzy/install/ament_clang_tidy:/Users/antonadonin/ros2_jazzy/install/ament_clang_format CONDA_PROMPT_MODIFIER=(base) SHLVL=3 VIRTUAL_ENV_PROMPT=(.ros2_venv) _=/usr/bin/env /opt/homebrew/bin/cmake --install /Users/antonadonin/ros2_jazzy/task9_pkg/build/task9_pkg
[13.980s] -- Install configuration: ""
[13.980s] -- Installing: /Users/antonadonin/ros2_jazzy/task9_pkg/install/task9_pkg/share/ament_index/resource_index/rosidl_interfaces/task9_pkg
[13.981s] -- Installing: /Users/antonadonin/ros2_jazzy/task9_pkg/install/task9_pkg/share/task9_pkg/msg/FullNameMessage.json
[13.981s] -- Installing: /Users/antonadonin/ros2_jazzy/task9_pkg/install/task9_pkg/share/task9_pkg/srv/FullNameSumService.json
[13.982s] -- Installing: /Users/antonadonin/ros2_jazzy/task9_pkg/install/task9_pkg/include/task9_pkg/task9_pkg
[13.982s] -- Installing: /Users/antonadonin/ros2_jazzy/task9_pkg/install/task9_pkg/include/task9_pkg/task9_pkg/msg
[13.982s] -- Installing: /Users/antonadonin/ros2_jazzy/task9_pkg/install/task9_pkg/include/task9_pkg/task9_pkg/msg/rosidl_generator_c__visibility_control.h
[13.982s] -- Installing: /Users/antonadonin/ros2_jazzy/task9_pkg/install/task9_pkg/include/task9_pkg/task9_pkg/msg/detail
[13.982s] -- Installing: /Users/antonadonin/ros2_jazzy/task9_pkg/install/task9_pkg/include/task9_pkg/task9_pkg/msg/detail/full_name_message__functions.h
[13.983s] -- Installing: /Users/antonadonin/ros2_jazzy/task9_pkg/install/task9_pkg/include/task9_pkg/task9_pkg/msg/detail/full_name_message__type_support.h
[13.983s] -- Installing: /Users/antonadonin/ros2_jazzy/task9_pkg/install/task9_pkg/include/task9_pkg/task9_pkg/msg/detail/full_name_message__struct.h
[13.983s] -- Installing: /Users/antonadonin/ros2_jazzy/task9_pkg/install/task9_pkg/include/task9_pkg/task9_pkg/msg/detail/full_name_message__description.c
[13.984s] -- Installing: /Users/antonadonin/ros2_jazzy/task9_pkg/install/task9_pkg/include/task9_pkg/task9_pkg/msg/detail/full_name_message__type_support.c
[13.984s] -- Installing: /Users/antonadonin/ros2_jazzy/task9_pkg/install/task9_pkg/include/task9_pkg/task9_pkg/msg/detail/full_name_message__functions.c
[13.984s] -- Installing: /Users/antonadonin/ros2_jazzy/task9_pkg/install/task9_pkg/include/task9_pkg/task9_pkg/msg/full_name_message.h
[13.984s] -- Installing: /Users/antonadonin/ros2_jazzy/task9_pkg/install/task9_pkg/include/task9_pkg/task9_pkg/srv
[13.985s] -- Installing: /Users/antonadonin/ros2_jazzy/task9_pkg/install/task9_pkg/include/task9_pkg/task9_pkg/srv/detail
[13.985s] -- Installing: /Users/antonadonin/ros2_jazzy/task9_pkg/install/task9_pkg/include/task9_pkg/task9_pkg/srv/detail/full_name_sum_service__type_support.h
[13.985s] -- Installing: /Users/antonadonin/ros2_jazzy/task9_pkg/install/task9_pkg/include/task9_pkg/task9_pkg/srv/detail/full_name_sum_service__description.c
[13.985s] -- Installing: /Users/antonadonin/ros2_jazzy/task9_pkg/install/task9_pkg/include/task9_pkg/task9_pkg/srv/detail/full_name_sum_service__functions.h
[13.986s] -- Installing: /Users/antonadonin/ros2_jazzy/task9_pkg/install/task9_pkg/include/task9_pkg/task9_pkg/srv/detail/full_name_sum_service__struct.h
[13.986s] -- Installing: /Users/antonadonin/ros2_jazzy/task9_pkg/install/task9_pkg/include/task9_pkg/task9_pkg/srv/detail/full_name_sum_service__type_support.c
[13.986s] -- Installing: /Users/antonadonin/ros2_jazzy/task9_pkg/install/task9_pkg/include/task9_pkg/task9_pkg/srv/detail/full_name_sum_service__functions.c
[13.987s] -- Installing: /Users/antonadonin/ros2_jazzy/task9_pkg/install/task9_pkg/include/task9_pkg/task9_pkg/srv/full_name_sum_service.h
[13.987s] -- Installing: /Users/antonadonin/ros2_jazzy/task9_pkg/install/task9_pkg/share/task9_pkg/environment/library_path.sh
[13.987s] -- Installing: /Users/antonadonin/ros2_jazzy/task9_pkg/install/task9_pkg/share/task9_pkg/environment/library_path.dsv
[13.988s] -- Installing: /Users/antonadonin/ros2_jazzy/task9_pkg/install/task9_pkg/lib/libtask9_pkg__rosidl_generator_c.dylib
[14.925s] -- Up-to-date: /Users/antonadonin/ros2_jazzy/task9_pkg/install/task9_pkg/include/task9_pkg/task9_pkg
[14.925s] -- Up-to-date: /Users/antonadonin/ros2_jazzy/task9_pkg/install/task9_pkg/include/task9_pkg/task9_pkg/msg
[14.925s] -- Up-to-date: /Users/antonadonin/ros2_jazzy/task9_pkg/install/task9_pkg/include/task9_pkg/task9_pkg/msg/detail
[14.925s] -- Installing: /Users/antonadonin/ros2_jazzy/task9_pkg/install/task9_pkg/include/task9_pkg/task9_pkg/msg/detail/full_name_message__rosidl_typesupport_introspection_c.h
[14.926s] -- Installing: /Users/antonadonin/ros2_jazzy/task9_pkg/install/task9_pkg/include/task9_pkg/task9_pkg/msg/detail/full_name_message__type_support.c
[14.927s] -- Installing: /Users/antonadonin/ros2_jazzy/task9_pkg/install/task9_pkg/include/task9_pkg/task9_pkg/msg/rosidl_typesupport_introspection_c__visibility_control.h
[14.927s] -- Up-to-date: /Users/antonadonin/ros2_jazzy/task9_pkg/install/task9_pkg/include/task9_pkg/task9_pkg/srv
[14.928s] -- Up-to-date: /Users/antonadonin/ros2_jazzy/task9_pkg/install/task9_pkg/include/task9_pkg/task9_pkg/srv/detail
[14.928s] -- Installing: /Users/antonadonin/ros2_jazzy/task9_pkg/install/task9_pkg/include/task9_pkg/task9_pkg/srv/detail/full_name_sum_service__rosidl_typesupport_introspection_c.h
[14.928s] -- Installing: /Users/antonadonin/ros2_jazzy/task9_pkg/install/task9_pkg/include/task9_pkg/task9_pkg/srv/detail/full_name_sum_service__type_support.c
[14.928s] -- Installing: /Users/antonadonin/ros2_jazzy/task9_pkg/install/task9_pkg/lib/libtask9_pkg__rosidl_typesupport_introspection_c.dylib
[14.938s] -- Up-to-date: /Users/antonadonin/ros2_jazzy/task9_pkg/install/task9_pkg/include/task9_pkg/task9_pkg
[14.938s] -- Up-to-date: /Users/antonadonin/ros2_jazzy/task9_pkg/install/task9_pkg/include/task9_pkg/task9_pkg/msg
[14.938s] -- Up-to-date: /Users/antonadonin/ros2_jazzy/task9_pkg/install/task9_pkg/include/task9_pkg/task9_pkg/msg/detail
[14.938s] -- Installing: /Users/antonadonin/ros2_jazzy/task9_pkg/install/task9_pkg/include/task9_pkg/task9_pkg/msg/detail/full_name_message__rosidl_typesupport_fastrtps_c.h
[14.939s] -- Installing: /Users/antonadonin/ros2_jazzy/task9_pkg/install/task9_pkg/include/task9_pkg/task9_pkg/msg/rosidl_typesupport_fastrtps_c__visibility_control.h
[14.939s] -- Up-to-date: /Users/antonadonin/ros2_jazzy/task9_pkg/install/task9_pkg/include/task9_pkg/task9_pkg/srv
[14.939s] -- Up-to-date: /Users/antonadonin/ros2_jazzy/task9_pkg/install/task9_pkg/include/task9_pkg/task9_pkg/srv/detail
[14.939s] -- Installing: /Users/antonadonin/ros2_jazzy/task9_pkg/install/task9_pkg/include/task9_pkg/task9_pkg/srv/detail/full_name_sum_service__rosidl_typesupport_fastrtps_c.h
[14.940s] -- Installing: /Users/antonadonin/ros2_jazzy/task9_pkg/install/task9_pkg/lib/libtask9_pkg__rosidl_typesupport_fastrtps_c.dylib
[14.950s] -- Installing: /Users/antonadonin/ros2_jazzy/task9_pkg/install/task9_pkg/lib/libtask9_pkg__rosidl_typesupport_c.dylib
[14.959s] -- Up-to-date: /Users/antonadonin/ros2_jazzy/task9_pkg/install/task9_pkg/include/task9_pkg/task9_pkg
[14.960s] -- Up-to-date: /Users/antonadonin/ros2_jazzy/task9_pkg/install/task9_pkg/include/task9_pkg/task9_pkg/msg
[14.960s] -- Up-to-date: /Users/antonadonin/ros2_jazzy/task9_pkg/install/task9_pkg/include/task9_pkg/task9_pkg/msg/detail
[14.960s] -- Installing: /Users/antonadonin/ros2_jazzy/task9_pkg/install/task9_pkg/include/task9_pkg/task9_pkg/msg/detail/full_name_message__traits.hpp
[14.960s] -- Installing: /Users/antonadonin/ros2_jazzy/task9_pkg/install/task9_pkg/include/task9_pkg/task9_pkg/msg/detail/full_name_message__builder.hpp
[14.960s] -- Installing: /Users/antonadonin/ros2_jazzy/task9_pkg/install/task9_pkg/include/task9_pkg/task9_pkg/msg/detail/full_name_message__struct.hpp
[14.961s] -- Installing: /Users/antonadonin/ros2_jazzy/task9_pkg/install/task9_pkg/include/task9_pkg/task9_pkg/msg/detail/full_name_message__type_support.hpp
[14.961s] -- Installing: /Users/antonadonin/ros2_jazzy/task9_pkg/install/task9_pkg/include/task9_pkg/task9_pkg/msg/rosidl_generator_cpp__visibility_control.hpp
[14.961s] -- Installing: /Users/antonadonin/ros2_jazzy/task9_pkg/install/task9_pkg/include/task9_pkg/task9_pkg/msg/full_name_message.hpp
[14.962s] -- Up-to-date: /Users/antonadonin/ros2_jazzy/task9_pkg/install/task9_pkg/include/task9_pkg/task9_pkg/srv
[14.962s] -- Installing: /Users/antonadonin/ros2_jazzy/task9_pkg/install/task9_pkg/include/task9_pkg/task9_pkg/srv/full_name_sum_service.hpp
[14.962s] -- Up-to-date: /Users/antonadonin/ros2_jazzy/task9_pkg/install/task9_pkg/include/task9_pkg/task9_pkg/srv/detail
[14.962s] -- Installing: /Users/antonadonin/ros2_jazzy/task9_pkg/install/task9_pkg/include/task9_pkg/task9_pkg/srv/detail/full_name_sum_service__traits.hpp
[14.962s] -- Installing: /Users/antonadonin/ros2_jazzy/task9_pkg/install/task9_pkg/include/task9_pkg/task9_pkg/srv/detail/full_name_sum_service__builder.hpp
[14.963s] -- Installing: /Users/antonadonin/ros2_jazzy/task9_pkg/install/task9_pkg/include/task9_pkg/task9_pkg/srv/detail/full_name_sum_service__struct.hpp
[14.963s] -- Installing: /Users/antonadonin/ros2_jazzy/task9_pkg/install/task9_pkg/include/task9_pkg/task9_pkg/srv/detail/full_name_sum_service__type_support.hpp
[14.963s] -- Up-to-date: /Users/antonadonin/ros2_jazzy/task9_pkg/install/task9_pkg/include/task9_pkg/task9_pkg
[14.963s] -- Up-to-date: /Users/antonadonin/ros2_jazzy/task9_pkg/install/task9_pkg/include/task9_pkg/task9_pkg/msg
[14.964s] -- Up-to-date: /Users/antonadonin/ros2_jazzy/task9_pkg/install/task9_pkg/include/task9_pkg/task9_pkg/msg/detail
[14.964s] -- Installing: /Users/antonadonin/ros2_jazzy/task9_pkg/install/task9_pkg/include/task9_pkg/task9_pkg/msg/detail/full_name_message__type_support.cpp
[14.964s] -- Installing: /Users/antonadonin/ros2_jazzy/task9_pkg/install/task9_pkg/include/task9_pkg/task9_pkg/msg/detail/full_name_message__rosidl_typesupport_introspection_cpp.hpp
[14.964s] -- Up-to-date: /Users/antonadonin/ros2_jazzy/task9_pkg/install/task9_pkg/include/task9_pkg/task9_pkg/srv
[14.964s] -- Up-to-date: /Users/antonadonin/ros2_jazzy/task9_pkg/install/task9_pkg/include/task9_pkg/task9_pkg/srv/detail
[14.964s] -- Installing: /Users/antonadonin/ros2_jazzy/task9_pkg/install/task9_pkg/include/task9_pkg/task9_pkg/srv/detail/full_name_sum_service__type_support.cpp
[14.965s] -- Installing: /Users/antonadonin/ros2_jazzy/task9_pkg/install/task9_pkg/include/task9_pkg/task9_pkg/srv/detail/full_name_sum_service__rosidl_typesupport_introspection_cpp.hpp
[14.965s] -- Installing: /Users/antonadonin/ros2_jazzy/task9_pkg/install/task9_pkg/lib/libtask9_pkg__rosidl_typesupport_introspection_cpp.dylib
[14.975s] -- Up-to-date: /Users/antonadonin/ros2_jazzy/task9_pkg/install/task9_pkg/include/task9_pkg/task9_pkg
[14.975s] -- Up-to-date: /Users/antonadonin/ros2_jazzy/task9_pkg/install/task9_pkg/include/task9_pkg/task9_pkg/msg
[14.975s] -- Installing: /Users/antonadonin/ros2_jazzy/task9_pkg/install/task9_pkg/include/task9_pkg/task9_pkg/msg/rosidl_typesupport_fastrtps_cpp__visibility_control.h
[14.975s] -- Up-to-date: /Users/antonadonin/ros2_jazzy/task9_pkg/install/task9_pkg/include/task9_pkg/task9_pkg/msg/detail
[14.975s] -- Installing: /Users/antonadonin/ros2_jazzy/task9_pkg/install/task9_pkg/include/task9_pkg/task9_pkg/msg/detail/full_name_message__rosidl_typesupport_fastrtps_cpp.hpp
[14.975s] -- Installing: /Users/antonadonin/ros2_jazzy/task9_pkg/install/task9_pkg/include/task9_pkg/task9_pkg/msg/detail/dds_fastrtps
[14.976s] -- Up-to-date: /Users/antonadonin/ros2_jazzy/task9_pkg/install/task9_pkg/include/task9_pkg/task9_pkg/srv
[14.976s] -- Up-to-date: /Users/antonadonin/ros2_jazzy/task9_pkg/install/task9_pkg/include/task9_pkg/task9_pkg/srv/detail
[14.976s] -- Installing: /Users/antonadonin/ros2_jazzy/task9_pkg/install/task9_pkg/include/task9_pkg/task9_pkg/srv/detail/dds_fastrtps
[14.976s] -- Installing: /Users/antonadonin/ros2_jazzy/task9_pkg/install/task9_pkg/include/task9_pkg/task9_pkg/srv/detail/full_name_sum_service__rosidl_typesupport_fastrtps_cpp.hpp
[14.976s] -- Installing: /Users/antonadonin/ros2_jazzy/task9_pkg/install/task9_pkg/lib/libtask9_pkg__rosidl_typesupport_fastrtps_cpp.dylib
[14.986s] -- Installing: /Users/antonadonin/ros2_jazzy/task9_pkg/install/task9_pkg/lib/libtask9_pkg__rosidl_typesupport_cpp.dylib
[14.995s] -- Installing: /Users/antonadonin/ros2_jazzy/task9_pkg/install/task9_pkg/share/task9_pkg/environment/pythonpath.sh
[14.996s] -- Installing: /Users/antonadonin/ros2_jazzy/task9_pkg/install/task9_pkg/share/task9_pkg/environment/pythonpath.dsv
[14.996s] -- Installing: /Users/antonadonin/ros2_jazzy/task9_pkg/install/task9_pkg/lib/python3.11/site-packages/task9_pkg-0.0.0-py3.11.egg-info
[14.996s] -- Installing: /Users/antonadonin/ros2_jazzy/task9_pkg/install/task9_pkg/lib/python3.11/site-packages/task9_pkg-0.0.0-py3.11.egg-info/PKG-INFO
[14.997s] -- Installing: /Users/antonadonin/ros2_jazzy/task9_pkg/install/task9_pkg/lib/python3.11/site-packages/task9_pkg-0.0.0-py3.11.egg-info/SOURCES.txt
[14.997s] -- Installing: /Users/antonadonin/ros2_jazzy/task9_pkg/install/task9_pkg/lib/python3.11/site-packages/task9_pkg-0.0.0-py3.11.egg-info/top_level.txt
[14.997s] -- Installing: /Users/antonadonin/ros2_jazzy/task9_pkg/install/task9_pkg/lib/python3.11/site-packages/task9_pkg-0.0.0-py3.11.egg-info/dependency_links.txt
[14.997s] -- Installing: /Users/antonadonin/ros2_jazzy/task9_pkg/install/task9_pkg/lib/python3.11/site-packages/task9_pkg
[14.998s] -- Installing: /Users/antonadonin/ros2_jazzy/task9_pkg/install/task9_pkg/lib/python3.11/site-packages/task9_pkg/task9_pkg_s__rosidl_typesupport_introspection_c.so
[14.998s] -- Installing: /Users/antonadonin/ros2_jazzy/task9_pkg/install/task9_pkg/lib/python3.11/site-packages/task9_pkg/_task9_pkg_s.ep.rosidl_typesupport_introspection_c.c
[14.998s] -- Installing: /Users/antonadonin/ros2_jazzy/task9_pkg/install/task9_pkg/lib/python3.11/site-packages/task9_pkg/msg
[14.998s] -- Installing: /Users/antonadonin/ros2_jazzy/task9_pkg/install/task9_pkg/lib/python3.11/site-packages/task9_pkg/msg/_full_name_message_s.c
[14.999s] -- Installing: /Users/antonadonin/ros2_jazzy/task9_pkg/install/task9_pkg/lib/python3.11/site-packages/task9_pkg/msg/_full_name_message.py
[14.999s] -- Installing: /Users/antonadonin/ros2_jazzy/task9_pkg/install/task9_pkg/lib/python3.11/site-packages/task9_pkg/msg/__init__.py
[14.999s] -- Installing: /Users/antonadonin/ros2_jazzy/task9_pkg/install/task9_pkg/lib/python3.11/site-packages/task9_pkg/task9_pkg_s__rosidl_typesupport_fastrtps_c.so
[14.999s] -- Installing: /Users/antonadonin/ros2_jazzy/task9_pkg/install/task9_pkg/lib/python3.11/site-packages/task9_pkg/_task9_pkg_s.ep.rosidl_typesupport_fastrtps_c.c
[15.000s] -- Installing: /Users/antonadonin/ros2_jazzy/task9_pkg/install/task9_pkg/lib/python3.11/site-packages/task9_pkg/__init__.py
[15.000s] -- Installing: /Users/antonadonin/ros2_jazzy/task9_pkg/install/task9_pkg/lib/python3.11/site-packages/task9_pkg/_task9_pkg_s.ep.rosidl_typesupport_c.c
[15.000s] -- Installing: /Users/antonadonin/ros2_jazzy/task9_pkg/install/task9_pkg/lib/python3.11/site-packages/task9_pkg/srv
[15.000s] -- Installing: /Users/antonadonin/ros2_jazzy/task9_pkg/install/task9_pkg/lib/python3.11/site-packages/task9_pkg/srv/_full_name_sum_service_s.c
[15.001s] -- Installing: /Users/antonadonin/ros2_jazzy/task9_pkg/install/task9_pkg/lib/python3.11/site-packages/task9_pkg/srv/__init__.py
[15.001s] -- Installing: /Users/antonadonin/ros2_jazzy/task9_pkg/install/task9_pkg/lib/python3.11/site-packages/task9_pkg/srv/_full_name_sum_service.py
[15.001s] -- Installing: /Users/antonadonin/ros2_jazzy/task9_pkg/install/task9_pkg/lib/python3.11/site-packages/task9_pkg/task9_pkg_s__rosidl_typesupport_c.so
[15.150s] Listing '/Users/antonadonin/ros2_jazzy/task9_pkg/install/task9_pkg/lib/python3.11/site-packages/task9_pkg'...
[15.150s] Compiling '/Users/antonadonin/ros2_jazzy/task9_pkg/install/task9_pkg/lib/python3.11/site-packages/task9_pkg/__init__.py'...
[15.150s] Listing '/Users/antonadonin/ros2_jazzy/task9_pkg/install/task9_pkg/lib/python3.11/site-packages/task9_pkg/msg'...
[15.150s] Compiling '/Users/antonadonin/ros2_jazzy/task9_pkg/install/task9_pkg/lib/python3.11/site-packages/task9_pkg/msg/__init__.py'...
[15.150s] Compiling '/Users/antonadonin/ros2_jazzy/task9_pkg/install/task9_pkg/lib/python3.11/site-packages/task9_pkg/msg/_full_name_message.py'...
[15.150s] Listing '/Users/antonadonin/ros2_jazzy/task9_pkg/install/task9_pkg/lib/python3.11/site-packages/task9_pkg/srv'...
[15.150s] Compiling '/Users/antonadonin/ros2_jazzy/task9_pkg/install/task9_pkg/lib/python3.11/site-packages/task9_pkg/srv/__init__.py'...
[15.150s] Compiling '/Users/antonadonin/ros2_jazzy/task9_pkg/install/task9_pkg/lib/python3.11/site-packages/task9_pkg/srv/_full_name_sum_service.py'...
[15.155s] -- Up-to-date: /Users/antonadonin/ros2_jazzy/task9_pkg/install/task9_pkg/lib/python3.11/site-packages/task9_pkg/task9_pkg_s__rosidl_typesupport_introspection_c.so
[15.164s] -- Up-to-date: /Users/antonadonin/ros2_jazzy/task9_pkg/install/task9_pkg/lib/python3.11/site-packages/task9_pkg/task9_pkg_s__rosidl_typesupport_fastrtps_c.so
[15.173s] -- Up-to-date: /Users/antonadonin/ros2_jazzy/task9_pkg/install/task9_pkg/lib/python3.11/site-packages/task9_pkg/task9_pkg_s__rosidl_typesupport_c.so
[15.182s] -- Installing: /Users/antonadonin/ros2_jazzy/task9_pkg/install/task9_pkg/lib/libtask9_pkg__rosidl_generator_py.dylib
[15.191s] -- Installing: /Users/antonadonin/ros2_jazzy/task9_pkg/install/task9_pkg/share/task9_pkg/msg/FullNameMessage.idl
[15.191s] -- Installing: /Users/antonadonin/ros2_jazzy/task9_pkg/install/task9_pkg/share/task9_pkg/srv/FullNameSumService.idl
[15.192s] -- Installing: /Users/antonadonin/ros2_jazzy/task9_pkg/install/task9_pkg/share/task9_pkg/msg/FullNameMessage.msg
[15.192s] -- Installing: /Users/antonadonin/ros2_jazzy/task9_pkg/install/task9_pkg/share/task9_pkg/srv/FullNameSumService.srv
[15.193s] -- Installing: /Users/antonadonin/ros2_jazzy/task9_pkg/install/task9_pkg/share/ament_index/resource_index/package_run_dependencies/task9_pkg
[15.193s] -- Installing: /Users/antonadonin/ros2_jazzy/task9_pkg/install/task9_pkg/share/ament_index/resource_index/parent_prefix_path/task9_pkg
[15.193s] -- Installing: /Users/antonadonin/ros2_jazzy/task9_pkg/install/task9_pkg/share/task9_pkg/environment/ament_prefix_path.sh
[15.193s] -- Installing: /Users/antonadonin/ros2_jazzy/task9_pkg/install/task9_pkg/share/task9_pkg/environment/ament_prefix_path.dsv
[15.194s] -- Installing: /Users/antonadonin/ros2_jazzy/task9_pkg/install/task9_pkg/share/task9_pkg/environment/path.sh
[15.194s] -- Installing: /Users/antonadonin/ros2_jazzy/task9_pkg/install/task9_pkg/share/task9_pkg/environment/path.dsv
[15.194s] -- Installing: /Users/antonadonin/ros2_jazzy/task9_pkg/install/task9_pkg/share/task9_pkg/local_setup.bash
[15.194s] -- Installing: /Users/antonadonin/ros2_jazzy/task9_pkg/install/task9_pkg/share/task9_pkg/local_setup.sh
[15.195s] -- Installing: /Users/antonadonin/ros2_jazzy/task9_pkg/install/task9_pkg/share/task9_pkg/local_setup.zsh
[15.195s] -- Installing: /Users/antonadonin/ros2_jazzy/task9_pkg/install/task9_pkg/share/task9_pkg/local_setup.dsv
[15.195s] -- Installing: /Users/antonadonin/ros2_jazzy/task9_pkg/install/task9_pkg/share/task9_pkg/package.dsv
[15.196s] -- Installing: /Users/antonadonin/ros2_jazzy/task9_pkg/install/task9_pkg/share/ament_index/resource_index/packages/task9_pkg
[15.196s] -- Installing: /Users/antonadonin/ros2_jazzy/task9_pkg/install/task9_pkg/share/task9_pkg/cmake/export_task9_pkg__rosidl_generator_cExport.cmake
[15.197s] -- Installing: /Users/antonadonin/ros2_jazzy/task9_pkg/install/task9_pkg/share/task9_pkg/cmake/export_task9_pkg__rosidl_generator_cExport-noconfig.cmake
[15.197s] -- Installing: /Users/antonadonin/ros2_jazzy/task9_pkg/install/task9_pkg/share/task9_pkg/cmake/task9_pkg__rosidl_typesupport_introspection_cExport.cmake
[15.197s] -- Installing: /Users/antonadonin/ros2_jazzy/task9_pkg/install/task9_pkg/share/task9_pkg/cmake/task9_pkg__rosidl_typesupport_introspection_cExport-noconfig.cmake
[15.198s] -- Installing: /Users/antonadonin/ros2_jazzy/task9_pkg/install/task9_pkg/share/task9_pkg/cmake/export_task9_pkg__rosidl_typesupport_fastrtps_cExport.cmake
[15.198s] -- Installing: /Users/antonadonin/ros2_jazzy/task9_pkg/install/task9_pkg/share/task9_pkg/cmake/export_task9_pkg__rosidl_typesupport_fastrtps_cExport-noconfig.cmake
[15.199s] -- Installing: /Users/antonadonin/ros2_jazzy/task9_pkg/install/task9_pkg/share/task9_pkg/cmake/task9_pkg__rosidl_typesupport_cExport.cmake
[15.199s] -- Installing: /Users/antonadonin/ros2_jazzy/task9_pkg/install/task9_pkg/share/task9_pkg/cmake/task9_pkg__rosidl_typesupport_cExport-noconfig.cmake
[15.199s] -- Installing: /Users/antonadonin/ros2_jazzy/task9_pkg/install/task9_pkg/share/task9_pkg/cmake/export_task9_pkg__rosidl_generator_cppExport.cmake
[15.200s] -- Installing: /Users/antonadonin/ros2_jazzy/task9_pkg/install/task9_pkg/share/task9_pkg/cmake/task9_pkg__rosidl_typesupport_introspection_cppExport.cmake
[15.200s] -- Installing: /Users/antonadonin/ros2_jazzy/task9_pkg/install/task9_pkg/share/task9_pkg/cmake/task9_pkg__rosidl_typesupport_introspection_cppExport-noconfig.cmake
[15.201s] -- Installing: /Users/antonadonin/ros2_jazzy/task9_pkg/install/task9_pkg/share/task9_pkg/cmake/export_task9_pkg__rosidl_typesupport_fastrtps_cppExport.cmake
[15.201s] -- Installing: /Users/antonadonin/ros2_jazzy/task9_pkg/install/task9_pkg/share/task9_pkg/cmake/export_task9_pkg__rosidl_typesupport_fastrtps_cppExport-noconfig.cmake
[15.202s] -- Installing: /Users/antonadonin/ros2_jazzy/task9_pkg/install/task9_pkg/share/task9_pkg/cmake/task9_pkg__rosidl_typesupport_cppExport.cmake
[15.202s] -- Installing: /Users/antonadonin/ros2_jazzy/task9_pkg/install/task9_pkg/share/task9_pkg/cmake/task9_pkg__rosidl_typesupport_cppExport-noconfig.cmake
[15.202s] -- Installing: /Users/antonadonin/ros2_jazzy/task9_pkg/install/task9_pkg/share/task9_pkg/cmake/export_task9_pkg__rosidl_generator_pyExport.cmake
[15.203s] -- Installing: /Users/antonadonin/ros2_jazzy/task9_pkg/install/task9_pkg/share/task9_pkg/cmake/export_task9_pkg__rosidl_generator_pyExport-noconfig.cmake
[15.203s] -- Installing: /Users/antonadonin/ros2_jazzy/task9_pkg/install/task9_pkg/share/task9_pkg/cmake/rosidl_cmake-extras.cmake
[15.204s] -- Installing: /Users/antonadonin/ros2_jazzy/task9_pkg/install/task9_pkg/share/task9_pkg/cmake/ament_cmake_export_dependencies-extras.cmake
[15.204s] -- Installing: /Users/antonadonin/ros2_jazzy/task9_pkg/install/task9_pkg/share/task9_pkg/cmake/ament_cmake_export_include_directories-extras.cmake
[15.205s] -- Installing: /Users/antonadonin/ros2_jazzy/task9_pkg/install/task9_pkg/share/task9_pkg/cmake/ament_cmake_export_libraries-extras.cmake
[15.205s] -- Installing: /Users/antonadonin/ros2_jazzy/task9_pkg/install/task9_pkg/share/task9_pkg/cmake/ament_cmake_export_targets-extras.cmake
[15.205s] -- Installing: /Users/antonadonin/ros2_jazzy/task9_pkg/install/task9_pkg/share/task9_pkg/cmake/rosidl_cmake_export_typesupport_targets-extras.cmake
[15.206s] -- Installing: /Users/antonadonin/ros2_jazzy/task9_pkg/install/task9_pkg/share/task9_pkg/cmake/rosidl_cmake_export_typesupport_libraries-extras.cmake
[15.206s] -- Installing: /Users/antonadonin/ros2_jazzy/task9_pkg/install/task9_pkg/share/task9_pkg/cmake/task9_pkgConfig.cmake
[15.207s] -- Installing: /Users/antonadonin/ros2_jazzy/task9_pkg/install/task9_pkg/share/task9_pkg/cmake/task9_pkgConfig-version.cmake
[15.207s] -- Installing: /Users/antonadonin/ros2_jazzy/task9_pkg/install/task9_pkg/share/task9_pkg/package.xml
[15.209s] Invoked command in '/Users/antonadonin/ros2_jazzy/task9_pkg/build/task9_pkg' returned '0': CMAKE_PREFIX_PATH=${CMAKE_PREFIX_PATH}:/Users/antonadonin/ros2_jazzy/install/rosbag2_examples_py:/Users/antonadonin/ros2_jazzy/install/launch_testing_examples:/Users/antonadonin/ros2_jazzy/install/ros2bag:/Users/antonadonin/ros2_jazzy/install/tracetools_test:/Users/antonadonin/ros2_jazzy/install/tracetools_launch:/Users/antonadonin/ros2_jazzy/install/topic_monitor:/Users/antonadonin/ros2_jazzy/install/tf2_tools:/Users/antonadonin/ros2_jazzy/install/examples_tf2_py:/Users/antonadonin/ros2_jazzy/install/tf2_ros_py:/Users/antonadonin/ros2_jazzy/install/examples_rclpy_pointcloud_publisher:/Users/antonadonin/ros2_jazzy/install/sensor_msgs_py:/Users/antonadonin/ros2_jazzy/install/quality_of_service_demo_py:/Users/antonadonin/ros2_jazzy/install/ros2doctor:/Users/antonadonin/ros2_jazzy/install/lifecycle_py:/Users/antonadonin/ros2_jazzy/install/examples_rclpy_minimal_subscriber:/Users/antonadonin/ros2_jazzy/install/examples_rclpy_minimal_service:/Users/antonadonin/ros2_jazzy/install/examples_rclpy_minimal_publisher:/Users/antonadonin/ros2_jazzy/install/examples_rclpy_minimal_client:/Users/antonadonin/ros2_jazzy/install/examples_rclpy_executors:/Users/antonadonin/ros2_jazzy/install/demo_nodes_py:/Users/antonadonin/ros2_jazzy/install/ros2component:/Users/antonadonin/ros2_jazzy/install/sros2:/Users/antonadonin/ros2_jazzy/install/ros2trace:/Users/antonadonin/ros2_jazzy/install/ros2topic:/Users/antonadonin/ros2_jazzy/install/ros2test:/Users/antonadonin/ros2_jazzy/install/ros2param:/Users/antonadonin/ros2_jazzy/install/ros2lifecycle:/Users/antonadonin/ros2_jazzy/install/ros2service:/Users/antonadonin/ros2_jazzy/install/ros2run:/Users/antonadonin/ros2_jazzy/install/ros2launch:/Users/antonadonin/ros2_jazzy/install/ros2pkg:/Users/antonadonin/ros2_jazzy/install/ros2node:/Users/antonadonin/ros2_jazzy/install/ros2multicast:/Users/antonadonin/ros2_jazzy/install/ros2interface:/Users/antonadonin/ros2_jazzy/install/ros2action:/Users/antonadonin/ros2_jazzy/install/ros2cli:/Users/antonadonin/ros2_jazzy/install/launch_testing_ros:/Users/antonadonin/ros2_jazzy/install/launch_ros:/Users/antonadonin/ros2_jazzy/install/examples_rclpy_minimal_action_server:/Users/antonadonin/ros2_jazzy/install/examples_rclpy_minimal_action_client:/Users/antonadonin/ros2_jazzy/install/examples_rclpy_guard_conditions:/Users/antonadonin/ros2_jazzy/install/action_tutorials_py:/Users/antonadonin/ros2_jazzy/install/ament_uncrustify:/Users/antonadonin/ros2_jazzy/install/tracetools_trace:/Users/antonadonin/ros2_jazzy/install/tracetools_read:/Users/antonadonin/ros2_jazzy/install/test_tracetools_launch:/Users/antonadonin/ros2_jazzy/install/test_ros2trace:/Users/antonadonin/ros2_jazzy/install/test_launch_ros:/Users/antonadonin/ros2_jazzy/install/rpyutils:/Users/antonadonin/ros2_jazzy/install/rosidl_runtime_py:/Users/antonadonin/ros2_jazzy/install/rosidl_pycommon:/Users/antonadonin/ros2_jazzy/install/rosidl_cli:/Users/antonadonin/ros2_jazzy/install/launch_pytest:/Users/antonadonin/ros2_jazzy/install/launch_testing:/Users/antonadonin/ros2_jazzy/install/launch_yaml:/Users/antonadonin/ros2_jazzy/install/launch_xml:/Users/antonadonin/ros2_jazzy/install/launch:/Users/antonadonin/ros2_jazzy/install/osrf_pycommon:/Users/antonadonin/ros2_jazzy/install/domain_coordinator:/Users/antonadonin/ros2_jazzy/install/ament_xmllint:/Users/antonadonin/ros2_jazzy/install/ament_pyflakes:/Users/antonadonin/ros2_jazzy/install/ament_pycodestyle:/Users/antonadonin/ros2_jazzy/install/ament_pep257:/Users/antonadonin/ros2_jazzy/install/ament_pclint:/Users/antonadonin/ros2_jazzy/install/ament_package:/Users/antonadonin/ros2_jazzy/install/ament_mypy:/Users/antonadonin/ros2_jazzy/install/ament_lint_cmake:/Users/antonadonin/ros2_jazzy/install/ament_flake8:/Users/antonadonin/ros2_jazzy/install/ament_copyright:/Users/antonadonin/ros2_jazzy/install/ament_lint:/Users/antonadonin/ros2_jazzy/install/ament_index_python:/Users/antonadonin/ros2_jazzy/install/ament_cpplint:/Users/antonadonin/ros2_jazzy/install/ament_cppcheck:/Users/antonadonin/ros2_jazzy/install/ament_clang_tidy:/Users/antonadonin/ros2_jazzy/install/ament_clang_format CONDA_PROMPT_MODIFIER=(base) SHLVL=3 VIRTUAL_ENV_PROMPT=(.ros2_venv) _=/usr/bin/env /opt/homebrew/bin/cmake --install /Users/antonadonin/ros2_jazzy/task9_pkg/build/task9_pkg
