[0.092s] Invoking command in '/home/antonadonin/Robotics/lab3/ex01/build/task9_pkg': CMAKE_PREFIX_PATH=${CMAKE_PREFIX_PATH}:/opt/ros/jazzy DEBUGINFOD_URLS=https://debuginfod.ubuntu.com /usr/bin/cmake /home/antonadonin/Robotics/lab3/ex01/task9_pkg -DCMAKE_INSTALL_PREFIX=/home/antonadonin/Robotics/lab3/ex01/install/task9_pkg
[0.209s] -- The C compiler identification is GNU 13.2.0
[0.293s] -- The CXX compiler identification is GNU 13.2.0
[0.310s] -- Detecting C compiler ABI info
[0.380s] -- Detecting C compiler ABI info - done
[0.386s] -- Check for working C compiler: /usr/bin/cc - skipped
[0.386s] -- Detecting C compile features
[0.387s] -- Detecting C compile features - done
[0.396s] -- Detecting CXX compiler ABI info
[0.461s] -- Detecting CXX compiler ABI info - done
[0.466s] -- Check for working CXX compiler: /usr/bin/c++ - skipped
[0.466s] -- Detecting CXX compile features
[0.467s] -- Detecting CXX compile features - done
[0.471s] -- Found ament_cmake: 2.5.2 (/opt/ros/jazzy/share/ament_cmake/cmake)
[0.593s] -- Found Python3: /usr/bin/python3 (found version "3.12.3") found components: Interpreter 
[0.679s] -- Found rosidl_default_generators: 1.6.0 (/opt/ros/jazzy/share/rosidl_default_generators/cmake)
[0.687s] -- Using all available rosidl_typesupport_c: rosidl_typesupport_fastrtps_c;rosidl_typesupport_introspection_c
[0.745s] -- Using all available rosidl_typesupport_cpp: rosidl_typesupport_fastrtps_cpp;rosidl_typesupport_introspection_cpp
[0.795s] -- Found rosidl_adapter: 4.6.4 (/opt/ros/jazzy/share/rosidl_adapter/cmake)
[1.203s] -- Found ament_cmake_ros: 0.12.0 (/opt/ros/jazzy/share/ament_cmake_ros/cmake)
[1.546s] -- Using all available rosidl_typesupport_c: rosidl_typesupport_fastrtps_c;rosidl_typesupport_introspection_c
[1.968s] -- Using all available rosidl_typesupport_cpp: rosidl_typesupport_fastrtps_cpp;rosidl_typesupport_introspection_cpp
[1.972s] -- Found python_cmake_module: 0.11.1 (/opt/ros/jazzy/share/python_cmake_module/cmake)
[2.093s] -- Found PythonExtra: /usr/bin/python3  
[2.423s] -- Found Python3: /usr/bin/python3 (found version "3.12.3") found components: Interpreter Development NumPy Development.Module Development.Embed 
[2.441s] -- Found ament_lint_auto: 0.17.1 (/opt/ros/jazzy/share/ament_lint_auto/cmake)
[2.469s] -- Added test 'cppcheck' to perform static code analysis on C / C++ code
[2.469s] -- Configured cppcheck include dirs: 
[2.469s] -- Configured cppcheck exclude dirs and/or files: 
[2.471s] -- Added test 'flake8' to check Python code syntax and style conventions
[2.471s] -- Configured 'flake8' exclude dirs and/or files: 
[2.475s] -- Added test 'lint_cmake' to check CMake code style
[2.477s] -- Added test 'pep257' to check Python code against some of the docstring style conventions in PEP 257
[2.489s] -- Added test 'uncrustify' to check C / C++ code style
[2.489s] -- Configured uncrustify additional arguments: 
[2.491s] -- Added test 'xmllint' to check XML markup files
[2.492s] -- Configuring done (2.4s)
[2.508s] -- Generating done (0.0s)
[2.510s] -- Build files have been written to: /home/antonadonin/Robotics/lab3/ex01/build/task9_pkg
[2.514s] Invoked command in '/home/antonadonin/Robotics/lab3/ex01/build/task9_pkg' returned '0': CMAKE_PREFIX_PATH=${CMAKE_PREFIX_PATH}:/opt/ros/jazzy DEBUGINFOD_URLS=https://debuginfod.ubuntu.com /usr/bin/cmake /home/antonadonin/Robotics/lab3/ex01/task9_pkg -DCMAKE_INSTALL_PREFIX=/home/antonadonin/Robotics/lab3/ex01/install/task9_pkg
[2.515s] Invoking command in '/home/antonadonin/Robotics/lab3/ex01/build/task9_pkg': CMAKE_PREFIX_PATH=${CMAKE_PREFIX_PATH}:/opt/ros/jazzy DEBUGINFOD_URLS=https://debuginfod.ubuntu.com /usr/bin/cmake --build /home/antonadonin/Robotics/lab3/ex01/build/task9_pkg -- -j8 -l8
[2.546s] [  2%] [34m[1mGenerating type hashes for ROS interfaces[0m
[2.554s] [  2%] Built target ament_cmake_python_copy_task9_pkg
[2.644s] running egg_info
[2.644s] creating task9_pkg.egg-info
[2.651s] writing task9_pkg.egg-info/PKG-INFO
[2.651s] writing dependency_links to task9_pkg.egg-info/dependency_links.txt
[2.651s] writing top-level names to task9_pkg.egg-info/top_level.txt
[2.651s] writing manifest file 'task9_pkg.egg-info/SOURCES.txt'
[2.653s] [  2%] Built target task9_pkg__rosidl_generator_type_description
[2.658s] [  4%] [34m[1mGenerating C code for ROS interfaces[0m
[2.667s] [  6%] [34m[1mGenerating C++ code for ROS interfaces[0m
[2.670s] reading manifest file 'task9_pkg.egg-info/SOURCES.txt'
[2.671s] writing manifest file 'task9_pkg.egg-info/SOURCES.txt'
[2.688s] [  6%] Built target ament_cmake_python_build_task9_pkg_egg
[2.823s] [  6%] Built target task9_pkg__cpp
[2.855s] [ 13%] [32mBuilding C object CMakeFiles/task9_pkg__rosidl_generator_c.dir/rosidl_generator_c/task9_pkg/msg/detail/full_name_message__type_support.c.o[0m
[2.855s] [ 13%] [32mBuilding C object CMakeFiles/task9_pkg__rosidl_generator_c.dir/rosidl_generator_c/task9_pkg/srv/detail/full_name_sum_service__functions.c.o[0m
[2.855s] [ 13%] [32mBuilding C object CMakeFiles/task9_pkg__rosidl_generator_c.dir/rosidl_generator_c/task9_pkg/srv/detail/full_name_sum_service__type_support.c.o[0m
[2.857s] [ 20%] [32mBuilding C object CMakeFiles/task9_pkg__rosidl_generator_c.dir/rosidl_generator_c/task9_pkg/srv/detail/full_name_sum_service__description.c.o[0m
[2.857s] [ 20%] [32mBuilding C object CMakeFiles/task9_pkg__rosidl_generator_c.dir/rosidl_generator_c/task9_pkg/msg/detail/full_name_message__functions.c.o[0m
[2.857s] [ 20%] [32mBuilding C object CMakeFiles/task9_pkg__rosidl_generator_c.dir/rosidl_generator_c/task9_pkg/msg/detail/full_name_message__description.c.o[0m
[2.904s] [ 22%] [32m[1mLinking C shared library libtask9_pkg__rosidl_generator_c.so[0m
[2.930s] [ 22%] Built target task9_pkg__rosidl_generator_c
[2.933s] [ 25%] [34m[1mGenerating C type support for eProsima Fast-RTPS[0m
[2.934s] [ 27%] [34m[1mGenerating C type support dispatch for ROS interfaces[0m
[2.934s] [ 29%] [34m[1mGenerating C++ introspection for ROS interfaces[0m
[2.936s] [ 31%] [34m[1mGenerating C++ type support dispatch for ROS interfaces[0m
[2.939s] [ 36%] [34m[1mGenerating C++ type support for eProsima Fast-RTPS[0m
[2.939s] [ 36%] [34m[1mGenerating C introspection for ROS interfaces[0m
[3.062s] [ 40%] [32mBuilding CXX object CMakeFiles/task9_pkg__rosidl_typesupport_c.dir/rosidl_typesupport_c/task9_pkg/srv/full_name_sum_service__type_support.cpp.o[0m
[3.062s] [ 40%] [32mBuilding CXX object CMakeFiles/task9_pkg__rosidl_typesupport_c.dir/rosidl_typesupport_c/task9_pkg/msg/full_name_message__type_support.cpp.o[0m
[3.072s] [ 45%] [32mBuilding CXX object CMakeFiles/task9_pkg__rosidl_typesupport_cpp.dir/rosidl_typesupport_cpp/task9_pkg/srv/full_name_sum_service__type_support.cpp.o[0m
[3.072s] [ 45%] [32mBuilding CXX object CMakeFiles/task9_pkg__rosidl_typesupport_cpp.dir/rosidl_typesupport_cpp/task9_pkg/msg/full_name_message__type_support.cpp.o[0m
[3.094s] [ 47%] [32mBuilding CXX object CMakeFiles/task9_pkg__rosidl_typesupport_introspection_cpp.dir/rosidl_typesupport_introspection_cpp/task9_pkg/msg/detail/full_name_message__type_support.cpp.o[0m
[3.110s] [ 50%] [32mBuilding CXX object CMakeFiles/task9_pkg__rosidl_typesupport_introspection_cpp.dir/rosidl_typesupport_introspection_cpp/task9_pkg/srv/detail/full_name_sum_service__type_support.cpp.o[0m
[3.114s] [ 52%] [32m[1mLinking CXX shared library libtask9_pkg__rosidl_typesupport_c.so[0m
[3.130s] [ 54%] [32mBuilding CXX object CMakeFiles/task9_pkg__rosidl_typesupport_fastrtps_c.dir/rosidl_typesupport_fastrtps_c/task9_pkg/msg/detail/full_name_message__type_support_c.cpp.o[0m
[3.135s] [ 56%] [32mBuilding C object CMakeFiles/task9_pkg__rosidl_typesupport_introspection_c.dir/rosidl_typesupport_introspection_c/task9_pkg/msg/detail/full_name_message__type_support.c.o[0m
[3.150s] [ 56%] Built target task9_pkg__rosidl_typesupport_c
[3.154s] [ 59%] [32mBuilding CXX object CMakeFiles/task9_pkg__rosidl_typesupport_fastrtps_c.dir/rosidl_typesupport_fastrtps_c/task9_pkg/srv/detail/full_name_sum_service__type_support_c.cpp.o[0m
[3.156s] [ 63%] [32mBuilding C object CMakeFiles/task9_pkg__rosidl_typesupport_introspection_c.dir/rosidl_typesupport_introspection_c/task9_pkg/srv/detail/full_name_sum_service__type_support.c.o[0m
[3.156s] [ 63%] [32mBuilding CXX object CMakeFiles/task9_pkg__rosidl_typesupport_fastrtps_cpp.dir/rosidl_typesupport_fastrtps_cpp/task9_pkg/msg/detail/dds_fastrtps/full_name_message__type_support.cpp.o[0m
[3.196s] [ 65%] [32m[1mLinking C shared library libtask9_pkg__rosidl_typesupport_introspection_c.so[0m
[3.231s] [ 65%] Built target task9_pkg__rosidl_typesupport_introspection_c
[3.234s] [ 68%] [32mBuilding CXX object CMakeFiles/task9_pkg__rosidl_typesupport_fastrtps_cpp.dir/rosidl_typesupport_fastrtps_cpp/task9_pkg/srv/detail/dds_fastrtps/full_name_sum_service__type_support.cpp.o[0m
[3.324s] [ 70%] [32m[1mLinking CXX shared library libtask9_pkg__rosidl_typesupport_cpp.so[0m
[3.359s] [ 72%] [32m[1mLinking CXX shared library libtask9_pkg__rosidl_typesupport_introspection_cpp.so[0m
[3.402s] [ 72%] Built target task9_pkg__rosidl_typesupport_cpp
[3.429s] [ 72%] Built target task9_pkg__rosidl_typesupport_introspection_cpp
[3.484s] [ 75%] [32m[1mLinking CXX shared library libtask9_pkg__rosidl_typesupport_fastrtps_c.so[0m
[3.520s] [ 77%] [32m[1mLinking CXX shared library libtask9_pkg__rosidl_typesupport_fastrtps_cpp.so[0m
[3.541s] [ 77%] Built target task9_pkg__rosidl_typesupport_fastrtps_c
[3.583s] [ 77%] Built target task9_pkg__rosidl_typesupport_fastrtps_cpp
[3.597s] [ 77%] Built target task9_pkg
[3.615s] [ 79%] [34m[1mGenerating Python code for ROS interfaces[0m
[3.811s] [ 79%] Built target task9_pkg__py
[3.826s] [ 81%] [32mBuilding C object CMakeFiles/task9_pkg__rosidl_generator_py.dir/rosidl_generator_py/task9_pkg/srv/_full_name_sum_service_s.c.o[0m
[3.829s] [ 84%] [32mBuilding C object CMakeFiles/task9_pkg__rosidl_generator_py.dir/rosidl_generator_py/task9_pkg/msg/_full_name_message_s.c.o[0m
[3.940s] [ 86%] [32m[1mLinking C shared library libtask9_pkg__rosidl_generator_py.so[0m
[3.976s] [ 86%] Built target task9_pkg__rosidl_generator_py
[3.985s] [ 88%] [32mBuilding C object CMakeFiles/task9_pkg_s__rosidl_typesupport_fastrtps_c.dir/rosidl_generator_py/task9_pkg/_task9_pkg_s.ep.rosidl_typesupport_fastrtps_c.c.o[0m
[3.988s] [ 90%] [32mBuilding C object CMakeFiles/task9_pkg_s__rosidl_typesupport_c.dir/rosidl_generator_py/task9_pkg/_task9_pkg_s.ep.rosidl_typesupport_c.c.o[0m
[3.988s] [ 93%] [32mBuilding C object CMakeFiles/task9_pkg_s__rosidl_typesupport_introspection_c.dir/rosidl_generator_py/task9_pkg/_task9_pkg_s.ep.rosidl_typesupport_introspection_c.c.o[0m
[4.050s] [ 95%] [32m[1mLinking C shared module rosidl_generator_py/task9_pkg/task9_pkg_s__rosidl_typesupport_c.so[0m
[4.062s] [ 97%] [32m[1mLinking C shared module rosidl_generator_py/task9_pkg/task9_pkg_s__rosidl_typesupport_fastrtps_c.so[0m
[4.071s] [100%] [32m[1mLinking C shared module rosidl_generator_py/task9_pkg/task9_pkg_s__rosidl_typesupport_introspection_c.so[0m
[4.071s] [100%] Built target task9_pkg_s__rosidl_typesupport_c
[4.077s] [100%] Built target task9_pkg_s__rosidl_typesupport_fastrtps_c
[4.084s] [100%] Built target task9_pkg_s__rosidl_typesupport_introspection_c
[4.093s] Invoked command in '/home/antonadonin/Robotics/lab3/ex01/build/task9_pkg' returned '0': CMAKE_PREFIX_PATH=${CMAKE_PREFIX_PATH}:/opt/ros/jazzy DEBUGINFOD_URLS=https://debuginfod.ubuntu.com /usr/bin/cmake --build /home/antonadonin/Robotics/lab3/ex01/build/task9_pkg -- -j8 -l8
[4.149s] Invoking command in '/home/antonadonin/Robotics/lab3/ex01/build/task9_pkg': CMAKE_PREFIX_PATH=${CMAKE_PREFIX_PATH}:/opt/ros/jazzy DEBUGINFOD_URLS=https://debuginfod.ubuntu.com /usr/bin/cmake --install /home/antonadonin/Robotics/lab3/ex01/build/task9_pkg
[4.156s] -- Install configuration: ""
[4.156s] -- Installing: /home/antonadonin/Robotics/lab3/ex01/install/task9_pkg/share/ament_index/resource_index/rosidl_interfaces/task9_pkg
[4.156s] -- Installing: /home/antonadonin/Robotics/lab3/ex01/install/task9_pkg/share/task9_pkg/msg/FullNameMessage.json
[4.156s] -- Installing: /home/antonadonin/Robotics/lab3/ex01/install/task9_pkg/share/task9_pkg/srv/FullNameSumService.json
[4.156s] -- Installing: /home/antonadonin/Robotics/lab3/ex01/install/task9_pkg/include/task9_pkg/task9_pkg
[4.157s] -- Installing: /home/antonadonin/Robotics/lab3/ex01/install/task9_pkg/include/task9_pkg/task9_pkg/srv
[4.157s] -- Installing: /home/antonadonin/Robotics/lab3/ex01/install/task9_pkg/include/task9_pkg/task9_pkg/srv/detail
[4.157s] -- Installing: /home/antonadonin/Robotics/lab3/ex01/install/task9_pkg/include/task9_pkg/task9_pkg/srv/detail/full_name_sum_service__description.c
[4.157s] -- Installing: /home/antonadonin/Robotics/lab3/ex01/install/task9_pkg/include/task9_pkg/task9_pkg/srv/detail/full_name_sum_service__functions.c
[4.157s] -- Installing: /home/antonadonin/Robotics/lab3/ex01/install/task9_pkg/include/task9_pkg/task9_pkg/srv/detail/full_name_sum_service__type_support.h
[4.157s] -- Installing: /home/antonadonin/Robotics/lab3/ex01/install/task9_pkg/include/task9_pkg/task9_pkg/srv/detail/full_name_sum_service__functions.h
[4.157s] -- Installing: /home/antonadonin/Robotics/lab3/ex01/install/task9_pkg/include/task9_pkg/task9_pkg/srv/detail/full_name_sum_service__type_support.c
[4.158s] -- Installing: /home/antonadonin/Robotics/lab3/ex01/install/task9_pkg/include/task9_pkg/task9_pkg/srv/detail/full_name_sum_service__struct.h
[4.158s] -- Installing: /home/antonadonin/Robotics/lab3/ex01/install/task9_pkg/include/task9_pkg/task9_pkg/srv/full_name_sum_service.h
[4.158s] -- Installing: /home/antonadonin/Robotics/lab3/ex01/install/task9_pkg/include/task9_pkg/task9_pkg/msg
[4.158s] -- Installing: /home/antonadonin/Robotics/lab3/ex01/install/task9_pkg/include/task9_pkg/task9_pkg/msg/detail
[4.158s] -- Installing: /home/antonadonin/Robotics/lab3/ex01/install/task9_pkg/include/task9_pkg/task9_pkg/msg/detail/full_name_message__functions.c
[4.158s] -- Installing: /home/antonadonin/Robotics/lab3/ex01/install/task9_pkg/include/task9_pkg/task9_pkg/msg/detail/full_name_message__type_support.c
[4.158s] -- Installing: /home/antonadonin/Robotics/lab3/ex01/install/task9_pkg/include/task9_pkg/task9_pkg/msg/detail/full_name_message__functions.h
[4.158s] -- Installing: /home/antonadonin/Robotics/lab3/ex01/install/task9_pkg/include/task9_pkg/task9_pkg/msg/detail/full_name_message__description.c
[4.158s] -- Installing: /home/antonadonin/Robotics/lab3/ex01/install/task9_pkg/include/task9_pkg/task9_pkg/msg/detail/full_name_message__type_support.h
[4.158s] -- Installing: /home/antonadonin/Robotics/lab3/ex01/install/task9_pkg/include/task9_pkg/task9_pkg/msg/detail/full_name_message__struct.h
[4.158s] -- Installing: /home/antonadonin/Robotics/lab3/ex01/install/task9_pkg/include/task9_pkg/task9_pkg/msg/rosidl_generator_c__visibility_control.h
[4.158s] -- Installing: /home/antonadonin/Robotics/lab3/ex01/install/task9_pkg/include/task9_pkg/task9_pkg/msg/full_name_message.h
[4.158s] -- Installing: /home/antonadonin/Robotics/lab3/ex01/install/task9_pkg/share/task9_pkg/environment/library_path.sh
[4.158s] -- Installing: /home/antonadonin/Robotics/lab3/ex01/install/task9_pkg/share/task9_pkg/environment/library_path.dsv
[4.158s] -- Installing: /home/antonadonin/Robotics/lab3/ex01/install/task9_pkg/lib/libtask9_pkg__rosidl_generator_c.so
[4.158s] -- Set non-toolchain portion of runtime path of "/home/antonadonin/Robotics/lab3/ex01/install/task9_pkg/lib/libtask9_pkg__rosidl_generator_c.so" to ""
[4.158s] -- Up-to-date: /home/antonadonin/Robotics/lab3/ex01/install/task9_pkg/include/task9_pkg/task9_pkg
[4.158s] -- Up-to-date: /home/antonadonin/Robotics/lab3/ex01/install/task9_pkg/include/task9_pkg/task9_pkg/srv
[4.158s] -- Up-to-date: /home/antonadonin/Robotics/lab3/ex01/install/task9_pkg/include/task9_pkg/task9_pkg/srv/detail
[4.158s] -- Installing: /home/antonadonin/Robotics/lab3/ex01/install/task9_pkg/include/task9_pkg/task9_pkg/srv/detail/full_name_sum_service__rosidl_typesupport_fastrtps_c.h
[4.158s] -- Up-to-date: /home/antonadonin/Robotics/lab3/ex01/install/task9_pkg/include/task9_pkg/task9_pkg/msg
[4.158s] -- Up-to-date: /home/antonadonin/Robotics/lab3/ex01/install/task9_pkg/include/task9_pkg/task9_pkg/msg/detail
[4.158s] -- Installing: /home/antonadonin/Robotics/lab3/ex01/install/task9_pkg/include/task9_pkg/task9_pkg/msg/detail/full_name_message__rosidl_typesupport_fastrtps_c.h
[4.158s] -- Installing: /home/antonadonin/Robotics/lab3/ex01/install/task9_pkg/include/task9_pkg/task9_pkg/msg/rosidl_typesupport_fastrtps_c__visibility_control.h
[4.159s] -- Installing: /home/antonadonin/Robotics/lab3/ex01/install/task9_pkg/lib/libtask9_pkg__rosidl_typesupport_fastrtps_c.so
[4.159s] -- Set non-toolchain portion of runtime path of "/home/antonadonin/Robotics/lab3/ex01/install/task9_pkg/lib/libtask9_pkg__rosidl_typesupport_fastrtps_c.so" to ""
[4.159s] -- Up-to-date: /home/antonadonin/Robotics/lab3/ex01/install/task9_pkg/include/task9_pkg/task9_pkg
[4.159s] -- Up-to-date: /home/antonadonin/Robotics/lab3/ex01/install/task9_pkg/include/task9_pkg/task9_pkg/srv
[4.159s] -- Up-to-date: /home/antonadonin/Robotics/lab3/ex01/install/task9_pkg/include/task9_pkg/task9_pkg/srv/detail
[4.159s] -- Up-to-date: /home/antonadonin/Robotics/lab3/ex01/install/task9_pkg/include/task9_pkg/task9_pkg/srv/detail/full_name_sum_service__type_support.c
[4.159s] -- Installing: /home/antonadonin/Robotics/lab3/ex01/install/task9_pkg/include/task9_pkg/task9_pkg/srv/detail/full_name_sum_service__rosidl_typesupport_introspection_c.h
[4.159s] -- Up-to-date: /home/antonadonin/Robotics/lab3/ex01/install/task9_pkg/include/task9_pkg/task9_pkg/msg
[4.159s] -- Up-to-date: /home/antonadonin/Robotics/lab3/ex01/install/task9_pkg/include/task9_pkg/task9_pkg/msg/detail
[4.159s] -- Installing: /home/antonadonin/Robotics/lab3/ex01/install/task9_pkg/include/task9_pkg/task9_pkg/msg/detail/full_name_message__rosidl_typesupport_introspection_c.h
[4.159s] -- Up-to-date: /home/antonadonin/Robotics/lab3/ex01/install/task9_pkg/include/task9_pkg/task9_pkg/msg/detail/full_name_message__type_support.c
[4.159s] -- Installing: /home/antonadonin/Robotics/lab3/ex01/install/task9_pkg/include/task9_pkg/task9_pkg/msg/rosidl_typesupport_introspection_c__visibility_control.h
[4.159s] -- Installing: /home/antonadonin/Robotics/lab3/ex01/install/task9_pkg/lib/libtask9_pkg__rosidl_typesupport_introspection_c.so
[4.159s] -- Set non-toolchain portion of runtime path of "/home/antonadonin/Robotics/lab3/ex01/install/task9_pkg/lib/libtask9_pkg__rosidl_typesupport_introspection_c.so" to ""
[4.159s] -- Installing: /home/antonadonin/Robotics/lab3/ex01/install/task9_pkg/lib/libtask9_pkg__rosidl_typesupport_c.so
[4.160s] -- Set non-toolchain portion of runtime path of "/home/antonadonin/Robotics/lab3/ex01/install/task9_pkg/lib/libtask9_pkg__rosidl_typesupport_c.so" to ""
[4.160s] -- Up-to-date: /home/antonadonin/Robotics/lab3/ex01/install/task9_pkg/include/task9_pkg/task9_pkg
[4.160s] -- Up-to-date: /home/antonadonin/Robotics/lab3/ex01/install/task9_pkg/include/task9_pkg/task9_pkg/srv
[4.160s] -- Up-to-date: /home/antonadonin/Robotics/lab3/ex01/install/task9_pkg/include/task9_pkg/task9_pkg/srv/detail
[4.160s] -- Installing: /home/antonadonin/Robotics/lab3/ex01/install/task9_pkg/include/task9_pkg/task9_pkg/srv/detail/full_name_sum_service__type_support.hpp
[4.160s] -- Installing: /home/antonadonin/Robotics/lab3/ex01/install/task9_pkg/include/task9_pkg/task9_pkg/srv/detail/full_name_sum_service__traits.hpp
[4.160s] -- Installing: /home/antonadonin/Robotics/lab3/ex01/install/task9_pkg/include/task9_pkg/task9_pkg/srv/detail/full_name_sum_service__builder.hpp
[4.160s] -- Installing: /home/antonadonin/Robotics/lab3/ex01/install/task9_pkg/include/task9_pkg/task9_pkg/srv/detail/full_name_sum_service__struct.hpp
[4.160s] -- Installing: /home/antonadonin/Robotics/lab3/ex01/install/task9_pkg/include/task9_pkg/task9_pkg/srv/full_name_sum_service.hpp
[4.160s] -- Up-to-date: /home/antonadonin/Robotics/lab3/ex01/install/task9_pkg/include/task9_pkg/task9_pkg/msg
[4.160s] -- Installing: /home/antonadonin/Robotics/lab3/ex01/install/task9_pkg/include/task9_pkg/task9_pkg/msg/full_name_message.hpp
[4.160s] -- Up-to-date: /home/antonadonin/Robotics/lab3/ex01/install/task9_pkg/include/task9_pkg/task9_pkg/msg/detail
[4.160s] -- Installing: /home/antonadonin/Robotics/lab3/ex01/install/task9_pkg/include/task9_pkg/task9_pkg/msg/detail/full_name_message__traits.hpp
[4.160s] -- Installing: /home/antonadonin/Robotics/lab3/ex01/install/task9_pkg/include/task9_pkg/task9_pkg/msg/detail/full_name_message__builder.hpp
[4.160s] -- Installing: /home/antonadonin/Robotics/lab3/ex01/install/task9_pkg/include/task9_pkg/task9_pkg/msg/detail/full_name_message__type_support.hpp
[4.160s] -- Installing: /home/antonadonin/Robotics/lab3/ex01/install/task9_pkg/include/task9_pkg/task9_pkg/msg/detail/full_name_message__struct.hpp
[4.161s] -- Installing: /home/antonadonin/Robotics/lab3/ex01/install/task9_pkg/include/task9_pkg/task9_pkg/msg/rosidl_generator_cpp__visibility_control.hpp
[4.161s] -- Up-to-date: /home/antonadonin/Robotics/lab3/ex01/install/task9_pkg/include/task9_pkg/task9_pkg
[4.161s] -- Up-to-date: /home/antonadonin/Robotics/lab3/ex01/install/task9_pkg/include/task9_pkg/task9_pkg/srv
[4.161s] -- Up-to-date: /home/antonadonin/Robotics/lab3/ex01/install/task9_pkg/include/task9_pkg/task9_pkg/srv/detail
[4.161s] -- Installing: /home/antonadonin/Robotics/lab3/ex01/install/task9_pkg/include/task9_pkg/task9_pkg/srv/detail/dds_fastrtps
[4.161s] -- Installing: /home/antonadonin/Robotics/lab3/ex01/install/task9_pkg/include/task9_pkg/task9_pkg/srv/detail/full_name_sum_service__rosidl_typesupport_fastrtps_cpp.hpp
[4.161s] -- Up-to-date: /home/antonadonin/Robotics/lab3/ex01/install/task9_pkg/include/task9_pkg/task9_pkg/msg
[4.161s] -- Up-to-date: /home/antonadonin/Robotics/lab3/ex01/install/task9_pkg/include/task9_pkg/task9_pkg/msg/detail
[4.161s] -- Installing: /home/antonadonin/Robotics/lab3/ex01/install/task9_pkg/include/task9_pkg/task9_pkg/msg/detail/dds_fastrtps
[4.161s] -- Installing: /home/antonadonin/Robotics/lab3/ex01/install/task9_pkg/include/task9_pkg/task9_pkg/msg/detail/full_name_message__rosidl_typesupport_fastrtps_cpp.hpp
[4.161s] -- Installing: /home/antonadonin/Robotics/lab3/ex01/install/task9_pkg/include/task9_pkg/task9_pkg/msg/rosidl_typesupport_fastrtps_cpp__visibility_control.h
[4.161s] -- Installing: /home/antonadonin/Robotics/lab3/ex01/install/task9_pkg/lib/libtask9_pkg__rosidl_typesupport_fastrtps_cpp.so
[4.161s] -- Set non-toolchain portion of runtime path of "/home/antonadonin/Robotics/lab3/ex01/install/task9_pkg/lib/libtask9_pkg__rosidl_typesupport_fastrtps_cpp.so" to ""
[4.161s] -- Up-to-date: /home/antonadonin/Robotics/lab3/ex01/install/task9_pkg/include/task9_pkg/task9_pkg
[4.162s] -- Up-to-date: /home/antonadonin/Robotics/lab3/ex01/install/task9_pkg/include/task9_pkg/task9_pkg/srv
[4.162s] -- Up-to-date: /home/antonadonin/Robotics/lab3/ex01/install/task9_pkg/include/task9_pkg/task9_pkg/srv/detail
[4.162s] -- Installing: /home/antonadonin/Robotics/lab3/ex01/install/task9_pkg/include/task9_pkg/task9_pkg/srv/detail/full_name_sum_service__type_support.cpp
[4.162s] -- Installing: /home/antonadonin/Robotics/lab3/ex01/install/task9_pkg/include/task9_pkg/task9_pkg/srv/detail/full_name_sum_service__rosidl_typesupport_introspection_cpp.hpp
[4.162s] -- Up-to-date: /home/antonadonin/Robotics/lab3/ex01/install/task9_pkg/include/task9_pkg/task9_pkg/msg
[4.162s] -- Up-to-date: /home/antonadonin/Robotics/lab3/ex01/install/task9_pkg/include/task9_pkg/task9_pkg/msg/detail
[4.162s] -- Installing: /home/antonadonin/Robotics/lab3/ex01/install/task9_pkg/include/task9_pkg/task9_pkg/msg/detail/full_name_message__type_support.cpp
[4.162s] -- Installing: /home/antonadonin/Robotics/lab3/ex01/install/task9_pkg/include/task9_pkg/task9_pkg/msg/detail/full_name_message__rosidl_typesupport_introspection_cpp.hpp
[4.162s] -- Installing: /home/antonadonin/Robotics/lab3/ex01/install/task9_pkg/lib/libtask9_pkg__rosidl_typesupport_introspection_cpp.so
[4.162s] -- Set non-toolchain portion of runtime path of "/home/antonadonin/Robotics/lab3/ex01/install/task9_pkg/lib/libtask9_pkg__rosidl_typesupport_introspection_cpp.so" to ""
[4.162s] -- Installing: /home/antonadonin/Robotics/lab3/ex01/install/task9_pkg/lib/libtask9_pkg__rosidl_typesupport_cpp.so
[4.163s] -- Set non-toolchain portion of runtime path of "/home/antonadonin/Robotics/lab3/ex01/install/task9_pkg/lib/libtask9_pkg__rosidl_typesupport_cpp.so" to ""
[4.163s] -- Installing: /home/antonadonin/Robotics/lab3/ex01/install/task9_pkg/share/task9_pkg/environment/pythonpath.sh
[4.163s] -- Installing: /home/antonadonin/Robotics/lab3/ex01/install/task9_pkg/share/task9_pkg/environment/pythonpath.dsv
[4.163s] -- Installing: /home/antonadonin/Robotics/lab3/ex01/install/task9_pkg/lib/python3.12/site-packages/task9_pkg-0.0.0-py3.12.egg-info
[4.163s] -- Installing: /home/antonadonin/Robotics/lab3/ex01/install/task9_pkg/lib/python3.12/site-packages/task9_pkg-0.0.0-py3.12.egg-info/PKG-INFO
[4.163s] -- Installing: /home/antonadonin/Robotics/lab3/ex01/install/task9_pkg/lib/python3.12/site-packages/task9_pkg-0.0.0-py3.12.egg-info/dependency_links.txt
[4.163s] -- Installing: /home/antonadonin/Robotics/lab3/ex01/install/task9_pkg/lib/python3.12/site-packages/task9_pkg-0.0.0-py3.12.egg-info/SOURCES.txt
[4.163s] -- Installing: /home/antonadonin/Robotics/lab3/ex01/install/task9_pkg/lib/python3.12/site-packages/task9_pkg-0.0.0-py3.12.egg-info/top_level.txt
[4.163s] -- Installing: /home/antonadonin/Robotics/lab3/ex01/install/task9_pkg/lib/python3.12/site-packages/task9_pkg
[4.163s] -- Installing: /home/antonadonin/Robotics/lab3/ex01/install/task9_pkg/lib/python3.12/site-packages/task9_pkg/task9_pkg_s__rosidl_typesupport_fastrtps_c.so
[4.163s] -- Installing: /home/antonadonin/Robotics/lab3/ex01/install/task9_pkg/lib/python3.12/site-packages/task9_pkg/__init__.py
[4.164s] -- Installing: /home/antonadonin/Robotics/lab3/ex01/install/task9_pkg/lib/python3.12/site-packages/task9_pkg/task9_pkg_s__rosidl_typesupport_introspection_c.so
[4.164s] -- Installing: /home/antonadonin/Robotics/lab3/ex01/install/task9_pkg/lib/python3.12/site-packages/task9_pkg/task9_pkg_s__rosidl_typesupport_c.so
[4.164s] -- Installing: /home/antonadonin/Robotics/lab3/ex01/install/task9_pkg/lib/python3.12/site-packages/task9_pkg/srv
[4.164s] -- Installing: /home/antonadonin/Robotics/lab3/ex01/install/task9_pkg/lib/python3.12/site-packages/task9_pkg/srv/__init__.py
[4.164s] -- Installing: /home/antonadonin/Robotics/lab3/ex01/install/task9_pkg/lib/python3.12/site-packages/task9_pkg/srv/_full_name_sum_service_s.c
[4.164s] -- Installing: /home/antonadonin/Robotics/lab3/ex01/install/task9_pkg/lib/python3.12/site-packages/task9_pkg/srv/_full_name_sum_service.py
[4.164s] -- Installing: /home/antonadonin/Robotics/lab3/ex01/install/task9_pkg/lib/python3.12/site-packages/task9_pkg/_task9_pkg_s.ep.rosidl_typesupport_fastrtps_c.c
[4.164s] -- Installing: /home/antonadonin/Robotics/lab3/ex01/install/task9_pkg/lib/python3.12/site-packages/task9_pkg/_task9_pkg_s.ep.rosidl_typesupport_c.c
[4.164s] -- Installing: /home/antonadonin/Robotics/lab3/ex01/install/task9_pkg/lib/python3.12/site-packages/task9_pkg/_task9_pkg_s.ep.rosidl_typesupport_introspection_c.c
[4.164s] -- Installing: /home/antonadonin/Robotics/lab3/ex01/install/task9_pkg/lib/python3.12/site-packages/task9_pkg/msg
[4.164s] -- Installing: /home/antonadonin/Robotics/lab3/ex01/install/task9_pkg/lib/python3.12/site-packages/task9_pkg/msg/__init__.py
[4.164s] -- Installing: /home/antonadonin/Robotics/lab3/ex01/install/task9_pkg/lib/python3.12/site-packages/task9_pkg/msg/_full_name_message_s.c
[4.164s] -- Installing: /home/antonadonin/Robotics/lab3/ex01/install/task9_pkg/lib/python3.12/site-packages/task9_pkg/msg/_full_name_message.py
[4.185s] Listing '/home/antonadonin/Robotics/lab3/ex01/install/task9_pkg/lib/python3.12/site-packages/task9_pkg'...
[4.185s] Compiling '/home/antonadonin/Robotics/lab3/ex01/install/task9_pkg/lib/python3.12/site-packages/task9_pkg/__init__.py'...
[4.186s] Listing '/home/antonadonin/Robotics/lab3/ex01/install/task9_pkg/lib/python3.12/site-packages/task9_pkg/msg'...
[4.186s] Compiling '/home/antonadonin/Robotics/lab3/ex01/install/task9_pkg/lib/python3.12/site-packages/task9_pkg/msg/__init__.py'...
[4.186s] Compiling '/home/antonadonin/Robotics/lab3/ex01/install/task9_pkg/lib/python3.12/site-packages/task9_pkg/msg/_full_name_message.py'...
[4.186s] Listing '/home/antonadonin/Robotics/lab3/ex01/install/task9_pkg/lib/python3.12/site-packages/task9_pkg/srv'...
[4.186s] Compiling '/home/antonadonin/Robotics/lab3/ex01/install/task9_pkg/lib/python3.12/site-packages/task9_pkg/srv/__init__.py'...
[4.186s] Compiling '/home/antonadonin/Robotics/lab3/ex01/install/task9_pkg/lib/python3.12/site-packages/task9_pkg/srv/_full_name_sum_service.py'...
[4.188s] -- Installing: /home/antonadonin/Robotics/lab3/ex01/install/task9_pkg/lib/python3.12/site-packages/task9_pkg/task9_pkg_s__rosidl_typesupport_fastrtps_c.so
[4.188s] -- Set non-toolchain portion of runtime path of "/home/antonadonin/Robotics/lab3/ex01/install/task9_pkg/lib/python3.12/site-packages/task9_pkg/task9_pkg_s__rosidl_typesupport_fastrtps_c.so" to ""
[4.188s] -- Installing: /home/antonadonin/Robotics/lab3/ex01/install/task9_pkg/lib/python3.12/site-packages/task9_pkg/task9_pkg_s__rosidl_typesupport_introspection_c.so
[4.188s] -- Set non-toolchain portion of runtime path of "/home/antonadonin/Robotics/lab3/ex01/install/task9_pkg/lib/python3.12/site-packages/task9_pkg/task9_pkg_s__rosidl_typesupport_introspection_c.so" to ""
[4.188s] -- Installing: /home/antonadonin/Robotics/lab3/ex01/install/task9_pkg/lib/python3.12/site-packages/task9_pkg/task9_pkg_s__rosidl_typesupport_c.so
[4.188s] -- Set non-toolchain portion of runtime path of "/home/antonadonin/Robotics/lab3/ex01/install/task9_pkg/lib/python3.12/site-packages/task9_pkg/task9_pkg_s__rosidl_typesupport_c.so" to ""
[4.189s] -- Installing: /home/antonadonin/Robotics/lab3/ex01/install/task9_pkg/lib/libtask9_pkg__rosidl_generator_py.so
[4.189s] -- Set non-toolchain portion of runtime path of "/home/antonadonin/Robotics/lab3/ex01/install/task9_pkg/lib/libtask9_pkg__rosidl_generator_py.so" to ""
[4.189s] -- Installing: /home/antonadonin/Robotics/lab3/ex01/install/task9_pkg/share/task9_pkg/msg/FullNameMessage.idl
[4.189s] -- Installing: /home/antonadonin/Robotics/lab3/ex01/install/task9_pkg/share/task9_pkg/srv/FullNameSumService.idl
[4.189s] -- Installing: /home/antonadonin/Robotics/lab3/ex01/install/task9_pkg/share/task9_pkg/msg/FullNameMessage.msg
[4.189s] -- Installing: /home/antonadonin/Robotics/lab3/ex01/install/task9_pkg/share/task9_pkg/srv/FullNameSumService.srv
[4.189s] -- Installing: /home/antonadonin/Robotics/lab3/ex01/install/task9_pkg/share/ament_index/resource_index/package_run_dependencies/task9_pkg
[4.190s] -- Installing: /home/antonadonin/Robotics/lab3/ex01/install/task9_pkg/share/ament_index/resource_index/parent_prefix_path/task9_pkg
[4.190s] -- Installing: /home/antonadonin/Robotics/lab3/ex01/install/task9_pkg/share/task9_pkg/environment/ament_prefix_path.sh
[4.190s] -- Installing: /home/antonadonin/Robotics/lab3/ex01/install/task9_pkg/share/task9_pkg/environment/ament_prefix_path.dsv
[4.190s] -- Installing: /home/antonadonin/Robotics/lab3/ex01/install/task9_pkg/share/task9_pkg/environment/path.sh
[4.190s] -- Installing: /home/antonadonin/Robotics/lab3/ex01/install/task9_pkg/share/task9_pkg/environment/path.dsv
[4.190s] -- Installing: /home/antonadonin/Robotics/lab3/ex01/install/task9_pkg/share/task9_pkg/local_setup.bash
[4.190s] -- Installing: /home/antonadonin/Robotics/lab3/ex01/install/task9_pkg/share/task9_pkg/local_setup.sh
[4.190s] -- Installing: /home/antonadonin/Robotics/lab3/ex01/install/task9_pkg/share/task9_pkg/local_setup.zsh
[4.190s] -- Installing: /home/antonadonin/Robotics/lab3/ex01/install/task9_pkg/share/task9_pkg/local_setup.dsv
[4.190s] -- Installing: /home/antonadonin/Robotics/lab3/ex01/install/task9_pkg/share/task9_pkg/package.dsv
[4.190s] -- Installing: /home/antonadonin/Robotics/lab3/ex01/install/task9_pkg/share/ament_index/resource_index/packages/task9_pkg
[4.191s] -- Installing: /home/antonadonin/Robotics/lab3/ex01/install/task9_pkg/share/task9_pkg/cmake/export_task9_pkg__rosidl_generator_cExport.cmake
[4.191s] -- Installing: /home/antonadonin/Robotics/lab3/ex01/install/task9_pkg/share/task9_pkg/cmake/export_task9_pkg__rosidl_generator_cExport-noconfig.cmake
[4.191s] -- Installing: /home/antonadonin/Robotics/lab3/ex01/install/task9_pkg/share/task9_pkg/cmake/export_task9_pkg__rosidl_typesupport_fastrtps_cExport.cmake
[4.191s] -- Installing: /home/antonadonin/Robotics/lab3/ex01/install/task9_pkg/share/task9_pkg/cmake/export_task9_pkg__rosidl_typesupport_fastrtps_cExport-noconfig.cmake
[4.191s] -- Installing: /home/antonadonin/Robotics/lab3/ex01/install/task9_pkg/share/task9_pkg/cmake/task9_pkg__rosidl_typesupport_introspection_cExport.cmake
[4.191s] -- Installing: /home/antonadonin/Robotics/lab3/ex01/install/task9_pkg/share/task9_pkg/cmake/task9_pkg__rosidl_typesupport_introspection_cExport-noconfig.cmake
[4.191s] -- Installing: /home/antonadonin/Robotics/lab3/ex01/install/task9_pkg/share/task9_pkg/cmake/task9_pkg__rosidl_typesupport_cExport.cmake
[4.191s] -- Installing: /home/antonadonin/Robotics/lab3/ex01/install/task9_pkg/share/task9_pkg/cmake/task9_pkg__rosidl_typesupport_cExport-noconfig.cmake
[4.191s] -- Installing: /home/antonadonin/Robotics/lab3/ex01/install/task9_pkg/share/task9_pkg/cmake/export_task9_pkg__rosidl_generator_cppExport.cmake
[4.191s] -- Installing: /home/antonadonin/Robotics/lab3/ex01/install/task9_pkg/share/task9_pkg/cmake/export_task9_pkg__rosidl_typesupport_fastrtps_cppExport.cmake
[4.191s] -- Installing: /home/antonadonin/Robotics/lab3/ex01/install/task9_pkg/share/task9_pkg/cmake/export_task9_pkg__rosidl_typesupport_fastrtps_cppExport-noconfig.cmake
[4.191s] -- Installing: /home/antonadonin/Robotics/lab3/ex01/install/task9_pkg/share/task9_pkg/cmake/task9_pkg__rosidl_typesupport_introspection_cppExport.cmake
[4.192s] -- Installing: /home/antonadonin/Robotics/lab3/ex01/install/task9_pkg/share/task9_pkg/cmake/task9_pkg__rosidl_typesupport_introspection_cppExport-noconfig.cmake
[4.192s] -- Installing: /home/antonadonin/Robotics/lab3/ex01/install/task9_pkg/share/task9_pkg/cmake/task9_pkg__rosidl_typesupport_cppExport.cmake
[4.192s] -- Installing: /home/antonadonin/Robotics/lab3/ex01/install/task9_pkg/share/task9_pkg/cmake/task9_pkg__rosidl_typesupport_cppExport-noconfig.cmake
[4.192s] -- Installing: /home/antonadonin/Robotics/lab3/ex01/install/task9_pkg/share/task9_pkg/cmake/export_task9_pkg__rosidl_generator_pyExport.cmake
[4.192s] -- Installing: /home/antonadonin/Robotics/lab3/ex01/install/task9_pkg/share/task9_pkg/cmake/export_task9_pkg__rosidl_generator_pyExport-noconfig.cmake
[4.192s] -- Installing: /home/antonadonin/Robotics/lab3/ex01/install/task9_pkg/share/task9_pkg/cmake/rosidl_cmake-extras.cmake
[4.192s] -- Installing: /home/antonadonin/Robotics/lab3/ex01/install/task9_pkg/share/task9_pkg/cmake/ament_cmake_export_dependencies-extras.cmake
[4.192s] -- Installing: /home/antonadonin/Robotics/lab3/ex01/install/task9_pkg/share/task9_pkg/cmake/ament_cmake_export_include_directories-extras.cmake
[4.192s] -- Installing: /home/antonadonin/Robotics/lab3/ex01/install/task9_pkg/share/task9_pkg/cmake/ament_cmake_export_libraries-extras.cmake
[4.192s] -- Installing: /home/antonadonin/Robotics/lab3/ex01/install/task9_pkg/share/task9_pkg/cmake/ament_cmake_export_targets-extras.cmake
[4.192s] -- Installing: /home/antonadonin/Robotics/lab3/ex01/install/task9_pkg/share/task9_pkg/cmake/rosidl_cmake_export_typesupport_targets-extras.cmake
[4.192s] -- Installing: /home/antonadonin/Robotics/lab3/ex01/install/task9_pkg/share/task9_pkg/cmake/rosidl_cmake_export_typesupport_libraries-extras.cmake
[4.192s] -- Installing: /home/antonadonin/Robotics/lab3/ex01/install/task9_pkg/share/task9_pkg/cmake/task9_pkgConfig.cmake
[4.192s] -- Installing: /home/antonadonin/Robotics/lab3/ex01/install/task9_pkg/share/task9_pkg/cmake/task9_pkgConfig-version.cmake
[4.192s] -- Installing: /home/antonadonin/Robotics/lab3/ex01/install/task9_pkg/share/task9_pkg/package.xml
[4.193s] Invoked command in '/home/antonadonin/Robotics/lab3/ex01/build/task9_pkg' returned '0': CMAKE_PREFIX_PATH=${CMAKE_PREFIX_PATH}:/opt/ros/jazzy DEBUGINFOD_URLS=https://debuginfod.ubuntu.com /usr/bin/cmake --install /home/antonadonin/Robotics/lab3/ex01/build/task9_pkg
