[0.006s] Invoking command in '/home/antonadonin/Robotics/lab5/ex03/build/robot_bringup': CMAKE_PREFIX_PATH=${CMAKE_PREFIX_PATH}:/opt/ros/jazzy DEBUGINFOD_URLS=https://debuginfod.ubuntu.com /usr/bin/cmake /home/antonadonin/Robotics/lab5/ex03/robot_bringup -DCMAKE_INSTALL_PREFIX=/home/antonadonin/Robotics/lab5/ex03/install/robot_bringup
[0.022s] -- Found ament_cmake: 2.5.2 (/opt/ros/jazzy/share/ament_cmake/cmake)
[0.151s] -- Found Python3: /usr/bin/python3 (found version "3.12.3") found components: Interpreter 
[0.204s] -- Found ament_lint_auto: 0.17.1 (/opt/ros/jazzy/share/ament_lint_auto/cmake)
[0.264s] -- Configuring done (0.2s)
[0.265s] -- Generating done (0.0s)
[0.265s] -- Build files have been written to: /home/antonadonin/Robotics/lab5/ex03/build/robot_bringup
[0.267s] Invoked command in '/home/antonadonin/Robotics/lab5/ex03/build/robot_bringup' returned '0': CMAKE_PREFIX_PATH=${CMAKE_PREFIX_PATH}:/opt/ros/jazzy DEBUGINFOD_URLS=https://debuginfod.ubuntu.com /usr/bin/cmake /home/antonadonin/Robotics/lab5/ex03/robot_bringup -DCMAKE_INSTALL_PREFIX=/home/antonadonin/Robotics/lab5/ex03/install/robot_bringup
[0.267s] Invoking command in '/home/antonadonin/Robotics/lab5/ex03/build/robot_bringup': CMAKE_PREFIX_PATH=${CMAKE_PREFIX_PATH}:/opt/ros/jazzy DEBUGINFOD_URLS=https://debuginfod.ubuntu.com /usr/bin/cmake --build /home/antonadonin/Robotics/lab5/ex03/build/robot_bringup -- -j8 -l8
[0.283s] Invoked command in '/home/antonadonin/Robotics/lab5/ex03/build/robot_bringup' returned '0': CMAKE_PREFIX_PATH=${CMAKE_PREFIX_PATH}:/opt/ros/jazzy DEBUGINFOD_URLS=https://debuginfod.ubuntu.com /usr/bin/cmake --build /home/antonadonin/Robotics/lab5/ex03/build/robot_bringup -- -j8 -l8
[0.298s] Invoking command in '/home/antonadonin/Robotics/lab5/ex03/build/robot_bringup': CMAKE_PREFIX_PATH=${CMAKE_PREFIX_PATH}:/opt/ros/jazzy DEBUGINFOD_URLS=https://debuginfod.ubuntu.com /usr/bin/cmake --install /home/antonadonin/Robotics/lab5/ex03/build/robot_bringup
[0.304s] -- Install configuration: ""
[0.305s] -- Installing: /home/antonadonin/Robotics/lab5/ex03/install/robot_bringup/share/robot_bringup/launch
[0.305s] -- Installing: /home/antonadonin/Robotics/lab5/ex03/install/robot_bringup/share/robot_bringup/launch/diff_drive.launch.py
[0.305s] -- Installing: /home/antonadonin/Robotics/lab5/ex03/install/robot_bringup/share/robot_bringup/config
[0.305s] -- Installing: /home/antonadonin/Robotics/lab5/ex03/install/robot_bringup/share/robot_bringup/config/diff_drive.rviz
[0.305s] -- Installing: /home/antonadonin/Robotics/lab5/ex03/install/robot_bringup/share/robot_bringup/config/robot_bridge.yaml
[0.306s] -- Installing: /home/antonadonin/Robotics/lab5/ex03/install/robot_bringup/share/ament_index/resource_index/package_run_dependencies/robot_bringup
[0.307s] -- Installing: /home/antonadonin/Robotics/lab5/ex03/install/robot_bringup/share/ament_index/resource_index/parent_prefix_path/robot_bringup
[0.307s] -- Installing: /home/antonadonin/Robotics/lab5/ex03/install/robot_bringup/share/robot_bringup/environment/ament_prefix_path.sh
[0.307s] -- Installing: /home/antonadonin/Robotics/lab5/ex03/install/robot_bringup/share/robot_bringup/environment/ament_prefix_path.dsv
[0.307s] -- Installing: /home/antonadonin/Robotics/lab5/ex03/install/robot_bringup/share/robot_bringup/environment/path.sh
[0.307s] -- Installing: /home/antonadonin/Robotics/lab5/ex03/install/robot_bringup/share/robot_bringup/environment/path.dsv
[0.307s] -- Installing: /home/antonadonin/Robotics/lab5/ex03/install/robot_bringup/share/robot_bringup/local_setup.bash
[0.307s] -- Installing: /home/antonadonin/Robotics/lab5/ex03/install/robot_bringup/share/robot_bringup/local_setup.sh
[0.308s] -- Installing: /home/antonadonin/Robotics/lab5/ex03/install/robot_bringup/share/robot_bringup/local_setup.zsh
[0.308s] -- Installing: /home/antonadonin/Robotics/lab5/ex03/install/robot_bringup/share/robot_bringup/local_setup.dsv
[0.308s] -- Installing: /home/antonadonin/Robotics/lab5/ex03/install/robot_bringup/share/robot_bringup/package.dsv
[0.308s] -- Installing: /home/antonadonin/Robotics/lab5/ex03/install/robot_bringup/share/ament_index/resource_index/packages/robot_bringup
[0.308s] -- Installing: /home/antonadonin/Robotics/lab5/ex03/install/robot_bringup/share/robot_bringup/cmake/robot_bringupConfig.cmake
[0.308s] -- Installing: /home/antonadonin/Robotics/lab5/ex03/install/robot_bringup/share/robot_bringup/cmake/robot_bringupConfig-version.cmake
[0.308s] -- Installing: /home/antonadonin/Robotics/lab5/ex03/install/robot_bringup/share/robot_bringup/package.xml
[0.312s] Invoked command in '/home/antonadonin/Robotics/lab5/ex03/build/robot_bringup' returned '0': CMAKE_PREFIX_PATH=${CMAKE_PREFIX_PATH}:/opt/ros/jazzy DEBUGINFOD_URLS=https://debuginfod.ubuntu.com /usr/bin/cmake --install /home/antonadonin/Robotics/lab5/ex03/build/robot_bringup
