[0.044s] DEBUG:colcon:Command line arguments: ['/usr/bin/colcon', 'build']
[0.044s] DEBUG:colcon:Parsed command line arguments: Namespace(log_base=None, log_level=None, verb_name='build', build_base='build', install_base='install', merge_install=False, symlink_install=False, test_result_base=None, continue_on_error=False, executor='parallel', parallel_workers=8, event_handlers=None, ignore_user_meta=False, metas=['./colcon.meta'], base_paths=['.'], packages_ignore=None, packages_ignore_regex=None, paths=None, packages_up_to=None, packages_up_to_regex=None, packages_above=None, packages_above_and_dependencies=None, packages_above_depth=None, packages_select_by_dep=None, packages_skip_by_dep=None, packages_skip_up_to=None, packages_select_build_failed=False, packages_skip_build_finished=False, packages_select_test_failures=False, packages_skip_test_passed=False, packages_select=None, packages_skip=None, packages_select_regex=None, packages_skip_regex=None, packages_start=None, packages_end=None, allow_overriding=[], cmake_args=None, cmake_target=None, cmake_target_skip_unavailable=False, cmake_clean_cache=False, cmake_clean_first=False, cmake_force_configure=False, ament_cmake_args=None, catkin_cmake_args=None, catkin_skip_building_tests=False, mixin_files=None, mixin=None, verb_parser=<colcon_mixin.mixin.mixin_argument.MixinArgumentDecorator object at 0xffff80bd7290>, verb_extension=<colcon_core.verb.build.BuildVerb object at 0xffff80bd7230>, main=<bound method BuildVerb.main of <colcon_core.verb.build.BuildVerb object at 0xffff80bd7230>>, mixin_verb=('build',))
[0.059s] Level 1:colcon.colcon_core.package_discovery:discover_packages(colcon_meta) check parameters
[0.059s] Level 1:colcon.colcon_core.package_discovery:discover_packages(recursive) check parameters
[0.059s] Level 1:colcon.colcon_core.package_discovery:discover_packages(ignore) check parameters
[0.059s] Level 1:colcon.colcon_core.package_discovery:discover_packages(path) check parameters
[0.059s] Level 1:colcon.colcon_core.package_discovery:discover_packages(colcon_meta) discover
[0.059s] Level 1:colcon.colcon_core.package_discovery:discover_packages(recursive) discover
[0.059s] INFO:colcon.colcon_core.package_discovery:Crawling recursively for packages in '/home/antonadonin/Robotics/lab3/ex02'
[0.059s] Level 1:colcon.colcon_core.package_identification:_identify(.) by extensions ['ignore', 'ignore_ament_install']
[0.059s] Level 1:colcon.colcon_core.package_identification:_identify(.) by extension 'ignore'
[0.059s] Level 1:colcon.colcon_core.package_identification:_identify(.) by extension 'ignore_ament_install'
[0.059s] Level 1:colcon.colcon_core.package_identification:_identify(.) by extensions ['colcon_pkg']
[0.059s] Level 1:colcon.colcon_core.package_identification:_identify(.) by extension 'colcon_pkg'
[0.059s] Level 1:colcon.colcon_core.package_identification:_identify(.) by extensions ['colcon_meta']
[0.059s] Level 1:colcon.colcon_core.package_identification:_identify(.) by extension 'colcon_meta'
[0.059s] Level 1:colcon.colcon_core.package_identification:_identify(.) by extensions ['ros']
[0.059s] Level 1:colcon.colcon_core.package_identification:_identify(.) by extension 'ros'
[0.070s] Level 1:colcon.colcon_core.package_identification:_identify(.) by extensions ['cmake', 'python']
[0.070s] Level 1:colcon.colcon_core.package_identification:_identify(.) by extension 'cmake'
[0.070s] Level 1:colcon.colcon_core.package_identification:_identify(.) by extension 'python'
[0.070s] Level 1:colcon.colcon_core.package_identification:_identify(.) by extensions ['python_setup_py']
[0.070s] Level 1:colcon.colcon_core.package_identification:_identify(.) by extension 'python_setup_py'
[0.070s] Level 1:colcon.colcon_core.package_identification:_identify(__pycache__) by extensions ['ignore', 'ignore_ament_install']
[0.070s] Level 1:colcon.colcon_core.package_identification:_identify(__pycache__) by extension 'ignore'
[0.070s] Level 1:colcon.colcon_core.package_identification:_identify(__pycache__) by extension 'ignore_ament_install'
[0.070s] Level 1:colcon.colcon_core.package_identification:_identify(__pycache__) by extensions ['colcon_pkg']
[0.070s] Level 1:colcon.colcon_core.package_identification:_identify(__pycache__) by extension 'colcon_pkg'
[0.070s] Level 1:colcon.colcon_core.package_identification:_identify(__pycache__) by extensions ['colcon_meta']
[0.070s] Level 1:colcon.colcon_core.package_identification:_identify(__pycache__) by extension 'colcon_meta'
[0.070s] Level 1:colcon.colcon_core.package_identification:_identify(__pycache__) by extensions ['ros']
[0.070s] Level 1:colcon.colcon_core.package_identification:_identify(__pycache__) by extension 'ros'
[0.070s] Level 1:colcon.colcon_core.package_identification:_identify(__pycache__) by extensions ['cmake', 'python']
[0.070s] Level 1:colcon.colcon_core.package_identification:_identify(__pycache__) by extension 'cmake'
[0.070s] Level 1:colcon.colcon_core.package_identification:_identify(__pycache__) by extension 'python'
[0.070s] Level 1:colcon.colcon_core.package_identification:_identify(__pycache__) by extensions ['python_setup_py']
[0.070s] Level 1:colcon.colcon_core.package_identification:_identify(__pycache__) by extension 'python_setup_py'
[0.071s] Level 1:colcon.colcon_core.package_identification:_identify(action_turtle_commands) by extensions ['ignore', 'ignore_ament_install']
[0.071s] Level 1:colcon.colcon_core.package_identification:_identify(action_turtle_commands) by extension 'ignore'
[0.071s] Level 1:colcon.colcon_core.package_identification:_identify(action_turtle_commands) by extension 'ignore_ament_install'
[0.071s] Level 1:colcon.colcon_core.package_identification:_identify(action_turtle_commands) by extensions ['colcon_pkg']
[0.071s] Level 1:colcon.colcon_core.package_identification:_identify(action_turtle_commands) by extension 'colcon_pkg'
[0.071s] Level 1:colcon.colcon_core.package_identification:_identify(action_turtle_commands) by extensions ['colcon_meta']
[0.071s] Level 1:colcon.colcon_core.package_identification:_identify(action_turtle_commands) by extension 'colcon_meta'
[0.071s] Level 1:colcon.colcon_core.package_identification:_identify(action_turtle_commands) by extensions ['ros']
[0.071s] Level 1:colcon.colcon_core.package_identification:_identify(action_turtle_commands) by extension 'ros'
[0.072s] DEBUG:colcon.colcon_core.package_identification:Package 'action_turtle_commands' with type 'ros.ament_python' and name 'action_turtle_commands'
[0.072s] Level 1:colcon.colcon_core.package_identification:_identify(actions) by extensions ['ignore', 'ignore_ament_install']
[0.072s] Level 1:colcon.colcon_core.package_identification:_identify(actions) by extension 'ignore'
[0.072s] Level 1:colcon.colcon_core.package_identification:_identify(actions) by extension 'ignore_ament_install'
[0.072s] Level 1:colcon.colcon_core.package_identification:_identify(actions) by extensions ['colcon_pkg']
[0.072s] Level 1:colcon.colcon_core.package_identification:_identify(actions) by extension 'colcon_pkg'
[0.072s] Level 1:colcon.colcon_core.package_identification:_identify(actions) by extensions ['colcon_meta']
[0.072s] Level 1:colcon.colcon_core.package_identification:_identify(actions) by extension 'colcon_meta'
[0.072s] Level 1:colcon.colcon_core.package_identification:_identify(actions) by extensions ['ros']
[0.072s] Level 1:colcon.colcon_core.package_identification:_identify(actions) by extension 'ros'
[0.072s] DEBUG:colcon.colcon_core.package_identification:Package 'actions' with type 'ros.ament_cmake' and name 'actions'
[0.072s] Level 1:colcon.colcon_core.package_identification:_identify(build) by extensions ['ignore', 'ignore_ament_install']
[0.072s] Level 1:colcon.colcon_core.package_identification:_identify(build) by extension 'ignore'
[0.072s] Level 1:colcon.colcon_core.package_identification:_identify(build) ignored
[0.072s] Level 1:colcon.colcon_core.package_identification:_identify(install) by extensions ['ignore', 'ignore_ament_install']
[0.072s] Level 1:colcon.colcon_core.package_identification:_identify(install) by extension 'ignore'
[0.072s] Level 1:colcon.colcon_core.package_identification:_identify(install) ignored
[0.072s] Level 1:colcon.colcon_core.package_identification:_identify(log) by extensions ['ignore', 'ignore_ament_install']
[0.072s] Level 1:colcon.colcon_core.package_identification:_identify(log) by extension 'ignore'
[0.072s] Level 1:colcon.colcon_core.package_identification:_identify(log) ignored
[0.072s] Level 1:colcon.colcon_core.package_discovery:discover_packages(recursive) using defaults
[0.072s] Level 1:colcon.colcon_core.package_discovery:discover_packages(ignore) discover
[0.072s] Level 1:colcon.colcon_core.package_discovery:discover_packages(ignore) using defaults
[0.072s] Level 1:colcon.colcon_core.package_discovery:discover_packages(path) discover
[0.072s] Level 1:colcon.colcon_core.package_discovery:discover_packages(path) using defaults
[0.080s] Level 1:colcon.colcon_core.package_discovery:discover_packages(prefix_path) check parameters
[0.080s] Level 1:colcon.colcon_core.package_discovery:discover_packages(prefix_path) discover
[0.080s] DEBUG:colcon.colcon_installed_package_information.package_discovery:Found 2 installed packages in /home/antonadonin/Robotics/lab3/ex02/install
[0.080s] DEBUG:colcon.colcon_installed_package_information.package_discovery:Found 2 installed packages in /home/antonadonin/Robotics/lab3/ex01/install
[0.081s] DEBUG:colcon.colcon_installed_package_information.package_discovery:Found 285 installed packages in /opt/ros/jazzy
[0.081s] Level 1:colcon.colcon_core.package_discovery:discover_packages(prefix_path) using defaults
[0.099s] Level 5:colcon.colcon_core.verb:set package 'actions' build argument 'cmake_args' from command line to 'None'
[0.099s] Level 5:colcon.colcon_core.verb:set package 'actions' build argument 'cmake_target' from command line to 'None'
[0.099s] Level 5:colcon.colcon_core.verb:set package 'actions' build argument 'cmake_target_skip_unavailable' from command line to 'False'
[0.099s] Level 5:colcon.colcon_core.verb:set package 'actions' build argument 'cmake_clean_cache' from command line to 'False'
[0.099s] Level 5:colcon.colcon_core.verb:set package 'actions' build argument 'cmake_clean_first' from command line to 'False'
[0.099s] Level 5:colcon.colcon_core.verb:set package 'actions' build argument 'cmake_force_configure' from command line to 'False'
[0.099s] Level 5:colcon.colcon_core.verb:set package 'actions' build argument 'ament_cmake_args' from command line to 'None'
[0.099s] Level 5:colcon.colcon_core.verb:set package 'actions' build argument 'catkin_cmake_args' from command line to 'None'
[0.099s] Level 5:colcon.colcon_core.verb:set package 'actions' build argument 'catkin_skip_building_tests' from command line to 'False'
[0.099s] DEBUG:colcon.colcon_core.verb:Building package 'actions' with the following arguments: {'ament_cmake_args': None, 'build_base': '/home/antonadonin/Robotics/lab3/ex02/build/actions', 'catkin_cmake_args': None, 'catkin_skip_building_tests': False, 'cmake_args': None, 'cmake_clean_cache': False, 'cmake_clean_first': False, 'cmake_force_configure': False, 'cmake_target': None, 'cmake_target_skip_unavailable': False, 'install_base': '/home/antonadonin/Robotics/lab3/ex02/install/actions', 'merge_install': False, 'path': '/home/antonadonin/Robotics/lab3/ex02/actions', 'symlink_install': False, 'test_result_base': None}
[0.099s] Level 5:colcon.colcon_core.verb:set package 'action_turtle_commands' build argument 'cmake_args' from command line to 'None'
[0.099s] Level 5:colcon.colcon_core.verb:set package 'action_turtle_commands' build argument 'cmake_target' from command line to 'None'
[0.099s] Level 5:colcon.colcon_core.verb:set package 'action_turtle_commands' build argument 'cmake_target_skip_unavailable' from command line to 'False'
[0.099s] Level 5:colcon.colcon_core.verb:set package 'action_turtle_commands' build argument 'cmake_clean_cache' from command line to 'False'
[0.099s] Level 5:colcon.colcon_core.verb:set package 'action_turtle_commands' build argument 'cmake_clean_first' from command line to 'False'
[0.099s] Level 5:colcon.colcon_core.verb:set package 'action_turtle_commands' build argument 'cmake_force_configure' from command line to 'False'
[0.099s] Level 5:colcon.colcon_core.verb:set package 'action_turtle_commands' build argument 'ament_cmake_args' from command line to 'None'
[0.099s] Level 5:colcon.colcon_core.verb:set package 'action_turtle_commands' build argument 'catkin_cmake_args' from command line to 'None'
[0.099s] Level 5:colcon.colcon_core.verb:set package 'action_turtle_commands' build argument 'catkin_skip_building_tests' from command line to 'False'
[0.099s] DEBUG:colcon.colcon_core.verb:Building package 'action_turtle_commands' with the following arguments: {'ament_cmake_args': None, 'build_base': '/home/antonadonin/Robotics/lab3/ex02/build/action_turtle_commands', 'catkin_cmake_args': None, 'catkin_skip_building_tests': False, 'cmake_args': None, 'cmake_clean_cache': False, 'cmake_clean_first': False, 'cmake_force_configure': False, 'cmake_target': None, 'cmake_target_skip_unavailable': False, 'install_base': '/home/antonadonin/Robotics/lab3/ex02/install/action_turtle_commands', 'merge_install': False, 'path': '/home/antonadonin/Robotics/lab3/ex02/action_turtle_commands', 'symlink_install': False, 'test_result_base': None}
[0.099s] INFO:colcon.colcon_core.executor:Executing jobs using 'parallel' executor
[0.100s] DEBUG:colcon.colcon_parallel_executor.executor.parallel:run_until_complete
[0.100s] INFO:colcon.colcon_ros.task.ament_cmake.build:Building ROS package in '/home/antonadonin/Robotics/lab3/ex02/actions' with build type 'ament_cmake'
[0.100s] INFO:colcon.colcon_cmake.task.cmake.build:Building CMake package in '/home/antonadonin/Robotics/lab3/ex02/actions'
[0.101s] INFO:colcon.colcon_core.plugin_system:Skipping extension 'colcon_core.shell.bat': Not used on non-Windows systems
[0.101s] INFO:colcon.colcon_core.shell:Skip shell extension 'powershell' for command environment: Not usable outside of PowerShell
[0.101s] DEBUG:colcon.colcon_core.shell:Skip shell extension 'dsv' for command environment
[0.106s] DEBUG:colcon.colcon_core.event_handler.log_command:Invoking command in '/home/antonadonin/Robotics/lab3/ex02/build/actions': CMAKE_PREFIX_PATH=${CMAKE_PREFIX_PATH}:/home/antonadonin/Robotics/lab3/ex02/install/action_turtle_commands:/home/antonadonin/Robotics/lab3/ex01/install/service:/opt/ros/jazzy DEBUGINFOD_URLS=https://debuginfod.ubuntu.com /usr/bin/cmake --build /home/antonadonin/Robotics/lab3/ex02/build/actions -- -j8 -l8
[0.266s] DEBUG:colcon.colcon_core.event_handler.log_command:Invoked command in '/home/antonadonin/Robotics/lab3/ex02/build/actions' returned '0': CMAKE_PREFIX_PATH=${CMAKE_PREFIX_PATH}:/home/antonadonin/Robotics/lab3/ex02/install/action_turtle_commands:/home/antonadonin/Robotics/lab3/ex01/install/service:/opt/ros/jazzy DEBUGINFOD_URLS=https://debuginfod.ubuntu.com /usr/bin/cmake --build /home/antonadonin/Robotics/lab3/ex02/build/actions -- -j8 -l8
[0.293s] DEBUG:colcon.colcon_core.event_handler.log_command:Invoking command in '/home/antonadonin/Robotics/lab3/ex02/build/actions': CMAKE_PREFIX_PATH=${CMAKE_PREFIX_PATH}:/home/antonadonin/Robotics/lab3/ex02/install/action_turtle_commands:/home/antonadonin/Robotics/lab3/ex01/install/service:/opt/ros/jazzy DEBUGINFOD_URLS=https://debuginfod.ubuntu.com /usr/bin/cmake --install /home/antonadonin/Robotics/lab3/ex02/build/actions
[0.325s] Level 1:colcon.colcon_core.environment:create_environment_scripts_only(actions)
[0.326s] DEBUG:colcon.colcon_core.event_handler.log_command:Invoked command in '/home/antonadonin/Robotics/lab3/ex02/build/actions' returned '0': CMAKE_PREFIX_PATH=${CMAKE_PREFIX_PATH}:/home/antonadonin/Robotics/lab3/ex02/install/action_turtle_commands:/home/antonadonin/Robotics/lab3/ex01/install/service:/opt/ros/jazzy DEBUGINFOD_URLS=https://debuginfod.ubuntu.com /usr/bin/cmake --install /home/antonadonin/Robotics/lab3/ex02/build/actions
[0.326s] Level 1:colcon.colcon_core.environment:checking '/home/antonadonin/Robotics/lab3/ex02/install/actions' for CMake module files
[0.327s] Level 1:colcon.colcon_core.environment:checking '/home/antonadonin/Robotics/lab3/ex02/install/actions' for CMake config files
[0.327s] Level 1:colcon.colcon_core.shell:create_environment_hook('actions', 'cmake_prefix_path')
[0.327s] INFO:colcon.colcon_core.shell:Creating environment hook '/home/antonadonin/Robotics/lab3/ex02/install/actions/share/actions/hook/cmake_prefix_path.ps1'
[0.327s] INFO:colcon.colcon_core.shell:Creating environment descriptor '/home/antonadonin/Robotics/lab3/ex02/install/actions/share/actions/hook/cmake_prefix_path.dsv'
[0.328s] INFO:colcon.colcon_core.shell:Creating environment hook '/home/antonadonin/Robotics/lab3/ex02/install/actions/share/actions/hook/cmake_prefix_path.sh'
[0.328s] Level 1:colcon.colcon_core.environment:checking '/home/antonadonin/Robotics/lab3/ex02/install/actions/lib'
[0.328s] Level 1:colcon.colcon_core.shell:create_environment_hook('actions', 'ld_library_path_lib')
[0.328s] INFO:colcon.colcon_core.shell:Creating environment hook '/home/antonadonin/Robotics/lab3/ex02/install/actions/share/actions/hook/ld_library_path_lib.ps1'
[0.328s] INFO:colcon.colcon_core.shell:Creating environment descriptor '/home/antonadonin/Robotics/lab3/ex02/install/actions/share/actions/hook/ld_library_path_lib.dsv'
[0.328s] INFO:colcon.colcon_core.shell:Creating environment hook '/home/antonadonin/Robotics/lab3/ex02/install/actions/share/actions/hook/ld_library_path_lib.sh'
[0.329s] Level 1:colcon.colcon_core.environment:checking '/home/antonadonin/Robotics/lab3/ex02/install/actions/bin'
[0.329s] Level 1:colcon.colcon_core.environment:checking '/home/antonadonin/Robotics/lab3/ex02/install/actions/lib/pkgconfig/actions.pc'
[0.329s] Level 1:colcon.colcon_core.environment:checking '/home/antonadonin/Robotics/lab3/ex02/install/actions/lib/python3.12/site-packages'
[0.329s] Level 1:colcon.colcon_core.shell:create_environment_hook('actions', 'pythonpath')
[0.329s] INFO:colcon.colcon_core.shell:Creating environment hook '/home/antonadonin/Robotics/lab3/ex02/install/actions/share/actions/hook/pythonpath.ps1'
[0.329s] INFO:colcon.colcon_core.shell:Creating environment descriptor '/home/antonadonin/Robotics/lab3/ex02/install/actions/share/actions/hook/pythonpath.dsv'
[0.329s] INFO:colcon.colcon_core.shell:Creating environment hook '/home/antonadonin/Robotics/lab3/ex02/install/actions/share/actions/hook/pythonpath.sh'
[0.329s] Level 1:colcon.colcon_core.environment:checking '/home/antonadonin/Robotics/lab3/ex02/install/actions/bin'
[0.329s] INFO:colcon.colcon_core.shell:Creating package script '/home/antonadonin/Robotics/lab3/ex02/install/actions/share/actions/package.ps1'
[0.330s] INFO:colcon.colcon_core.shell:Creating package descriptor '/home/antonadonin/Robotics/lab3/ex02/install/actions/share/actions/package.dsv'
[0.330s] INFO:colcon.colcon_core.shell:Creating package script '/home/antonadonin/Robotics/lab3/ex02/install/actions/share/actions/package.sh'
[0.330s] INFO:colcon.colcon_core.shell:Creating package script '/home/antonadonin/Robotics/lab3/ex02/install/actions/share/actions/package.bash'
[0.330s] INFO:colcon.colcon_core.shell:Creating package script '/home/antonadonin/Robotics/lab3/ex02/install/actions/share/actions/package.zsh'
[0.330s] Level 1:colcon.colcon_core.environment:create_file_with_runtime_dependencies(/home/antonadonin/Robotics/lab3/ex02/install/actions/share/colcon-core/packages/actions)
[0.351s] Level 1:colcon.colcon_core.environment:create_environment_scripts_only(actions)
[0.351s] Level 1:colcon.colcon_core.environment:checking '/home/antonadonin/Robotics/lab3/ex02/install/actions' for CMake module files
[0.351s] Level 1:colcon.colcon_core.environment:checking '/home/antonadonin/Robotics/lab3/ex02/install/actions' for CMake config files
[0.352s] Level 1:colcon.colcon_core.shell:create_environment_hook('actions', 'cmake_prefix_path')
[0.352s] INFO:colcon.colcon_core.shell:Creating environment hook '/home/antonadonin/Robotics/lab3/ex02/install/actions/share/actions/hook/cmake_prefix_path.ps1'
[0.352s] INFO:colcon.colcon_core.shell:Creating environment descriptor '/home/antonadonin/Robotics/lab3/ex02/install/actions/share/actions/hook/cmake_prefix_path.dsv'
[0.352s] INFO:colcon.colcon_core.shell:Creating environment hook '/home/antonadonin/Robotics/lab3/ex02/install/actions/share/actions/hook/cmake_prefix_path.sh'
[0.352s] Level 1:colcon.colcon_core.environment:checking '/home/antonadonin/Robotics/lab3/ex02/install/actions/lib'
[0.352s] Level 1:colcon.colcon_core.shell:create_environment_hook('actions', 'ld_library_path_lib')
[0.352s] INFO:colcon.colcon_core.shell:Creating environment hook '/home/antonadonin/Robotics/lab3/ex02/install/actions/share/actions/hook/ld_library_path_lib.ps1'
[0.353s] INFO:colcon.colcon_core.shell:Creating environment descriptor '/home/antonadonin/Robotics/lab3/ex02/install/actions/share/actions/hook/ld_library_path_lib.dsv'
[0.353s] INFO:colcon.colcon_core.shell:Creating environment hook '/home/antonadonin/Robotics/lab3/ex02/install/actions/share/actions/hook/ld_library_path_lib.sh'
[0.353s] Level 1:colcon.colcon_core.environment:checking '/home/antonadonin/Robotics/lab3/ex02/install/actions/bin'
[0.353s] Level 1:colcon.colcon_core.environment:checking '/home/antonadonin/Robotics/lab3/ex02/install/actions/lib/pkgconfig/actions.pc'
[0.353s] Level 1:colcon.colcon_core.environment:checking '/home/antonadonin/Robotics/lab3/ex02/install/actions/lib/python3.12/site-packages'
[0.353s] Level 1:colcon.colcon_core.shell:create_environment_hook('actions', 'pythonpath')
[0.353s] INFO:colcon.colcon_core.shell:Creating environment hook '/home/antonadonin/Robotics/lab3/ex02/install/actions/share/actions/hook/pythonpath.ps1'
[0.353s] INFO:colcon.colcon_core.shell:Creating environment descriptor '/home/antonadonin/Robotics/lab3/ex02/install/actions/share/actions/hook/pythonpath.dsv'
[0.354s] INFO:colcon.colcon_core.shell:Creating environment hook '/home/antonadonin/Robotics/lab3/ex02/install/actions/share/actions/hook/pythonpath.sh'
[0.354s] Level 1:colcon.colcon_core.environment:checking '/home/antonadonin/Robotics/lab3/ex02/install/actions/bin'
[0.354s] INFO:colcon.colcon_core.shell:Creating package script '/home/antonadonin/Robotics/lab3/ex02/install/actions/share/actions/package.ps1'
[0.354s] INFO:colcon.colcon_core.shell:Creating package descriptor '/home/antonadonin/Robotics/lab3/ex02/install/actions/share/actions/package.dsv'
[0.354s] INFO:colcon.colcon_core.shell:Creating package script '/home/antonadonin/Robotics/lab3/ex02/install/actions/share/actions/package.sh'
[0.355s] INFO:colcon.colcon_core.shell:Creating package script '/home/antonadonin/Robotics/lab3/ex02/install/actions/share/actions/package.bash'
[0.355s] INFO:colcon.colcon_core.shell:Creating package script '/home/antonadonin/Robotics/lab3/ex02/install/actions/share/actions/package.zsh'
[0.355s] Level 1:colcon.colcon_core.environment:create_file_with_runtime_dependencies(/home/antonadonin/Robotics/lab3/ex02/install/actions/share/colcon-core/packages/actions)
[0.355s] INFO:colcon.colcon_ros.task.ament_python.build:Building ROS package in '/home/antonadonin/Robotics/lab3/ex02/action_turtle_commands' with build type 'ament_python'
[0.355s] Level 1:colcon.colcon_core.shell:create_environment_hook('action_turtle_commands', 'ament_prefix_path')
[0.355s] INFO:colcon.colcon_core.shell:Creating environment hook '/home/antonadonin/Robotics/lab3/ex02/install/action_turtle_commands/share/action_turtle_commands/hook/ament_prefix_path.ps1'
[0.355s] INFO:colcon.colcon_core.shell:Creating environment descriptor '/home/antonadonin/Robotics/lab3/ex02/install/action_turtle_commands/share/action_turtle_commands/hook/ament_prefix_path.dsv'
[0.355s] INFO:colcon.colcon_core.shell:Creating environment hook '/home/antonadonin/Robotics/lab3/ex02/install/action_turtle_commands/share/action_turtle_commands/hook/ament_prefix_path.sh'
[0.355s] INFO:colcon.colcon_core.shell:Skip shell extension 'powershell' for command environment: Not usable outside of PowerShell
[0.355s] DEBUG:colcon.colcon_core.shell:Skip shell extension 'dsv' for command environment
[0.448s] INFO:colcon.colcon_core.task.python.build:Building Python package in '/home/antonadonin/Robotics/lab3/ex02/action_turtle_commands'
[0.448s] INFO:colcon.colcon_core.shell:Skip shell extension 'powershell' for command environment: Not usable outside of PowerShell
[0.448s] DEBUG:colcon.colcon_core.shell:Skip shell extension 'dsv' for command environment
[0.686s] DEBUG:colcon.colcon_core.event_handler.log_command:Invoking command in '/home/antonadonin/Robotics/lab3/ex02/action_turtle_commands': DEBUGINFOD_URLS=https://debuginfod.ubuntu.com PYTHONPATH=/home/antonadonin/Robotics/lab3/ex02/build/action_turtle_commands/prefix_override:/usr/lib/python3/dist-packages/colcon_core/task/python/colcon_distutils_commands:/home/antonadonin/Robotics/lab3/ex02/install/action_turtle_commands/lib/python3.12/site-packages:/home/antonadonin/Robotics/lab3/ex02/install/actions/lib/python3.12/site-packages:/home/antonadonin/Robotics/lab3/ex02/install/action_turtle_commands/lib/python3.12/site-packages:/home/antonadonin/Robotics/lab3/ex01/install/task9_pkg/lib/python3.12/site-packages:/home/antonadonin/Robotics/lab3/ex01/install/service/lib/python3.12/site-packages:/opt/ros/jazzy/lib/python3.12/site-packages /usr/bin/python3 -W ignore:setup.py install is deprecated setup.py egg_info --egg-base ../build/action_turtle_commands build --build-base /home/antonadonin/Robotics/lab3/ex02/build/action_turtle_commands/build install --record /home/antonadonin/Robotics/lab3/ex02/build/action_turtle_commands/install.log --single-version-externally-managed install_data
[0.912s] Level 1:colcon.colcon_core.environment:checking '/home/antonadonin/Robotics/lab3/ex02/install/action_turtle_commands' for CMake module files
[0.913s] DEBUG:colcon.colcon_core.event_handler.log_command:Invoked command in '/home/antonadonin/Robotics/lab3/ex02/action_turtle_commands' returned '0': DEBUGINFOD_URLS=https://debuginfod.ubuntu.com PYTHONPATH=/home/antonadonin/Robotics/lab3/ex02/build/action_turtle_commands/prefix_override:/usr/lib/python3/dist-packages/colcon_core/task/python/colcon_distutils_commands:/home/antonadonin/Robotics/lab3/ex02/install/action_turtle_commands/lib/python3.12/site-packages:/home/antonadonin/Robotics/lab3/ex02/install/actions/lib/python3.12/site-packages:/home/antonadonin/Robotics/lab3/ex02/install/action_turtle_commands/lib/python3.12/site-packages:/home/antonadonin/Robotics/lab3/ex01/install/task9_pkg/lib/python3.12/site-packages:/home/antonadonin/Robotics/lab3/ex01/install/service/lib/python3.12/site-packages:/opt/ros/jazzy/lib/python3.12/site-packages /usr/bin/python3 -W ignore:setup.py install is deprecated setup.py egg_info --egg-base ../build/action_turtle_commands build --build-base /home/antonadonin/Robotics/lab3/ex02/build/action_turtle_commands/build install --record /home/antonadonin/Robotics/lab3/ex02/build/action_turtle_commands/install.log --single-version-externally-managed install_data
[0.913s] Level 1:colcon.colcon_core.environment:checking '/home/antonadonin/Robotics/lab3/ex02/install/action_turtle_commands' for CMake config files
[0.914s] Level 1:colcon.colcon_core.environment:checking '/home/antonadonin/Robotics/lab3/ex02/install/action_turtle_commands/lib'
[0.914s] Level 1:colcon.colcon_core.environment:checking '/home/antonadonin/Robotics/lab3/ex02/install/action_turtle_commands/bin'
[0.914s] Level 1:colcon.colcon_core.environment:checking '/home/antonadonin/Robotics/lab3/ex02/install/action_turtle_commands/lib/pkgconfig/action_turtle_commands.pc'
[0.915s] Level 1:colcon.colcon_core.environment:checking '/home/antonadonin/Robotics/lab3/ex02/install/action_turtle_commands/lib/python3.12/site-packages'
[0.915s] Level 1:colcon.colcon_core.shell:create_environment_hook('action_turtle_commands', 'pythonpath')
[0.915s] INFO:colcon.colcon_core.shell:Creating environment hook '/home/antonadonin/Robotics/lab3/ex02/install/action_turtle_commands/share/action_turtle_commands/hook/pythonpath.ps1'
[0.916s] INFO:colcon.colcon_core.shell:Creating environment descriptor '/home/antonadonin/Robotics/lab3/ex02/install/action_turtle_commands/share/action_turtle_commands/hook/pythonpath.dsv'
[0.916s] INFO:colcon.colcon_core.shell:Creating environment hook '/home/antonadonin/Robotics/lab3/ex02/install/action_turtle_commands/share/action_turtle_commands/hook/pythonpath.sh'
[0.916s] Level 1:colcon.colcon_core.environment:checking '/home/antonadonin/Robotics/lab3/ex02/install/action_turtle_commands/bin'
[0.916s] Level 1:colcon.colcon_core.environment:create_environment_scripts_only(action_turtle_commands)
[0.917s] INFO:colcon.colcon_core.shell:Creating package script '/home/antonadonin/Robotics/lab3/ex02/install/action_turtle_commands/share/action_turtle_commands/package.ps1'
[0.917s] INFO:colcon.colcon_core.shell:Creating package descriptor '/home/antonadonin/Robotics/lab3/ex02/install/action_turtle_commands/share/action_turtle_commands/package.dsv'
[0.917s] INFO:colcon.colcon_core.shell:Creating package script '/home/antonadonin/Robotics/lab3/ex02/install/action_turtle_commands/share/action_turtle_commands/package.sh'
[0.918s] INFO:colcon.colcon_core.shell:Creating package script '/home/antonadonin/Robotics/lab3/ex02/install/action_turtle_commands/share/action_turtle_commands/package.bash'
[0.918s] INFO:colcon.colcon_core.shell:Creating package script '/home/antonadonin/Robotics/lab3/ex02/install/action_turtle_commands/share/action_turtle_commands/package.zsh'
[0.918s] Level 1:colcon.colcon_core.environment:create_file_with_runtime_dependencies(/home/antonadonin/Robotics/lab3/ex02/install/action_turtle_commands/share/colcon-core/packages/action_turtle_commands)
[0.918s] DEBUG:colcon.colcon_parallel_executor.executor.parallel:closing loop
[0.919s] DEBUG:colcon.colcon_parallel_executor.executor.parallel:loop closed
[0.919s] DEBUG:colcon.colcon_parallel_executor.executor.parallel:run_until_complete finished with '0'
[0.919s] DEBUG:colcon.colcon_core.event_reactor:joining thread
[0.922s] INFO:colcon.colcon_core.plugin_system:Skipping extension 'colcon_notification.desktop_notification.terminal_notifier': Not used on non-Darwin systems
[0.922s] INFO:colcon.colcon_core.plugin_system:Skipping extension 'colcon_notification.desktop_notification.win32': Not used on non-Windows systems
[0.923s] INFO:colcon.colcon_notification.desktop_notification:Sending desktop notification using 'notify2'
[0.932s] DEBUG:colcon.colcon_core.event_reactor:joined thread
[0.932s] INFO:colcon.colcon_core.shell:Creating prefix script '/home/antonadonin/Robotics/lab3/ex02/install/local_setup.ps1'
[0.934s] INFO:colcon.colcon_core.shell:Creating prefix util module '/home/antonadonin/Robotics/lab3/ex02/install/_local_setup_util_ps1.py'
[0.936s] INFO:colcon.colcon_core.shell:Creating prefix chain script '/home/antonadonin/Robotics/lab3/ex02/install/setup.ps1'
[0.937s] INFO:colcon.colcon_core.shell:Creating prefix script '/home/antonadonin/Robotics/lab3/ex02/install/local_setup.sh'
[0.937s] INFO:colcon.colcon_core.shell:Creating prefix util module '/home/antonadonin/Robotics/lab3/ex02/install/_local_setup_util_sh.py'
[0.937s] INFO:colcon.colcon_core.shell:Creating prefix chain script '/home/antonadonin/Robotics/lab3/ex02/install/setup.sh'
[0.938s] INFO:colcon.colcon_core.shell:Creating prefix script '/home/antonadonin/Robotics/lab3/ex02/install/local_setup.bash'
[0.939s] INFO:colcon.colcon_core.shell:Creating prefix chain script '/home/antonadonin/Robotics/lab3/ex02/install/setup.bash'
[0.940s] INFO:colcon.colcon_core.shell:Creating prefix script '/home/antonadonin/Robotics/lab3/ex02/install/local_setup.zsh'
[0.940s] INFO:colcon.colcon_core.shell:Creating prefix chain script '/home/antonadonin/Robotics/lab3/ex02/install/setup.zsh'
