[0.449s] Invoking command in '/home/antonadonin/Robotics/lab4/ex02/my_pkg': DEBUGINFOD_URLS=https://debuginfod.ubuntu.com PYTHONPATH=/home/antonadonin/Robotics/lab4/ex02/build/my_pkg/prefix_override:/usr/lib/python3/dist-packages/colcon_core/task/python/colcon_distutils_commands:/home/antonadonin/Robotics/lab4/ex02/install/my_pkg/lib/python3.12/site-packages:${PYTHONPATH} /usr/bin/python3 -W ignore:setup.py install is deprecated setup.py egg_info --egg-base ../build/my_pkg build --build-base /home/antonadonin/Robotics/lab4/ex02/build/my_pkg/build install --record /home/antonadonin/Robotics/lab4/ex02/build/my_pkg/install.log --single-version-externally-managed install_data
[0.555s] running egg_info
[0.561s] writing ../build/my_pkg/my_pkg.egg-info/PKG-INFO
[0.562s] writing dependency_links to ../build/my_pkg/my_pkg.egg-info/dependency_links.txt
[0.562s] writing entry points to ../build/my_pkg/my_pkg.egg-info/entry_points.txt
[0.562s] writing requirements to ../build/my_pkg/my_pkg.egg-info/requires.txt
[0.562s] writing top-level names to ../build/my_pkg/my_pkg.egg-info/top_level.txt
[0.576s] reading manifest file '../build/my_pkg/my_pkg.egg-info/SOURCES.txt'
[0.576s] writing manifest file '../build/my_pkg/my_pkg.egg-info/SOURCES.txt'
[0.577s] running build
[0.577s] running build_py
[0.577s] copying my_pkg/carrot_tf2_broadcaster.py -> /home/antonadonin/Robotics/lab4/ex02/build/my_pkg/build/lib/my_pkg
[0.577s] running install
[0.581s] running install_lib
[0.588s] copying /home/antonadonin/Robotics/lab4/ex02/build/my_pkg/build/lib/my_pkg/carrot_tf2_broadcaster.py -> /home/antonadonin/Robotics/lab4/ex02/install/my_pkg/lib/python3.12/site-packages/my_pkg
[0.588s] byte-compiling /home/antonadonin/Robotics/lab4/ex02/install/my_pkg/lib/python3.12/site-packages/my_pkg/carrot_tf2_broadcaster.py to carrot_tf2_broadcaster.cpython-312.pyc
[0.588s] running install_data
[0.588s] running install_egg_info
[0.596s] removing '/home/antonadonin/Robotics/lab4/ex02/install/my_pkg/lib/python3.12/site-packages/my_pkg-0.0.0-py3.12.egg-info' (and everything under it)
[0.596s] Copying ../build/my_pkg/my_pkg.egg-info to /home/antonadonin/Robotics/lab4/ex02/install/my_pkg/lib/python3.12/site-packages/my_pkg-0.0.0-py3.12.egg-info
[0.596s] running install_scripts
[0.647s] Installing carrot_tf2_broadcaster script to /home/antonadonin/Robotics/lab4/ex02/install/my_pkg/lib/my_pkg
[0.647s] Installing turtle1_tf2_broadcaster script to /home/antonadonin/Robotics/lab4/ex02/install/my_pkg/lib/my_pkg
[0.648s] Installing turtle2_tf2_broadcaster script to /home/antonadonin/Robotics/lab4/ex02/install/my_pkg/lib/my_pkg
[0.648s] Installing turtle2_tf2_listener script to /home/antonadonin/Robotics/lab4/ex02/install/my_pkg/lib/my_pkg
[0.648s] writing list of installed files to '/home/antonadonin/Robotics/lab4/ex02/build/my_pkg/install.log'
[0.661s] Invoked command in '/home/antonadonin/Robotics/lab4/ex02/my_pkg' returned '0': DEBUGINFOD_URLS=https://debuginfod.ubuntu.com PYTHONPATH=/home/antonadonin/Robotics/lab4/ex02/build/my_pkg/prefix_override:/usr/lib/python3/dist-packages/colcon_core/task/python/colcon_distutils_commands:/home/antonadonin/Robotics/lab4/ex02/install/my_pkg/lib/python3.12/site-packages:${PYTHONPATH} /usr/bin/python3 -W ignore:setup.py install is deprecated setup.py egg_info --egg-base ../build/my_pkg build --build-base /home/antonadonin/Robotics/lab4/ex02/build/my_pkg/build install --record /home/antonadonin/Robotics/lab4/ex02/build/my_pkg/install.log --single-version-externally-managed install_data
