[0.346s] Invoking command in '/home/antonadonin/Robotics/lab3/ex02/action_turtle_commands': DEBUGINFOD_URLS=https://debuginfod.ubuntu.com PYTHONPATH=/home/antonadonin/Robotics/lab3/ex02/build/action_turtle_commands/prefix_override:/usr/lib/python3/dist-packages/colcon_core/task/python/colcon_distutils_commands:/home/antonadonin/Robotics/lab3/ex02/install/action_turtle_commands/lib/python3.12/site-packages:/home/antonadonin/Robotics/lab3/ex02/install/actions/lib/python3.12/site-packages:/home/antonadonin/Robotics/lab3/ex02/install/action_turtle_commands/lib/python3.12/site-packages:/home/antonadonin/Robotics/lab3/ex01/install/task9_pkg/lib/python3.12/site-packages:/home/antonadonin/Robotics/lab3/ex01/install/service/lib/python3.12/site-packages:/opt/ros/jazzy/lib/python3.12/site-packages /usr/bin/python3 -W ignore:setup.py install is deprecated setup.py egg_info --egg-base ../build/action_turtle_commands build --build-base /home/antonadonin/Robotics/lab3/ex02/build/action_turtle_commands/build install --record /home/antonadonin/Robotics/lab3/ex02/build/action_turtle_commands/install.log --single-version-externally-managed install_data
[0.445s] running egg_info
[0.451s] writing ../build/action_turtle_commands/action_turtle_commands.egg-info/PKG-INFO
[0.451s] writing dependency_links to ../build/action_turtle_commands/action_turtle_commands.egg-info/dependency_links.txt
[0.452s] writing entry points to ../build/action_turtle_commands/action_turtle_commands.egg-info/entry_points.txt
[0.452s] writing requirements to ../build/action_turtle_commands/action_turtle_commands.egg-info/requires.txt
[0.452s] writing top-level names to ../build/action_turtle_commands/action_turtle_commands.egg-info/top_level.txt
[0.465s] reading manifest file '../build/action_turtle_commands/action_turtle_commands.egg-info/SOURCES.txt'
[0.465s] writing manifest file '../build/action_turtle_commands/action_turtle_commands.egg-info/SOURCES.txt'
[0.465s] running build
[0.466s] running build_py
[0.466s] running install
[0.469s] running install_lib
[0.475s] running install_data
[0.475s] running install_egg_info
[0.482s] removing '/home/antonadonin/Robotics/lab3/ex02/install/action_turtle_commands/lib/python3.12/site-packages/action_turtle_commands-0.0.0-py3.12.egg-info' (and everything under it)
[0.483s] Copying ../build/action_turtle_commands/action_turtle_commands.egg-info to /home/antonadonin/Robotics/lab3/ex02/install/action_turtle_commands/lib/python3.12/site-packages/action_turtle_commands-0.0.0-py3.12.egg-info
[0.483s] running install_scripts
[0.529s] Installing client script to /home/antonadonin/Robotics/lab3/ex02/install/action_turtle_commands/lib/action_turtle_commands
[0.529s] Installing server script to /home/antonadonin/Robotics/lab3/ex02/install/action_turtle_commands/lib/action_turtle_commands
[0.530s] writing list of installed files to '/home/antonadonin/Robotics/lab3/ex02/build/action_turtle_commands/install.log'
[0.543s] Invoked command in '/home/antonadonin/Robotics/lab3/ex02/action_turtle_commands' returned '0': DEBUGINFOD_URLS=https://debuginfod.ubuntu.com PYTHONPATH=/home/antonadonin/Robotics/lab3/ex02/build/action_turtle_commands/prefix_override:/usr/lib/python3/dist-packages/colcon_core/task/python/colcon_distutils_commands:/home/antonadonin/Robotics/lab3/ex02/install/action_turtle_commands/lib/python3.12/site-packages:/home/antonadonin/Robotics/lab3/ex02/install/actions/lib/python3.12/site-packages:/home/antonadonin/Robotics/lab3/ex02/install/action_turtle_commands/lib/python3.12/site-packages:/home/antonadonin/Robotics/lab3/ex01/install/task9_pkg/lib/python3.12/site-packages:/home/antonadonin/Robotics/lab3/ex01/install/service/lib/python3.12/site-packages:/opt/ros/jazzy/lib/python3.12/site-packages /usr/bin/python3 -W ignore:setup.py install is deprecated setup.py egg_info --egg-base ../build/action_turtle_commands build --build-base /home/antonadonin/Robotics/lab3/ex02/build/action_turtle_commands/build install --record /home/antonadonin/Robotics/lab3/ex02/build/action_turtle_commands/install.log --single-version-externally-managed install_data
