[0.009s] Invoking command in '/home/antonadonin/Robotics/lab5/ex03/build/robot_bringup': DEBUGINFOD_URLS=https://debuginfod.ubuntu.com /usr/bin/cmake /home/antonadonin/Robotics/lab5/ex03/robot_bringup -DCMAKE_INSTALL_PREFIX=/home/antonadonin/Robotics/lab5/ex03/install/robot_bringup
[0.115s] -- The C compiler identification is GNU 13.2.0
[0.192s] -- The CXX compiler identification is GNU 13.2.0
[0.206s] -- Detecting C compiler ABI info
[0.259s] -- Detecting C compiler ABI info - done
[0.264s] -- Check for working C compiler: /usr/bin/cc - skipped
[0.264s] -- Detecting C compile features
[0.265s] -- Detecting C compile features - done
[0.270s] -- Detecting CXX compiler ABI info
[0.320s] -- Detecting CXX compiler ABI info - done
[0.326s] -- Check for working CXX compiler: /usr/bin/c++ - skipped
[0.327s] -- Detecting CXX compile features
[0.327s] -- Detecting CXX compile features - done
[0.334s] [31mCMake Error at CMakeLists.txt:5 (find_package):
[0.335s]   By not providing "Findament_cmake.cmake" in CMAKE_MODULE_PATH this project
[0.335s]   has asked CMake to find a package configuration file provided by
[0.335s]   "ament_cmake", but CMake did not find one.
[0.335s] 
[0.335s]   Could not find a package configuration file provided by "ament_cmake" with
[0.335s]   any of the following names:
[0.335s] 
[0.335s]     ament_cmakeConfig.cmake
[0.335s]     ament_cmake-config.cmake
[0.335s] 
[0.335s]   Add the installation prefix of "ament_cmake" to CMAKE_PREFIX_PATH or set
[0.335s]   "ament_cmake_DIR" to a directory containing one of the above files.  If
[0.335s]   "ament_cmake" provides a separate development package or SDK, be sure it
[0.335s]   has been installed.
[0.335s] 
[0.336s] [0m
[0.336s] -- Configuring incomplete, errors occurred!
[0.336s] Invoked command in '/home/antonadonin/Robotics/lab5/ex03/build/robot_bringup' returned '1': DEBUGINFOD_URLS=https://debuginfod.ubuntu.com /usr/bin/cmake /home/antonadonin/Robotics/lab5/ex03/robot_bringup -DCMAKE_INSTALL_PREFIX=/home/antonadonin/Robotics/lab5/ex03/install/robot_bringup
