[0.390s] Invoking command in '/home/antonadonin/Robotics/lab3/ex05/move_to_goal': DEBUGINFOD_URLS=https://debuginfod.ubuntu.com PYTHONPATH=/home/antonadonin/Robotics/lab3/ex05/build/move_to_goal/prefix_override:/usr/lib/python3/dist-packages/colcon_core/task/python/colcon_distutils_commands:/home/antonadonin/Robotics/lab3/ex05/install/move_to_goal/lib/python3.12/site-packages:${PYTHONPATH} /usr/bin/python3 -W ignore:setup.py install is deprecated setup.py egg_info --egg-base ../build/move_to_goal build --build-base /home/antonadonin/Robotics/lab3/ex05/build/move_to_goal/build install --record /home/antonadonin/Robotics/lab3/ex05/build/move_to_goal/install.log --single-version-externally-managed install_data
[0.508s] running egg_info
[0.515s] writing ../build/move_to_goal/move_to_goal.egg-info/PKG-INFO
[0.515s] writing dependency_links to ../build/move_to_goal/move_to_goal.egg-info/dependency_links.txt
[0.515s] writing entry points to ../build/move_to_goal/move_to_goal.egg-info/entry_points.txt
[0.515s] writing requirements to ../build/move_to_goal/move_to_goal.egg-info/requires.txt
[0.515s] writing top-level names to ../build/move_to_goal/move_to_goal.egg-info/top_level.txt
[0.528s] reading manifest file '../build/move_to_goal/move_to_goal.egg-info/SOURCES.txt'
[0.529s] writing manifest file '../build/move_to_goal/move_to_goal.egg-info/SOURCES.txt'
[0.529s] running build
[0.529s] running build_py
[0.529s] running install
[0.532s] running install_lib
[0.539s] running install_data
[0.540s] running install_egg_info
[0.547s] removing '/home/antonadonin/Robotics/lab3/ex05/install/move_to_goal/lib/python3.12/site-packages/move_to_goal-0.0.0-py3.12.egg-info' (and everything under it)
[0.547s] Copying ../build/move_to_goal/move_to_goal.egg-info to /home/antonadonin/Robotics/lab3/ex05/install/move_to_goal/lib/python3.12/site-packages/move_to_goal-0.0.0-py3.12.egg-info
[0.547s] running install_scripts
[0.595s] Installing move_to_goal_node script to /home/antonadonin/Robotics/lab3/ex05/install/move_to_goal/lib/move_to_goal
[0.595s] writing list of installed files to '/home/antonadonin/Robotics/lab3/ex05/build/move_to_goal/install.log'
[0.607s] Invoked command in '/home/antonadonin/Robotics/lab3/ex05/move_to_goal' returned '0': DEBUGINFOD_URLS=https://debuginfod.ubuntu.com PYTHONPATH=/home/antonadonin/Robotics/lab3/ex05/build/move_to_goal/prefix_override:/usr/lib/python3/dist-packages/colcon_core/task/python/colcon_distutils_commands:/home/antonadonin/Robotics/lab3/ex05/install/move_to_goal/lib/python3.12/site-packages:${PYTHONPATH} /usr/bin/python3 -W ignore:setup.py install is deprecated setup.py egg_info --egg-base ../build/move_to_goal build --build-base /home/antonadonin/Robotics/lab3/ex05/build/move_to_goal/build install --record /home/antonadonin/Robotics/lab3/ex05/build/move_to_goal/install.log --single-version-externally-managed install_data
