[0.092s] Invoking command in '/home/antonadonin/Robotics/lab3/ex01/build/task9_pkg': CMAKE_PREFIX_PATH=${CMAKE_PREFIX_PATH}:/opt/ros/jazzy DEBUGINFOD_URLS=https://debuginfod.ubuntu.com /usr/bin/cmake --build /home/antonadonin/Robotics/lab3/ex01/build/task9_pkg -- -j8 -l8
[0.140s] [  2%] Built target task9_pkg__rosidl_generator_type_description
[0.148s] [  2%] Built target ament_cmake_python_copy_task9_pkg
[0.151s] [  4%] Built target task9_pkg__cpp
[0.158s] [ 22%] Built target task9_pkg__rosidl_generator_c
[0.170s] [ 31%] Built target task9_pkg__rosidl_typesupport_introspection_c
[0.171s] [ 40%] Built target task9_pkg__rosidl_typesupport_introspection_cpp
[0.174s] [ 50%] Built target task9_pkg__rosidl_typesupport_fastrtps_cpp
[0.175s] [ 59%] Built target task9_pkg__rosidl_typesupport_fastrtps_c
[0.175s] [ 68%] Built target task9_pkg__rosidl_typesupport_cpp
[0.176s] [ 77%] Built target task9_pkg__rosidl_typesupport_c
[0.184s] [ 77%] Built target task9_pkg
[0.195s] [ 79%] Built target task9_pkg__py
[0.217s] [ 86%] Built target task9_pkg__rosidl_generator_py
[0.230s] [ 90%] Built target task9_pkg_s__rosidl_typesupport_c
[0.233s] [ 95%] Built target task9_pkg_s__rosidl_typesupport_fastrtps_c
[0.236s] [100%] Built target task9_pkg_s__rosidl_typesupport_introspection_c
[0.262s] running egg_info
[0.270s] writing task9_pkg.egg-info/PKG-INFO
[0.271s] writing dependency_links to task9_pkg.egg-info/dependency_links.txt
[0.271s] writing top-level names to task9_pkg.egg-info/top_level.txt
[0.290s] reading manifest file 'task9_pkg.egg-info/SOURCES.txt'
[0.291s] writing manifest file 'task9_pkg.egg-info/SOURCES.txt'
[0.306s] [100%] Built target ament_cmake_python_build_task9_pkg_egg
[0.316s] Invoked command in '/home/antonadonin/Robotics/lab3/ex01/build/task9_pkg' returned '0': CMAKE_PREFIX_PATH=${CMAKE_PREFIX_PATH}:/opt/ros/jazzy DEBUGINFOD_URLS=https://debuginfod.ubuntu.com /usr/bin/cmake --build /home/antonadonin/Robotics/lab3/ex01/build/task9_pkg -- -j8 -l8
[0.370s] Invoking command in '/home/antonadonin/Robotics/lab3/ex01/build/task9_pkg': CMAKE_PREFIX_PATH=${CMAKE_PREFIX_PATH}:/opt/ros/jazzy DEBUGINFOD_URLS=https://debuginfod.ubuntu.com /usr/bin/cmake --install /home/antonadonin/Robotics/lab3/ex01/build/task9_pkg
[0.377s] -- Install configuration: ""
[0.377s] -- Up-to-date: /home/antonadonin/Robotics/lab3/ex01/install/task9_pkg/share/ament_index/resource_index/rosidl_interfaces/task9_pkg
[0.378s] -- Up-to-date: /home/antonadonin/Robotics/lab3/ex01/install/task9_pkg/share/task9_pkg/msg/FullNameMessage.json
[0.378s] -- Up-to-date: /home/antonadonin/Robotics/lab3/ex01/install/task9_pkg/share/task9_pkg/srv/FullNameSumService.json
[0.378s] -- Up-to-date: /home/antonadonin/Robotics/lab3/ex01/install/task9_pkg/include/task9_pkg/task9_pkg
[0.378s] -- Up-to-date: /home/antonadonin/Robotics/lab3/ex01/install/task9_pkg/include/task9_pkg/task9_pkg/srv
[0.378s] -- Up-to-date: /home/antonadonin/Robotics/lab3/ex01/install/task9_pkg/include/task9_pkg/task9_pkg/srv/detail
[0.378s] -- Up-to-date: /home/antonadonin/Robotics/lab3/ex01/install/task9_pkg/include/task9_pkg/task9_pkg/srv/detail/full_name_sum_service__description.c
[0.378s] -- Up-to-date: /home/antonadonin/Robotics/lab3/ex01/install/task9_pkg/include/task9_pkg/task9_pkg/srv/detail/full_name_sum_service__functions.c
[0.378s] -- Up-to-date: /home/antonadonin/Robotics/lab3/ex01/install/task9_pkg/include/task9_pkg/task9_pkg/srv/detail/full_name_sum_service__type_support.h
[0.378s] -- Up-to-date: /home/antonadonin/Robotics/lab3/ex01/install/task9_pkg/include/task9_pkg/task9_pkg/srv/detail/full_name_sum_service__functions.h
[0.378s] -- Up-to-date: /home/antonadonin/Robotics/lab3/ex01/install/task9_pkg/include/task9_pkg/task9_pkg/srv/detail/full_name_sum_service__type_support.c
[0.378s] -- Up-to-date: /home/antonadonin/Robotics/lab3/ex01/install/task9_pkg/include/task9_pkg/task9_pkg/srv/detail/full_name_sum_service__struct.h
[0.378s] -- Up-to-date: /home/antonadonin/Robotics/lab3/ex01/install/task9_pkg/include/task9_pkg/task9_pkg/srv/full_name_sum_service.h
[0.379s] -- Up-to-date: /home/antonadonin/Robotics/lab3/ex01/install/task9_pkg/include/task9_pkg/task9_pkg/msg
[0.379s] -- Up-to-date: /home/antonadonin/Robotics/lab3/ex01/install/task9_pkg/include/task9_pkg/task9_pkg/msg/detail
[0.379s] -- Up-to-date: /home/antonadonin/Robotics/lab3/ex01/install/task9_pkg/include/task9_pkg/task9_pkg/msg/detail/full_name_message__functions.c
[0.379s] -- Up-to-date: /home/antonadonin/Robotics/lab3/ex01/install/task9_pkg/include/task9_pkg/task9_pkg/msg/detail/full_name_message__type_support.c
[0.379s] -- Up-to-date: /home/antonadonin/Robotics/lab3/ex01/install/task9_pkg/include/task9_pkg/task9_pkg/msg/detail/full_name_message__functions.h
[0.379s] -- Up-to-date: /home/antonadonin/Robotics/lab3/ex01/install/task9_pkg/include/task9_pkg/task9_pkg/msg/detail/full_name_message__description.c
[0.379s] -- Up-to-date: /home/antonadonin/Robotics/lab3/ex01/install/task9_pkg/include/task9_pkg/task9_pkg/msg/detail/full_name_message__type_support.h
[0.379s] -- Up-to-date: /home/antonadonin/Robotics/lab3/ex01/install/task9_pkg/include/task9_pkg/task9_pkg/msg/detail/full_name_message__struct.h
[0.379s] -- Up-to-date: /home/antonadonin/Robotics/lab3/ex01/install/task9_pkg/include/task9_pkg/task9_pkg/msg/rosidl_generator_c__visibility_control.h
[0.379s] -- Up-to-date: /home/antonadonin/Robotics/lab3/ex01/install/task9_pkg/include/task9_pkg/task9_pkg/msg/full_name_message.h
[0.379s] -- Up-to-date: /home/antonadonin/Robotics/lab3/ex01/install/task9_pkg/share/task9_pkg/environment/library_path.sh
[0.379s] -- Up-to-date: /home/antonadonin/Robotics/lab3/ex01/install/task9_pkg/share/task9_pkg/environment/library_path.dsv
[0.380s] -- Up-to-date: /home/antonadonin/Robotics/lab3/ex01/install/task9_pkg/lib/libtask9_pkg__rosidl_generator_c.so
[0.380s] -- Up-to-date: /home/antonadonin/Robotics/lab3/ex01/install/task9_pkg/include/task9_pkg/task9_pkg
[0.380s] -- Up-to-date: /home/antonadonin/Robotics/lab3/ex01/install/task9_pkg/include/task9_pkg/task9_pkg/srv
[0.380s] -- Up-to-date: /home/antonadonin/Robotics/lab3/ex01/install/task9_pkg/include/task9_pkg/task9_pkg/srv/detail
[0.380s] -- Up-to-date: /home/antonadonin/Robotics/lab3/ex01/install/task9_pkg/include/task9_pkg/task9_pkg/srv/detail/full_name_sum_service__rosidl_typesupport_fastrtps_c.h
[0.380s] -- Up-to-date: /home/antonadonin/Robotics/lab3/ex01/install/task9_pkg/include/task9_pkg/task9_pkg/msg
[0.380s] -- Up-to-date: /home/antonadonin/Robotics/lab3/ex01/install/task9_pkg/include/task9_pkg/task9_pkg/msg/detail
[0.380s] -- Up-to-date: /home/antonadonin/Robotics/lab3/ex01/install/task9_pkg/include/task9_pkg/task9_pkg/msg/detail/full_name_message__rosidl_typesupport_fastrtps_c.h
[0.380s] -- Up-to-date: /home/antonadonin/Robotics/lab3/ex01/install/task9_pkg/include/task9_pkg/task9_pkg/msg/rosidl_typesupport_fastrtps_c__visibility_control.h
[0.380s] -- Up-to-date: /home/antonadonin/Robotics/lab3/ex01/install/task9_pkg/lib/libtask9_pkg__rosidl_typesupport_fastrtps_c.so
[0.380s] -- Up-to-date: /home/antonadonin/Robotics/lab3/ex01/install/task9_pkg/include/task9_pkg/task9_pkg
[0.380s] -- Up-to-date: /home/antonadonin/Robotics/lab3/ex01/install/task9_pkg/include/task9_pkg/task9_pkg/srv
[0.380s] -- Up-to-date: /home/antonadonin/Robotics/lab3/ex01/install/task9_pkg/include/task9_pkg/task9_pkg/srv/detail
[0.380s] -- Up-to-date: /home/antonadonin/Robotics/lab3/ex01/install/task9_pkg/include/task9_pkg/task9_pkg/srv/detail/full_name_sum_service__type_support.c
[0.381s] -- Up-to-date: /home/antonadonin/Robotics/lab3/ex01/install/task9_pkg/include/task9_pkg/task9_pkg/srv/detail/full_name_sum_service__rosidl_typesupport_introspection_c.h
[0.381s] -- Up-to-date: /home/antonadonin/Robotics/lab3/ex01/install/task9_pkg/include/task9_pkg/task9_pkg/msg
[0.381s] -- Up-to-date: /home/antonadonin/Robotics/lab3/ex01/install/task9_pkg/include/task9_pkg/task9_pkg/msg/detail
[0.381s] -- Up-to-date: /home/antonadonin/Robotics/lab3/ex01/install/task9_pkg/include/task9_pkg/task9_pkg/msg/detail/full_name_message__rosidl_typesupport_introspection_c.h
[0.381s] -- Up-to-date: /home/antonadonin/Robotics/lab3/ex01/install/task9_pkg/include/task9_pkg/task9_pkg/msg/detail/full_name_message__type_support.c
[0.381s] -- Up-to-date: /home/antonadonin/Robotics/lab3/ex01/install/task9_pkg/include/task9_pkg/task9_pkg/msg/rosidl_typesupport_introspection_c__visibility_control.h
[0.381s] -- Up-to-date: /home/antonadonin/Robotics/lab3/ex01/install/task9_pkg/lib/libtask9_pkg__rosidl_typesupport_introspection_c.so
[0.382s] -- Up-to-date: /home/antonadonin/Robotics/lab3/ex01/install/task9_pkg/lib/libtask9_pkg__rosidl_typesupport_c.so
[0.382s] -- Up-to-date: /home/antonadonin/Robotics/lab3/ex01/install/task9_pkg/include/task9_pkg/task9_pkg
[0.382s] -- Up-to-date: /home/antonadonin/Robotics/lab3/ex01/install/task9_pkg/include/task9_pkg/task9_pkg/srv
[0.382s] -- Up-to-date: /home/antonadonin/Robotics/lab3/ex01/install/task9_pkg/include/task9_pkg/task9_pkg/srv/detail
[0.383s] -- Up-to-date: /home/antonadonin/Robotics/lab3/ex01/install/task9_pkg/include/task9_pkg/task9_pkg/srv/detail/full_name_sum_service__type_support.hpp
[0.383s] -- Up-to-date: /home/antonadonin/Robotics/lab3/ex01/install/task9_pkg/include/task9_pkg/task9_pkg/srv/detail/full_name_sum_service__traits.hpp
[0.383s] -- Up-to-date: /home/antonadonin/Robotics/lab3/ex01/install/task9_pkg/include/task9_pkg/task9_pkg/srv/detail/full_name_sum_service__builder.hpp
[0.383s] -- Up-to-date: /home/antonadonin/Robotics/lab3/ex01/install/task9_pkg/include/task9_pkg/task9_pkg/srv/detail/full_name_sum_service__struct.hpp
[0.383s] -- Up-to-date: /home/antonadonin/Robotics/lab3/ex01/install/task9_pkg/include/task9_pkg/task9_pkg/srv/full_name_sum_service.hpp
[0.383s] -- Up-to-date: /home/antonadonin/Robotics/lab3/ex01/install/task9_pkg/include/task9_pkg/task9_pkg/msg
[0.383s] -- Up-to-date: /home/antonadonin/Robotics/lab3/ex01/install/task9_pkg/include/task9_pkg/task9_pkg/msg/full_name_message.hpp
[0.383s] -- Up-to-date: /home/antonadonin/Robotics/lab3/ex01/install/task9_pkg/include/task9_pkg/task9_pkg/msg/detail
[0.383s] -- Up-to-date: /home/antonadonin/Robotics/lab3/ex01/install/task9_pkg/include/task9_pkg/task9_pkg/msg/detail/full_name_message__traits.hpp
[0.383s] -- Up-to-date: /home/antonadonin/Robotics/lab3/ex01/install/task9_pkg/include/task9_pkg/task9_pkg/msg/detail/full_name_message__builder.hpp
[0.383s] -- Up-to-date: /home/antonadonin/Robotics/lab3/ex01/install/task9_pkg/include/task9_pkg/task9_pkg/msg/detail/full_name_message__type_support.hpp
[0.383s] -- Up-to-date: /home/antonadonin/Robotics/lab3/ex01/install/task9_pkg/include/task9_pkg/task9_pkg/msg/detail/full_name_message__struct.hpp
[0.383s] -- Up-to-date: /home/antonadonin/Robotics/lab3/ex01/install/task9_pkg/include/task9_pkg/task9_pkg/msg/rosidl_generator_cpp__visibility_control.hpp
[0.383s] -- Up-to-date: /home/antonadonin/Robotics/lab3/ex01/install/task9_pkg/include/task9_pkg/task9_pkg
[0.384s] -- Up-to-date: /home/antonadonin/Robotics/lab3/ex01/install/task9_pkg/include/task9_pkg/task9_pkg/srv
[0.384s] -- Up-to-date: /home/antonadonin/Robotics/lab3/ex01/install/task9_pkg/include/task9_pkg/task9_pkg/srv/detail
[0.384s] -- Up-to-date: /home/antonadonin/Robotics/lab3/ex01/install/task9_pkg/include/task9_pkg/task9_pkg/srv/detail/dds_fastrtps
[0.384s] -- Up-to-date: /home/antonadonin/Robotics/lab3/ex01/install/task9_pkg/include/task9_pkg/task9_pkg/srv/detail/full_name_sum_service__rosidl_typesupport_fastrtps_cpp.hpp
[0.384s] -- Up-to-date: /home/antonadonin/Robotics/lab3/ex01/install/task9_pkg/include/task9_pkg/task9_pkg/msg
[0.384s] -- Up-to-date: /home/antonadonin/Robotics/lab3/ex01/install/task9_pkg/include/task9_pkg/task9_pkg/msg/detail
[0.384s] -- Up-to-date: /home/antonadonin/Robotics/lab3/ex01/install/task9_pkg/include/task9_pkg/task9_pkg/msg/detail/dds_fastrtps
[0.384s] -- Up-to-date: /home/antonadonin/Robotics/lab3/ex01/install/task9_pkg/include/task9_pkg/task9_pkg/msg/detail/full_name_message__rosidl_typesupport_fastrtps_cpp.hpp
[0.384s] -- Up-to-date: /home/antonadonin/Robotics/lab3/ex01/install/task9_pkg/include/task9_pkg/task9_pkg/msg/rosidl_typesupport_fastrtps_cpp__visibility_control.h
[0.384s] -- Up-to-date: /home/antonadonin/Robotics/lab3/ex01/install/task9_pkg/lib/libtask9_pkg__rosidl_typesupport_fastrtps_cpp.so
[0.384s] -- Up-to-date: /home/antonadonin/Robotics/lab3/ex01/install/task9_pkg/include/task9_pkg/task9_pkg
[0.384s] -- Up-to-date: /home/antonadonin/Robotics/lab3/ex01/install/task9_pkg/include/task9_pkg/task9_pkg/srv
[0.384s] -- Up-to-date: /home/antonadonin/Robotics/lab3/ex01/install/task9_pkg/include/task9_pkg/task9_pkg/srv/detail
[0.385s] -- Up-to-date: /home/antonadonin/Robotics/lab3/ex01/install/task9_pkg/include/task9_pkg/task9_pkg/srv/detail/full_name_sum_service__type_support.cpp
[0.385s] -- Up-to-date: /home/antonadonin/Robotics/lab3/ex01/install/task9_pkg/include/task9_pkg/task9_pkg/srv/detail/full_name_sum_service__rosidl_typesupport_introspection_cpp.hpp
[0.385s] -- Up-to-date: /home/antonadonin/Robotics/lab3/ex01/install/task9_pkg/include/task9_pkg/task9_pkg/msg
[0.385s] -- Up-to-date: /home/antonadonin/Robotics/lab3/ex01/install/task9_pkg/include/task9_pkg/task9_pkg/msg/detail
[0.385s] -- Up-to-date: /home/antonadonin/Robotics/lab3/ex01/install/task9_pkg/include/task9_pkg/task9_pkg/msg/detail/full_name_message__type_support.cpp
[0.385s] -- Up-to-date: /home/antonadonin/Robotics/lab3/ex01/install/task9_pkg/include/task9_pkg/task9_pkg/msg/detail/full_name_message__rosidl_typesupport_introspection_cpp.hpp
[0.385s] -- Up-to-date: /home/antonadonin/Robotics/lab3/ex01/install/task9_pkg/lib/libtask9_pkg__rosidl_typesupport_introspection_cpp.so
[0.385s] -- Up-to-date: /home/antonadonin/Robotics/lab3/ex01/install/task9_pkg/lib/libtask9_pkg__rosidl_typesupport_cpp.so
[0.385s] -- Up-to-date: /home/antonadonin/Robotics/lab3/ex01/install/task9_pkg/share/task9_pkg/environment/pythonpath.sh
[0.385s] -- Up-to-date: /home/antonadonin/Robotics/lab3/ex01/install/task9_pkg/share/task9_pkg/environment/pythonpath.dsv
[0.385s] -- Up-to-date: /home/antonadonin/Robotics/lab3/ex01/install/task9_pkg/lib/python3.12/site-packages/task9_pkg-0.0.0-py3.12.egg-info
[0.385s] -- Installing: /home/antonadonin/Robotics/lab3/ex01/install/task9_pkg/lib/python3.12/site-packages/task9_pkg-0.0.0-py3.12.egg-info/PKG-INFO
[0.386s] -- Installing: /home/antonadonin/Robotics/lab3/ex01/install/task9_pkg/lib/python3.12/site-packages/task9_pkg-0.0.0-py3.12.egg-info/dependency_links.txt
[0.386s] -- Installing: /home/antonadonin/Robotics/lab3/ex01/install/task9_pkg/lib/python3.12/site-packages/task9_pkg-0.0.0-py3.12.egg-info/SOURCES.txt
[0.386s] -- Installing: /home/antonadonin/Robotics/lab3/ex01/install/task9_pkg/lib/python3.12/site-packages/task9_pkg-0.0.0-py3.12.egg-info/top_level.txt
[0.386s] -- Up-to-date: /home/antonadonin/Robotics/lab3/ex01/install/task9_pkg/lib/python3.12/site-packages/task9_pkg
[0.386s] -- Up-to-date: /home/antonadonin/Robotics/lab3/ex01/install/task9_pkg/lib/python3.12/site-packages/task9_pkg/task9_pkg_s__rosidl_typesupport_fastrtps_c.so
[0.386s] -- Up-to-date: /home/antonadonin/Robotics/lab3/ex01/install/task9_pkg/lib/python3.12/site-packages/task9_pkg/__init__.py
[0.386s] -- Up-to-date: /home/antonadonin/Robotics/lab3/ex01/install/task9_pkg/lib/python3.12/site-packages/task9_pkg/task9_pkg_s__rosidl_typesupport_introspection_c.so
[0.386s] -- Up-to-date: /home/antonadonin/Robotics/lab3/ex01/install/task9_pkg/lib/python3.12/site-packages/task9_pkg/task9_pkg_s__rosidl_typesupport_c.so
[0.386s] -- Up-to-date: /home/antonadonin/Robotics/lab3/ex01/install/task9_pkg/lib/python3.12/site-packages/task9_pkg/srv
[0.386s] -- Up-to-date: /home/antonadonin/Robotics/lab3/ex01/install/task9_pkg/lib/python3.12/site-packages/task9_pkg/srv/__init__.py
[0.386s] -- Up-to-date: /home/antonadonin/Robotics/lab3/ex01/install/task9_pkg/lib/python3.12/site-packages/task9_pkg/srv/_full_name_sum_service_s.c
[0.386s] -- Up-to-date: /home/antonadonin/Robotics/lab3/ex01/install/task9_pkg/lib/python3.12/site-packages/task9_pkg/srv/_full_name_sum_service.py
[0.386s] -- Up-to-date: /home/antonadonin/Robotics/lab3/ex01/install/task9_pkg/lib/python3.12/site-packages/task9_pkg/_task9_pkg_s.ep.rosidl_typesupport_fastrtps_c.c
[0.387s] -- Up-to-date: /home/antonadonin/Robotics/lab3/ex01/install/task9_pkg/lib/python3.12/site-packages/task9_pkg/_task9_pkg_s.ep.rosidl_typesupport_c.c
[0.387s] -- Up-to-date: /home/antonadonin/Robotics/lab3/ex01/install/task9_pkg/lib/python3.12/site-packages/task9_pkg/_task9_pkg_s.ep.rosidl_typesupport_introspection_c.c
[0.387s] -- Up-to-date: /home/antonadonin/Robotics/lab3/ex01/install/task9_pkg/lib/python3.12/site-packages/task9_pkg/msg
[0.387s] -- Up-to-date: /home/antonadonin/Robotics/lab3/ex01/install/task9_pkg/lib/python3.12/site-packages/task9_pkg/msg/__init__.py
[0.387s] -- Up-to-date: /home/antonadonin/Robotics/lab3/ex01/install/task9_pkg/lib/python3.12/site-packages/task9_pkg/msg/_full_name_message_s.c
[0.387s] -- Up-to-date: /home/antonadonin/Robotics/lab3/ex01/install/task9_pkg/lib/python3.12/site-packages/task9_pkg/msg/_full_name_message.py
[0.402s] Listing '/home/antonadonin/Robotics/lab3/ex01/install/task9_pkg/lib/python3.12/site-packages/task9_pkg'...
[0.402s] Listing '/home/antonadonin/Robotics/lab3/ex01/install/task9_pkg/lib/python3.12/site-packages/task9_pkg/msg'...
[0.402s] Listing '/home/antonadonin/Robotics/lab3/ex01/install/task9_pkg/lib/python3.12/site-packages/task9_pkg/srv'...
[0.407s] -- Up-to-date: /home/antonadonin/Robotics/lab3/ex01/install/task9_pkg/lib/python3.12/site-packages/task9_pkg/task9_pkg_s__rosidl_typesupport_fastrtps_c.so
[0.407s] -- Up-to-date: /home/antonadonin/Robotics/lab3/ex01/install/task9_pkg/lib/python3.12/site-packages/task9_pkg/task9_pkg_s__rosidl_typesupport_introspection_c.so
[0.408s] -- Up-to-date: /home/antonadonin/Robotics/lab3/ex01/install/task9_pkg/lib/python3.12/site-packages/task9_pkg/task9_pkg_s__rosidl_typesupport_c.so
[0.408s] -- Up-to-date: /home/antonadonin/Robotics/lab3/ex01/install/task9_pkg/lib/libtask9_pkg__rosidl_generator_py.so
[0.408s] -- Up-to-date: /home/antonadonin/Robotics/lab3/ex01/install/task9_pkg/share/task9_pkg/msg/FullNameMessage.idl
[0.408s] -- Up-to-date: /home/antonadonin/Robotics/lab3/ex01/install/task9_pkg/share/task9_pkg/srv/FullNameSumService.idl
[0.408s] -- Up-to-date: /home/antonadonin/Robotics/lab3/ex01/install/task9_pkg/share/task9_pkg/msg/FullNameMessage.msg
[0.408s] -- Up-to-date: /home/antonadonin/Robotics/lab3/ex01/install/task9_pkg/share/task9_pkg/srv/FullNameSumService.srv
[0.409s] -- Up-to-date: /home/antonadonin/Robotics/lab3/ex01/install/task9_pkg/share/ament_index/resource_index/package_run_dependencies/task9_pkg
[0.409s] -- Up-to-date: /home/antonadonin/Robotics/lab3/ex01/install/task9_pkg/share/ament_index/resource_index/parent_prefix_path/task9_pkg
[0.409s] -- Up-to-date: /home/antonadonin/Robotics/lab3/ex01/install/task9_pkg/share/task9_pkg/environment/ament_prefix_path.sh
[0.409s] -- Up-to-date: /home/antonadonin/Robotics/lab3/ex01/install/task9_pkg/share/task9_pkg/environment/ament_prefix_path.dsv
[0.409s] -- Up-to-date: /home/antonadonin/Robotics/lab3/ex01/install/task9_pkg/share/task9_pkg/environment/path.sh
[0.409s] -- Up-to-date: /home/antonadonin/Robotics/lab3/ex01/install/task9_pkg/share/task9_pkg/environment/path.dsv
[0.409s] -- Up-to-date: /home/antonadonin/Robotics/lab3/ex01/install/task9_pkg/share/task9_pkg/local_setup.bash
[0.409s] -- Up-to-date: /home/antonadonin/Robotics/lab3/ex01/install/task9_pkg/share/task9_pkg/local_setup.sh
[0.409s] -- Up-to-date: /home/antonadonin/Robotics/lab3/ex01/install/task9_pkg/share/task9_pkg/local_setup.zsh
[0.409s] -- Up-to-date: /home/antonadonin/Robotics/lab3/ex01/install/task9_pkg/share/task9_pkg/local_setup.dsv
[0.409s] -- Installing: /home/antonadonin/Robotics/lab3/ex01/install/task9_pkg/share/task9_pkg/package.dsv
[0.409s] -- Up-to-date: /home/antonadonin/Robotics/lab3/ex01/install/task9_pkg/share/ament_index/resource_index/packages/task9_pkg
[0.409s] -- Up-to-date: /home/antonadonin/Robotics/lab3/ex01/install/task9_pkg/share/task9_pkg/cmake/export_task9_pkg__rosidl_generator_cExport.cmake
[0.410s] -- Up-to-date: /home/antonadonin/Robotics/lab3/ex01/install/task9_pkg/share/task9_pkg/cmake/export_task9_pkg__rosidl_generator_cExport-noconfig.cmake
[0.410s] -- Up-to-date: /home/antonadonin/Robotics/lab3/ex01/install/task9_pkg/share/task9_pkg/cmake/export_task9_pkg__rosidl_typesupport_fastrtps_cExport.cmake
[0.410s] -- Up-to-date: /home/antonadonin/Robotics/lab3/ex01/install/task9_pkg/share/task9_pkg/cmake/export_task9_pkg__rosidl_typesupport_fastrtps_cExport-noconfig.cmake
[0.410s] -- Up-to-date: /home/antonadonin/Robotics/lab3/ex01/install/task9_pkg/share/task9_pkg/cmake/task9_pkg__rosidl_typesupport_introspection_cExport.cmake
[0.410s] -- Up-to-date: /home/antonadonin/Robotics/lab3/ex01/install/task9_pkg/share/task9_pkg/cmake/task9_pkg__rosidl_typesupport_introspection_cExport-noconfig.cmake
[0.410s] -- Up-to-date: /home/antonadonin/Robotics/lab3/ex01/install/task9_pkg/share/task9_pkg/cmake/task9_pkg__rosidl_typesupport_cExport.cmake
[0.410s] -- Up-to-date: /home/antonadonin/Robotics/lab3/ex01/install/task9_pkg/share/task9_pkg/cmake/task9_pkg__rosidl_typesupport_cExport-noconfig.cmake
[0.411s] -- Up-to-date: /home/antonadonin/Robotics/lab3/ex01/install/task9_pkg/share/task9_pkg/cmake/export_task9_pkg__rosidl_generator_cppExport.cmake
[0.411s] -- Up-to-date: /home/antonadonin/Robotics/lab3/ex01/install/task9_pkg/share/task9_pkg/cmake/export_task9_pkg__rosidl_typesupport_fastrtps_cppExport.cmake
[0.411s] -- Up-to-date: /home/antonadonin/Robotics/lab3/ex01/install/task9_pkg/share/task9_pkg/cmake/export_task9_pkg__rosidl_typesupport_fastrtps_cppExport-noconfig.cmake
[0.411s] -- Up-to-date: /home/antonadonin/Robotics/lab3/ex01/install/task9_pkg/share/task9_pkg/cmake/task9_pkg__rosidl_typesupport_introspection_cppExport.cmake
[0.411s] -- Up-to-date: /home/antonadonin/Robotics/lab3/ex01/install/task9_pkg/share/task9_pkg/cmake/task9_pkg__rosidl_typesupport_introspection_cppExport-noconfig.cmake
[0.411s] -- Up-to-date: /home/antonadonin/Robotics/lab3/ex01/install/task9_pkg/share/task9_pkg/cmake/task9_pkg__rosidl_typesupport_cppExport.cmake
[0.412s] -- Up-to-date: /home/antonadonin/Robotics/lab3/ex01/install/task9_pkg/share/task9_pkg/cmake/task9_pkg__rosidl_typesupport_cppExport-noconfig.cmake
[0.412s] -- Up-to-date: /home/antonadonin/Robotics/lab3/ex01/install/task9_pkg/share/task9_pkg/cmake/export_task9_pkg__rosidl_generator_pyExport.cmake
[0.412s] -- Up-to-date: /home/antonadonin/Robotics/lab3/ex01/install/task9_pkg/share/task9_pkg/cmake/export_task9_pkg__rosidl_generator_pyExport-noconfig.cmake
[0.412s] -- Up-to-date: /home/antonadonin/Robotics/lab3/ex01/install/task9_pkg/share/task9_pkg/cmake/rosidl_cmake-extras.cmake
[0.412s] -- Up-to-date: /home/antonadonin/Robotics/lab3/ex01/install/task9_pkg/share/task9_pkg/cmake/ament_cmake_export_dependencies-extras.cmake
[0.412s] -- Up-to-date: /home/antonadonin/Robotics/lab3/ex01/install/task9_pkg/share/task9_pkg/cmake/ament_cmake_export_include_directories-extras.cmake
[0.412s] -- Up-to-date: /home/antonadonin/Robotics/lab3/ex01/install/task9_pkg/share/task9_pkg/cmake/ament_cmake_export_libraries-extras.cmake
[0.412s] -- Up-to-date: /home/antonadonin/Robotics/lab3/ex01/install/task9_pkg/share/task9_pkg/cmake/ament_cmake_export_targets-extras.cmake
[0.412s] -- Up-to-date: /home/antonadonin/Robotics/lab3/ex01/install/task9_pkg/share/task9_pkg/cmake/rosidl_cmake_export_typesupport_targets-extras.cmake
[0.412s] -- Up-to-date: /home/antonadonin/Robotics/lab3/ex01/install/task9_pkg/share/task9_pkg/cmake/rosidl_cmake_export_typesupport_libraries-extras.cmake
[0.412s] -- Up-to-date: /home/antonadonin/Robotics/lab3/ex01/install/task9_pkg/share/task9_pkg/cmake/task9_pkgConfig.cmake
[0.413s] -- Up-to-date: /home/antonadonin/Robotics/lab3/ex01/install/task9_pkg/share/task9_pkg/cmake/task9_pkgConfig-version.cmake
[0.413s] -- Up-to-date: /home/antonadonin/Robotics/lab3/ex01/install/task9_pkg/share/task9_pkg/package.xml
[0.414s] Invoked command in '/home/antonadonin/Robotics/lab3/ex01/build/task9_pkg' returned '0': CMAKE_PREFIX_PATH=${CMAKE_PREFIX_PATH}:/opt/ros/jazzy DEBUGINFOD_URLS=https://debuginfod.ubuntu.com /usr/bin/cmake --install /home/antonadonin/Robotics/lab3/ex01/build/task9_pkg
