[0.331s] Invoking command in '/home/antonadonin/Robotics/lab4/ex02/my_pkg': DEBUGINFOD_URLS=https://debuginfod.ubuntu.com PYTHONPATH=/home/antonadonin/Robotics/lab4/ex02/build/my_pkg/prefix_override:/usr/lib/python3/dist-packages/colcon_core/task/python/colcon_distutils_commands:/home/antonadonin/Robotics/lab4/ex02/install/my_pkg/lib/python3.12/site-packages:${PYTHONPATH} /usr/bin/python3 -W ignore:setup.py install is deprecated setup.py egg_info --egg-base ../build/my_pkg build --build-base /home/antonadonin/Robotics/lab4/ex02/build/my_pkg/build install --record /home/antonadonin/Robotics/lab4/ex02/build/my_pkg/install.log --single-version-externally-managed install_data
[0.454s] running egg_info
[0.454s] creating ../build/my_pkg/my_pkg.egg-info
[0.460s] writing ../build/my_pkg/my_pkg.egg-info/PKG-INFO
[0.460s] writing dependency_links to ../build/my_pkg/my_pkg.egg-info/dependency_links.txt
[0.460s] writing requirements to ../build/my_pkg/my_pkg.egg-info/requires.txt
[0.460s] writing top-level names to ../build/my_pkg/my_pkg.egg-info/top_level.txt
[0.460s] writing manifest file '../build/my_pkg/my_pkg.egg-info/SOURCES.txt'
[0.473s] reading manifest file '../build/my_pkg/my_pkg.egg-info/SOURCES.txt'
[0.474s] writing manifest file '../build/my_pkg/my_pkg.egg-info/SOURCES.txt'
[0.474s] running build
[0.474s] running build_py
[0.474s] creating /home/antonadonin/Robotics/lab4/ex02/build/my_pkg/build
[0.474s] creating /home/antonadonin/Robotics/lab4/ex02/build/my_pkg/build/lib
[0.474s] creating /home/antonadonin/Robotics/lab4/ex02/build/my_pkg/build/lib/my_pkg
[0.474s] copying my_pkg/__init__.py -> /home/antonadonin/Robotics/lab4/ex02/build/my_pkg/build/lib/my_pkg
[0.475s] copying my_pkg/carrot_tf2_broadcaster.py -> /home/antonadonin/Robotics/lab4/ex02/build/my_pkg/build/lib/my_pkg
[0.475s] copying my_pkg/turtle2_tf2_broadcaster.py -> /home/antonadonin/Robotics/lab4/ex02/build/my_pkg/build/lib/my_pkg
[0.475s] copying my_pkg/turtle2_tf2_listener.py -> /home/antonadonin/Robotics/lab4/ex02/build/my_pkg/build/lib/my_pkg
[0.475s] copying my_pkg/turtle1_tf2_broadcaster.py -> /home/antonadonin/Robotics/lab4/ex02/build/my_pkg/build/lib/my_pkg
[0.475s] running install
[0.477s] running install_lib
[0.484s] creating /home/antonadonin/Robotics/lab4/ex02/install/my_pkg/lib/python3.12/site-packages/my_pkg
[0.484s] copying /home/antonadonin/Robotics/lab4/ex02/build/my_pkg/build/lib/my_pkg/__init__.py -> /home/antonadonin/Robotics/lab4/ex02/install/my_pkg/lib/python3.12/site-packages/my_pkg
[0.484s] copying /home/antonadonin/Robotics/lab4/ex02/build/my_pkg/build/lib/my_pkg/carrot_tf2_broadcaster.py -> /home/antonadonin/Robotics/lab4/ex02/install/my_pkg/lib/python3.12/site-packages/my_pkg
[0.485s] copying /home/antonadonin/Robotics/lab4/ex02/build/my_pkg/build/lib/my_pkg/turtle2_tf2_broadcaster.py -> /home/antonadonin/Robotics/lab4/ex02/install/my_pkg/lib/python3.12/site-packages/my_pkg
[0.485s] copying /home/antonadonin/Robotics/lab4/ex02/build/my_pkg/build/lib/my_pkg/turtle2_tf2_listener.py -> /home/antonadonin/Robotics/lab4/ex02/install/my_pkg/lib/python3.12/site-packages/my_pkg
[0.485s] copying /home/antonadonin/Robotics/lab4/ex02/build/my_pkg/build/lib/my_pkg/turtle1_tf2_broadcaster.py -> /home/antonadonin/Robotics/lab4/ex02/install/my_pkg/lib/python3.12/site-packages/my_pkg
[0.485s] byte-compiling /home/antonadonin/Robotics/lab4/ex02/install/my_pkg/lib/python3.12/site-packages/my_pkg/__init__.py to __init__.cpython-312.pyc
[0.485s] byte-compiling /home/antonadonin/Robotics/lab4/ex02/install/my_pkg/lib/python3.12/site-packages/my_pkg/carrot_tf2_broadcaster.py to carrot_tf2_broadcaster.cpython-312.pyc
[0.485s] byte-compiling /home/antonadonin/Robotics/lab4/ex02/install/my_pkg/lib/python3.12/site-packages/my_pkg/turtle2_tf2_broadcaster.py to turtle2_tf2_broadcaster.cpython-312.pyc
[0.485s] byte-compiling /home/antonadonin/Robotics/lab4/ex02/install/my_pkg/lib/python3.12/site-packages/my_pkg/turtle2_tf2_listener.py to turtle2_tf2_listener.cpython-312.pyc
[0.486s] byte-compiling /home/antonadonin/Robotics/lab4/ex02/install/my_pkg/lib/python3.12/site-packages/my_pkg/turtle1_tf2_broadcaster.py to turtle1_tf2_broadcaster.cpython-312.pyc
[0.486s] running install_data
[0.486s] creating /home/antonadonin/Robotics/lab4/ex02/install/my_pkg/share/ament_index
[0.486s] creating /home/antonadonin/Robotics/lab4/ex02/install/my_pkg/share/ament_index/resource_index
[0.486s] creating /home/antonadonin/Robotics/lab4/ex02/install/my_pkg/share/ament_index/resource_index/packages
[0.486s] copying resource/my_pkg -> /home/antonadonin/Robotics/lab4/ex02/install/my_pkg/share/ament_index/resource_index/packages
[0.486s] copying package.xml -> /home/antonadonin/Robotics/lab4/ex02/install/my_pkg/share/my_pkg
[0.486s] running install_egg_info
[0.493s] Copying ../build/my_pkg/my_pkg.egg-info to /home/antonadonin/Robotics/lab4/ex02/install/my_pkg/lib/python3.12/site-packages/my_pkg-0.0.0-py3.12.egg-info
[0.494s] running install_scripts
[0.544s] writing list of installed files to '/home/antonadonin/Robotics/lab4/ex02/build/my_pkg/install.log'
[0.558s] Invoked command in '/home/antonadonin/Robotics/lab4/ex02/my_pkg' returned '0': DEBUGINFOD_URLS=https://debuginfod.ubuntu.com PYTHONPATH=/home/antonadonin/Robotics/lab4/ex02/build/my_pkg/prefix_override:/usr/lib/python3/dist-packages/colcon_core/task/python/colcon_distutils_commands:/home/antonadonin/Robotics/lab4/ex02/install/my_pkg/lib/python3.12/site-packages:${PYTHONPATH} /usr/bin/python3 -W ignore:setup.py install is deprecated setup.py egg_info --egg-base ../build/my_pkg build --build-base /home/antonadonin/Robotics/lab4/ex02/build/my_pkg/build install --record /home/antonadonin/Robotics/lab4/ex02/build/my_pkg/install.log --single-version-externally-managed install_data
