[0.003s] Invoking command in '/home/antonadonin/Robotics/lab5/ex02/build/sam_bot_description': DEBUGINFOD_URLS=https://debuginfod.ubuntu.com /usr/bin/cmake /home/antonadonin/Robotics/lab5/ex02/sam_bot_description -DCMAKE_INSTALL_PREFIX=/home/antonadonin/Robotics/lab5/ex02/install/sam_bot_description
[0.131s] -- The C compiler identification is GNU 13.2.0
[0.205s] -- The CXX compiler identification is GNU 13.2.0
[0.221s] -- Detecting C compiler ABI info
[0.289s] -- Detecting C compiler ABI info - done
[0.301s] -- Check for working C compiler: /usr/bin/cc - skipped
[0.301s] -- Detecting C compile features
[0.302s] -- Detecting C compile features - done
[0.308s] -- Detecting CXX compiler ABI info
[0.389s] -- Detecting CXX compiler ABI info - done
[0.402s] -- Check for working CXX compiler: /usr/bin/c++ - skipped
[0.403s] -- Detecting CXX compile features
[0.403s] -- Detecting CXX compile features - done
[0.416s] [31mCMake Error at CMakeLists.txt:9 (find_package):
[0.416s]   By not providing "Findament_cmake.cmake" in CMAKE_MODULE_PATH this project
[0.416s]   has asked CMake to find a package configuration file provided by
[0.417s]   "ament_cmake", but CMake did not find one.
[0.417s] 
[0.417s]   Could not find a package configuration file provided by "ament_cmake" with
[0.417s]   any of the following names:
[0.417s] 
[0.417s]     ament_cmakeConfig.cmake
[0.417s]     ament_cmake-config.cmake
[0.417s] 
[0.417s]   Add the installation prefix of "ament_cmake" to CMAKE_PREFIX_PATH or set
[0.417s]   "ament_cmake_DIR" to a directory containing one of the above files.  If
[0.418s]   "ament_cmake" provides a separate development package or SDK, be sure it
[0.418s]   has been installed.
[0.418s] 
[0.418s] [0m
[0.418s] -- Configuring incomplete, errors occurred!
[0.419s] Invoked command in '/home/antonadonin/Robotics/lab5/ex02/build/sam_bot_description' returned '1': DEBUGINFOD_URLS=https://debuginfod.ubuntu.com /usr/bin/cmake /home/antonadonin/Robotics/lab5/ex02/sam_bot_description -DCMAKE_INSTALL_PREFIX=/home/antonadonin/Robotics/lab5/ex02/install/sam_bot_description
