[0.232s] DEBUG:colcon:Command line arguments: ['/usr/bin/colcon', 'build']
[0.232s] DEBUG:colcon:Parsed command line arguments: Namespace(log_base=None, log_level=None, verb_name='build', build_base='build', install_base='install', merge_install=False, symlink_install=False, test_result_base=None, continue_on_error=False, executor='parallel', parallel_workers=8, event_handlers=None, ignore_user_meta=False, metas=['./colcon.meta'], base_paths=['.'], packages_ignore=None, packages_ignore_regex=None, paths=None, packages_up_to=None, packages_up_to_regex=None, packages_above=None, packages_above_and_dependencies=None, packages_above_depth=None, packages_select_by_dep=None, packages_skip_by_dep=None, packages_skip_up_to=None, packages_select_build_failed=False, packages_skip_build_finished=False, packages_select_test_failures=False, packages_skip_test_passed=False, packages_select=None, packages_skip=None, packages_select_regex=None, packages_skip_regex=None, packages_start=None, packages_end=None, allow_overriding=[], cmake_args=None, cmake_target=None, cmake_target_skip_unavailable=False, cmake_clean_cache=False, cmake_clean_first=False, cmake_force_configure=False, ament_cmake_args=None, catkin_cmake_args=None, catkin_skip_building_tests=False, mixin_files=None, mixin=None, verb_parser=<colcon_mixin.mixin.mixin_argument.MixinArgumentDecorator object at 0xffffa469a3f0>, verb_extension=<colcon_core.verb.build.BuildVerb object at 0xffffa469a2a0>, main=<bound method BuildVerb.main of <colcon_core.verb.build.BuildVerb object at 0xffffa469a2a0>>, mixin_verb=('build',))
[0.279s] Level 1:colcon.colcon_core.package_discovery:discover_packages(colcon_meta) check parameters
[0.279s] Level 1:colcon.colcon_core.package_discovery:discover_packages(recursive) check parameters
[0.279s] Level 1:colcon.colcon_core.package_discovery:discover_packages(ignore) check parameters
[0.279s] Level 1:colcon.colcon_core.package_discovery:discover_packages(path) check parameters
[0.279s] Level 1:colcon.colcon_core.package_discovery:discover_packages(colcon_meta) discover
[0.279s] Level 1:colcon.colcon_core.package_discovery:discover_packages(recursive) discover
[0.279s] INFO:colcon.colcon_core.package_discovery:Crawling recursively for packages in '/home/antonadonin/Robotics/lab3/ex01'
[0.279s] Level 1:colcon.colcon_core.package_identification:_identify(.) by extensions ['ignore', 'ignore_ament_install']
[0.279s] Level 1:colcon.colcon_core.package_identification:_identify(.) by extension 'ignore'
[0.279s] Level 1:colcon.colcon_core.package_identification:_identify(.) by extension 'ignore_ament_install'
[0.279s] Level 1:colcon.colcon_core.package_identification:_identify(.) by extensions ['colcon_pkg']
[0.279s] Level 1:colcon.colcon_core.package_identification:_identify(.) by extension 'colcon_pkg'
[0.279s] Level 1:colcon.colcon_core.package_identification:_identify(.) by extensions ['colcon_meta']
[0.279s] Level 1:colcon.colcon_core.package_identification:_identify(.) by extension 'colcon_meta'
[0.279s] Level 1:colcon.colcon_core.package_identification:_identify(.) by extensions ['ros']
[0.280s] Level 1:colcon.colcon_core.package_identification:_identify(.) by extension 'ros'
[0.310s] Level 1:colcon.colcon_core.package_identification:_identify(.) by extensions ['cmake', 'python']
[0.310s] Level 1:colcon.colcon_core.package_identification:_identify(.) by extension 'cmake'
[0.310s] Level 1:colcon.colcon_core.package_identification:_identify(.) by extension 'python'
[0.310s] Level 1:colcon.colcon_core.package_identification:_identify(.) by extensions ['python_setup_py']
[0.310s] Level 1:colcon.colcon_core.package_identification:_identify(.) by extension 'python_setup_py'
[0.310s] Level 1:colcon.colcon_core.package_identification:_identify(build) by extensions ['ignore', 'ignore_ament_install']
[0.310s] Level 1:colcon.colcon_core.package_identification:_identify(build) by extension 'ignore'
[0.310s] Level 1:colcon.colcon_core.package_identification:_identify(build) ignored
[0.311s] Level 1:colcon.colcon_core.package_identification:_identify(install) by extensions ['ignore', 'ignore_ament_install']
[0.311s] Level 1:colcon.colcon_core.package_identification:_identify(install) by extension 'ignore'
[0.311s] Level 1:colcon.colcon_core.package_identification:_identify(install) ignored
[0.311s] Level 1:colcon.colcon_core.package_identification:_identify(log) by extensions ['ignore', 'ignore_ament_install']
[0.311s] Level 1:colcon.colcon_core.package_identification:_identify(log) by extension 'ignore'
[0.311s] Level 1:colcon.colcon_core.package_identification:_identify(log) ignored
[0.311s] Level 1:colcon.colcon_core.package_identification:_identify(service) by extensions ['ignore', 'ignore_ament_install']
[0.311s] Level 1:colcon.colcon_core.package_identification:_identify(service) by extension 'ignore'
[0.311s] Level 1:colcon.colcon_core.package_identification:_identify(service) by extension 'ignore_ament_install'
[0.311s] Level 1:colcon.colcon_core.package_identification:_identify(service) by extensions ['colcon_pkg']
[0.311s] Level 1:colcon.colcon_core.package_identification:_identify(service) by extension 'colcon_pkg'
[0.311s] Level 1:colcon.colcon_core.package_identification:_identify(service) by extensions ['colcon_meta']
[0.311s] Level 1:colcon.colcon_core.package_identification:_identify(service) by extension 'colcon_meta'
[0.311s] Level 1:colcon.colcon_core.package_identification:_identify(service) by extensions ['ros']
[0.311s] Level 1:colcon.colcon_core.package_identification:_identify(service) by extension 'ros'
[0.314s] DEBUG:colcon.colcon_core.package_identification:Package 'service' with type 'ros.ament_python' and name 'service'
[0.314s] Level 1:colcon.colcon_core.package_identification:_identify(task9_pkg) by extensions ['ignore', 'ignore_ament_install']
[0.314s] Level 1:colcon.colcon_core.package_identification:_identify(task9_pkg) by extension 'ignore'
[0.314s] Level 1:colcon.colcon_core.package_identification:_identify(task9_pkg) by extension 'ignore_ament_install'
[0.315s] Level 1:colcon.colcon_core.package_identification:_identify(task9_pkg) by extensions ['colcon_pkg']
[0.315s] Level 1:colcon.colcon_core.package_identification:_identify(task9_pkg) by extension 'colcon_pkg'
[0.315s] Level 1:colcon.colcon_core.package_identification:_identify(task9_pkg) by extensions ['colcon_meta']
[0.315s] Level 1:colcon.colcon_core.package_identification:_identify(task9_pkg) by extension 'colcon_meta'
[0.315s] Level 1:colcon.colcon_core.package_identification:_identify(task9_pkg) by extensions ['ros']
[0.315s] Level 1:colcon.colcon_core.package_identification:_identify(task9_pkg) by extension 'ros'
[0.315s] DEBUG:colcon.colcon_core.package_identification:Package 'task9_pkg' with type 'ros.ament_cmake' and name 'task9_pkg'
[0.315s] Level 1:colcon.colcon_core.package_discovery:discover_packages(recursive) using defaults
[0.315s] Level 1:colcon.colcon_core.package_discovery:discover_packages(ignore) discover
[0.315s] Level 1:colcon.colcon_core.package_discovery:discover_packages(ignore) using defaults
[0.315s] Level 1:colcon.colcon_core.package_discovery:discover_packages(path) discover
[0.315s] Level 1:colcon.colcon_core.package_discovery:discover_packages(path) using defaults
[0.331s] Level 1:colcon.colcon_core.package_discovery:discover_packages(prefix_path) check parameters
[0.331s] Level 1:colcon.colcon_core.package_discovery:discover_packages(prefix_path) discover
[0.333s] DEBUG:colcon.colcon_installed_package_information.package_discovery:Found 285 installed packages in /opt/ros/jazzy
[0.334s] Level 1:colcon.colcon_core.package_discovery:discover_packages(prefix_path) using defaults
[0.377s] Level 5:colcon.colcon_core.verb:set package 'service' build argument 'cmake_args' from command line to 'None'
[0.377s] Level 5:colcon.colcon_core.verb:set package 'service' build argument 'cmake_target' from command line to 'None'
[0.377s] Level 5:colcon.colcon_core.verb:set package 'service' build argument 'cmake_target_skip_unavailable' from command line to 'False'
[0.377s] Level 5:colcon.colcon_core.verb:set package 'service' build argument 'cmake_clean_cache' from command line to 'False'
[0.377s] Level 5:colcon.colcon_core.verb:set package 'service' build argument 'cmake_clean_first' from command line to 'False'
[0.377s] Level 5:colcon.colcon_core.verb:set package 'service' build argument 'cmake_force_configure' from command line to 'False'
[0.377s] Level 5:colcon.colcon_core.verb:set package 'service' build argument 'ament_cmake_args' from command line to 'None'
[0.377s] Level 5:colcon.colcon_core.verb:set package 'service' build argument 'catkin_cmake_args' from command line to 'None'
[0.377s] Level 5:colcon.colcon_core.verb:set package 'service' build argument 'catkin_skip_building_tests' from command line to 'False'
[0.377s] DEBUG:colcon.colcon_core.verb:Building package 'service' with the following arguments: {'ament_cmake_args': None, 'build_base': '/home/antonadonin/Robotics/lab3/ex01/build/service', 'catkin_cmake_args': None, 'catkin_skip_building_tests': False, 'cmake_args': None, 'cmake_clean_cache': False, 'cmake_clean_first': False, 'cmake_force_configure': False, 'cmake_target': None, 'cmake_target_skip_unavailable': False, 'install_base': '/home/antonadonin/Robotics/lab3/ex01/install/service', 'merge_install': False, 'path': '/home/antonadonin/Robotics/lab3/ex01/service', 'symlink_install': False, 'test_result_base': None}
[0.377s] Level 5:colcon.colcon_core.verb:set package 'task9_pkg' build argument 'cmake_args' from command line to 'None'
[0.377s] Level 5:colcon.colcon_core.verb:set package 'task9_pkg' build argument 'cmake_target' from command line to 'None'
[0.377s] Level 5:colcon.colcon_core.verb:set package 'task9_pkg' build argument 'cmake_target_skip_unavailable' from command line to 'False'
[0.377s] Level 5:colcon.colcon_core.verb:set package 'task9_pkg' build argument 'cmake_clean_cache' from command line to 'False'
[0.377s] Level 5:colcon.colcon_core.verb:set package 'task9_pkg' build argument 'cmake_clean_first' from command line to 'False'
[0.377s] Level 5:colcon.colcon_core.verb:set package 'task9_pkg' build argument 'cmake_force_configure' from command line to 'False'
[0.377s] Level 5:colcon.colcon_core.verb:set package 'task9_pkg' build argument 'ament_cmake_args' from command line to 'None'
[0.377s] Level 5:colcon.colcon_core.verb:set package 'task9_pkg' build argument 'catkin_cmake_args' from command line to 'None'
[0.377s] Level 5:colcon.colcon_core.verb:set package 'task9_pkg' build argument 'catkin_skip_building_tests' from command line to 'False'
[0.377s] DEBUG:colcon.colcon_core.verb:Building package 'task9_pkg' with the following arguments: {'ament_cmake_args': None, 'build_base': '/home/antonadonin/Robotics/lab3/ex01/build/task9_pkg', 'catkin_cmake_args': None, 'catkin_skip_building_tests': False, 'cmake_args': None, 'cmake_clean_cache': False, 'cmake_clean_first': False, 'cmake_force_configure': False, 'cmake_target': None, 'cmake_target_skip_unavailable': False, 'install_base': '/home/antonadonin/Robotics/lab3/ex01/install/task9_pkg', 'merge_install': False, 'path': '/home/antonadonin/Robotics/lab3/ex01/task9_pkg', 'symlink_install': False, 'test_result_base': None}
[0.377s] INFO:colcon.colcon_core.executor:Executing jobs using 'parallel' executor
[0.378s] DEBUG:colcon.colcon_parallel_executor.executor.parallel:run_until_complete
[0.378s] INFO:colcon.colcon_ros.task.ament_python.build:Building ROS package in '/home/antonadonin/Robotics/lab3/ex01/service' with build type 'ament_python'
[0.378s] Level 1:colcon.colcon_core.shell:create_environment_hook('service', 'ament_prefix_path')
[0.381s] INFO:colcon.colcon_core.plugin_system:Skipping extension 'colcon_core.shell.bat': Not used on non-Windows systems
[0.381s] INFO:colcon.colcon_core.shell:Creating environment hook '/home/antonadonin/Robotics/lab3/ex01/install/service/share/service/hook/ament_prefix_path.ps1'
[0.382s] INFO:colcon.colcon_core.shell:Creating environment descriptor '/home/antonadonin/Robotics/lab3/ex01/install/service/share/service/hook/ament_prefix_path.dsv'
[0.382s] INFO:colcon.colcon_core.shell:Creating environment hook '/home/antonadonin/Robotics/lab3/ex01/install/service/share/service/hook/ament_prefix_path.sh'
[0.383s] INFO:colcon.colcon_core.shell:Skip shell extension 'powershell' for command environment: Not usable outside of PowerShell
[0.383s] DEBUG:colcon.colcon_core.shell:Skip shell extension 'dsv' for command environment
[0.385s] INFO:colcon.colcon_ros.task.ament_cmake.build:Building ROS package in '/home/antonadonin/Robotics/lab3/ex01/task9_pkg' with build type 'ament_cmake'
[0.385s] INFO:colcon.colcon_cmake.task.cmake.build:Building CMake package in '/home/antonadonin/Robotics/lab3/ex01/task9_pkg'
[0.385s] INFO:colcon.colcon_core.shell:Skip shell extension 'powershell' for command environment: Not usable outside of PowerShell
[0.385s] DEBUG:colcon.colcon_core.shell:Skip shell extension 'dsv' for command environment
[0.474s] INFO:colcon.colcon_core.task.python.build:Building Python package in '/home/antonadonin/Robotics/lab3/ex01/service'
[0.474s] INFO:colcon.colcon_core.shell:Skip shell extension 'powershell' for command environment: Not usable outside of PowerShell
[0.474s] DEBUG:colcon.colcon_core.shell:Skip shell extension 'dsv' for command environment
[0.478s] DEBUG:colcon.colcon_core.event_handler.log_command:Invoking command in '/home/antonadonin/Robotics/lab3/ex01/build/task9_pkg': CMAKE_PREFIX_PATH=${CMAKE_PREFIX_PATH}:/opt/ros/jazzy DEBUGINFOD_URLS=https://debuginfod.ubuntu.com /usr/bin/cmake /home/antonadonin/Robotics/lab3/ex01/task9_pkg -DCMAKE_INSTALL_PREFIX=/home/antonadonin/Robotics/lab3/ex01/install/task9_pkg
[0.794s] DEBUG:colcon.colcon_core.event_handler.log_command:Invoking command in '/home/antonadonin/Robotics/lab3/ex01/service': DEBUGINFOD_URLS=https://debuginfod.ubuntu.com PYTHONPATH=/home/antonadonin/Robotics/lab3/ex01/build/service/prefix_override:/usr/lib/python3/dist-packages/colcon_core/task/python/colcon_distutils_commands:/home/antonadonin/Robotics/lab3/ex01/install/service/lib/python3.12/site-packages:${PYTHONPATH} /usr/bin/python3 -W ignore:setup.py install is deprecated setup.py egg_info --egg-base ../build/service build --build-base /home/antonadonin/Robotics/lab3/ex01/build/service/build install --record /home/antonadonin/Robotics/lab3/ex01/build/service/install.log --single-version-externally-managed install_data
[1.016s] DEBUG:colcon.colcon_core.event_handler.log_command:Invoked command in '/home/antonadonin/Robotics/lab3/ex01/service' returned '0': DEBUGINFOD_URLS=https://debuginfod.ubuntu.com PYTHONPATH=/home/antonadonin/Robotics/lab3/ex01/build/service/prefix_override:/usr/lib/python3/dist-packages/colcon_core/task/python/colcon_distutils_commands:/home/antonadonin/Robotics/lab3/ex01/install/service/lib/python3.12/site-packages:${PYTHONPATH} /usr/bin/python3 -W ignore:setup.py install is deprecated setup.py egg_info --egg-base ../build/service build --build-base /home/antonadonin/Robotics/lab3/ex01/build/service/build install --record /home/antonadonin/Robotics/lab3/ex01/build/service/install.log --single-version-externally-managed install_data
[1.019s] Level 1:colcon.colcon_core.environment:checking '/home/antonadonin/Robotics/lab3/ex01/install/service' for CMake module files
[1.019s] Level 1:colcon.colcon_core.environment:checking '/home/antonadonin/Robotics/lab3/ex01/install/service' for CMake config files
[1.019s] Level 1:colcon.colcon_core.environment:checking '/home/antonadonin/Robotics/lab3/ex01/install/service/lib'
[1.019s] Level 1:colcon.colcon_core.environment:checking '/home/antonadonin/Robotics/lab3/ex01/install/service/bin'
[1.019s] Level 1:colcon.colcon_core.environment:checking '/home/antonadonin/Robotics/lab3/ex01/install/service/lib/pkgconfig/service.pc'
[1.020s] Level 1:colcon.colcon_core.environment:checking '/home/antonadonin/Robotics/lab3/ex01/install/service/lib/python3.12/site-packages'
[1.020s] Level 1:colcon.colcon_core.shell:create_environment_hook('service', 'pythonpath')
[1.020s] INFO:colcon.colcon_core.shell:Creating environment hook '/home/antonadonin/Robotics/lab3/ex01/install/service/share/service/hook/pythonpath.ps1'
[1.020s] INFO:colcon.colcon_core.shell:Creating environment descriptor '/home/antonadonin/Robotics/lab3/ex01/install/service/share/service/hook/pythonpath.dsv'
[1.020s] INFO:colcon.colcon_core.shell:Creating environment hook '/home/antonadonin/Robotics/lab3/ex01/install/service/share/service/hook/pythonpath.sh'
[1.020s] Level 1:colcon.colcon_core.environment:checking '/home/antonadonin/Robotics/lab3/ex01/install/service/bin'
[1.020s] Level 1:colcon.colcon_core.environment:create_environment_scripts_only(service)
[1.020s] INFO:colcon.colcon_core.shell:Creating package script '/home/antonadonin/Robotics/lab3/ex01/install/service/share/service/package.ps1'
[1.021s] INFO:colcon.colcon_core.shell:Creating package descriptor '/home/antonadonin/Robotics/lab3/ex01/install/service/share/service/package.dsv'
[1.021s] INFO:colcon.colcon_core.shell:Creating package script '/home/antonadonin/Robotics/lab3/ex01/install/service/share/service/package.sh'
[1.021s] INFO:colcon.colcon_core.shell:Creating package script '/home/antonadonin/Robotics/lab3/ex01/install/service/share/service/package.bash'
[1.022s] INFO:colcon.colcon_core.shell:Creating package script '/home/antonadonin/Robotics/lab3/ex01/install/service/share/service/package.zsh'
[1.022s] Level 1:colcon.colcon_core.environment:create_file_with_runtime_dependencies(/home/antonadonin/Robotics/lab3/ex01/install/service/share/colcon-core/packages/service)
[2.899s] DEBUG:colcon.colcon_core.event_handler.log_command:Invoked command in '/home/antonadonin/Robotics/lab3/ex01/build/task9_pkg' returned '0': CMAKE_PREFIX_PATH=${CMAKE_PREFIX_PATH}:/opt/ros/jazzy DEBUGINFOD_URLS=https://debuginfod.ubuntu.com /usr/bin/cmake /home/antonadonin/Robotics/lab3/ex01/task9_pkg -DCMAKE_INSTALL_PREFIX=/home/antonadonin/Robotics/lab3/ex01/install/task9_pkg
[2.900s] DEBUG:colcon.colcon_core.event_handler.log_command:Invoking command in '/home/antonadonin/Robotics/lab3/ex01/build/task9_pkg': CMAKE_PREFIX_PATH=${CMAKE_PREFIX_PATH}:/opt/ros/jazzy DEBUGINFOD_URLS=https://debuginfod.ubuntu.com /usr/bin/cmake --build /home/antonadonin/Robotics/lab3/ex01/build/task9_pkg -- -j8 -l8
[4.478s] DEBUG:colcon.colcon_core.event_handler.log_command:Invoked command in '/home/antonadonin/Robotics/lab3/ex01/build/task9_pkg' returned '0': CMAKE_PREFIX_PATH=${CMAKE_PREFIX_PATH}:/opt/ros/jazzy DEBUGINFOD_URLS=https://debuginfod.ubuntu.com /usr/bin/cmake --build /home/antonadonin/Robotics/lab3/ex01/build/task9_pkg -- -j8 -l8
[4.535s] DEBUG:colcon.colcon_core.event_handler.log_command:Invoking command in '/home/antonadonin/Robotics/lab3/ex01/build/task9_pkg': CMAKE_PREFIX_PATH=${CMAKE_PREFIX_PATH}:/opt/ros/jazzy DEBUGINFOD_URLS=https://debuginfod.ubuntu.com /usr/bin/cmake --install /home/antonadonin/Robotics/lab3/ex01/build/task9_pkg
[4.578s] Level 1:colcon.colcon_core.environment:create_environment_scripts_only(task9_pkg)
[4.579s] Level 1:colcon.colcon_core.environment:checking '/home/antonadonin/Robotics/lab3/ex01/install/task9_pkg' for CMake module files
[4.579s] DEBUG:colcon.colcon_core.event_handler.log_command:Invoked command in '/home/antonadonin/Robotics/lab3/ex01/build/task9_pkg' returned '0': CMAKE_PREFIX_PATH=${CMAKE_PREFIX_PATH}:/opt/ros/jazzy DEBUGINFOD_URLS=https://debuginfod.ubuntu.com /usr/bin/cmake --install /home/antonadonin/Robotics/lab3/ex01/build/task9_pkg
[4.579s] Level 1:colcon.colcon_core.environment:checking '/home/antonadonin/Robotics/lab3/ex01/install/task9_pkg' for CMake config files
[4.580s] Level 1:colcon.colcon_core.shell:create_environment_hook('task9_pkg', 'cmake_prefix_path')
[4.580s] INFO:colcon.colcon_core.shell:Creating environment hook '/home/antonadonin/Robotics/lab3/ex01/install/task9_pkg/share/task9_pkg/hook/cmake_prefix_path.ps1'
[4.580s] INFO:colcon.colcon_core.shell:Creating environment descriptor '/home/antonadonin/Robotics/lab3/ex01/install/task9_pkg/share/task9_pkg/hook/cmake_prefix_path.dsv'
[4.581s] INFO:colcon.colcon_core.shell:Creating environment hook '/home/antonadonin/Robotics/lab3/ex01/install/task9_pkg/share/task9_pkg/hook/cmake_prefix_path.sh'
[4.581s] Level 1:colcon.colcon_core.environment:checking '/home/antonadonin/Robotics/lab3/ex01/install/task9_pkg/lib'
[4.581s] Level 1:colcon.colcon_core.shell:create_environment_hook('task9_pkg', 'ld_library_path_lib')
[4.581s] INFO:colcon.colcon_core.shell:Creating environment hook '/home/antonadonin/Robotics/lab3/ex01/install/task9_pkg/share/task9_pkg/hook/ld_library_path_lib.ps1'
[4.582s] INFO:colcon.colcon_core.shell:Creating environment descriptor '/home/antonadonin/Robotics/lab3/ex01/install/task9_pkg/share/task9_pkg/hook/ld_library_path_lib.dsv'
[4.582s] INFO:colcon.colcon_core.shell:Creating environment hook '/home/antonadonin/Robotics/lab3/ex01/install/task9_pkg/share/task9_pkg/hook/ld_library_path_lib.sh'
[4.582s] Level 1:colcon.colcon_core.environment:checking '/home/antonadonin/Robotics/lab3/ex01/install/task9_pkg/bin'
[4.582s] Level 1:colcon.colcon_core.environment:checking '/home/antonadonin/Robotics/lab3/ex01/install/task9_pkg/lib/pkgconfig/task9_pkg.pc'
[4.582s] Level 1:colcon.colcon_core.environment:checking '/home/antonadonin/Robotics/lab3/ex01/install/task9_pkg/lib/python3.12/site-packages'
[4.582s] Level 1:colcon.colcon_core.shell:create_environment_hook('task9_pkg', 'pythonpath')
[4.583s] INFO:colcon.colcon_core.shell:Creating environment hook '/home/antonadonin/Robotics/lab3/ex01/install/task9_pkg/share/task9_pkg/hook/pythonpath.ps1'
[4.583s] INFO:colcon.colcon_core.shell:Creating environment descriptor '/home/antonadonin/Robotics/lab3/ex01/install/task9_pkg/share/task9_pkg/hook/pythonpath.dsv'
[4.583s] INFO:colcon.colcon_core.shell:Creating environment hook '/home/antonadonin/Robotics/lab3/ex01/install/task9_pkg/share/task9_pkg/hook/pythonpath.sh'
[4.584s] Level 1:colcon.colcon_core.environment:checking '/home/antonadonin/Robotics/lab3/ex01/install/task9_pkg/bin'
[4.584s] INFO:colcon.colcon_core.shell:Creating package script '/home/antonadonin/Robotics/lab3/ex01/install/task9_pkg/share/task9_pkg/package.ps1'
[4.584s] INFO:colcon.colcon_core.shell:Creating package descriptor '/home/antonadonin/Robotics/lab3/ex01/install/task9_pkg/share/task9_pkg/package.dsv'
[4.585s] INFO:colcon.colcon_core.shell:Creating package script '/home/antonadonin/Robotics/lab3/ex01/install/task9_pkg/share/task9_pkg/package.sh'
[4.585s] INFO:colcon.colcon_core.shell:Creating package script '/home/antonadonin/Robotics/lab3/ex01/install/task9_pkg/share/task9_pkg/package.bash'
[4.585s] INFO:colcon.colcon_core.shell:Creating package script '/home/antonadonin/Robotics/lab3/ex01/install/task9_pkg/share/task9_pkg/package.zsh'
[4.585s] Level 1:colcon.colcon_core.environment:create_file_with_runtime_dependencies(/home/antonadonin/Robotics/lab3/ex01/install/task9_pkg/share/colcon-core/packages/task9_pkg)
[4.621s] Level 1:colcon.colcon_core.environment:create_environment_scripts_only(task9_pkg)
[4.621s] Level 1:colcon.colcon_core.environment:checking '/home/antonadonin/Robotics/lab3/ex01/install/task9_pkg' for CMake module files
[4.621s] Level 1:colcon.colcon_core.environment:checking '/home/antonadonin/Robotics/lab3/ex01/install/task9_pkg' for CMake config files
[4.622s] Level 1:colcon.colcon_core.shell:create_environment_hook('task9_pkg', 'cmake_prefix_path')
[4.622s] INFO:colcon.colcon_core.shell:Creating environment hook '/home/antonadonin/Robotics/lab3/ex01/install/task9_pkg/share/task9_pkg/hook/cmake_prefix_path.ps1'
[4.622s] INFO:colcon.colcon_core.shell:Creating environment descriptor '/home/antonadonin/Robotics/lab3/ex01/install/task9_pkg/share/task9_pkg/hook/cmake_prefix_path.dsv'
[4.622s] INFO:colcon.colcon_core.shell:Creating environment hook '/home/antonadonin/Robotics/lab3/ex01/install/task9_pkg/share/task9_pkg/hook/cmake_prefix_path.sh'
[4.622s] Level 1:colcon.colcon_core.environment:checking '/home/antonadonin/Robotics/lab3/ex01/install/task9_pkg/lib'
[4.622s] Level 1:colcon.colcon_core.shell:create_environment_hook('task9_pkg', 'ld_library_path_lib')
[4.622s] INFO:colcon.colcon_core.shell:Creating environment hook '/home/antonadonin/Robotics/lab3/ex01/install/task9_pkg/share/task9_pkg/hook/ld_library_path_lib.ps1'
[4.622s] INFO:colcon.colcon_core.shell:Creating environment descriptor '/home/antonadonin/Robotics/lab3/ex01/install/task9_pkg/share/task9_pkg/hook/ld_library_path_lib.dsv'
[4.623s] INFO:colcon.colcon_core.shell:Creating environment hook '/home/antonadonin/Robotics/lab3/ex01/install/task9_pkg/share/task9_pkg/hook/ld_library_path_lib.sh'
[4.623s] Level 1:colcon.colcon_core.environment:checking '/home/antonadonin/Robotics/lab3/ex01/install/task9_pkg/bin'
[4.623s] Level 1:colcon.colcon_core.environment:checking '/home/antonadonin/Robotics/lab3/ex01/install/task9_pkg/lib/pkgconfig/task9_pkg.pc'
[4.623s] Level 1:colcon.colcon_core.environment:checking '/home/antonadonin/Robotics/lab3/ex01/install/task9_pkg/lib/python3.12/site-packages'
[4.623s] Level 1:colcon.colcon_core.shell:create_environment_hook('task9_pkg', 'pythonpath')
[4.623s] INFO:colcon.colcon_core.shell:Creating environment hook '/home/antonadonin/Robotics/lab3/ex01/install/task9_pkg/share/task9_pkg/hook/pythonpath.ps1'
[4.623s] INFO:colcon.colcon_core.shell:Creating environment descriptor '/home/antonadonin/Robotics/lab3/ex01/install/task9_pkg/share/task9_pkg/hook/pythonpath.dsv'
[4.623s] INFO:colcon.colcon_core.shell:Creating environment hook '/home/antonadonin/Robotics/lab3/ex01/install/task9_pkg/share/task9_pkg/hook/pythonpath.sh'
[4.623s] Level 1:colcon.colcon_core.environment:checking '/home/antonadonin/Robotics/lab3/ex01/install/task9_pkg/bin'
[4.623s] INFO:colcon.colcon_core.shell:Creating package script '/home/antonadonin/Robotics/lab3/ex01/install/task9_pkg/share/task9_pkg/package.ps1'
[4.624s] INFO:colcon.colcon_core.shell:Creating package descriptor '/home/antonadonin/Robotics/lab3/ex01/install/task9_pkg/share/task9_pkg/package.dsv'
[4.624s] INFO:colcon.colcon_core.shell:Creating package script '/home/antonadonin/Robotics/lab3/ex01/install/task9_pkg/share/task9_pkg/package.sh'
[4.624s] INFO:colcon.colcon_core.shell:Creating package script '/home/antonadonin/Robotics/lab3/ex01/install/task9_pkg/share/task9_pkg/package.bash'
[4.624s] INFO:colcon.colcon_core.shell:Creating package script '/home/antonadonin/Robotics/lab3/ex01/install/task9_pkg/share/task9_pkg/package.zsh'
[4.624s] Level 1:colcon.colcon_core.environment:create_file_with_runtime_dependencies(/home/antonadonin/Robotics/lab3/ex01/install/task9_pkg/share/colcon-core/packages/task9_pkg)
[4.624s] DEBUG:colcon.colcon_parallel_executor.executor.parallel:closing loop
[4.624s] DEBUG:colcon.colcon_parallel_executor.executor.parallel:loop closed
[4.624s] DEBUG:colcon.colcon_parallel_executor.executor.parallel:run_until_complete finished with '0'
[4.624s] DEBUG:colcon.colcon_core.event_reactor:joining thread
[4.630s] INFO:colcon.colcon_core.plugin_system:Skipping extension 'colcon_notification.desktop_notification.terminal_notifier': Not used on non-Darwin systems
[4.630s] INFO:colcon.colcon_core.plugin_system:Skipping extension 'colcon_notification.desktop_notification.win32': Not used on non-Windows systems
[4.630s] INFO:colcon.colcon_notification.desktop_notification:Sending desktop notification using 'notify2'
[4.639s] DEBUG:colcon.colcon_core.event_reactor:joined thread
[4.639s] INFO:colcon.colcon_core.shell:Creating prefix script '/home/antonadonin/Robotics/lab3/ex01/install/local_setup.ps1'
[4.640s] INFO:colcon.colcon_core.shell:Creating prefix util module '/home/antonadonin/Robotics/lab3/ex01/install/_local_setup_util_ps1.py'
[4.640s] INFO:colcon.colcon_core.shell:Creating prefix chain script '/home/antonadonin/Robotics/lab3/ex01/install/setup.ps1'
[4.641s] INFO:colcon.colcon_core.shell:Creating prefix script '/home/antonadonin/Robotics/lab3/ex01/install/local_setup.sh'
[4.641s] INFO:colcon.colcon_core.shell:Creating prefix util module '/home/antonadonin/Robotics/lab3/ex01/install/_local_setup_util_sh.py'
[4.641s] INFO:colcon.colcon_core.shell:Creating prefix chain script '/home/antonadonin/Robotics/lab3/ex01/install/setup.sh'
[4.641s] INFO:colcon.colcon_core.shell:Creating prefix script '/home/antonadonin/Robotics/lab3/ex01/install/local_setup.bash'
[4.642s] INFO:colcon.colcon_core.shell:Creating prefix chain script '/home/antonadonin/Robotics/lab3/ex01/install/setup.bash'
[4.642s] INFO:colcon.colcon_core.shell:Creating prefix script '/home/antonadonin/Robotics/lab3/ex01/install/local_setup.zsh'
[4.642s] INFO:colcon.colcon_core.shell:Creating prefix chain script '/home/antonadonin/Robotics/lab3/ex01/install/setup.zsh'
