[0.005s] Invoking command in '/home/antonadonin/Robotics/lab5/ex02/build/sam_bot_description': DEBUGINFOD_URLS=https://debuginfod.ubuntu.com /usr/bin/cmake /home/antonadonin/Robotics/lab5/ex02/sam_bot_description -DCMAKE_INSTALL_PREFIX=/home/antonadonin/Robotics/lab5/ex02/install/sam_bot_description
[0.014s] [31mCMake Error at CMakeLists.txt:9 (find_package):
[0.014s]   By not providing "Findament_cmake.cmake" in CMAKE_MODULE_PATH this project
[0.015s]   has asked CMake to find a package configuration file provided by
[0.015s]   "ament_cmake", but CMake did not find one.
[0.015s] 
[0.015s]   Could not find a package configuration file provided by "ament_cmake" with
[0.015s]   any of the following names:
[0.015s] 
[0.015s]     ament_cmakeConfig.cmake
[0.015s]     ament_cmake-config.cmake
[0.015s] 
[0.015s]   Add the installation prefix of "ament_cmake" to CMAKE_PREFIX_PATH or set
[0.015s]   "ament_cmake_DIR" to a directory containing one of the above files.  If
[0.015s]   "ament_cmake" provides a separate development package or SDK, be sure it
[0.015s]   has been installed.
[0.015s] 
[0.015s] [0m
[0.015s] -- Configuring incomplete, errors occurred!
[0.016s] Invoked command in '/home/antonadonin/Robotics/lab5/ex02/build/sam_bot_description' returned '1': DEBUGINFOD_URLS=https://debuginfod.ubuntu.com /usr/bin/cmake /home/antonadonin/Robotics/lab5/ex02/sam_bot_description -DCMAKE_INSTALL_PREFIX=/home/antonadonin/Robotics/lab5/ex02/install/sam_bot_description
