[0.330s] Invoking command in '/home/antonadonin/Robotics/lab3/ex02/action_turtle_commands': DEBUGINFOD_URLS=https://debuginfod.ubuntu.com PYTHONPATH=/home/antonadonin/Robotics/lab3/ex02/build/action_turtle_commands/prefix_override:/usr/lib/python3/dist-packages/colcon_core/task/python/colcon_distutils_commands:/home/antonadonin/Robotics/lab3/ex02/install/action_turtle_commands/lib/python3.12/site-packages:/home/antonadonin/Robotics/lab3/ex02/install/actions/lib/python3.12/site-packages:/home/antonadonin/Robotics/lab3/ex02/install/action_turtle_commands/lib/python3.12/site-packages:/home/antonadonin/Robotics/lab3/ex01/install/task9_pkg/lib/python3.12/site-packages:/home/antonadonin/Robotics/lab3/ex01/install/service/lib/python3.12/site-packages:/opt/ros/jazzy/lib/python3.12/site-packages /usr/bin/python3 -W ignore:setup.py install is deprecated setup.py egg_info --egg-base ../build/action_turtle_commands build --build-base /home/antonadonin/Robotics/lab3/ex02/build/action_turtle_commands/build install --record /home/antonadonin/Robotics/lab3/ex02/build/action_turtle_commands/install.log --single-version-externally-managed install_data
[0.456s] running egg_info
[0.463s] writing ../build/action_turtle_commands/action_turtle_commands.egg-info/PKG-INFO
[0.463s] writing dependency_links to ../build/action_turtle_commands/action_turtle_commands.egg-info/dependency_links.txt
[0.463s] writing entry points to ../build/action_turtle_commands/action_turtle_commands.egg-info/entry_points.txt
[0.463s] writing requirements to ../build/action_turtle_commands/action_turtle_commands.egg-info/requires.txt
[0.463s] writing top-level names to ../build/action_turtle_commands/action_turtle_commands.egg-info/top_level.txt
[0.477s] reading manifest file '../build/action_turtle_commands/action_turtle_commands.egg-info/SOURCES.txt'
[0.477s] writing manifest file '../build/action_turtle_commands/action_turtle_commands.egg-info/SOURCES.txt'
[0.477s] running build
[0.477s] running build_py
[0.477s] copying action_turtle_commands/server.py -> /home/antonadonin/Robotics/lab3/ex02/build/action_turtle_commands/build/lib/action_turtle_commands
[0.477s] running install
[0.480s] running install_lib
[0.487s] copying /home/antonadonin/Robotics/lab3/ex02/build/action_turtle_commands/build/lib/action_turtle_commands/server.py -> /home/antonadonin/Robotics/lab3/ex02/install/action_turtle_commands/lib/python3.12/site-packages/action_turtle_commands
[0.488s] byte-compiling /home/antonadonin/Robotics/lab3/ex02/install/action_turtle_commands/lib/python3.12/site-packages/action_turtle_commands/server.py to server.cpython-312.pyc
[0.488s] running install_data
[0.488s] running install_egg_info
[0.495s] removing '/home/antonadonin/Robotics/lab3/ex02/install/action_turtle_commands/lib/python3.12/site-packages/action_turtle_commands-0.0.0-py3.12.egg-info' (and everything under it)
[0.496s] Copying ../build/action_turtle_commands/action_turtle_commands.egg-info to /home/antonadonin/Robotics/lab3/ex02/install/action_turtle_commands/lib/python3.12/site-packages/action_turtle_commands-0.0.0-py3.12.egg-info
[0.496s] running install_scripts
[0.543s] Installing client script to /home/antonadonin/Robotics/lab3/ex02/install/action_turtle_commands/lib/action_turtle_commands
[0.543s] Installing server script to /home/antonadonin/Robotics/lab3/ex02/install/action_turtle_commands/lib/action_turtle_commands
[0.543s] writing list of installed files to '/home/antonadonin/Robotics/lab3/ex02/build/action_turtle_commands/install.log'
[0.557s] Invoked command in '/home/antonadonin/Robotics/lab3/ex02/action_turtle_commands' returned '0': DEBUGINFOD_URLS=https://debuginfod.ubuntu.com PYTHONPATH=/home/antonadonin/Robotics/lab3/ex02/build/action_turtle_commands/prefix_override:/usr/lib/python3/dist-packages/colcon_core/task/python/colcon_distutils_commands:/home/antonadonin/Robotics/lab3/ex02/install/action_turtle_commands/lib/python3.12/site-packages:/home/antonadonin/Robotics/lab3/ex02/install/actions/lib/python3.12/site-packages:/home/antonadonin/Robotics/lab3/ex02/install/action_turtle_commands/lib/python3.12/site-packages:/home/antonadonin/Robotics/lab3/ex01/install/task9_pkg/lib/python3.12/site-packages:/home/antonadonin/Robotics/lab3/ex01/install/service/lib/python3.12/site-packages:/opt/ros/jazzy/lib/python3.12/site-packages /usr/bin/python3 -W ignore:setup.py install is deprecated setup.py egg_info --egg-base ../build/action_turtle_commands build --build-base /home/antonadonin/Robotics/lab3/ex02/build/action_turtle_commands/build install --record /home/antonadonin/Robotics/lab3/ex02/build/action_turtle_commands/install.log --single-version-externally-managed install_data
