[0.324s] Invoking command in '/home/antonadonin/Robotics/lab2/ex10/text_to_cmd_vel': DEBUGINFOD_URLS=https://debuginfod.ubuntu.com PYTHONPATH=/home/antonadonin/Robotics/lab2/ex10/build/text_to_cmd_vel/prefix_override:/usr/lib/python3/dist-packages/colcon_core/task/python/colcon_distutils_commands:/home/antonadonin/Robotics/lab2/ex10/install/text_to_cmd_vel/lib/python3.12/site-packages:${PYTHONPATH} /usr/bin/python3 -W ignore:setup.py install is deprecated setup.py egg_info --egg-base ../build/text_to_cmd_vel build --build-base /home/antonadonin/Robotics/lab2/ex10/build/text_to_cmd_vel/build install --record /home/antonadonin/Robotics/lab2/ex10/build/text_to_cmd_vel/install.log --single-version-externally-managed install_data
[0.422s] running egg_info
[0.429s] writing ../build/text_to_cmd_vel/text_to_cmd_vel.egg-info/PKG-INFO
[0.429s] writing dependency_links to ../build/text_to_cmd_vel/text_to_cmd_vel.egg-info/dependency_links.txt
[0.429s] writing entry points to ../build/text_to_cmd_vel/text_to_cmd_vel.egg-info/entry_points.txt
[0.429s] writing requirements to ../build/text_to_cmd_vel/text_to_cmd_vel.egg-info/requires.txt
[0.429s] writing top-level names to ../build/text_to_cmd_vel/text_to_cmd_vel.egg-info/top_level.txt
[0.442s] reading manifest file '../build/text_to_cmd_vel/text_to_cmd_vel.egg-info/SOURCES.txt'
[0.442s] adding license file 'LICENSE'
[0.442s] writing manifest file '../build/text_to_cmd_vel/text_to_cmd_vel.egg-info/SOURCES.txt'
[0.442s] running build
[0.442s] running build_py
[0.442s] running install
[0.445s] running install_lib
[0.452s] running install_data
[0.452s] copying package.xml -> /home/antonadonin/Robotics/lab2/ex10/install/text_to_cmd_vel/share/text_to_cmd_vel
[0.452s] running install_egg_info
[0.459s] removing '/home/antonadonin/Robotics/lab2/ex10/install/text_to_cmd_vel/lib/python3.12/site-packages/text_to_cmd_vel-0.0.0-py3.12.egg-info' (and everything under it)
[0.459s] Copying ../build/text_to_cmd_vel/text_to_cmd_vel.egg-info to /home/antonadonin/Robotics/lab2/ex10/install/text_to_cmd_vel/lib/python3.12/site-packages/text_to_cmd_vel-0.0.0-py3.12.egg-info
[0.460s] running install_scripts
[0.506s] Installing talker script to /home/antonadonin/Robotics/lab2/ex10/install/text_to_cmd_vel/lib/text_to_cmd_vel
[0.506s] writing list of installed files to '/home/antonadonin/Robotics/lab2/ex10/build/text_to_cmd_vel/install.log'
[0.519s] Invoked command in '/home/antonadonin/Robotics/lab2/ex10/text_to_cmd_vel' returned '0': DEBUGINFOD_URLS=https://debuginfod.ubuntu.com PYTHONPATH=/home/antonadonin/Robotics/lab2/ex10/build/text_to_cmd_vel/prefix_override:/usr/lib/python3/dist-packages/colcon_core/task/python/colcon_distutils_commands:/home/antonadonin/Robotics/lab2/ex10/install/text_to_cmd_vel/lib/python3.12/site-packages:${PYTHONPATH} /usr/bin/python3 -W ignore:setup.py install is deprecated setup.py egg_info --egg-base ../build/text_to_cmd_vel build --build-base /home/antonadonin/Robotics/lab2/ex10/build/text_to_cmd_vel/build install --record /home/antonadonin/Robotics/lab2/ex10/build/text_to_cmd_vel/install.log --single-version-externally-managed install_data
