[0.337s] Invoking command in '/home/antonadonin/Robotics/lab4/ex02/my_pkg': DEBUGINFOD_URLS=https://debuginfod.ubuntu.com PYTHONPATH=/home/antonadonin/Robotics/lab4/ex02/build/my_pkg/prefix_override:/usr/lib/python3/dist-packages/colcon_core/task/python/colcon_distutils_commands:/home/antonadonin/Robotics/lab4/ex02/install/my_pkg/lib/python3.12/site-packages:${PYTHONPATH} /usr/bin/python3 -W ignore:setup.py install is deprecated setup.py egg_info --egg-base ../build/my_pkg build --build-base /home/antonadonin/Robotics/lab4/ex02/build/my_pkg/build install --record /home/antonadonin/Robotics/lab4/ex02/build/my_pkg/install.log --single-version-externally-managed install_data
[0.442s] running egg_info
[0.448s] writing ../build/my_pkg/my_pkg.egg-info/PKG-INFO
[0.448s] writing dependency_links to ../build/my_pkg/my_pkg.egg-info/dependency_links.txt
[0.448s] writing entry points to ../build/my_pkg/my_pkg.egg-info/entry_points.txt
[0.449s] writing requirements to ../build/my_pkg/my_pkg.egg-info/requires.txt
[0.449s] writing top-level names to ../build/my_pkg/my_pkg.egg-info/top_level.txt
[0.462s] reading manifest file '../build/my_pkg/my_pkg.egg-info/SOURCES.txt'
[0.462s] writing manifest file '../build/my_pkg/my_pkg.egg-info/SOURCES.txt'
[0.462s] running build
[0.462s] running build_py
[0.463s] running install
[0.465s] running install_lib
[0.473s] running install_data
[0.473s] creating /home/antonadonin/Robotics/lab4/ex02/install/my_pkg/share/my_pkg/config
[0.473s] copying config/carrot.rviz -> /home/antonadonin/Robotics/lab4/ex02/install/my_pkg/share/my_pkg/config
[0.473s] running install_egg_info
[0.480s] removing '/home/antonadonin/Robotics/lab4/ex02/install/my_pkg/lib/python3.12/site-packages/my_pkg-0.0.0-py3.12.egg-info' (and everything under it)
[0.480s] Copying ../build/my_pkg/my_pkg.egg-info to /home/antonadonin/Robotics/lab4/ex02/install/my_pkg/lib/python3.12/site-packages/my_pkg-0.0.0-py3.12.egg-info
[0.481s] running install_scripts
[0.538s] Installing carrot_tf2_broadcaster script to /home/antonadonin/Robotics/lab4/ex02/install/my_pkg/lib/my_pkg
[0.538s] Installing turtle1_tf2_broadcaster script to /home/antonadonin/Robotics/lab4/ex02/install/my_pkg/lib/my_pkg
[0.538s] Installing turtle2_tf2_broadcaster script to /home/antonadonin/Robotics/lab4/ex02/install/my_pkg/lib/my_pkg
[0.538s] Installing turtle2_tf2_listener script to /home/antonadonin/Robotics/lab4/ex02/install/my_pkg/lib/my_pkg
[0.538s] writing list of installed files to '/home/antonadonin/Robotics/lab4/ex02/build/my_pkg/install.log'
[0.550s] Invoked command in '/home/antonadonin/Robotics/lab4/ex02/my_pkg' returned '0': DEBUGINFOD_URLS=https://debuginfod.ubuntu.com PYTHONPATH=/home/antonadonin/Robotics/lab4/ex02/build/my_pkg/prefix_override:/usr/lib/python3/dist-packages/colcon_core/task/python/colcon_distutils_commands:/home/antonadonin/Robotics/lab4/ex02/install/my_pkg/lib/python3.12/site-packages:${PYTHONPATH} /usr/bin/python3 -W ignore:setup.py install is deprecated setup.py egg_info --egg-base ../build/my_pkg build --build-base /home/antonadonin/Robotics/lab4/ex02/build/my_pkg/build install --record /home/antonadonin/Robotics/lab4/ex02/build/my_pkg/install.log --single-version-externally-managed install_data
