/home/antonadonin/Robotics/lab4/ex03/install/timetravel/lib/python3.12/site-packages/timetravel/__init__.py
/home/antonadonin/Robotics/lab4/ex03/install/timetravel/lib/python3.12/site-packages/timetravel/turtle2_tf2_broadcaster.py
/home/antonadonin/Robotics/lab4/ex03/install/timetravel/lib/python3.12/site-packages/timetravel/turtle2_tf2_listener.py
/home/antonadonin/Robotics/lab4/ex03/install/timetravel/lib/python3.12/site-packages/timetravel/turtle1_tf2_broadcaster.py
/home/antonadonin/Robotics/lab4/ex03/install/timetravel/lib/python3.12/site-packages/timetravel/__pycache__/__init__.cpython-312.pyc
/home/antonadonin/Robotics/lab4/ex03/install/timetravel/lib/python3.12/site-packages/timetravel/__pycache__/turtle2_tf2_broadcaster.cpython-312.pyc
/home/antonadonin/Robotics/lab4/ex03/install/timetravel/lib/python3.12/site-packages/timetravel/__pycache__/turtle2_tf2_listener.cpython-312.pyc
/home/antonadonin/Robotics/lab4/ex03/install/timetravel/lib/python3.12/site-packages/timetravel/__pycache__/turtle1_tf2_broadcaster.cpython-312.pyc
/home/antonadonin/Robotics/lab4/ex03/install/timetravel/share/ament_index/resource_index/packages/timetravel
/home/antonadonin/Robotics/lab4/ex03/install/timetravel/share/timetravel/package.xml
/home/antonadonin/Robotics/lab4/ex03/install/timetravel/share/timetravel/launch/launch.py
/home/antonadonin/Robotics/lab4/ex03/install/timetravel/lib/python3.12/site-packages/timetravel-0.0.0-py3.12.egg-info/PKG-INFO
/home/antonadonin/Robotics/lab4/ex03/install/timetravel/lib/python3.12/site-packages/timetravel-0.0.0-py3.12.egg-info/zip-safe
/home/antonadonin/Robotics/lab4/ex03/install/timetravel/lib/python3.12/site-packages/timetravel-0.0.0-py3.12.egg-info/dependency_links.txt
/home/antonadonin/Robotics/lab4/ex03/install/timetravel/lib/python3.12/site-packages/timetravel-0.0.0-py3.12.egg-info/entry_points.txt
/home/antonadonin/Robotics/lab4/ex03/install/timetravel/lib/python3.12/site-packages/timetravel-0.0.0-py3.12.egg-info/requires.txt
/home/antonadonin/Robotics/lab4/ex03/install/timetravel/lib/python3.12/site-packages/timetravel-0.0.0-py3.12.egg-info/SOURCES.txt
/home/antonadonin/Robotics/lab4/ex03/install/timetravel/lib/python3.12/site-packages/timetravel-0.0.0-py3.12.egg-info/top_level.txt
/home/antonadonin/Robotics/lab4/ex03/install/timetravel/lib/timetravel/turtle1_tf2_broadcaster
/home/antonadonin/Robotics/lab4/ex03/install/timetravel/lib/timetravel/turtle2_tf2_broadcaster
/home/antonadonin/Robotics/lab4/ex03/install/timetravel/lib/timetravel/turtle2_tf2_listener
