[0.354s] Invoking command in '/home/antonadonin/Robotics/lab3/ex02/action_turtle_commands': AMENT_PREFIX_PATH=/home/antonadonin/Robotics/lab3/ex02/install/actions:${AMENT_PREFIX_PATH} CMAKE_PREFIX_PATH=/home/antonadonin/Robotics/lab3/ex02/install/actions:${CMAKE_PREFIX_PATH} DEBUGINFOD_URLS=https://debuginfod.ubuntu.com LD_LIBRARY_PATH=/home/antonadonin/Robotics/lab3/ex02/install/actions/lib:${LD_LIBRARY_PATH} PYTHONPATH=/home/antonadonin/Robotics/lab3/ex02/build/action_turtle_commands/prefix_override:/usr/lib/python3/dist-packages/colcon_core/task/python/colcon_distutils_commands:/home/antonadonin/Robotics/lab3/ex02/install/action_turtle_commands/lib/python3.12/site-packages:/home/antonadonin/Robotics/lab3/ex02/install/actions/lib/python3.12/site-packages:${PYTHONPATH} /usr/bin/python3 -W ignore:setup.py install is deprecated setup.py egg_info --egg-base ../build/action_turtle_commands build --build-base /home/antonadonin/Robotics/lab3/ex02/build/action_turtle_commands/build install --record /home/antonadonin/Robotics/lab3/ex02/build/action_turtle_commands/install.log --single-version-externally-managed install_data
[0.454s] running egg_info
[0.460s] writing ../build/action_turtle_commands/action_turtle_commands.egg-info/PKG-INFO
[0.460s] writing dependency_links to ../build/action_turtle_commands/action_turtle_commands.egg-info/dependency_links.txt
[0.461s] writing entry points to ../build/action_turtle_commands/action_turtle_commands.egg-info/entry_points.txt
[0.461s] writing requirements to ../build/action_turtle_commands/action_turtle_commands.egg-info/requires.txt
[0.461s] writing top-level names to ../build/action_turtle_commands/action_turtle_commands.egg-info/top_level.txt
[0.474s] reading manifest file '../build/action_turtle_commands/action_turtle_commands.egg-info/SOURCES.txt'
[0.474s] writing manifest file '../build/action_turtle_commands/action_turtle_commands.egg-info/SOURCES.txt'
[0.474s] running build
[0.474s] running build_py
[0.475s] copying action_turtle_commands/client.py -> /home/antonadonin/Robotics/lab3/ex02/build/action_turtle_commands/build/lib/action_turtle_commands
[0.475s] copying action_turtle_commands/server.py -> /home/antonadonin/Robotics/lab3/ex02/build/action_turtle_commands/build/lib/action_turtle_commands
[0.475s] running install
[0.477s] running install_lib
[0.484s] copying /home/antonadonin/Robotics/lab3/ex02/build/action_turtle_commands/build/lib/action_turtle_commands/client.py -> /home/antonadonin/Robotics/lab3/ex02/install/action_turtle_commands/lib/python3.12/site-packages/action_turtle_commands
[0.485s] copying /home/antonadonin/Robotics/lab3/ex02/build/action_turtle_commands/build/lib/action_turtle_commands/server.py -> /home/antonadonin/Robotics/lab3/ex02/install/action_turtle_commands/lib/python3.12/site-packages/action_turtle_commands
[0.485s] byte-compiling /home/antonadonin/Robotics/lab3/ex02/install/action_turtle_commands/lib/python3.12/site-packages/action_turtle_commands/client.py to client.cpython-312.pyc
[0.485s] byte-compiling /home/antonadonin/Robotics/lab3/ex02/install/action_turtle_commands/lib/python3.12/site-packages/action_turtle_commands/server.py to server.cpython-312.pyc
[0.486s] running install_data
[0.486s] running install_egg_info
[0.493s] removing '/home/antonadonin/Robotics/lab3/ex02/install/action_turtle_commands/lib/python3.12/site-packages/action_turtle_commands-0.0.0-py3.12.egg-info' (and everything under it)
[0.494s] Copying ../build/action_turtle_commands/action_turtle_commands.egg-info to /home/antonadonin/Robotics/lab3/ex02/install/action_turtle_commands/lib/python3.12/site-packages/action_turtle_commands-0.0.0-py3.12.egg-info
[0.494s] running install_scripts
[0.543s] Installing client script to /home/antonadonin/Robotics/lab3/ex02/install/action_turtle_commands/lib/action_turtle_commands
[0.543s] Installing server script to /home/antonadonin/Robotics/lab3/ex02/install/action_turtle_commands/lib/action_turtle_commands
[0.543s] writing list of installed files to '/home/antonadonin/Robotics/lab3/ex02/build/action_turtle_commands/install.log'
[0.556s] Invoked command in '/home/antonadonin/Robotics/lab3/ex02/action_turtle_commands' returned '0': AMENT_PREFIX_PATH=/home/antonadonin/Robotics/lab3/ex02/install/actions:${AMENT_PREFIX_PATH} CMAKE_PREFIX_PATH=/home/antonadonin/Robotics/lab3/ex02/install/actions:${CMAKE_PREFIX_PATH} DEBUGINFOD_URLS=https://debuginfod.ubuntu.com LD_LIBRARY_PATH=/home/antonadonin/Robotics/lab3/ex02/install/actions/lib:${LD_LIBRARY_PATH} PYTHONPATH=/home/antonadonin/Robotics/lab3/ex02/build/action_turtle_commands/prefix_override:/usr/lib/python3/dist-packages/colcon_core/task/python/colcon_distutils_commands:/home/antonadonin/Robotics/lab3/ex02/install/action_turtle_commands/lib/python3.12/site-packages:/home/antonadonin/Robotics/lab3/ex02/install/actions/lib/python3.12/site-packages:${PYTHONPATH} /usr/bin/python3 -W ignore:setup.py install is deprecated setup.py egg_info --egg-base ../build/action_turtle_commands build --build-base /home/antonadonin/Robotics/lab3/ex02/build/action_turtle_commands/build install --record /home/antonadonin/Robotics/lab3/ex02/build/action_turtle_commands/install.log --single-version-externally-managed install_data
