[0.047s] DEBUG:colcon:Command line arguments: ['/usr/bin/colcon', 'build']
[0.047s] DEBUG:colcon:Parsed command line arguments: Namespace(log_base=None, log_level=None, verb_name='build', build_base='build', install_base='install', merge_install=False, symlink_install=False, test_result_base=None, continue_on_error=False, executor='parallel', parallel_workers=8, event_handlers=None, ignore_user_meta=False, metas=['./colcon.meta'], base_paths=['.'], packages_ignore=None, packages_ignore_regex=None, paths=None, packages_up_to=None, packages_up_to_regex=None, packages_above=None, packages_above_and_dependencies=None, packages_above_depth=None, packages_select_by_dep=None, packages_skip_by_dep=None, packages_skip_up_to=None, packages_select_build_failed=False, packages_skip_build_finished=False, packages_select_test_failures=False, packages_skip_test_passed=False, packages_select=None, packages_skip=None, packages_select_regex=None, packages_skip_regex=None, packages_start=None, packages_end=None, allow_overriding=[], cmake_args=None, cmake_target=None, cmake_target_skip_unavailable=False, cmake_clean_cache=False, cmake_clean_first=False, cmake_force_configure=False, ament_cmake_args=None, catkin_cmake_args=None, catkin_skip_building_tests=False, mixin_files=None, mixin=None, verb_parser=<colcon_mixin.mixin.mixin_argument.MixinArgumentDecorator object at 0xffff84d7a9f0>, verb_extension=<colcon_core.verb.build.BuildVerb object at 0xffff84d7a870>, main=<bound method BuildVerb.main of <colcon_core.verb.build.BuildVerb object at 0xffff84d7a870>>, mixin_verb=('build',))
[0.062s] Level 1:colcon.colcon_core.package_discovery:discover_packages(colcon_meta) check parameters
[0.063s] Level 1:colcon.colcon_core.package_discovery:discover_packages(recursive) check parameters
[0.063s] Level 1:colcon.colcon_core.package_discovery:discover_packages(ignore) check parameters
[0.063s] Level 1:colcon.colcon_core.package_discovery:discover_packages(path) check parameters
[0.063s] Level 1:colcon.colcon_core.package_discovery:discover_packages(colcon_meta) discover
[0.063s] Level 1:colcon.colcon_core.package_discovery:discover_packages(recursive) discover
[0.063s] INFO:colcon.colcon_core.package_discovery:Crawling recursively for packages in '/home/antonadonin/Robotics/lab3/ex02'
[0.063s] Level 1:colcon.colcon_core.package_identification:_identify(.) by extensions ['ignore', 'ignore_ament_install']
[0.063s] Level 1:colcon.colcon_core.package_identification:_identify(.) by extension 'ignore'
[0.063s] Level 1:colcon.colcon_core.package_identification:_identify(.) by extension 'ignore_ament_install'
[0.063s] Level 1:colcon.colcon_core.package_identification:_identify(.) by extensions ['colcon_pkg']
[0.063s] Level 1:colcon.colcon_core.package_identification:_identify(.) by extension 'colcon_pkg'
[0.063s] Level 1:colcon.colcon_core.package_identification:_identify(.) by extensions ['colcon_meta']
[0.063s] Level 1:colcon.colcon_core.package_identification:_identify(.) by extension 'colcon_meta'
[0.063s] Level 1:colcon.colcon_core.package_identification:_identify(.) by extensions ['ros']
[0.063s] Level 1:colcon.colcon_core.package_identification:_identify(.) by extension 'ros'
[0.074s] Level 1:colcon.colcon_core.package_identification:_identify(.) by extensions ['cmake', 'python']
[0.074s] Level 1:colcon.colcon_core.package_identification:_identify(.) by extension 'cmake'
[0.074s] Level 1:colcon.colcon_core.package_identification:_identify(.) by extension 'python'
[0.074s] Level 1:colcon.colcon_core.package_identification:_identify(.) by extensions ['python_setup_py']
[0.074s] Level 1:colcon.colcon_core.package_identification:_identify(.) by extension 'python_setup_py'
[0.074s] Level 1:colcon.colcon_core.package_identification:_identify(action_turtle_commands) by extensions ['ignore', 'ignore_ament_install']
[0.074s] Level 1:colcon.colcon_core.package_identification:_identify(action_turtle_commands) by extension 'ignore'
[0.074s] Level 1:colcon.colcon_core.package_identification:_identify(action_turtle_commands) by extension 'ignore_ament_install'
[0.074s] Level 1:colcon.colcon_core.package_identification:_identify(action_turtle_commands) by extensions ['colcon_pkg']
[0.074s] Level 1:colcon.colcon_core.package_identification:_identify(action_turtle_commands) by extension 'colcon_pkg'
[0.074s] Level 1:colcon.colcon_core.package_identification:_identify(action_turtle_commands) by extensions ['colcon_meta']
[0.074s] Level 1:colcon.colcon_core.package_identification:_identify(action_turtle_commands) by extension 'colcon_meta'
[0.074s] Level 1:colcon.colcon_core.package_identification:_identify(action_turtle_commands) by extensions ['ros']
[0.074s] Level 1:colcon.colcon_core.package_identification:_identify(action_turtle_commands) by extension 'ros'
[0.075s] DEBUG:colcon.colcon_core.package_identification:Package 'action_turtle_commands' with type 'ros.ament_python' and name 'action_turtle_commands'
[0.075s] Level 1:colcon.colcon_core.package_identification:_identify(actions) by extensions ['ignore', 'ignore_ament_install']
[0.075s] Level 1:colcon.colcon_core.package_identification:_identify(actions) by extension 'ignore'
[0.075s] Level 1:colcon.colcon_core.package_identification:_identify(actions) by extension 'ignore_ament_install'
[0.075s] Level 1:colcon.colcon_core.package_identification:_identify(actions) by extensions ['colcon_pkg']
[0.075s] Level 1:colcon.colcon_core.package_identification:_identify(actions) by extension 'colcon_pkg'
[0.075s] Level 1:colcon.colcon_core.package_identification:_identify(actions) by extensions ['colcon_meta']
[0.075s] Level 1:colcon.colcon_core.package_identification:_identify(actions) by extension 'colcon_meta'
[0.075s] Level 1:colcon.colcon_core.package_identification:_identify(actions) by extensions ['ros']
[0.075s] Level 1:colcon.colcon_core.package_identification:_identify(actions) by extension 'ros'
[0.076s] DEBUG:colcon.colcon_core.package_identification:Package 'actions' with type 'ros.ament_cmake' and name 'actions'
[0.076s] Level 1:colcon.colcon_core.package_identification:_identify(build) by extensions ['ignore', 'ignore_ament_install']
[0.076s] Level 1:colcon.colcon_core.package_identification:_identify(build) by extension 'ignore'
[0.076s] Level 1:colcon.colcon_core.package_identification:_identify(build) ignored
[0.076s] Level 1:colcon.colcon_core.package_identification:_identify(install) by extensions ['ignore', 'ignore_ament_install']
[0.076s] Level 1:colcon.colcon_core.package_identification:_identify(install) by extension 'ignore'
[0.076s] Level 1:colcon.colcon_core.package_identification:_identify(install) ignored
[0.076s] Level 1:colcon.colcon_core.package_identification:_identify(log) by extensions ['ignore', 'ignore_ament_install']
[0.076s] Level 1:colcon.colcon_core.package_identification:_identify(log) by extension 'ignore'
[0.076s] Level 1:colcon.colcon_core.package_identification:_identify(log) ignored
[0.076s] Level 1:colcon.colcon_core.package_discovery:discover_packages(recursive) using defaults
[0.076s] Level 1:colcon.colcon_core.package_discovery:discover_packages(ignore) discover
[0.076s] Level 1:colcon.colcon_core.package_discovery:discover_packages(ignore) using defaults
[0.076s] Level 1:colcon.colcon_core.package_discovery:discover_packages(path) discover
[0.076s] Level 1:colcon.colcon_core.package_discovery:discover_packages(path) using defaults
[0.084s] Level 1:colcon.colcon_core.package_discovery:discover_packages(prefix_path) check parameters
[0.084s] Level 1:colcon.colcon_core.package_discovery:discover_packages(prefix_path) discover
[0.084s] DEBUG:colcon.colcon_installed_package_information.package_discovery:Found 2 installed packages in /home/antonadonin/Robotics/lab3/ex01/install
[0.085s] DEBUG:colcon.colcon_installed_package_information.package_discovery:Found 285 installed packages in /opt/ros/jazzy
[0.085s] Level 1:colcon.colcon_core.package_discovery:discover_packages(prefix_path) using defaults
[0.126s] Level 5:colcon.colcon_core.verb:set package 'actions' build argument 'cmake_args' from command line to 'None'
[0.126s] Level 5:colcon.colcon_core.verb:set package 'actions' build argument 'cmake_target' from command line to 'None'
[0.126s] Level 5:colcon.colcon_core.verb:set package 'actions' build argument 'cmake_target_skip_unavailable' from command line to 'False'
[0.126s] Level 5:colcon.colcon_core.verb:set package 'actions' build argument 'cmake_clean_cache' from command line to 'False'
[0.126s] Level 5:colcon.colcon_core.verb:set package 'actions' build argument 'cmake_clean_first' from command line to 'False'
[0.126s] Level 5:colcon.colcon_core.verb:set package 'actions' build argument 'cmake_force_configure' from command line to 'False'
[0.126s] Level 5:colcon.colcon_core.verb:set package 'actions' build argument 'ament_cmake_args' from command line to 'None'
[0.126s] Level 5:colcon.colcon_core.verb:set package 'actions' build argument 'catkin_cmake_args' from command line to 'None'
[0.126s] Level 5:colcon.colcon_core.verb:set package 'actions' build argument 'catkin_skip_building_tests' from command line to 'False'
[0.126s] DEBUG:colcon.colcon_core.verb:Building package 'actions' with the following arguments: {'ament_cmake_args': None, 'build_base': '/home/antonadonin/Robotics/lab3/ex02/build/actions', 'catkin_cmake_args': None, 'catkin_skip_building_tests': False, 'cmake_args': None, 'cmake_clean_cache': False, 'cmake_clean_first': False, 'cmake_force_configure': False, 'cmake_target': None, 'cmake_target_skip_unavailable': False, 'install_base': '/home/antonadonin/Robotics/lab3/ex02/install/actions', 'merge_install': False, 'path': '/home/antonadonin/Robotics/lab3/ex02/actions', 'symlink_install': False, 'test_result_base': None}
[0.126s] Level 5:colcon.colcon_core.verb:set package 'action_turtle_commands' build argument 'cmake_args' from command line to 'None'
[0.126s] Level 5:colcon.colcon_core.verb:set package 'action_turtle_commands' build argument 'cmake_target' from command line to 'None'
[0.126s] Level 5:colcon.colcon_core.verb:set package 'action_turtle_commands' build argument 'cmake_target_skip_unavailable' from command line to 'False'
[0.126s] Level 5:colcon.colcon_core.verb:set package 'action_turtle_commands' build argument 'cmake_clean_cache' from command line to 'False'
[0.126s] Level 5:colcon.colcon_core.verb:set package 'action_turtle_commands' build argument 'cmake_clean_first' from command line to 'False'
[0.126s] Level 5:colcon.colcon_core.verb:set package 'action_turtle_commands' build argument 'cmake_force_configure' from command line to 'False'
[0.126s] Level 5:colcon.colcon_core.verb:set package 'action_turtle_commands' build argument 'ament_cmake_args' from command line to 'None'
[0.126s] Level 5:colcon.colcon_core.verb:set package 'action_turtle_commands' build argument 'catkin_cmake_args' from command line to 'None'
[0.126s] Level 5:colcon.colcon_core.verb:set package 'action_turtle_commands' build argument 'catkin_skip_building_tests' from command line to 'False'
[0.126s] DEBUG:colcon.colcon_core.verb:Building package 'action_turtle_commands' with the following arguments: {'ament_cmake_args': None, 'build_base': '/home/antonadonin/Robotics/lab3/ex02/build/action_turtle_commands', 'catkin_cmake_args': None, 'catkin_skip_building_tests': False, 'cmake_args': None, 'cmake_clean_cache': False, 'cmake_clean_first': False, 'cmake_force_configure': False, 'cmake_target': None, 'cmake_target_skip_unavailable': False, 'install_base': '/home/antonadonin/Robotics/lab3/ex02/install/action_turtle_commands', 'merge_install': False, 'path': '/home/antonadonin/Robotics/lab3/ex02/action_turtle_commands', 'symlink_install': False, 'test_result_base': None}
[0.126s] INFO:colcon.colcon_core.executor:Executing jobs using 'parallel' executor
[0.127s] DEBUG:colcon.colcon_parallel_executor.executor.parallel:run_until_complete
[0.127s] INFO:colcon.colcon_ros.task.ament_cmake.build:Building ROS package in '/home/antonadonin/Robotics/lab3/ex02/actions' with build type 'ament_cmake'
[0.127s] INFO:colcon.colcon_cmake.task.cmake.build:Building CMake package in '/home/antonadonin/Robotics/lab3/ex02/actions'
[0.128s] INFO:colcon.colcon_core.plugin_system:Skipping extension 'colcon_core.shell.bat': Not used on non-Windows systems
[0.128s] INFO:colcon.colcon_core.shell:Skip shell extension 'powershell' for command environment: Not usable outside of PowerShell
[0.128s] DEBUG:colcon.colcon_core.shell:Skip shell extension 'dsv' for command environment
[0.134s] DEBUG:colcon.colcon_core.event_handler.log_command:Invoking command in '/home/antonadonin/Robotics/lab3/ex02/build/actions': CMAKE_PREFIX_PATH=${CMAKE_PREFIX_PATH}:/home/antonadonin/Robotics/lab3/ex01/install/service:/opt/ros/jazzy DEBUGINFOD_URLS=https://debuginfod.ubuntu.com /usr/bin/cmake --build /home/antonadonin/Robotics/lab3/ex02/build/actions -- -j8 -l8
[0.329s] DEBUG:colcon.colcon_core.event_handler.log_command:Invoked command in '/home/antonadonin/Robotics/lab3/ex02/build/actions' returned '0': CMAKE_PREFIX_PATH=${CMAKE_PREFIX_PATH}:/home/antonadonin/Robotics/lab3/ex01/install/service:/opt/ros/jazzy DEBUGINFOD_URLS=https://debuginfod.ubuntu.com /usr/bin/cmake --build /home/antonadonin/Robotics/lab3/ex02/build/actions -- -j8 -l8
[0.368s] DEBUG:colcon.colcon_core.event_handler.log_command:Invoking command in '/home/antonadonin/Robotics/lab3/ex02/build/actions': CMAKE_PREFIX_PATH=${CMAKE_PREFIX_PATH}:/home/antonadonin/Robotics/lab3/ex01/install/service:/opt/ros/jazzy DEBUGINFOD_URLS=https://debuginfod.ubuntu.com /usr/bin/cmake --install /home/antonadonin/Robotics/lab3/ex02/build/actions
[0.403s] Level 1:colcon.colcon_core.environment:create_environment_scripts_only(actions)
[0.403s] DEBUG:colcon.colcon_core.event_handler.log_command:Invoked command in '/home/antonadonin/Robotics/lab3/ex02/build/actions' returned '0': CMAKE_PREFIX_PATH=${CMAKE_PREFIX_PATH}:/home/antonadonin/Robotics/lab3/ex01/install/service:/opt/ros/jazzy DEBUGINFOD_URLS=https://debuginfod.ubuntu.com /usr/bin/cmake --install /home/antonadonin/Robotics/lab3/ex02/build/actions
[0.406s] Level 1:colcon.colcon_core.environment:checking '/home/antonadonin/Robotics/lab3/ex02/install/actions' for CMake module files
[0.407s] Level 1:colcon.colcon_core.environment:checking '/home/antonadonin/Robotics/lab3/ex02/install/actions' for CMake config files
[0.408s] Level 1:colcon.colcon_core.shell:create_environment_hook('actions', 'cmake_prefix_path')
[0.408s] INFO:colcon.colcon_core.shell:Creating environment hook '/home/antonadonin/Robotics/lab3/ex02/install/actions/share/actions/hook/cmake_prefix_path.ps1'
[0.408s] INFO:colcon.colcon_core.shell:Creating environment descriptor '/home/antonadonin/Robotics/lab3/ex02/install/actions/share/actions/hook/cmake_prefix_path.dsv'
[0.409s] INFO:colcon.colcon_core.shell:Creating environment hook '/home/antonadonin/Robotics/lab3/ex02/install/actions/share/actions/hook/cmake_prefix_path.sh'
[0.409s] Level 1:colcon.colcon_core.environment:checking '/home/antonadonin/Robotics/lab3/ex02/install/actions/lib'
[0.410s] Level 1:colcon.colcon_core.shell:create_environment_hook('actions', 'ld_library_path_lib')
[0.410s] INFO:colcon.colcon_core.shell:Creating environment hook '/home/antonadonin/Robotics/lab3/ex02/install/actions/share/actions/hook/ld_library_path_lib.ps1'
[0.410s] INFO:colcon.colcon_core.shell:Creating environment descriptor '/home/antonadonin/Robotics/lab3/ex02/install/actions/share/actions/hook/ld_library_path_lib.dsv'
[0.410s] INFO:colcon.colcon_core.shell:Creating environment hook '/home/antonadonin/Robotics/lab3/ex02/install/actions/share/actions/hook/ld_library_path_lib.sh'
[0.410s] Level 1:colcon.colcon_core.environment:checking '/home/antonadonin/Robotics/lab3/ex02/install/actions/bin'
[0.410s] Level 1:colcon.colcon_core.environment:checking '/home/antonadonin/Robotics/lab3/ex02/install/actions/lib/pkgconfig/actions.pc'
[0.411s] Level 1:colcon.colcon_core.environment:checking '/home/antonadonin/Robotics/lab3/ex02/install/actions/lib/python3.12/site-packages'
[0.411s] Level 1:colcon.colcon_core.shell:create_environment_hook('actions', 'pythonpath')
[0.411s] INFO:colcon.colcon_core.shell:Creating environment hook '/home/antonadonin/Robotics/lab3/ex02/install/actions/share/actions/hook/pythonpath.ps1'
[0.411s] INFO:colcon.colcon_core.shell:Creating environment descriptor '/home/antonadonin/Robotics/lab3/ex02/install/actions/share/actions/hook/pythonpath.dsv'
[0.411s] INFO:colcon.colcon_core.shell:Creating environment hook '/home/antonadonin/Robotics/lab3/ex02/install/actions/share/actions/hook/pythonpath.sh'
[0.412s] Level 1:colcon.colcon_core.environment:checking '/home/antonadonin/Robotics/lab3/ex02/install/actions/bin'
[0.412s] INFO:colcon.colcon_core.shell:Creating package script '/home/antonadonin/Robotics/lab3/ex02/install/actions/share/actions/package.ps1'
[0.413s] INFO:colcon.colcon_core.shell:Creating package descriptor '/home/antonadonin/Robotics/lab3/ex02/install/actions/share/actions/package.dsv'
[0.413s] INFO:colcon.colcon_core.shell:Creating package script '/home/antonadonin/Robotics/lab3/ex02/install/actions/share/actions/package.sh'
[0.414s] INFO:colcon.colcon_core.shell:Creating package script '/home/antonadonin/Robotics/lab3/ex02/install/actions/share/actions/package.bash'
[0.414s] INFO:colcon.colcon_core.shell:Creating package script '/home/antonadonin/Robotics/lab3/ex02/install/actions/share/actions/package.zsh'
[0.415s] Level 1:colcon.colcon_core.environment:create_file_with_runtime_dependencies(/home/antonadonin/Robotics/lab3/ex02/install/actions/share/colcon-core/packages/actions)
[0.448s] Level 1:colcon.colcon_core.environment:create_environment_scripts_only(actions)
[0.448s] Level 1:colcon.colcon_core.environment:checking '/home/antonadonin/Robotics/lab3/ex02/install/actions' for CMake module files
[0.449s] Level 1:colcon.colcon_core.environment:checking '/home/antonadonin/Robotics/lab3/ex02/install/actions' for CMake config files
[0.449s] Level 1:colcon.colcon_core.shell:create_environment_hook('actions', 'cmake_prefix_path')
[0.449s] INFO:colcon.colcon_core.shell:Creating environment hook '/home/antonadonin/Robotics/lab3/ex02/install/actions/share/actions/hook/cmake_prefix_path.ps1'
[0.449s] INFO:colcon.colcon_core.shell:Creating environment descriptor '/home/antonadonin/Robotics/lab3/ex02/install/actions/share/actions/hook/cmake_prefix_path.dsv'
[0.449s] INFO:colcon.colcon_core.shell:Creating environment hook '/home/antonadonin/Robotics/lab3/ex02/install/actions/share/actions/hook/cmake_prefix_path.sh'
[0.450s] Level 1:colcon.colcon_core.environment:checking '/home/antonadonin/Robotics/lab3/ex02/install/actions/lib'
[0.450s] Level 1:colcon.colcon_core.shell:create_environment_hook('actions', 'ld_library_path_lib')
[0.450s] INFO:colcon.colcon_core.shell:Creating environment hook '/home/antonadonin/Robotics/lab3/ex02/install/actions/share/actions/hook/ld_library_path_lib.ps1'
[0.450s] INFO:colcon.colcon_core.shell:Creating environment descriptor '/home/antonadonin/Robotics/lab3/ex02/install/actions/share/actions/hook/ld_library_path_lib.dsv'
[0.450s] INFO:colcon.colcon_core.shell:Creating environment hook '/home/antonadonin/Robotics/lab3/ex02/install/actions/share/actions/hook/ld_library_path_lib.sh'
[0.450s] Level 1:colcon.colcon_core.environment:checking '/home/antonadonin/Robotics/lab3/ex02/install/actions/bin'
[0.450s] Level 1:colcon.colcon_core.environment:checking '/home/antonadonin/Robotics/lab3/ex02/install/actions/lib/pkgconfig/actions.pc'
[0.450s] Level 1:colcon.colcon_core.environment:checking '/home/antonadonin/Robotics/lab3/ex02/install/actions/lib/python3.12/site-packages'
[0.450s] Level 1:colcon.colcon_core.shell:create_environment_hook('actions', 'pythonpath')
[0.450s] INFO:colcon.colcon_core.shell:Creating environment hook '/home/antonadonin/Robotics/lab3/ex02/install/actions/share/actions/hook/pythonpath.ps1'
[0.450s] INFO:colcon.colcon_core.shell:Creating environment descriptor '/home/antonadonin/Robotics/lab3/ex02/install/actions/share/actions/hook/pythonpath.dsv'
[0.451s] INFO:colcon.colcon_core.shell:Creating environment hook '/home/antonadonin/Robotics/lab3/ex02/install/actions/share/actions/hook/pythonpath.sh'
[0.451s] Level 1:colcon.colcon_core.environment:checking '/home/antonadonin/Robotics/lab3/ex02/install/actions/bin'
[0.451s] INFO:colcon.colcon_core.shell:Creating package script '/home/antonadonin/Robotics/lab3/ex02/install/actions/share/actions/package.ps1'
[0.451s] INFO:colcon.colcon_core.shell:Creating package descriptor '/home/antonadonin/Robotics/lab3/ex02/install/actions/share/actions/package.dsv'
[0.451s] INFO:colcon.colcon_core.shell:Creating package script '/home/antonadonin/Robotics/lab3/ex02/install/actions/share/actions/package.sh'
[0.451s] INFO:colcon.colcon_core.shell:Creating package script '/home/antonadonin/Robotics/lab3/ex02/install/actions/share/actions/package.bash'
[0.451s] INFO:colcon.colcon_core.shell:Creating package script '/home/antonadonin/Robotics/lab3/ex02/install/actions/share/actions/package.zsh'
[0.452s] Level 1:colcon.colcon_core.environment:create_file_with_runtime_dependencies(/home/antonadonin/Robotics/lab3/ex02/install/actions/share/colcon-core/packages/actions)
[0.452s] INFO:colcon.colcon_ros.task.ament_python.build:Building ROS package in '/home/antonadonin/Robotics/lab3/ex02/action_turtle_commands' with build type 'ament_python'
[0.452s] Level 1:colcon.colcon_core.shell:create_environment_hook('action_turtle_commands', 'ament_prefix_path')
[0.452s] INFO:colcon.colcon_core.shell:Creating environment hook '/home/antonadonin/Robotics/lab3/ex02/install/action_turtle_commands/share/action_turtle_commands/hook/ament_prefix_path.ps1'
[0.452s] INFO:colcon.colcon_core.shell:Creating environment descriptor '/home/antonadonin/Robotics/lab3/ex02/install/action_turtle_commands/share/action_turtle_commands/hook/ament_prefix_path.dsv'
[0.453s] INFO:colcon.colcon_core.shell:Creating environment hook '/home/antonadonin/Robotics/lab3/ex02/install/action_turtle_commands/share/action_turtle_commands/hook/ament_prefix_path.sh'
[0.453s] INFO:colcon.colcon_core.shell:Skip shell extension 'powershell' for command environment: Not usable outside of PowerShell
[0.453s] DEBUG:colcon.colcon_core.shell:Skip shell extension 'dsv' for command environment
[0.565s] INFO:colcon.colcon_core.task.python.build:Building Python package in '/home/antonadonin/Robotics/lab3/ex02/action_turtle_commands'
[0.566s] INFO:colcon.colcon_core.shell:Skip shell extension 'powershell' for command environment: Not usable outside of PowerShell
[0.566s] DEBUG:colcon.colcon_core.shell:Skip shell extension 'dsv' for command environment
[0.808s] DEBUG:colcon.colcon_core.event_handler.log_command:Invoking command in '/home/antonadonin/Robotics/lab3/ex02/action_turtle_commands': AMENT_PREFIX_PATH=/home/antonadonin/Robotics/lab3/ex02/install/actions:${AMENT_PREFIX_PATH} CMAKE_PREFIX_PATH=/home/antonadonin/Robotics/lab3/ex02/install/actions:${CMAKE_PREFIX_PATH} DEBUGINFOD_URLS=https://debuginfod.ubuntu.com LD_LIBRARY_PATH=/home/antonadonin/Robotics/lab3/ex02/install/actions/lib:${LD_LIBRARY_PATH} PYTHONPATH=/home/antonadonin/Robotics/lab3/ex02/build/action_turtle_commands/prefix_override:/usr/lib/python3/dist-packages/colcon_core/task/python/colcon_distutils_commands:/home/antonadonin/Robotics/lab3/ex02/install/action_turtle_commands/lib/python3.12/site-packages:/home/antonadonin/Robotics/lab3/ex02/install/actions/lib/python3.12/site-packages:${PYTHONPATH} /usr/bin/python3 -W ignore:setup.py install is deprecated setup.py egg_info --egg-base ../build/action_turtle_commands build --build-base /home/antonadonin/Robotics/lab3/ex02/build/action_turtle_commands/build install --record /home/antonadonin/Robotics/lab3/ex02/build/action_turtle_commands/install.log --single-version-externally-managed install_data
[1.009s] Level 1:colcon.colcon_core.environment:checking '/home/antonadonin/Robotics/lab3/ex02/install/action_turtle_commands' for CMake module files
[1.010s] DEBUG:colcon.colcon_core.event_handler.log_command:Invoked command in '/home/antonadonin/Robotics/lab3/ex02/action_turtle_commands' returned '0': AMENT_PREFIX_PATH=/home/antonadonin/Robotics/lab3/ex02/install/actions:${AMENT_PREFIX_PATH} CMAKE_PREFIX_PATH=/home/antonadonin/Robotics/lab3/ex02/install/actions:${CMAKE_PREFIX_PATH} DEBUGINFOD_URLS=https://debuginfod.ubuntu.com LD_LIBRARY_PATH=/home/antonadonin/Robotics/lab3/ex02/install/actions/lib:${LD_LIBRARY_PATH} PYTHONPATH=/home/antonadonin/Robotics/lab3/ex02/build/action_turtle_commands/prefix_override:/usr/lib/python3/dist-packages/colcon_core/task/python/colcon_distutils_commands:/home/antonadonin/Robotics/lab3/ex02/install/action_turtle_commands/lib/python3.12/site-packages:/home/antonadonin/Robotics/lab3/ex02/install/actions/lib/python3.12/site-packages:${PYTHONPATH} /usr/bin/python3 -W ignore:setup.py install is deprecated setup.py egg_info --egg-base ../build/action_turtle_commands build --build-base /home/antonadonin/Robotics/lab3/ex02/build/action_turtle_commands/build install --record /home/antonadonin/Robotics/lab3/ex02/build/action_turtle_commands/install.log --single-version-externally-managed install_data
[1.010s] Level 1:colcon.colcon_core.environment:checking '/home/antonadonin/Robotics/lab3/ex02/install/action_turtle_commands' for CMake config files
[1.010s] Level 1:colcon.colcon_core.environment:checking '/home/antonadonin/Robotics/lab3/ex02/install/action_turtle_commands/lib'
[1.010s] Level 1:colcon.colcon_core.environment:checking '/home/antonadonin/Robotics/lab3/ex02/install/action_turtle_commands/bin'
[1.010s] Level 1:colcon.colcon_core.environment:checking '/home/antonadonin/Robotics/lab3/ex02/install/action_turtle_commands/lib/pkgconfig/action_turtle_commands.pc'
[1.010s] Level 1:colcon.colcon_core.environment:checking '/home/antonadonin/Robotics/lab3/ex02/install/action_turtle_commands/lib/python3.12/site-packages'
[1.010s] Level 1:colcon.colcon_core.shell:create_environment_hook('action_turtle_commands', 'pythonpath')
[1.010s] INFO:colcon.colcon_core.shell:Creating environment hook '/home/antonadonin/Robotics/lab3/ex02/install/action_turtle_commands/share/action_turtle_commands/hook/pythonpath.ps1'
[1.011s] INFO:colcon.colcon_core.shell:Creating environment descriptor '/home/antonadonin/Robotics/lab3/ex02/install/action_turtle_commands/share/action_turtle_commands/hook/pythonpath.dsv'
[1.011s] INFO:colcon.colcon_core.shell:Creating environment hook '/home/antonadonin/Robotics/lab3/ex02/install/action_turtle_commands/share/action_turtle_commands/hook/pythonpath.sh'
[1.011s] Level 1:colcon.colcon_core.environment:checking '/home/antonadonin/Robotics/lab3/ex02/install/action_turtle_commands/bin'
[1.011s] Level 1:colcon.colcon_core.environment:create_environment_scripts_only(action_turtle_commands)
[1.011s] INFO:colcon.colcon_core.shell:Creating package script '/home/antonadonin/Robotics/lab3/ex02/install/action_turtle_commands/share/action_turtle_commands/package.ps1'
[1.012s] INFO:colcon.colcon_core.shell:Creating package descriptor '/home/antonadonin/Robotics/lab3/ex02/install/action_turtle_commands/share/action_turtle_commands/package.dsv'
[1.012s] INFO:colcon.colcon_core.shell:Creating package script '/home/antonadonin/Robotics/lab3/ex02/install/action_turtle_commands/share/action_turtle_commands/package.sh'
[1.012s] INFO:colcon.colcon_core.shell:Creating package script '/home/antonadonin/Robotics/lab3/ex02/install/action_turtle_commands/share/action_turtle_commands/package.bash'
[1.012s] INFO:colcon.colcon_core.shell:Creating package script '/home/antonadonin/Robotics/lab3/ex02/install/action_turtle_commands/share/action_turtle_commands/package.zsh'
[1.012s] Level 1:colcon.colcon_core.environment:create_file_with_runtime_dependencies(/home/antonadonin/Robotics/lab3/ex02/install/action_turtle_commands/share/colcon-core/packages/action_turtle_commands)
[1.012s] DEBUG:colcon.colcon_parallel_executor.executor.parallel:closing loop
[1.013s] DEBUG:colcon.colcon_parallel_executor.executor.parallel:loop closed
[1.013s] DEBUG:colcon.colcon_parallel_executor.executor.parallel:run_until_complete finished with '0'
[1.013s] DEBUG:colcon.colcon_core.event_reactor:joining thread
[1.015s] INFO:colcon.colcon_core.plugin_system:Skipping extension 'colcon_notification.desktop_notification.terminal_notifier': Not used on non-Darwin systems
[1.015s] INFO:colcon.colcon_core.plugin_system:Skipping extension 'colcon_notification.desktop_notification.win32': Not used on non-Windows systems
[1.015s] INFO:colcon.colcon_notification.desktop_notification:Sending desktop notification using 'notify2'
[1.026s] DEBUG:colcon.colcon_core.event_reactor:joined thread
[1.026s] INFO:colcon.colcon_core.shell:Creating prefix script '/home/antonadonin/Robotics/lab3/ex02/install/local_setup.ps1'
[1.026s] INFO:colcon.colcon_core.shell:Creating prefix util module '/home/antonadonin/Robotics/lab3/ex02/install/_local_setup_util_ps1.py'
[1.027s] INFO:colcon.colcon_core.shell:Creating prefix chain script '/home/antonadonin/Robotics/lab3/ex02/install/setup.ps1'
[1.027s] INFO:colcon.colcon_core.shell:Creating prefix script '/home/antonadonin/Robotics/lab3/ex02/install/local_setup.sh'
[1.027s] INFO:colcon.colcon_core.shell:Creating prefix util module '/home/antonadonin/Robotics/lab3/ex02/install/_local_setup_util_sh.py'
[1.027s] INFO:colcon.colcon_core.shell:Creating prefix chain script '/home/antonadonin/Robotics/lab3/ex02/install/setup.sh'
[1.028s] INFO:colcon.colcon_core.shell:Creating prefix script '/home/antonadonin/Robotics/lab3/ex02/install/local_setup.bash'
[1.028s] INFO:colcon.colcon_core.shell:Creating prefix chain script '/home/antonadonin/Robotics/lab3/ex02/install/setup.bash'
[1.028s] INFO:colcon.colcon_core.shell:Creating prefix script '/home/antonadonin/Robotics/lab3/ex02/install/local_setup.zsh'
[1.029s] INFO:colcon.colcon_core.shell:Creating prefix chain script '/home/antonadonin/Robotics/lab3/ex02/install/setup.zsh'
