[0.347s] Invoking command in '/home/antonadonin/Robotics/lab4/ex02/my_pkg': DEBUGINFOD_URLS=https://debuginfod.ubuntu.com PYTHONPATH=/home/antonadonin/Robotics/lab4/ex02/build/my_pkg/prefix_override:/usr/lib/python3/dist-packages/colcon_core/task/python/colcon_distutils_commands:/home/antonadonin/Robotics/lab4/ex02/install/my_pkg/lib/python3.12/site-packages:${PYTHONPATH} /usr/bin/python3 -W ignore:setup.py install is deprecated setup.py egg_info --egg-base ../build/my_pkg build --build-base /home/antonadonin/Robotics/lab4/ex02/build/my_pkg/build install --record /home/antonadonin/Robotics/lab4/ex02/build/my_pkg/install.log --single-version-externally-managed install_data
[0.465s] running egg_info
[0.472s] writing ../build/my_pkg/my_pkg.egg-info/PKG-INFO
[0.472s] writing dependency_links to ../build/my_pkg/my_pkg.egg-info/dependency_links.txt
[0.472s] writing requirements to ../build/my_pkg/my_pkg.egg-info/requires.txt
[0.472s] writing top-level names to ../build/my_pkg/my_pkg.egg-info/top_level.txt
[0.486s] reading manifest file '../build/my_pkg/my_pkg.egg-info/SOURCES.txt'
[0.486s] writing manifest file '../build/my_pkg/my_pkg.egg-info/SOURCES.txt'
[0.486s] running build
[0.487s] running build_py
[0.487s] running install
[0.490s] running install_lib
[0.497s] running install_data
[0.497s] copying launch/launch.py -> /home/antonadonin/Robotics/lab4/ex02/install/my_pkg/share/my_pkg/launch
[0.498s] running install_egg_info
[0.504s] removing '/home/antonadonin/Robotics/lab4/ex02/install/my_pkg/lib/python3.12/site-packages/my_pkg-0.0.0-py3.12.egg-info' (and everything under it)
[0.505s] Copying ../build/my_pkg/my_pkg.egg-info to /home/antonadonin/Robotics/lab4/ex02/install/my_pkg/lib/python3.12/site-packages/my_pkg-0.0.0-py3.12.egg-info
[0.505s] running install_scripts
[0.555s] writing list of installed files to '/home/antonadonin/Robotics/lab4/ex02/build/my_pkg/install.log'
[0.570s] Invoked command in '/home/antonadonin/Robotics/lab4/ex02/my_pkg' returned '0': DEBUGINFOD_URLS=https://debuginfod.ubuntu.com PYTHONPATH=/home/antonadonin/Robotics/lab4/ex02/build/my_pkg/prefix_override:/usr/lib/python3/dist-packages/colcon_core/task/python/colcon_distutils_commands:/home/antonadonin/Robotics/lab4/ex02/install/my_pkg/lib/python3.12/site-packages:${PYTHONPATH} /usr/bin/python3 -W ignore:setup.py install is deprecated setup.py egg_info --egg-base ../build/my_pkg build --build-base /home/antonadonin/Robotics/lab4/ex02/build/my_pkg/build install --record /home/antonadonin/Robotics/lab4/ex02/build/my_pkg/install.log --single-version-externally-managed install_data
