[0.043s] DEBUG:colcon:Command line arguments: ['/usr/bin/colcon', 'build']
[0.043s] DEBUG:colcon:Parsed command line arguments: Namespace(log_base=None, log_level=None, verb_name='build', build_base='build', install_base='install', merge_install=False, symlink_install=False, test_result_base=None, continue_on_error=False, executor='parallel', parallel_workers=8, event_handlers=None, ignore_user_meta=False, metas=['./colcon.meta'], base_paths=['.'], packages_ignore=None, packages_ignore_regex=None, paths=None, packages_up_to=None, packages_up_to_regex=None, packages_above=None, packages_above_and_dependencies=None, packages_above_depth=None, packages_select_by_dep=None, packages_skip_by_dep=None, packages_skip_up_to=None, packages_select_build_failed=False, packages_skip_build_finished=False, packages_select_test_failures=False, packages_skip_test_passed=False, packages_select=None, packages_skip=None, packages_select_regex=None, packages_skip_regex=None, packages_start=None, packages_end=None, allow_overriding=[], cmake_args=None, cmake_target=None, cmake_target_skip_unavailable=False, cmake_clean_cache=False, cmake_clean_first=False, cmake_force_configure=False, ament_cmake_args=None, catkin_cmake_args=None, catkin_skip_building_tests=False, mixin_files=None, mixin=None, verb_parser=<colcon_mixin.mixin.mixin_argument.MixinArgumentDecorator object at 0xffff82667380>, verb_extension=<colcon_core.verb.build.BuildVerb object at 0xffff82667110>, main=<bound method BuildVerb.main of <colcon_core.verb.build.BuildVerb object at 0xffff82667110>>, mixin_verb=('build',))
[0.059s] Level 1:colcon.colcon_core.package_discovery:discover_packages(colcon_meta) check parameters
[0.059s] Level 1:colcon.colcon_core.package_discovery:discover_packages(recursive) check parameters
[0.059s] Level 1:colcon.colcon_core.package_discovery:discover_packages(ignore) check parameters
[0.059s] Level 1:colcon.colcon_core.package_discovery:discover_packages(path) check parameters
[0.059s] Level 1:colcon.colcon_core.package_discovery:discover_packages(colcon_meta) discover
[0.059s] Level 1:colcon.colcon_core.package_discovery:discover_packages(recursive) discover
[0.059s] INFO:colcon.colcon_core.package_discovery:Crawling recursively for packages in '/home/antonadonin/Robotics/lab4/ex03'
[0.059s] Level 1:colcon.colcon_core.package_identification:_identify(.) by extensions ['ignore', 'ignore_ament_install']
[0.059s] Level 1:colcon.colcon_core.package_identification:_identify(.) by extension 'ignore'
[0.059s] Level 1:colcon.colcon_core.package_identification:_identify(.) by extension 'ignore_ament_install'
[0.059s] Level 1:colcon.colcon_core.package_identification:_identify(.) by extensions ['colcon_pkg']
[0.059s] Level 1:colcon.colcon_core.package_identification:_identify(.) by extension 'colcon_pkg'
[0.059s] Level 1:colcon.colcon_core.package_identification:_identify(.) by extensions ['colcon_meta']
[0.059s] Level 1:colcon.colcon_core.package_identification:_identify(.) by extension 'colcon_meta'
[0.059s] Level 1:colcon.colcon_core.package_identification:_identify(.) by extensions ['ros']
[0.059s] Level 1:colcon.colcon_core.package_identification:_identify(.) by extension 'ros'
[0.071s] Level 1:colcon.colcon_core.package_identification:_identify(.) by extensions ['cmake', 'python']
[0.071s] Level 1:colcon.colcon_core.package_identification:_identify(.) by extension 'cmake'
[0.071s] Level 1:colcon.colcon_core.package_identification:_identify(.) by extension 'python'
[0.071s] Level 1:colcon.colcon_core.package_identification:_identify(.) by extensions ['python_setup_py']
[0.071s] Level 1:colcon.colcon_core.package_identification:_identify(.) by extension 'python_setup_py'
[0.071s] Level 1:colcon.colcon_core.package_identification:_identify(build) by extensions ['ignore', 'ignore_ament_install']
[0.071s] Level 1:colcon.colcon_core.package_identification:_identify(build) by extension 'ignore'
[0.071s] Level 1:colcon.colcon_core.package_identification:_identify(build) ignored
[0.071s] Level 1:colcon.colcon_core.package_identification:_identify(install) by extensions ['ignore', 'ignore_ament_install']
[0.071s] Level 1:colcon.colcon_core.package_identification:_identify(install) by extension 'ignore'
[0.071s] Level 1:colcon.colcon_core.package_identification:_identify(install) ignored
[0.071s] Level 1:colcon.colcon_core.package_identification:_identify(log) by extensions ['ignore', 'ignore_ament_install']
[0.071s] Level 1:colcon.colcon_core.package_identification:_identify(log) by extension 'ignore'
[0.071s] Level 1:colcon.colcon_core.package_identification:_identify(log) ignored
[0.072s] Level 1:colcon.colcon_core.package_identification:_identify(timetravel) by extensions ['ignore', 'ignore_ament_install']
[0.072s] Level 1:colcon.colcon_core.package_identification:_identify(timetravel) by extension 'ignore'
[0.072s] Level 1:colcon.colcon_core.package_identification:_identify(timetravel) by extension 'ignore_ament_install'
[0.072s] Level 1:colcon.colcon_core.package_identification:_identify(timetravel) by extensions ['colcon_pkg']
[0.072s] Level 1:colcon.colcon_core.package_identification:_identify(timetravel) by extension 'colcon_pkg'
[0.072s] Level 1:colcon.colcon_core.package_identification:_identify(timetravel) by extensions ['colcon_meta']
[0.072s] Level 1:colcon.colcon_core.package_identification:_identify(timetravel) by extension 'colcon_meta'
[0.072s] Level 1:colcon.colcon_core.package_identification:_identify(timetravel) by extensions ['ros']
[0.072s] Level 1:colcon.colcon_core.package_identification:_identify(timetravel) by extension 'ros'
[0.073s] DEBUG:colcon.colcon_core.package_identification:Package 'timetravel' with type 'ros.ament_python' and name 'timetravel'
[0.073s] Level 1:colcon.colcon_core.package_discovery:discover_packages(recursive) using defaults
[0.073s] Level 1:colcon.colcon_core.package_discovery:discover_packages(ignore) discover
[0.073s] Level 1:colcon.colcon_core.package_discovery:discover_packages(ignore) using defaults
[0.073s] Level 1:colcon.colcon_core.package_discovery:discover_packages(path) discover
[0.073s] Level 1:colcon.colcon_core.package_discovery:discover_packages(path) using defaults
[0.081s] Level 1:colcon.colcon_core.package_discovery:discover_packages(prefix_path) check parameters
[0.081s] Level 1:colcon.colcon_core.package_discovery:discover_packages(prefix_path) discover
[0.081s] DEBUG:colcon.colcon_installed_package_information.package_discovery:Found 1 installed packages in /home/antonadonin/Robotics/lab4/ex03/install
[0.081s] DEBUG:colcon.colcon_installed_package_information.package_discovery:Found 1 installed packages in /home/antonadonin/Robotics/lab4/ex02/install
[0.082s] DEBUG:colcon.colcon_installed_package_information.package_discovery:Found 286 installed packages in /opt/ros/jazzy
[0.083s] Level 1:colcon.colcon_core.package_discovery:discover_packages(prefix_path) using defaults
[0.101s] Level 5:colcon.colcon_core.verb:set package 'timetravel' build argument 'cmake_args' from command line to 'None'
[0.101s] Level 5:colcon.colcon_core.verb:set package 'timetravel' build argument 'cmake_target' from command line to 'None'
[0.101s] Level 5:colcon.colcon_core.verb:set package 'timetravel' build argument 'cmake_target_skip_unavailable' from command line to 'False'
[0.101s] Level 5:colcon.colcon_core.verb:set package 'timetravel' build argument 'cmake_clean_cache' from command line to 'False'
[0.101s] Level 5:colcon.colcon_core.verb:set package 'timetravel' build argument 'cmake_clean_first' from command line to 'False'
[0.101s] Level 5:colcon.colcon_core.verb:set package 'timetravel' build argument 'cmake_force_configure' from command line to 'False'
[0.101s] Level 5:colcon.colcon_core.verb:set package 'timetravel' build argument 'ament_cmake_args' from command line to 'None'
[0.101s] Level 5:colcon.colcon_core.verb:set package 'timetravel' build argument 'catkin_cmake_args' from command line to 'None'
[0.101s] Level 5:colcon.colcon_core.verb:set package 'timetravel' build argument 'catkin_skip_building_tests' from command line to 'False'
[0.101s] DEBUG:colcon.colcon_core.verb:Building package 'timetravel' with the following arguments: {'ament_cmake_args': None, 'build_base': '/home/antonadonin/Robotics/lab4/ex03/build/timetravel', 'catkin_cmake_args': None, 'catkin_skip_building_tests': False, 'cmake_args': None, 'cmake_clean_cache': False, 'cmake_clean_first': False, 'cmake_force_configure': False, 'cmake_target': None, 'cmake_target_skip_unavailable': False, 'install_base': '/home/antonadonin/Robotics/lab4/ex03/install/timetravel', 'merge_install': False, 'path': '/home/antonadonin/Robotics/lab4/ex03/timetravel', 'symlink_install': False, 'test_result_base': None}
[0.101s] INFO:colcon.colcon_core.executor:Executing jobs using 'parallel' executor
[0.102s] DEBUG:colcon.colcon_parallel_executor.executor.parallel:run_until_complete
[0.102s] INFO:colcon.colcon_ros.task.ament_python.build:Building ROS package in '/home/antonadonin/Robotics/lab4/ex03/timetravel' with build type 'ament_python'
[0.102s] Level 1:colcon.colcon_core.shell:create_environment_hook('timetravel', 'ament_prefix_path')
[0.104s] INFO:colcon.colcon_core.plugin_system:Skipping extension 'colcon_core.shell.bat': Not used on non-Windows systems
[0.104s] INFO:colcon.colcon_core.shell:Creating environment hook '/home/antonadonin/Robotics/lab4/ex03/install/timetravel/share/timetravel/hook/ament_prefix_path.ps1'
[0.104s] INFO:colcon.colcon_core.shell:Creating environment descriptor '/home/antonadonin/Robotics/lab4/ex03/install/timetravel/share/timetravel/hook/ament_prefix_path.dsv'
[0.104s] INFO:colcon.colcon_core.shell:Creating environment hook '/home/antonadonin/Robotics/lab4/ex03/install/timetravel/share/timetravel/hook/ament_prefix_path.sh'
[0.105s] INFO:colcon.colcon_core.shell:Skip shell extension 'powershell' for command environment: Not usable outside of PowerShell
[0.105s] DEBUG:colcon.colcon_core.shell:Skip shell extension 'dsv' for command environment
[0.216s] INFO:colcon.colcon_core.task.python.build:Building Python package in '/home/antonadonin/Robotics/lab4/ex03/timetravel'
[0.217s] INFO:colcon.colcon_core.shell:Skip shell extension 'powershell' for command environment: Not usable outside of PowerShell
[0.217s] DEBUG:colcon.colcon_core.shell:Skip shell extension 'dsv' for command environment
[0.457s] DEBUG:colcon.colcon_core.event_handler.log_command:Invoking command in '/home/antonadonin/Robotics/lab4/ex03/timetravel': DEBUGINFOD_URLS=https://debuginfod.ubuntu.com PYTHONPATH=/home/antonadonin/Robotics/lab4/ex03/build/timetravel/prefix_override:/usr/lib/python3/dist-packages/colcon_core/task/python/colcon_distutils_commands:/home/antonadonin/Robotics/lab4/ex03/install/timetravel/lib/python3.12/site-packages:${PYTHONPATH} /usr/bin/python3 -W ignore:setup.py install is deprecated setup.py egg_info --egg-base ../build/timetravel build --build-base /home/antonadonin/Robotics/lab4/ex03/build/timetravel/build install --record /home/antonadonin/Robotics/lab4/ex03/build/timetravel/install.log --single-version-externally-managed install_data
[0.661s] DEBUG:colcon.colcon_core.event_handler.log_command:Invoked command in '/home/antonadonin/Robotics/lab4/ex03/timetravel' returned '0': DEBUGINFOD_URLS=https://debuginfod.ubuntu.com PYTHONPATH=/home/antonadonin/Robotics/lab4/ex03/build/timetravel/prefix_override:/usr/lib/python3/dist-packages/colcon_core/task/python/colcon_distutils_commands:/home/antonadonin/Robotics/lab4/ex03/install/timetravel/lib/python3.12/site-packages:${PYTHONPATH} /usr/bin/python3 -W ignore:setup.py install is deprecated setup.py egg_info --egg-base ../build/timetravel build --build-base /home/antonadonin/Robotics/lab4/ex03/build/timetravel/build install --record /home/antonadonin/Robotics/lab4/ex03/build/timetravel/install.log --single-version-externally-managed install_data
[0.662s] Level 1:colcon.colcon_core.environment:checking '/home/antonadonin/Robotics/lab4/ex03/install/timetravel' for CMake module files
[0.662s] Level 1:colcon.colcon_core.environment:checking '/home/antonadonin/Robotics/lab4/ex03/install/timetravel' for CMake config files
[0.663s] Level 1:colcon.colcon_core.environment:checking '/home/antonadonin/Robotics/lab4/ex03/install/timetravel/lib'
[0.663s] Level 1:colcon.colcon_core.environment:checking '/home/antonadonin/Robotics/lab4/ex03/install/timetravel/bin'
[0.663s] Level 1:colcon.colcon_core.environment:checking '/home/antonadonin/Robotics/lab4/ex03/install/timetravel/lib/pkgconfig/timetravel.pc'
[0.663s] Level 1:colcon.colcon_core.environment:checking '/home/antonadonin/Robotics/lab4/ex03/install/timetravel/lib/python3.12/site-packages'
[0.663s] Level 1:colcon.colcon_core.shell:create_environment_hook('timetravel', 'pythonpath')
[0.663s] INFO:colcon.colcon_core.shell:Creating environment hook '/home/antonadonin/Robotics/lab4/ex03/install/timetravel/share/timetravel/hook/pythonpath.ps1'
[0.663s] INFO:colcon.colcon_core.shell:Creating environment descriptor '/home/antonadonin/Robotics/lab4/ex03/install/timetravel/share/timetravel/hook/pythonpath.dsv'
[0.663s] INFO:colcon.colcon_core.shell:Creating environment hook '/home/antonadonin/Robotics/lab4/ex03/install/timetravel/share/timetravel/hook/pythonpath.sh'
[0.664s] Level 1:colcon.colcon_core.environment:checking '/home/antonadonin/Robotics/lab4/ex03/install/timetravel/bin'
[0.664s] Level 1:colcon.colcon_core.environment:create_environment_scripts_only(timetravel)
[0.664s] INFO:colcon.colcon_core.shell:Creating package script '/home/antonadonin/Robotics/lab4/ex03/install/timetravel/share/timetravel/package.ps1'
[0.664s] INFO:colcon.colcon_core.shell:Creating package descriptor '/home/antonadonin/Robotics/lab4/ex03/install/timetravel/share/timetravel/package.dsv'
[0.664s] INFO:colcon.colcon_core.shell:Creating package script '/home/antonadonin/Robotics/lab4/ex03/install/timetravel/share/timetravel/package.sh'
[0.664s] INFO:colcon.colcon_core.shell:Creating package script '/home/antonadonin/Robotics/lab4/ex03/install/timetravel/share/timetravel/package.bash'
[0.665s] INFO:colcon.colcon_core.shell:Creating package script '/home/antonadonin/Robotics/lab4/ex03/install/timetravel/share/timetravel/package.zsh'
[0.665s] Level 1:colcon.colcon_core.environment:create_file_with_runtime_dependencies(/home/antonadonin/Robotics/lab4/ex03/install/timetravel/share/colcon-core/packages/timetravel)
[0.665s] DEBUG:colcon.colcon_parallel_executor.executor.parallel:closing loop
[0.665s] DEBUG:colcon.colcon_parallel_executor.executor.parallel:loop closed
[0.665s] DEBUG:colcon.colcon_parallel_executor.executor.parallel:run_until_complete finished with '0'
[0.665s] DEBUG:colcon.colcon_core.event_reactor:joining thread
[0.671s] INFO:colcon.colcon_core.plugin_system:Skipping extension 'colcon_notification.desktop_notification.terminal_notifier': Not used on non-Darwin systems
[0.671s] INFO:colcon.colcon_core.plugin_system:Skipping extension 'colcon_notification.desktop_notification.win32': Not used on non-Windows systems
[0.671s] INFO:colcon.colcon_notification.desktop_notification:Sending desktop notification using 'notify2'
[0.678s] DEBUG:colcon.colcon_core.event_reactor:joined thread
[0.678s] INFO:colcon.colcon_core.shell:Creating prefix script '/home/antonadonin/Robotics/lab4/ex03/install/local_setup.ps1'
[0.678s] INFO:colcon.colcon_core.shell:Creating prefix util module '/home/antonadonin/Robotics/lab4/ex03/install/_local_setup_util_ps1.py'
[0.679s] INFO:colcon.colcon_core.shell:Creating prefix chain script '/home/antonadonin/Robotics/lab4/ex03/install/setup.ps1'
[0.679s] INFO:colcon.colcon_core.shell:Creating prefix script '/home/antonadonin/Robotics/lab4/ex03/install/local_setup.sh'
[0.679s] INFO:colcon.colcon_core.shell:Creating prefix util module '/home/antonadonin/Robotics/lab4/ex03/install/_local_setup_util_sh.py'
[0.679s] INFO:colcon.colcon_core.shell:Creating prefix chain script '/home/antonadonin/Robotics/lab4/ex03/install/setup.sh'
[0.680s] INFO:colcon.colcon_core.shell:Creating prefix script '/home/antonadonin/Robotics/lab4/ex03/install/local_setup.bash'
[0.680s] INFO:colcon.colcon_core.shell:Creating prefix chain script '/home/antonadonin/Robotics/lab4/ex03/install/setup.bash'
[0.680s] INFO:colcon.colcon_core.shell:Creating prefix script '/home/antonadonin/Robotics/lab4/ex03/install/local_setup.zsh'
[0.680s] INFO:colcon.colcon_core.shell:Creating prefix chain script '/home/antonadonin/Robotics/lab4/ex03/install/setup.zsh'
