-- The C compiler identification is GNU 13.2.0
-- The CXX compiler identification is GNU 13.2.0
-- Detecting C compiler ABI info
-- Detecting C compiler ABI info - done
-- Check for working C compiler: /usr/bin/cc - skipped
-- Detecting C compile features
-- Detecting C compile features - done
-- Detecting CXX compiler ABI info
-- Detecting CXX compiler ABI info - done
-- Check for working CXX compiler: /usr/bin/c++ - skipped
-- Detecting CXX compile features
-- Detecting CXX compile features - done
-- Found ament_cmake: 2.5.2 (/opt/ros/jazzy/share/ament_cmake/cmake)
-- Found Python3: /usr/bin/python3 (found version "3.12.3") found components: Interpreter 
-- Found rosidl_default_generators: 1.6.0 (/opt/ros/jazzy/share/rosidl_default_generators/cmake)
-- Using all available rosidl_typesupport_c: rosidl_typesupport_fastrtps_c;rosidl_typesupport_introspection_c
-- Using all available rosidl_typesupport_cpp: rosidl_typesupport_fastrtps_cpp;rosidl_typesupport_introspection_cpp
-- Found rosidl_adapter: 4.6.4 (/opt/ros/jazzy/share/rosidl_adapter/cmake)
-- Found ament_cmake_ros: 0.12.0 (/opt/ros/jazzy/share/ament_cmake_ros/cmake)
-- Using all available rosidl_typesupport_c: rosidl_typesupport_fastrtps_c;rosidl_typesupport_introspection_c
-- Using all available rosidl_typesupport_cpp: rosidl_typesupport_fastrtps_cpp;rosidl_typesupport_introspection_cpp
-- Found python_cmake_module: 0.11.1 (/opt/ros/jazzy/share/python_cmake_module/cmake)
-- Found PythonExtra: /usr/bin/python3  
-- Found Python3: /usr/bin/python3 (found version "3.12.3") found components: Interpreter Development NumPy Development.Module Development.Embed 
-- Found ament_lint_auto: 0.17.1 (/opt/ros/jazzy/share/ament_lint_auto/cmake)
-- Added test 'lint_cmake' to check CMake code style
-- Added test 'xmllint' to check XML markup files
-- Configuring done (2.3s)
-- Generating done (0.0s)
-- Build files have been written to: /home/antonadonin/Robotics/lab3/ex02/build/actions
[  2%] [34m[1mGenerating type hashes for ROS interfaces[0m
[  2%] Built target ament_cmake_python_copy_actions
running egg_info
creating actions.egg-info
writing actions.egg-info/PKG-INFO
writing dependency_links to actions.egg-info/dependency_links.txt
writing top-level names to actions.egg-info/top_level.txt
writing manifest file 'actions.egg-info/SOURCES.txt'
reading manifest file 'actions.egg-info/SOURCES.txt'
writing manifest file 'actions.egg-info/SOURCES.txt'
[  2%] Built target ament_cmake_python_build_actions_egg
[  2%] Built target actions__rosidl_generator_type_description
[  5%] [34m[1mGenerating C code for ROS interfaces[0m
[  8%] [34m[1mGenerating C++ code for ROS interfaces[0m
[  8%] Built target actions__cpp
[ 11%] [32mBuilding C object CMakeFiles/actions__rosidl_generator_c.dir/rosidl_generator_c/actions/action/detail/message_turtle_commands__description.c.o[0m
[ 17%] [32mBuilding C object CMakeFiles/actions__rosidl_generator_c.dir/rosidl_generator_c/actions/action/detail/message_turtle_commands__type_support.c.o[0m
[ 17%] [32mBuilding C object CMakeFiles/actions__rosidl_generator_c.dir/rosidl_generator_c/actions/action/detail/message_turtle_commands__functions.c.o[0m
[ 20%] [32m[1mLinking C shared library libactions__rosidl_generator_c.so[0m
[ 20%] Built target actions__rosidl_generator_c
[ 26%] [34m[1mGenerating C++ type support for eProsima Fast-RTPS[0m
[ 26%] [34m[1mGenerating C++ introspection for ROS interfaces[0m
[ 29%] [34m[1mGenerating C type support dispatch for ROS interfaces[0m
[ 38%] [34m[1mGenerating C++ type support dispatch for ROS interfaces[0m
[ 38%] [34m[1mGenerating C type support for eProsima Fast-RTPS[0m
[ 38%] [34m[1mGenerating C introspection for ROS interfaces[0m
[ 41%] [32mBuilding CXX object CMakeFiles/actions__rosidl_typesupport_c.dir/rosidl_typesupport_c/actions/action/message_turtle_commands__type_support.cpp.o[0m
[ 44%] [32mBuilding CXX object CMakeFiles/actions__rosidl_typesupport_introspection_cpp.dir/rosidl_typesupport_introspection_cpp/actions/action/detail/message_turtle_commands__type_support.cpp.o[0m
[ 47%] [32mBuilding CXX object CMakeFiles/actions__rosidl_typesupport_cpp.dir/rosidl_typesupport_cpp/actions/action/message_turtle_commands__type_support.cpp.o[0m
[ 50%] [32m[1mLinking CXX shared library libactions__rosidl_typesupport_c.so[0m
[ 50%] Built target actions__rosidl_typesupport_c
[ 52%] [32mBuilding CXX object CMakeFiles/actions__rosidl_typesupport_fastrtps_cpp.dir/rosidl_typesupport_fastrtps_cpp/actions/action/detail/dds_fastrtps/message_turtle_commands__type_support.cpp.o[0m
[ 55%] [32mBuilding C object CMakeFiles/actions__rosidl_typesupport_introspection_c.dir/rosidl_typesupport_introspection_c/actions/action/detail/message_turtle_commands__type_support.c.o[0m
[ 58%] [32mBuilding CXX object CMakeFiles/actions__rosidl_typesupport_fastrtps_c.dir/rosidl_typesupport_fastrtps_c/actions/action/detail/message_turtle_commands__type_support_c.cpp.o[0m
[ 61%] [32m[1mLinking C shared library libactions__rosidl_typesupport_introspection_c.so[0m
[ 61%] Built target actions__rosidl_typesupport_introspection_c
[ 64%] [32m[1mLinking CXX shared library libactions__rosidl_typesupport_cpp.so[0m
[ 67%] [32m[1mLinking CXX shared library libactions__rosidl_typesupport_introspection_cpp.so[0m
[ 67%] Built target actions__rosidl_typesupport_cpp
[ 70%] [32m[1mLinking CXX shared library libactions__rosidl_typesupport_fastrtps_c.so[0m
[ 70%] Built target actions__rosidl_typesupport_introspection_cpp
[ 70%] Built target actions__rosidl_typesupport_fastrtps_c
[ 73%] [32m[1mLinking CXX shared library libactions__rosidl_typesupport_fastrtps_cpp.so[0m
[ 73%] Built target actions__rosidl_typesupport_fastrtps_cpp
[ 73%] Built target actions
[ 76%] [34m[1mGenerating Python code for ROS interfaces[0m
[ 76%] Built target actions__py
[ 79%] [32mBuilding C object CMakeFiles/actions__rosidl_generator_py.dir/rosidl_generator_py/actions/action/_message_turtle_commands_s.c.o[0m
[ 82%] [32m[1mLinking C shared library libactions__rosidl_generator_py.so[0m
[ 82%] Built target actions__rosidl_generator_py
[ 85%] [32mBuilding C object CMakeFiles/actions_s__rosidl_typesupport_c.dir/rosidl_generator_py/actions/_actions_s.ep.rosidl_typesupport_c.c.o[0m
[ 88%] [32mBuilding C object CMakeFiles/actions_s__rosidl_typesupport_introspection_c.dir/rosidl_generator_py/actions/_actions_s.ep.rosidl_typesupport_introspection_c.c.o[0m
[ 91%] [32mBuilding C object CMakeFiles/actions_s__rosidl_typesupport_fastrtps_c.dir/rosidl_generator_py/actions/_actions_s.ep.rosidl_typesupport_fastrtps_c.c.o[0m
[ 94%] [32m[1mLinking C shared module rosidl_generator_py/actions/actions_s__rosidl_typesupport_fastrtps_c.so[0m
[ 97%] [32m[1mLinking C shared module rosidl_generator_py/actions/actions_s__rosidl_typesupport_c.so[0m
[100%] [32m[1mLinking C shared module rosidl_generator_py/actions/actions_s__rosidl_typesupport_introspection_c.so[0m
[100%] Built target actions_s__rosidl_typesupport_fastrtps_c
[100%] Built target actions_s__rosidl_typesupport_introspection_c
[100%] Built target actions_s__rosidl_typesupport_c
-- Install configuration: ""
-- Installing: /home/antonadonin/Robotics/lab3/ex02/install/actions/share/ament_index/resource_index/rosidl_interfaces/actions
-- Installing: /home/antonadonin/Robotics/lab3/ex02/install/actions/share/actions/action/MessageTurtleCommands.json
-- Installing: /home/antonadonin/Robotics/lab3/ex02/install/actions/include/actions/actions
-- Installing: /home/antonadonin/Robotics/lab3/ex02/install/actions/include/actions/actions/action
-- Installing: /home/antonadonin/Robotics/lab3/ex02/install/actions/include/actions/actions/action/message_turtle_commands.h
-- Installing: /home/antonadonin/Robotics/lab3/ex02/install/actions/include/actions/actions/action/detail
-- Installing: /home/antonadonin/Robotics/lab3/ex02/install/actions/include/actions/actions/action/detail/message_turtle_commands__type_support.c
-- Installing: /home/antonadonin/Robotics/lab3/ex02/install/actions/include/actions/actions/action/detail/message_turtle_commands__functions.h
-- Installing: /home/antonadonin/Robotics/lab3/ex02/install/actions/include/actions/actions/action/detail/message_turtle_commands__struct.h
-- Installing: /home/antonadonin/Robotics/lab3/ex02/install/actions/include/actions/actions/action/detail/message_turtle_commands__functions.c
-- Installing: /home/antonadonin/Robotics/lab3/ex02/install/actions/include/actions/actions/action/detail/message_turtle_commands__description.c
-- Installing: /home/antonadonin/Robotics/lab3/ex02/install/actions/include/actions/actions/action/detail/message_turtle_commands__type_support.h
-- Installing: /home/antonadonin/Robotics/lab3/ex02/install/actions/include/actions/actions/msg
-- Installing: /home/antonadonin/Robotics/lab3/ex02/install/actions/include/actions/actions/msg/rosidl_generator_c__visibility_control.h
-- Installing: /home/antonadonin/Robotics/lab3/ex02/install/actions/share/actions/environment/library_path.sh
-- Installing: /home/antonadonin/Robotics/lab3/ex02/install/actions/share/actions/environment/library_path.dsv
-- Installing: /home/antonadonin/Robotics/lab3/ex02/install/actions/lib/libactions__rosidl_generator_c.so
-- Set non-toolchain portion of runtime path of "/home/antonadonin/Robotics/lab3/ex02/install/actions/lib/libactions__rosidl_generator_c.so" to ""
-- Up-to-date: /home/antonadonin/Robotics/lab3/ex02/install/actions/include/actions/actions
-- Up-to-date: /home/antonadonin/Robotics/lab3/ex02/install/actions/include/actions/actions/action
-- Up-to-date: /home/antonadonin/Robotics/lab3/ex02/install/actions/include/actions/actions/action/detail
-- Installing: /home/antonadonin/Robotics/lab3/ex02/install/actions/include/actions/actions/action/detail/message_turtle_commands__rosidl_typesupport_fastrtps_c.h
-- Up-to-date: /home/antonadonin/Robotics/lab3/ex02/install/actions/include/actions/actions/msg
-- Installing: /home/antonadonin/Robotics/lab3/ex02/install/actions/include/actions/actions/msg/rosidl_typesupport_fastrtps_c__visibility_control.h
-- Installing: /home/antonadonin/Robotics/lab3/ex02/install/actions/lib/libactions__rosidl_typesupport_fastrtps_c.so
-- Set non-toolchain portion of runtime path of "/home/antonadonin/Robotics/lab3/ex02/install/actions/lib/libactions__rosidl_typesupport_fastrtps_c.so" to ""
-- Up-to-date: /home/antonadonin/Robotics/lab3/ex02/install/actions/include/actions/actions
-- Up-to-date: /home/antonadonin/Robotics/lab3/ex02/install/actions/include/actions/actions/action
-- Up-to-date: /home/antonadonin/Robotics/lab3/ex02/install/actions/include/actions/actions/action/detail
-- Up-to-date: /home/antonadonin/Robotics/lab3/ex02/install/actions/include/actions/actions/action/detail/message_turtle_commands__type_support.c
-- Installing: /home/antonadonin/Robotics/lab3/ex02/install/actions/include/actions/actions/action/detail/message_turtle_commands__rosidl_typesupport_introspection_c.h
-- Up-to-date: /home/antonadonin/Robotics/lab3/ex02/install/actions/include/actions/actions/msg
-- Installing: /home/antonadonin/Robotics/lab3/ex02/install/actions/include/actions/actions/msg/rosidl_typesupport_introspection_c__visibility_control.h
-- Installing: /home/antonadonin/Robotics/lab3/ex02/install/actions/lib/libactions__rosidl_typesupport_introspection_c.so
-- Set non-toolchain portion of runtime path of "/home/antonadonin/Robotics/lab3/ex02/install/actions/lib/libactions__rosidl_typesupport_introspection_c.so" to ""
-- Installing: /home/antonadonin/Robotics/lab3/ex02/install/actions/lib/libactions__rosidl_typesupport_c.so
-- Set non-toolchain portion of runtime path of "/home/antonadonin/Robotics/lab3/ex02/install/actions/lib/libactions__rosidl_typesupport_c.so" to ""
-- Up-to-date: /home/antonadonin/Robotics/lab3/ex02/install/actions/include/actions/actions
-- Up-to-date: /home/antonadonin/Robotics/lab3/ex02/install/actions/include/actions/actions/action
-- Up-to-date: /home/antonadonin/Robotics/lab3/ex02/install/actions/include/actions/actions/action/detail
-- Installing: /home/antonadonin/Robotics/lab3/ex02/install/actions/include/actions/actions/action/detail/message_turtle_commands__builder.hpp
-- Installing: /home/antonadonin/Robotics/lab3/ex02/install/actions/include/actions/actions/action/detail/message_turtle_commands__type_support.hpp
-- Installing: /home/antonadonin/Robotics/lab3/ex02/install/actions/include/actions/actions/action/detail/message_turtle_commands__traits.hpp
-- Installing: /home/antonadonin/Robotics/lab3/ex02/install/actions/include/actions/actions/action/detail/message_turtle_commands__struct.hpp
-- Installing: /home/antonadonin/Robotics/lab3/ex02/install/actions/include/actions/actions/action/message_turtle_commands.hpp
-- Up-to-date: /home/antonadonin/Robotics/lab3/ex02/install/actions/include/actions/actions/msg
-- Installing: /home/antonadonin/Robotics/lab3/ex02/install/actions/include/actions/actions/msg/rosidl_generator_cpp__visibility_control.hpp
-- Up-to-date: /home/antonadonin/Robotics/lab3/ex02/install/actions/include/actions/actions
-- Up-to-date: /home/antonadonin/Robotics/lab3/ex02/install/actions/include/actions/actions/action
-- Up-to-date: /home/antonadonin/Robotics/lab3/ex02/install/actions/include/actions/actions/action/detail
-- Installing: /home/antonadonin/Robotics/lab3/ex02/install/actions/include/actions/actions/action/detail/dds_fastrtps
-- Installing: /home/antonadonin/Robotics/lab3/ex02/install/actions/include/actions/actions/action/detail/message_turtle_commands__rosidl_typesupport_fastrtps_cpp.hpp
-- Up-to-date: /home/antonadonin/Robotics/lab3/ex02/install/actions/include/actions/actions/msg
-- Installing: /home/antonadonin/Robotics/lab3/ex02/install/actions/include/actions/actions/msg/rosidl_typesupport_fastrtps_cpp__visibility_control.h
-- Installing: /home/antonadonin/Robotics/lab3/ex02/install/actions/lib/libactions__rosidl_typesupport_fastrtps_cpp.so
-- Set non-toolchain portion of runtime path of "/home/antonadonin/Robotics/lab3/ex02/install/actions/lib/libactions__rosidl_typesupport_fastrtps_cpp.so" to ""
-- Up-to-date: /home/antonadonin/Robotics/lab3/ex02/install/actions/include/actions/actions
-- Up-to-date: /home/antonadonin/Robotics/lab3/ex02/install/actions/include/actions/actions/action
-- Up-to-date: /home/antonadonin/Robotics/lab3/ex02/install/actions/include/actions/actions/action/detail
-- Installing: /home/antonadonin/Robotics/lab3/ex02/install/actions/include/actions/actions/action/detail/message_turtle_commands__rosidl_typesupport_introspection_cpp.hpp
-- Installing: /home/antonadonin/Robotics/lab3/ex02/install/actions/include/actions/actions/action/detail/message_turtle_commands__type_support.cpp
-- Installing: /home/antonadonin/Robotics/lab3/ex02/install/actions/lib/libactions__rosidl_typesupport_introspection_cpp.so
-- Set non-toolchain portion of runtime path of "/home/antonadonin/Robotics/lab3/ex02/install/actions/lib/libactions__rosidl_typesupport_introspection_cpp.so" to ""
-- Installing: /home/antonadonin/Robotics/lab3/ex02/install/actions/lib/libactions__rosidl_typesupport_cpp.so
-- Set non-toolchain portion of runtime path of "/home/antonadonin/Robotics/lab3/ex02/install/actions/lib/libactions__rosidl_typesupport_cpp.so" to ""
-- Installing: /home/antonadonin/Robotics/lab3/ex02/install/actions/share/actions/environment/pythonpath.sh
-- Installing: /home/antonadonin/Robotics/lab3/ex02/install/actions/share/actions/environment/pythonpath.dsv
-- Installing: /home/antonadonin/Robotics/lab3/ex02/install/actions/lib/python3.12/site-packages/actions-0.0.0-py3.12.egg-info
-- Installing: /home/antonadonin/Robotics/lab3/ex02/install/actions/lib/python3.12/site-packages/actions-0.0.0-py3.12.egg-info/PKG-INFO
-- Installing: /home/antonadonin/Robotics/lab3/ex02/install/actions/lib/python3.12/site-packages/actions-0.0.0-py3.12.egg-info/dependency_links.txt
-- Installing: /home/antonadonin/Robotics/lab3/ex02/install/actions/lib/python3.12/site-packages/actions-0.0.0-py3.12.egg-info/SOURCES.txt
-- Installing: /home/antonadonin/Robotics/lab3/ex02/install/actions/lib/python3.12/site-packages/actions-0.0.0-py3.12.egg-info/top_level.txt
-- Installing: /home/antonadonin/Robotics/lab3/ex02/install/actions/lib/python3.12/site-packages/actions
-- Installing: /home/antonadonin/Robotics/lab3/ex02/install/actions/lib/python3.12/site-packages/actions/__init__.py
-- Installing: /home/antonadonin/Robotics/lab3/ex02/install/actions/lib/python3.12/site-packages/actions/actions_s__rosidl_typesupport_introspection_c.so
-- Installing: /home/antonadonin/Robotics/lab3/ex02/install/actions/lib/python3.12/site-packages/actions/_actions_s.ep.rosidl_typesupport_introspection_c.c
-- Installing: /home/antonadonin/Robotics/lab3/ex02/install/actions/lib/python3.12/site-packages/actions/actions_s__rosidl_typesupport_fastrtps_c.so
-- Installing: /home/antonadonin/Robotics/lab3/ex02/install/actions/lib/python3.12/site-packages/actions/_actions_s.ep.rosidl_typesupport_fastrtps_c.c
-- Installing: /home/antonadonin/Robotics/lab3/ex02/install/actions/lib/python3.12/site-packages/actions/actions_s__rosidl_typesupport_c.so
-- Installing: /home/antonadonin/Robotics/lab3/ex02/install/actions/lib/python3.12/site-packages/actions/action
-- Installing: /home/antonadonin/Robotics/lab3/ex02/install/actions/lib/python3.12/site-packages/actions/action/__init__.py
-- Installing: /home/antonadonin/Robotics/lab3/ex02/install/actions/lib/python3.12/site-packages/actions/action/_message_turtle_commands_s.c
-- Installing: /home/antonadonin/Robotics/lab3/ex02/install/actions/lib/python3.12/site-packages/actions/action/_message_turtle_commands.py
-- Installing: /home/antonadonin/Robotics/lab3/ex02/install/actions/lib/python3.12/site-packages/actions/_actions_s.ep.rosidl_typesupport_c.c
Listing '/home/antonadonin/Robotics/lab3/ex02/install/actions/lib/python3.12/site-packages/actions'...
Compiling '/home/antonadonin/Robotics/lab3/ex02/install/actions/lib/python3.12/site-packages/actions/__init__.py'...
Listing '/home/antonadonin/Robotics/lab3/ex02/install/actions/lib/python3.12/site-packages/actions/action'...
Compiling '/home/antonadonin/Robotics/lab3/ex02/install/actions/lib/python3.12/site-packages/actions/action/__init__.py'...
Compiling '/home/antonadonin/Robotics/lab3/ex02/install/actions/lib/python3.12/site-packages/actions/action/_message_turtle_commands.py'...
-- Installing: /home/antonadonin/Robotics/lab3/ex02/install/actions/lib/python3.12/site-packages/actions/actions_s__rosidl_typesupport_fastrtps_c.so
-- Set non-toolchain portion of runtime path of "/home/antonadonin/Robotics/lab3/ex02/install/actions/lib/python3.12/site-packages/actions/actions_s__rosidl_typesupport_fastrtps_c.so" to ""
-- Installing: /home/antonadonin/Robotics/lab3/ex02/install/actions/lib/python3.12/site-packages/actions/actions_s__rosidl_typesupport_introspection_c.so
-- Set non-toolchain portion of runtime path of "/home/antonadonin/Robotics/lab3/ex02/install/actions/lib/python3.12/site-packages/actions/actions_s__rosidl_typesupport_introspection_c.so" to ""
-- Installing: /home/antonadonin/Robotics/lab3/ex02/install/actions/lib/python3.12/site-packages/actions/actions_s__rosidl_typesupport_c.so
-- Set non-toolchain portion of runtime path of "/home/antonadonin/Robotics/lab3/ex02/install/actions/lib/python3.12/site-packages/actions/actions_s__rosidl_typesupport_c.so" to ""
-- Installing: /home/antonadonin/Robotics/lab3/ex02/install/actions/lib/libactions__rosidl_generator_py.so
-- Set non-toolchain portion of runtime path of "/home/antonadonin/Robotics/lab3/ex02/install/actions/lib/libactions__rosidl_generator_py.so" to ""
-- Installing: /home/antonadonin/Robotics/lab3/ex02/install/actions/share/actions/action/MessageTurtleCommands.idl
-- Installing: /home/antonadonin/Robotics/lab3/ex02/install/actions/share/actions/action/MessageTurtleCommands.action
-- Installing: /home/antonadonin/Robotics/lab3/ex02/install/actions/share/ament_index/resource_index/package_run_dependencies/actions
-- Installing: /home/antonadonin/Robotics/lab3/ex02/install/actions/share/ament_index/resource_index/parent_prefix_path/actions
-- Installing: /home/antonadonin/Robotics/lab3/ex02/install/actions/share/actions/environment/ament_prefix_path.sh
-- Installing: /home/antonadonin/Robotics/lab3/ex02/install/actions/share/actions/environment/ament_prefix_path.dsv
-- Installing: /home/antonadonin/Robotics/lab3/ex02/install/actions/share/actions/environment/path.sh
-- Installing: /home/antonadonin/Robotics/lab3/ex02/install/actions/share/actions/environment/path.dsv
-- Installing: /home/antonadonin/Robotics/lab3/ex02/install/actions/share/actions/local_setup.bash
-- Installing: /home/antonadonin/Robotics/lab3/ex02/install/actions/share/actions/local_setup.sh
-- Installing: /home/antonadonin/Robotics/lab3/ex02/install/actions/share/actions/local_setup.zsh
-- Installing: /home/antonadonin/Robotics/lab3/ex02/install/actions/share/actions/local_setup.dsv
-- Installing: /home/antonadonin/Robotics/lab3/ex02/install/actions/share/actions/package.dsv
-- Installing: /home/antonadonin/Robotics/lab3/ex02/install/actions/share/ament_index/resource_index/packages/actions
-- Installing: /home/antonadonin/Robotics/lab3/ex02/install/actions/share/actions/cmake/export_actions__rosidl_generator_cExport.cmake
-- Installing: /home/antonadonin/Robotics/lab3/ex02/install/actions/share/actions/cmake/export_actions__rosidl_generator_cExport-noconfig.cmake
-- Installing: /home/antonadonin/Robotics/lab3/ex02/install/actions/share/actions/cmake/export_actions__rosidl_typesupport_fastrtps_cExport.cmake
-- Installing: /home/antonadonin/Robotics/lab3/ex02/install/actions/share/actions/cmake/export_actions__rosidl_typesupport_fastrtps_cExport-noconfig.cmake
-- Installing: /home/antonadonin/Robotics/lab3/ex02/install/actions/share/actions/cmake/actions__rosidl_typesupport_introspection_cExport.cmake
-- Installing: /home/antonadonin/Robotics/lab3/ex02/install/actions/share/actions/cmake/actions__rosidl_typesupport_introspection_cExport-noconfig.cmake
-- Installing: /home/antonadonin/Robotics/lab3/ex02/install/actions/share/actions/cmake/actions__rosidl_typesupport_cExport.cmake
-- Installing: /home/antonadonin/Robotics/lab3/ex02/install/actions/share/actions/cmake/actions__rosidl_typesupport_cExport-noconfig.cmake
-- Installing: /home/antonadonin/Robotics/lab3/ex02/install/actions/share/actions/cmake/export_actions__rosidl_generator_cppExport.cmake
-- Installing: /home/antonadonin/Robotics/lab3/ex02/install/actions/share/actions/cmake/export_actions__rosidl_typesupport_fastrtps_cppExport.cmake
-- Installing: /home/antonadonin/Robotics/lab3/ex02/install/actions/share/actions/cmake/export_actions__rosidl_typesupport_fastrtps_cppExport-noconfig.cmake
-- Installing: /home/antonadonin/Robotics/lab3/ex02/install/actions/share/actions/cmake/actions__rosidl_typesupport_introspection_cppExport.cmake
-- Installing: /home/antonadonin/Robotics/lab3/ex02/install/actions/share/actions/cmake/actions__rosidl_typesupport_introspection_cppExport-noconfig.cmake
-- Installing: /home/antonadonin/Robotics/lab3/ex02/install/actions/share/actions/cmake/actions__rosidl_typesupport_cppExport.cmake
-- Installing: /home/antonadonin/Robotics/lab3/ex02/install/actions/share/actions/cmake/actions__rosidl_typesupport_cppExport-noconfig.cmake
-- Installing: /home/antonadonin/Robotics/lab3/ex02/install/actions/share/actions/cmake/export_actions__rosidl_generator_pyExport.cmake
-- Installing: /home/antonadonin/Robotics/lab3/ex02/install/actions/share/actions/cmake/export_actions__rosidl_generator_pyExport-noconfig.cmake
-- Installing: /home/antonadonin/Robotics/lab3/ex02/install/actions/share/actions/cmake/rosidl_cmake-extras.cmake
-- Installing: /home/antonadonin/Robotics/lab3/ex02/install/actions/share/actions/cmake/ament_cmake_export_dependencies-extras.cmake
-- Installing: /home/antonadonin/Robotics/lab3/ex02/install/actions/share/actions/cmake/ament_cmake_export_include_directories-extras.cmake
-- Installing: /home/antonadonin/Robotics/lab3/ex02/install/actions/share/actions/cmake/ament_cmake_export_libraries-extras.cmake
-- Installing: /home/antonadonin/Robotics/lab3/ex02/install/actions/share/actions/cmake/ament_cmake_export_targets-extras.cmake
-- Installing: /home/antonadonin/Robotics/lab3/ex02/install/actions/share/actions/cmake/rosidl_cmake_export_typesupport_targets-extras.cmake
-- Installing: /home/antonadonin/Robotics/lab3/ex02/install/actions/share/actions/cmake/rosidl_cmake_export_typesupport_libraries-extras.cmake
-- Installing: /home/antonadonin/Robotics/lab3/ex02/install/actions/share/actions/cmake/actionsConfig.cmake
-- Installing: /home/antonadonin/Robotics/lab3/ex02/install/actions/share/actions/cmake/actionsConfig-version.cmake
-- Installing: /home/antonadonin/Robotics/lab3/ex02/install/actions/share/actions/package.xml
