[0.069s] DEBUG:colcon:Command line arguments: ['/usr/bin/colcon', 'build']
[0.069s] DEBUG:colcon:Parsed command line arguments: Namespace(log_base=None, log_level=None, verb_name='build', build_base='build', install_base='install', merge_install=False, symlink_install=False, test_result_base=None, continue_on_error=False, executor='parallel', parallel_workers=8, event_handlers=None, ignore_user_meta=False, metas=['./colcon.meta'], base_paths=['.'], packages_ignore=None, packages_ignore_regex=None, paths=None, packages_up_to=None, packages_up_to_regex=None, packages_above=None, packages_above_and_dependencies=None, packages_above_depth=None, packages_select_by_dep=None, packages_skip_by_dep=None, packages_skip_up_to=None, packages_select_build_failed=False, packages_skip_build_finished=False, packages_select_test_failures=False, packages_skip_test_passed=False, packages_select=None, packages_skip=None, packages_select_regex=None, packages_skip_regex=None, packages_start=None, packages_end=None, allow_overriding=[], cmake_args=None, cmake_target=None, cmake_target_skip_unavailable=False, cmake_clean_cache=False, cmake_clean_first=False, cmake_force_configure=False, ament_cmake_args=None, catkin_cmake_args=None, catkin_skip_building_tests=False, mixin_files=None, mixin=None, verb_parser=<colcon_mixin.mixin.mixin_argument.MixinArgumentDecorator object at 0xffffb8205f10>, verb_extension=<colcon_core.verb.build.BuildVerb object at 0xffffb83b3cb0>, main=<bound method BuildVerb.main of <colcon_core.verb.build.BuildVerb object at 0xffffb83b3cb0>>, mixin_verb=('build',))
[0.106s] Level 1:colcon.colcon_core.package_discovery:discover_packages(colcon_meta) check parameters
[0.106s] Level 1:colcon.colcon_core.package_discovery:discover_packages(recursive) check parameters
[0.106s] Level 1:colcon.colcon_core.package_discovery:discover_packages(ignore) check parameters
[0.106s] Level 1:colcon.colcon_core.package_discovery:discover_packages(path) check parameters
[0.106s] Level 1:colcon.colcon_core.package_discovery:discover_packages(colcon_meta) discover
[0.106s] Level 1:colcon.colcon_core.package_discovery:discover_packages(recursive) discover
[0.106s] INFO:colcon.colcon_core.package_discovery:Crawling recursively for packages in '/home/antonadonin/Robotics/lab5/ex03'
[0.106s] Level 1:colcon.colcon_core.package_identification:_identify(.) by extensions ['ignore', 'ignore_ament_install']
[0.106s] Level 1:colcon.colcon_core.package_identification:_identify(.) by extension 'ignore'
[0.106s] Level 1:colcon.colcon_core.package_identification:_identify(.) by extension 'ignore_ament_install'
[0.106s] Level 1:colcon.colcon_core.package_identification:_identify(.) by extensions ['colcon_pkg']
[0.106s] Level 1:colcon.colcon_core.package_identification:_identify(.) by extension 'colcon_pkg'
[0.106s] Level 1:colcon.colcon_core.package_identification:_identify(.) by extensions ['colcon_meta']
[0.106s] Level 1:colcon.colcon_core.package_identification:_identify(.) by extension 'colcon_meta'
[0.106s] Level 1:colcon.colcon_core.package_identification:_identify(.) by extensions ['ros']
[0.106s] Level 1:colcon.colcon_core.package_identification:_identify(.) by extension 'ros'
[0.118s] Level 1:colcon.colcon_core.package_identification:_identify(.) by extensions ['cmake', 'python']
[0.118s] Level 1:colcon.colcon_core.package_identification:_identify(.) by extension 'cmake'
[0.118s] Level 1:colcon.colcon_core.package_identification:_identify(.) by extension 'python'
[0.118s] Level 1:colcon.colcon_core.package_identification:_identify(.) by extensions ['python_setup_py']
[0.118s] Level 1:colcon.colcon_core.package_identification:_identify(.) by extension 'python_setup_py'
[0.118s] Level 1:colcon.colcon_core.package_identification:_identify(build) by extensions ['ignore', 'ignore_ament_install']
[0.119s] Level 1:colcon.colcon_core.package_identification:_identify(build) by extension 'ignore'
[0.119s] Level 1:colcon.colcon_core.package_identification:_identify(build) ignored
[0.119s] Level 1:colcon.colcon_core.package_identification:_identify(install) by extensions ['ignore', 'ignore_ament_install']
[0.119s] Level 1:colcon.colcon_core.package_identification:_identify(install) by extension 'ignore'
[0.119s] Level 1:colcon.colcon_core.package_identification:_identify(install) ignored
[0.119s] Level 1:colcon.colcon_core.package_identification:_identify(log) by extensions ['ignore', 'ignore_ament_install']
[0.119s] Level 1:colcon.colcon_core.package_identification:_identify(log) by extension 'ignore'
[0.119s] Level 1:colcon.colcon_core.package_identification:_identify(log) ignored
[0.119s] Level 1:colcon.colcon_core.package_identification:_identify(robot_bringup) by extensions ['ignore', 'ignore_ament_install']
[0.119s] Level 1:colcon.colcon_core.package_identification:_identify(robot_bringup) by extension 'ignore'
[0.119s] Level 1:colcon.colcon_core.package_identification:_identify(robot_bringup) by extension 'ignore_ament_install'
[0.119s] Level 1:colcon.colcon_core.package_identification:_identify(robot_bringup) by extensions ['colcon_pkg']
[0.119s] Level 1:colcon.colcon_core.package_identification:_identify(robot_bringup) by extension 'colcon_pkg'
[0.119s] Level 1:colcon.colcon_core.package_identification:_identify(robot_bringup) by extensions ['colcon_meta']
[0.119s] Level 1:colcon.colcon_core.package_identification:_identify(robot_bringup) by extension 'colcon_meta'
[0.119s] Level 1:colcon.colcon_core.package_identification:_identify(robot_bringup) by extensions ['ros']
[0.119s] Level 1:colcon.colcon_core.package_identification:_identify(robot_bringup) by extension 'ros'
[0.120s] DEBUG:colcon.colcon_core.package_identification:Package 'robot_bringup' with type 'ros.ament_cmake' and name 'robot_bringup'
[0.120s] Level 1:colcon.colcon_core.package_identification:_identify(robot_description) by extensions ['ignore', 'ignore_ament_install']
[0.120s] Level 1:colcon.colcon_core.package_identification:_identify(robot_description) by extension 'ignore'
[0.120s] Level 1:colcon.colcon_core.package_identification:_identify(robot_description) by extension 'ignore_ament_install'
[0.120s] Level 1:colcon.colcon_core.package_identification:_identify(robot_description) by extensions ['colcon_pkg']
[0.120s] Level 1:colcon.colcon_core.package_identification:_identify(robot_description) by extension 'colcon_pkg'
[0.120s] Level 1:colcon.colcon_core.package_identification:_identify(robot_description) by extensions ['colcon_meta']
[0.120s] Level 1:colcon.colcon_core.package_identification:_identify(robot_description) by extension 'colcon_meta'
[0.120s] Level 1:colcon.colcon_core.package_identification:_identify(robot_description) by extensions ['ros']
[0.120s] Level 1:colcon.colcon_core.package_identification:_identify(robot_description) by extension 'ros'
[0.120s] DEBUG:colcon.colcon_core.package_identification:Package 'robot_description' with type 'ros.ament_cmake' and name 'robot_description'
[0.120s] Level 1:colcon.colcon_core.package_discovery:discover_packages(recursive) using defaults
[0.120s] Level 1:colcon.colcon_core.package_discovery:discover_packages(ignore) discover
[0.120s] Level 1:colcon.colcon_core.package_discovery:discover_packages(ignore) using defaults
[0.120s] Level 1:colcon.colcon_core.package_discovery:discover_packages(path) discover
[0.120s] Level 1:colcon.colcon_core.package_discovery:discover_packages(path) using defaults
[0.134s] Level 1:colcon.colcon_core.package_discovery:discover_packages(prefix_path) check parameters
[0.134s] Level 1:colcon.colcon_core.package_discovery:discover_packages(prefix_path) discover
[0.135s] Level 1:colcon.colcon_core.package_discovery:discover_packages(prefix_path) using defaults
[0.136s] Level 5:colcon.colcon_core.verb:set package 'robot_bringup' build argument 'cmake_args' from command line to 'None'
[0.136s] Level 5:colcon.colcon_core.verb:set package 'robot_bringup' build argument 'cmake_target' from command line to 'None'
[0.136s] Level 5:colcon.colcon_core.verb:set package 'robot_bringup' build argument 'cmake_target_skip_unavailable' from command line to 'False'
[0.136s] Level 5:colcon.colcon_core.verb:set package 'robot_bringup' build argument 'cmake_clean_cache' from command line to 'False'
[0.136s] Level 5:colcon.colcon_core.verb:set package 'robot_bringup' build argument 'cmake_clean_first' from command line to 'False'
[0.136s] Level 5:colcon.colcon_core.verb:set package 'robot_bringup' build argument 'cmake_force_configure' from command line to 'False'
[0.136s] Level 5:colcon.colcon_core.verb:set package 'robot_bringup' build argument 'ament_cmake_args' from command line to 'None'
[0.136s] Level 5:colcon.colcon_core.verb:set package 'robot_bringup' build argument 'catkin_cmake_args' from command line to 'None'
[0.136s] Level 5:colcon.colcon_core.verb:set package 'robot_bringup' build argument 'catkin_skip_building_tests' from command line to 'False'
[0.136s] DEBUG:colcon.colcon_core.verb:Building package 'robot_bringup' with the following arguments: {'ament_cmake_args': None, 'build_base': '/home/antonadonin/Robotics/lab5/ex03/build/robot_bringup', 'catkin_cmake_args': None, 'catkin_skip_building_tests': False, 'cmake_args': None, 'cmake_clean_cache': False, 'cmake_clean_first': False, 'cmake_force_configure': False, 'cmake_target': None, 'cmake_target_skip_unavailable': False, 'install_base': '/home/antonadonin/Robotics/lab5/ex03/install/robot_bringup', 'merge_install': False, 'path': '/home/antonadonin/Robotics/lab5/ex03/robot_bringup', 'symlink_install': False, 'test_result_base': None}
[0.136s] Level 5:colcon.colcon_core.verb:set package 'robot_description' build argument 'cmake_args' from command line to 'None'
[0.136s] Level 5:colcon.colcon_core.verb:set package 'robot_description' build argument 'cmake_target' from command line to 'None'
[0.136s] Level 5:colcon.colcon_core.verb:set package 'robot_description' build argument 'cmake_target_skip_unavailable' from command line to 'False'
[0.136s] Level 5:colcon.colcon_core.verb:set package 'robot_description' build argument 'cmake_clean_cache' from command line to 'False'
[0.136s] Level 5:colcon.colcon_core.verb:set package 'robot_description' build argument 'cmake_clean_first' from command line to 'False'
[0.136s] Level 5:colcon.colcon_core.verb:set package 'robot_description' build argument 'cmake_force_configure' from command line to 'False'
[0.136s] Level 5:colcon.colcon_core.verb:set package 'robot_description' build argument 'ament_cmake_args' from command line to 'None'
[0.136s] Level 5:colcon.colcon_core.verb:set package 'robot_description' build argument 'catkin_cmake_args' from command line to 'None'
[0.136s] Level 5:colcon.colcon_core.verb:set package 'robot_description' build argument 'catkin_skip_building_tests' from command line to 'False'
[0.136s] DEBUG:colcon.colcon_core.verb:Building package 'robot_description' with the following arguments: {'ament_cmake_args': None, 'build_base': '/home/antonadonin/Robotics/lab5/ex03/build/robot_description', 'catkin_cmake_args': None, 'catkin_skip_building_tests': False, 'cmake_args': None, 'cmake_clean_cache': False, 'cmake_clean_first': False, 'cmake_force_configure': False, 'cmake_target': None, 'cmake_target_skip_unavailable': False, 'install_base': '/home/antonadonin/Robotics/lab5/ex03/install/robot_description', 'merge_install': False, 'path': '/home/antonadonin/Robotics/lab5/ex03/robot_description', 'symlink_install': False, 'test_result_base': None}
[0.136s] INFO:colcon.colcon_core.executor:Executing jobs using 'parallel' executor
[0.137s] DEBUG:colcon.colcon_parallel_executor.executor.parallel:run_until_complete
[0.137s] INFO:colcon.colcon_ros.task.ament_cmake.build:Building ROS package in '/home/antonadonin/Robotics/lab5/ex03/robot_bringup' with build type 'ament_cmake'
[0.137s] INFO:colcon.colcon_cmake.task.cmake.build:Building CMake package in '/home/antonadonin/Robotics/lab5/ex03/robot_bringup'
[0.140s] INFO:colcon.colcon_core.plugin_system:Skipping extension 'colcon_core.shell.bat': Not used on non-Windows systems
[0.140s] INFO:colcon.colcon_core.shell:Skip shell extension 'powershell' for command environment: Not usable outside of PowerShell
[0.140s] DEBUG:colcon.colcon_core.shell:Skip shell extension 'dsv' for command environment
[0.141s] INFO:colcon.colcon_ros.task.ament_cmake.build:Building ROS package in '/home/antonadonin/Robotics/lab5/ex03/robot_description' with build type 'ament_cmake'
[0.141s] INFO:colcon.colcon_cmake.task.cmake.build:Building CMake package in '/home/antonadonin/Robotics/lab5/ex03/robot_description'
[0.141s] INFO:colcon.colcon_core.shell:Skip shell extension 'powershell' for command environment: Not usable outside of PowerShell
[0.141s] DEBUG:colcon.colcon_core.shell:Skip shell extension 'dsv' for command environment
[0.144s] DEBUG:colcon.colcon_core.event_handler.log_command:Invoking command in '/home/antonadonin/Robotics/lab5/ex03/build/robot_description': DEBUGINFOD_URLS=https://debuginfod.ubuntu.com /usr/bin/cmake /home/antonadonin/Robotics/lab5/ex03/robot_description -DCMAKE_INSTALL_PREFIX=/home/antonadonin/Robotics/lab5/ex03/install/robot_description
[0.147s] DEBUG:colcon.colcon_core.event_handler.log_command:Invoking command in '/home/antonadonin/Robotics/lab5/ex03/build/robot_bringup': DEBUGINFOD_URLS=https://debuginfod.ubuntu.com /usr/bin/cmake /home/antonadonin/Robotics/lab5/ex03/robot_bringup -DCMAKE_INSTALL_PREFIX=/home/antonadonin/Robotics/lab5/ex03/install/robot_bringup
[0.474s] DEBUG:colcon.colcon_core.event_handler.log_command:Invoked command in '/home/antonadonin/Robotics/lab5/ex03/build/robot_bringup' returned '1': DEBUGINFOD_URLS=https://debuginfod.ubuntu.com /usr/bin/cmake /home/antonadonin/Robotics/lab5/ex03/robot_bringup -DCMAKE_INSTALL_PREFIX=/home/antonadonin/Robotics/lab5/ex03/install/robot_bringup
[0.479s] Level 1:colcon.colcon_core.environment:create_environment_scripts_only(robot_bringup)
[0.482s] Level 1:colcon.colcon_core.environment:checking '/home/antonadonin/Robotics/lab5/ex03/install/robot_bringup' for CMake module files
[0.482s] Level 1:colcon.colcon_core.environment:checking '/home/antonadonin/Robotics/lab5/ex03/install/robot_bringup' for CMake config files
[0.483s] Level 1:colcon.colcon_core.environment:checking '/home/antonadonin/Robotics/lab5/ex03/install/robot_bringup/bin'
[0.483s] Level 1:colcon.colcon_core.environment:checking '/home/antonadonin/Robotics/lab5/ex03/install/robot_bringup/lib/pkgconfig/robot_bringup.pc'
[0.484s] Level 1:colcon.colcon_core.environment:checking '/home/antonadonin/Robotics/lab5/ex03/install/robot_bringup/lib/python3.12/site-packages'
[0.484s] Level 1:colcon.colcon_core.environment:checking '/home/antonadonin/Robotics/lab5/ex03/install/robot_bringup/bin'
[0.484s] INFO:colcon.colcon_core.shell:Creating package script '/home/antonadonin/Robotics/lab5/ex03/install/robot_bringup/share/robot_bringup/package.ps1'
[0.485s] INFO:colcon.colcon_core.shell:Creating package descriptor '/home/antonadonin/Robotics/lab5/ex03/install/robot_bringup/share/robot_bringup/package.dsv'
[0.485s] INFO:colcon.colcon_core.shell:Creating package script '/home/antonadonin/Robotics/lab5/ex03/install/robot_bringup/share/robot_bringup/package.sh'
[0.485s] INFO:colcon.colcon_core.shell:Creating package script '/home/antonadonin/Robotics/lab5/ex03/install/robot_bringup/share/robot_bringup/package.bash'
[0.486s] INFO:colcon.colcon_core.shell:Creating package script '/home/antonadonin/Robotics/lab5/ex03/install/robot_bringup/share/robot_bringup/package.zsh'
[0.486s] Level 1:colcon.colcon_core.environment:create_file_with_runtime_dependencies(/home/antonadonin/Robotics/lab5/ex03/install/robot_bringup/share/colcon-core/packages/robot_bringup)
[0.526s] DEBUG:colcon.colcon_parallel_executor.executor.parallel:closing loop
[0.526s] DEBUG:colcon.colcon_parallel_executor.executor.parallel:loop closed
[0.526s] DEBUG:colcon.colcon_parallel_executor.executor.parallel:run_until_complete finished with '1'
[0.526s] DEBUG:colcon.colcon_core.event_reactor:joining thread
[0.533s] INFO:colcon.colcon_core.plugin_system:Skipping extension 'colcon_notification.desktop_notification.terminal_notifier': Not used on non-Darwin systems
[0.533s] INFO:colcon.colcon_core.plugin_system:Skipping extension 'colcon_notification.desktop_notification.win32': Not used on non-Windows systems
[0.533s] INFO:colcon.colcon_notification.desktop_notification:Sending desktop notification using 'notify2'
[0.542s] DEBUG:colcon.colcon_core.event_reactor:joined thread
[0.542s] INFO:colcon.colcon_core.shell:Creating prefix script '/home/antonadonin/Robotics/lab5/ex03/install/local_setup.ps1'
[0.543s] INFO:colcon.colcon_core.shell:Creating prefix util module '/home/antonadonin/Robotics/lab5/ex03/install/_local_setup_util_ps1.py'
[0.543s] INFO:colcon.colcon_core.shell:Creating prefix chain script '/home/antonadonin/Robotics/lab5/ex03/install/setup.ps1'
[0.544s] INFO:colcon.colcon_core.shell:Creating prefix script '/home/antonadonin/Robotics/lab5/ex03/install/local_setup.sh'
[0.544s] INFO:colcon.colcon_core.shell:Creating prefix util module '/home/antonadonin/Robotics/lab5/ex03/install/_local_setup_util_sh.py'
[0.544s] INFO:colcon.colcon_core.shell:Creating prefix chain script '/home/antonadonin/Robotics/lab5/ex03/install/setup.sh'
[0.545s] INFO:colcon.colcon_core.shell:Creating prefix script '/home/antonadonin/Robotics/lab5/ex03/install/local_setup.bash'
[0.545s] INFO:colcon.colcon_core.shell:Creating prefix chain script '/home/antonadonin/Robotics/lab5/ex03/install/setup.bash'
[0.545s] INFO:colcon.colcon_core.shell:Creating prefix script '/home/antonadonin/Robotics/lab5/ex03/install/local_setup.zsh'
[0.546s] INFO:colcon.colcon_core.shell:Creating prefix chain script '/home/antonadonin/Robotics/lab5/ex03/install/setup.zsh'
