[0.346s] Invoking command in '/home/antonadonin/Robotics/lab3/ex05/move_to_goal': DEBUGINFOD_URLS=https://debuginfod.ubuntu.com PYTHONPATH=/home/antonadonin/Robotics/lab3/ex05/build/move_to_goal/prefix_override:/usr/lib/python3/dist-packages/colcon_core/task/python/colcon_distutils_commands:/home/antonadonin/Robotics/lab3/ex05/install/move_to_goal/lib/python3.12/site-packages:${PYTHONPATH} /usr/bin/python3 -W ignore:setup.py install is deprecated setup.py egg_info --egg-base ../build/move_to_goal build --build-base /home/antonadonin/Robotics/lab3/ex05/build/move_to_goal/build install --record /home/antonadonin/Robotics/lab3/ex05/build/move_to_goal/install.log --single-version-externally-managed install_data
[0.467s] running egg_info
[0.474s] writing ../build/move_to_goal/move_to_goal.egg-info/PKG-INFO
[0.474s] writing dependency_links to ../build/move_to_goal/move_to_goal.egg-info/dependency_links.txt
[0.474s] writing entry points to ../build/move_to_goal/move_to_goal.egg-info/entry_points.txt
[0.474s] writing requirements to ../build/move_to_goal/move_to_goal.egg-info/requires.txt
[0.474s] writing top-level names to ../build/move_to_goal/move_to_goal.egg-info/top_level.txt
[0.487s] reading manifest file '../build/move_to_goal/move_to_goal.egg-info/SOURCES.txt'
[0.487s] writing manifest file '../build/move_to_goal/move_to_goal.egg-info/SOURCES.txt'
[0.487s] running build
[0.487s] running build_py
[0.488s] copying move_to_goal/move_to_goal.py -> /home/antonadonin/Robotics/lab3/ex05/build/move_to_goal/build/lib/move_to_goal
[0.488s] running install
[0.491s] running install_lib
[0.498s] copying /home/antonadonin/Robotics/lab3/ex05/build/move_to_goal/build/lib/move_to_goal/move_to_goal.py -> /home/antonadonin/Robotics/lab3/ex05/install/move_to_goal/lib/python3.12/site-packages/move_to_goal
[0.498s] byte-compiling /home/antonadonin/Robotics/lab3/ex05/install/move_to_goal/lib/python3.12/site-packages/move_to_goal/move_to_goal.py to move_to_goal.cpython-312.pyc
[0.498s] running install_data
[0.498s] running install_egg_info
[0.506s] removing '/home/antonadonin/Robotics/lab3/ex05/install/move_to_goal/lib/python3.12/site-packages/move_to_goal-0.0.0-py3.12.egg-info' (and everything under it)
[0.506s] Copying ../build/move_to_goal/move_to_goal.egg-info to /home/antonadonin/Robotics/lab3/ex05/install/move_to_goal/lib/python3.12/site-packages/move_to_goal-0.0.0-py3.12.egg-info
[0.506s] running install_scripts
[0.555s] Installing move_to_goal_node script to /home/antonadonin/Robotics/lab3/ex05/install/move_to_goal/lib/move_to_goal
[0.555s] writing list of installed files to '/home/antonadonin/Robotics/lab3/ex05/build/move_to_goal/install.log'
[0.568s] Invoked command in '/home/antonadonin/Robotics/lab3/ex05/move_to_goal' returned '0': DEBUGINFOD_URLS=https://debuginfod.ubuntu.com PYTHONPATH=/home/antonadonin/Robotics/lab3/ex05/build/move_to_goal/prefix_override:/usr/lib/python3/dist-packages/colcon_core/task/python/colcon_distutils_commands:/home/antonadonin/Robotics/lab3/ex05/install/move_to_goal/lib/python3.12/site-packages:${PYTHONPATH} /usr/bin/python3 -W ignore:setup.py install is deprecated setup.py egg_info --egg-base ../build/move_to_goal build --build-base /home/antonadonin/Robotics/lab3/ex05/build/move_to_goal/build install --record /home/antonadonin/Robotics/lab3/ex05/build/move_to_goal/install.log --single-version-externally-managed install_data
