[0.005s] Invoking command in '/home/antonadonin/Robotics/lab5/ex02/build/sam_bot_description': CMAKE_PREFIX_PATH=${CMAKE_PREFIX_PATH}:/opt/ros/jazzy DEBUGINFOD_URLS=https://debuginfod.ubuntu.com /usr/bin/cmake /home/antonadonin/Robotics/lab5/ex02/sam_bot_description -DCMAKE_INSTALL_PREFIX=/home/antonadonin/Robotics/lab5/ex02/install/sam_bot_description
[0.015s] -- Found ament_cmake: 2.5.2 (/opt/ros/jazzy/share/ament_cmake/cmake)
[0.140s] -- Found Python3: /usr/bin/python3 (found version "3.12.3") found components: Interpreter 
[0.235s] -- Found ament_lint_auto: 0.17.1 (/opt/ros/jazzy/share/ament_lint_auto/cmake)
[0.304s] -- Added test 'flake8' to check Python code syntax and style conventions
[0.304s] -- Configured 'flake8' exclude dirs and/or files: 
[0.305s] -- Added test 'lint_cmake' to check CMake code style
[0.305s] -- Added test 'pep257' to check Python code against some of the docstring style conventions in PEP 257
[0.306s] -- Added test 'xmllint' to check XML markup files
[0.308s] -- Configuring done (0.3s)
[0.311s] -- Generating done (0.0s)
[0.312s] -- Build files have been written to: /home/antonadonin/Robotics/lab5/ex02/build/sam_bot_description
[0.315s] Invoked command in '/home/antonadonin/Robotics/lab5/ex02/build/sam_bot_description' returned '0': CMAKE_PREFIX_PATH=${CMAKE_PREFIX_PATH}:/opt/ros/jazzy DEBUGINFOD_URLS=https://debuginfod.ubuntu.com /usr/bin/cmake /home/antonadonin/Robotics/lab5/ex02/sam_bot_description -DCMAKE_INSTALL_PREFIX=/home/antonadonin/Robotics/lab5/ex02/install/sam_bot_description
[0.316s] Invoking command in '/home/antonadonin/Robotics/lab5/ex02/build/sam_bot_description': CMAKE_PREFIX_PATH=${CMAKE_PREFIX_PATH}:/opt/ros/jazzy DEBUGINFOD_URLS=https://debuginfod.ubuntu.com /usr/bin/cmake --build /home/antonadonin/Robotics/lab5/ex02/build/sam_bot_description -- -j8 -l8
[0.335s] Invoked command in '/home/antonadonin/Robotics/lab5/ex02/build/sam_bot_description' returned '0': CMAKE_PREFIX_PATH=${CMAKE_PREFIX_PATH}:/opt/ros/jazzy DEBUGINFOD_URLS=https://debuginfod.ubuntu.com /usr/bin/cmake --build /home/antonadonin/Robotics/lab5/ex02/build/sam_bot_description -- -j8 -l8
[0.354s] Invoking command in '/home/antonadonin/Robotics/lab5/ex02/build/sam_bot_description': CMAKE_PREFIX_PATH=${CMAKE_PREFIX_PATH}:/opt/ros/jazzy DEBUGINFOD_URLS=https://debuginfod.ubuntu.com /usr/bin/cmake --install /home/antonadonin/Robotics/lab5/ex02/build/sam_bot_description
[0.358s] -- Install configuration: ""
[0.358s] -- Installing: /home/antonadonin/Robotics/lab5/ex02/install/sam_bot_description/share/sam_bot_description/src
[0.358s] -- Installing: /home/antonadonin/Robotics/lab5/ex02/install/sam_bot_description/share/sam_bot_description/src/sam_bot_description.xacro
[0.359s] -- Installing: /home/antonadonin/Robotics/lab5/ex02/install/sam_bot_description/share/sam_bot_description/src/sam_bot_description.urdf
[0.359s] -- Installing: /home/antonadonin/Robotics/lab5/ex02/install/sam_bot_description/share/sam_bot_description/launch
[0.359s] -- Installing: /home/antonadonin/Robotics/lab5/ex02/install/sam_bot_description/share/sam_bot_description/launch/display.launch.py
[0.360s] -- Installing: /home/antonadonin/Robotics/lab5/ex02/install/sam_bot_description/share/sam_bot_description/rviz
[0.360s] -- Installing: /home/antonadonin/Robotics/lab5/ex02/install/sam_bot_description/share/sam_bot_description/rviz/urdf_config.rviz
[0.360s] -- Installing: /home/antonadonin/Robotics/lab5/ex02/install/sam_bot_description/share/ament_index/resource_index/package_run_dependencies/sam_bot_description
[0.360s] -- Installing: /home/antonadonin/Robotics/lab5/ex02/install/sam_bot_description/share/ament_index/resource_index/parent_prefix_path/sam_bot_description
[0.360s] -- Installing: /home/antonadonin/Robotics/lab5/ex02/install/sam_bot_description/share/sam_bot_description/environment/ament_prefix_path.sh
[0.360s] -- Installing: /home/antonadonin/Robotics/lab5/ex02/install/sam_bot_description/share/sam_bot_description/environment/ament_prefix_path.dsv
[0.360s] -- Installing: /home/antonadonin/Robotics/lab5/ex02/install/sam_bot_description/share/sam_bot_description/environment/path.sh
[0.361s] -- Installing: /home/antonadonin/Robotics/lab5/ex02/install/sam_bot_description/share/sam_bot_description/environment/path.dsv
[0.361s] -- Installing: /home/antonadonin/Robotics/lab5/ex02/install/sam_bot_description/share/sam_bot_description/local_setup.bash
[0.361s] -- Installing: /home/antonadonin/Robotics/lab5/ex02/install/sam_bot_description/share/sam_bot_description/local_setup.sh
[0.361s] -- Installing: /home/antonadonin/Robotics/lab5/ex02/install/sam_bot_description/share/sam_bot_description/local_setup.zsh
[0.361s] -- Installing: /home/antonadonin/Robotics/lab5/ex02/install/sam_bot_description/share/sam_bot_description/local_setup.dsv
[0.361s] -- Installing: /home/antonadonin/Robotics/lab5/ex02/install/sam_bot_description/share/sam_bot_description/package.dsv
[0.361s] -- Installing: /home/antonadonin/Robotics/lab5/ex02/install/sam_bot_description/share/ament_index/resource_index/packages/sam_bot_description
[0.361s] -- Installing: /home/antonadonin/Robotics/lab5/ex02/install/sam_bot_description/share/sam_bot_description/cmake/sam_bot_descriptionConfig.cmake
[0.361s] -- Installing: /home/antonadonin/Robotics/lab5/ex02/install/sam_bot_description/share/sam_bot_description/cmake/sam_bot_descriptionConfig-version.cmake
[0.361s] -- Installing: /home/antonadonin/Robotics/lab5/ex02/install/sam_bot_description/share/sam_bot_description/package.xml
[0.362s] Invoked command in '/home/antonadonin/Robotics/lab5/ex02/build/sam_bot_description' returned '0': CMAKE_PREFIX_PATH=${CMAKE_PREFIX_PATH}:/opt/ros/jazzy DEBUGINFOD_URLS=https://debuginfod.ubuntu.com /usr/bin/cmake --install /home/antonadonin/Robotics/lab5/ex02/build/sam_bot_description
