running egg_info
writing ../build/my_pkg/my_pkg.egg-info/PKG-INFO
writing dependency_links to ../build/my_pkg/my_pkg.egg-info/dependency_links.txt
writing entry points to ../build/my_pkg/my_pkg.egg-info/entry_points.txt
writing requirements to ../build/my_pkg/my_pkg.egg-info/requires.txt
writing top-level names to ../build/my_pkg/my_pkg.egg-info/top_level.txt
reading manifest file '../build/my_pkg/my_pkg.egg-info/SOURCES.txt'
writing manifest file '../build/my_pkg/my_pkg.egg-info/SOURCES.txt'
running build
running build_py
copying my_pkg/turtle2_tf2_listener.py -> /home/antonadonin/Robotics/lab4/ex02/build/my_pkg/build/lib/my_pkg
running install
running install_lib
copying /home/antonadonin/Robotics/lab4/ex02/build/my_pkg/build/lib/my_pkg/turtle2_tf2_listener.py -> /home/antonadonin/Robotics/lab4/ex02/install/my_pkg/lib/python3.12/site-packages/my_pkg
byte-compiling /home/antonadonin/Robotics/lab4/ex02/install/my_pkg/lib/python3.12/site-packages/my_pkg/turtle2_tf2_listener.py to turtle2_tf2_listener.cpython-312.pyc
running install_data
running install_egg_info
removing '/home/antonadonin/Robotics/lab4/ex02/install/my_pkg/lib/python3.12/site-packages/my_pkg-0.0.0-py3.12.egg-info' (and everything under it)
Copying ../build/my_pkg/my_pkg.egg-info to /home/antonadonin/Robotics/lab4/ex02/install/my_pkg/lib/python3.12/site-packages/my_pkg-0.0.0-py3.12.egg-info
running install_scripts
Installing carrot_tf2_broadcaster script to /home/antonadonin/Robotics/lab4/ex02/install/my_pkg/lib/my_pkg
Installing turtle1_tf2_broadcaster script to /home/antonadonin/Robotics/lab4/ex02/install/my_pkg/lib/my_pkg
Installing turtle2_tf2_broadcaster script to /home/antonadonin/Robotics/lab4/ex02/install/my_pkg/lib/my_pkg
Installing turtle2_tf2_listener script to /home/antonadonin/Robotics/lab4/ex02/install/my_pkg/lib/my_pkg
writing list of installed files to '/home/antonadonin/Robotics/lab4/ex02/build/my_pkg/install.log'
