running egg_info
writing ../build/service/service.egg-info/PKG-INFO
writing dependency_links to ../build/service/service.egg-info/dependency_links.txt
writing entry points to ../build/service/service.egg-info/entry_points.txt
writing requirements to ../build/service/service.egg-info/requires.txt
writing top-level names to ../build/service/service.egg-info/top_level.txt
reading manifest file '../build/service/service.egg-info/SOURCES.txt'
adding license file 'LICENSE'
writing manifest file '../build/service/service.egg-info/SOURCES.txt'
running build
running build_py
copying service/client.py -> /home/antonadonin/Robotics/lab3/ex01/build/service/build/lib/service
copying service/server.py -> /home/antonadonin/Robotics/lab3/ex01/build/service/build/lib/service
running install
running install_lib
copying /home/antonadonin/Robotics/lab3/ex01/build/service/build/lib/service/client.py -> /home/antonadonin/Robotics/lab3/ex01/install/service/lib/python3.12/site-packages/service
copying /home/antonadonin/Robotics/lab3/ex01/build/service/build/lib/service/server.py -> /home/antonadonin/Robotics/lab3/ex01/install/service/lib/python3.12/site-packages/service
byte-compiling /home/antonadonin/Robotics/lab3/ex01/install/service/lib/python3.12/site-packages/service/client.py to client.cpython-312.pyc
byte-compiling /home/antonadonin/Robotics/lab3/ex01/install/service/lib/python3.12/site-packages/service/server.py to server.cpython-312.pyc
running install_data
running install_egg_info
removing '/home/antonadonin/Robotics/lab3/ex01/install/service/lib/python3.12/site-packages/service-0.0.0-py3.12.egg-info' (and everything under it)
Copying ../build/service/service.egg-info to /home/antonadonin/Robotics/lab3/ex01/install/service/lib/python3.12/site-packages/service-0.0.0-py3.12.egg-info
running install_scripts
Installing client script to /home/antonadonin/Robotics/lab3/ex01/install/service/lib/service
Installing server script to /home/antonadonin/Robotics/lab3/ex01/install/service/lib/service
writing list of installed files to '/home/antonadonin/Robotics/lab3/ex01/build/service/install.log'
