[0.060s] DEBUG:colcon:Command line arguments: ['/usr/bin/colcon', 'build']
[0.060s] DEBUG:colcon:Parsed command line arguments: Namespace(log_base=None, log_level=None, verb_name='build', build_base='build', install_base='install', merge_install=False, symlink_install=False, test_result_base=None, continue_on_error=False, executor='parallel', parallel_workers=8, event_handlers=None, ignore_user_meta=False, metas=['./colcon.meta'], base_paths=['.'], packages_ignore=None, packages_ignore_regex=None, paths=None, packages_up_to=None, packages_up_to_regex=None, packages_above=None, packages_above_and_dependencies=None, packages_above_depth=None, packages_select_by_dep=None, packages_skip_by_dep=None, packages_skip_up_to=None, packages_select_build_failed=False, packages_skip_build_finished=False, packages_select_test_failures=False, packages_skip_test_passed=False, packages_select=None, packages_skip=None, packages_select_regex=None, packages_skip_regex=None, packages_start=None, packages_end=None, allow_overriding=[], cmake_args=None, cmake_target=None, cmake_target_skip_unavailable=False, cmake_clean_cache=False, cmake_clean_first=False, cmake_force_configure=False, ament_cmake_args=None, catkin_cmake_args=None, catkin_skip_building_tests=False, mixin_files=None, mixin=None, verb_parser=<colcon_mixin.mixin.mixin_argument.MixinArgumentDecorator object at 0xffffa51f78c0>, verb_extension=<colcon_core.verb.build.BuildVerb object at 0xffffa53a63f0>, main=<bound method BuildVerb.main of <colcon_core.verb.build.BuildVerb object at 0xffffa53a63f0>>, mixin_verb=('build',))
[0.083s] Level 1:colcon.colcon_core.package_discovery:discover_packages(colcon_meta) check parameters
[0.083s] Level 1:colcon.colcon_core.package_discovery:discover_packages(recursive) check parameters
[0.083s] Level 1:colcon.colcon_core.package_discovery:discover_packages(ignore) check parameters
[0.083s] Level 1:colcon.colcon_core.package_discovery:discover_packages(path) check parameters
[0.083s] Level 1:colcon.colcon_core.package_discovery:discover_packages(colcon_meta) discover
[0.083s] Level 1:colcon.colcon_core.package_discovery:discover_packages(recursive) discover
[0.083s] INFO:colcon.colcon_core.package_discovery:Crawling recursively for packages in '/home/antonadonin/Robotics/lab5/ex04'
[0.083s] Level 1:colcon.colcon_core.package_identification:_identify(.) by extensions ['ignore', 'ignore_ament_install']
[0.083s] Level 1:colcon.colcon_core.package_identification:_identify(.) by extension 'ignore'
[0.083s] Level 1:colcon.colcon_core.package_identification:_identify(.) by extension 'ignore_ament_install'
[0.083s] Level 1:colcon.colcon_core.package_identification:_identify(.) by extensions ['colcon_pkg']
[0.083s] Level 1:colcon.colcon_core.package_identification:_identify(.) by extension 'colcon_pkg'
[0.083s] Level 1:colcon.colcon_core.package_identification:_identify(.) by extensions ['colcon_meta']
[0.083s] Level 1:colcon.colcon_core.package_identification:_identify(.) by extension 'colcon_meta'
[0.083s] Level 1:colcon.colcon_core.package_identification:_identify(.) by extensions ['ros']
[0.083s] Level 1:colcon.colcon_core.package_identification:_identify(.) by extension 'ros'
[0.097s] Level 1:colcon.colcon_core.package_identification:_identify(.) by extensions ['cmake', 'python']
[0.097s] Level 1:colcon.colcon_core.package_identification:_identify(.) by extension 'cmake'
[0.097s] Level 1:colcon.colcon_core.package_identification:_identify(.) by extension 'python'
[0.097s] Level 1:colcon.colcon_core.package_identification:_identify(.) by extensions ['python_setup_py']
[0.097s] Level 1:colcon.colcon_core.package_identification:_identify(.) by extension 'python_setup_py'
[0.097s] Level 1:colcon.colcon_core.package_identification:_identify(build) by extensions ['ignore', 'ignore_ament_install']
[0.097s] Level 1:colcon.colcon_core.package_identification:_identify(build) by extension 'ignore'
[0.097s] Level 1:colcon.colcon_core.package_identification:_identify(build) ignored
[0.098s] Level 1:colcon.colcon_core.package_identification:_identify(install) by extensions ['ignore', 'ignore_ament_install']
[0.098s] Level 1:colcon.colcon_core.package_identification:_identify(install) by extension 'ignore'
[0.098s] Level 1:colcon.colcon_core.package_identification:_identify(install) ignored
[0.098s] Level 1:colcon.colcon_core.package_identification:_identify(log) by extensions ['ignore', 'ignore_ament_install']
[0.098s] Level 1:colcon.colcon_core.package_identification:_identify(log) by extension 'ignore'
[0.098s] Level 1:colcon.colcon_core.package_identification:_identify(log) ignored
[0.098s] Level 1:colcon.colcon_core.package_identification:_identify(movement) by extensions ['ignore', 'ignore_ament_install']
[0.098s] Level 1:colcon.colcon_core.package_identification:_identify(movement) by extension 'ignore'
[0.098s] Level 1:colcon.colcon_core.package_identification:_identify(movement) by extension 'ignore_ament_install'
[0.098s] Level 1:colcon.colcon_core.package_identification:_identify(movement) by extensions ['colcon_pkg']
[0.098s] Level 1:colcon.colcon_core.package_identification:_identify(movement) by extension 'colcon_pkg'
[0.098s] Level 1:colcon.colcon_core.package_identification:_identify(movement) by extensions ['colcon_meta']
[0.098s] Level 1:colcon.colcon_core.package_identification:_identify(movement) by extension 'colcon_meta'
[0.098s] Level 1:colcon.colcon_core.package_identification:_identify(movement) by extensions ['ros']
[0.098s] Level 1:colcon.colcon_core.package_identification:_identify(movement) by extension 'ros'
[0.099s] DEBUG:colcon.colcon_core.package_identification:Package 'movement' with type 'ros.ament_python' and name 'movement'
[0.099s] Level 1:colcon.colcon_core.package_identification:_identify(robot_bringup) by extensions ['ignore', 'ignore_ament_install']
[0.099s] Level 1:colcon.colcon_core.package_identification:_identify(robot_bringup) by extension 'ignore'
[0.099s] Level 1:colcon.colcon_core.package_identification:_identify(robot_bringup) by extension 'ignore_ament_install'
[0.099s] Level 1:colcon.colcon_core.package_identification:_identify(robot_bringup) by extensions ['colcon_pkg']
[0.099s] Level 1:colcon.colcon_core.package_identification:_identify(robot_bringup) by extension 'colcon_pkg'
[0.099s] Level 1:colcon.colcon_core.package_identification:_identify(robot_bringup) by extensions ['colcon_meta']
[0.099s] Level 1:colcon.colcon_core.package_identification:_identify(robot_bringup) by extension 'colcon_meta'
[0.099s] Level 1:colcon.colcon_core.package_identification:_identify(robot_bringup) by extensions ['ros']
[0.099s] Level 1:colcon.colcon_core.package_identification:_identify(robot_bringup) by extension 'ros'
[0.099s] DEBUG:colcon.colcon_core.package_identification:Package 'robot_bringup' with type 'ros.ament_cmake' and name 'robot_bringup'
[0.099s] Level 1:colcon.colcon_core.package_identification:_identify(robot_description) by extensions ['ignore', 'ignore_ament_install']
[0.099s] Level 1:colcon.colcon_core.package_identification:_identify(robot_description) by extension 'ignore'
[0.099s] Level 1:colcon.colcon_core.package_identification:_identify(robot_description) by extension 'ignore_ament_install'
[0.099s] Level 1:colcon.colcon_core.package_identification:_identify(robot_description) by extensions ['colcon_pkg']
[0.099s] Level 1:colcon.colcon_core.package_identification:_identify(robot_description) by extension 'colcon_pkg'
[0.099s] Level 1:colcon.colcon_core.package_identification:_identify(robot_description) by extensions ['colcon_meta']
[0.100s] Level 1:colcon.colcon_core.package_identification:_identify(robot_description) by extension 'colcon_meta'
[0.100s] Level 1:colcon.colcon_core.package_identification:_identify(robot_description) by extensions ['ros']
[0.100s] Level 1:colcon.colcon_core.package_identification:_identify(robot_description) by extension 'ros'
[0.100s] DEBUG:colcon.colcon_core.package_identification:Package 'robot_description' with type 'ros.ament_cmake' and name 'robot_description'
[0.100s] Level 1:colcon.colcon_core.package_discovery:discover_packages(recursive) using defaults
[0.100s] Level 1:colcon.colcon_core.package_discovery:discover_packages(ignore) discover
[0.100s] Level 1:colcon.colcon_core.package_discovery:discover_packages(ignore) using defaults
[0.100s] Level 1:colcon.colcon_core.package_discovery:discover_packages(path) discover
[0.100s] Level 1:colcon.colcon_core.package_discovery:discover_packages(path) using defaults
[0.111s] Level 1:colcon.colcon_core.package_discovery:discover_packages(prefix_path) check parameters
[0.111s] Level 1:colcon.colcon_core.package_discovery:discover_packages(prefix_path) discover
[0.113s] DEBUG:colcon.colcon_installed_package_information.package_discovery:Found 318 installed packages in /opt/ros/jazzy
[0.113s] Level 1:colcon.colcon_core.package_discovery:discover_packages(prefix_path) using defaults
[0.133s] Level 5:colcon.colcon_core.verb:set package 'movement' build argument 'cmake_args' from command line to 'None'
[0.133s] Level 5:colcon.colcon_core.verb:set package 'movement' build argument 'cmake_target' from command line to 'None'
[0.133s] Level 5:colcon.colcon_core.verb:set package 'movement' build argument 'cmake_target_skip_unavailable' from command line to 'False'
[0.133s] Level 5:colcon.colcon_core.verb:set package 'movement' build argument 'cmake_clean_cache' from command line to 'False'
[0.133s] Level 5:colcon.colcon_core.verb:set package 'movement' build argument 'cmake_clean_first' from command line to 'False'
[0.133s] Level 5:colcon.colcon_core.verb:set package 'movement' build argument 'cmake_force_configure' from command line to 'False'
[0.133s] Level 5:colcon.colcon_core.verb:set package 'movement' build argument 'ament_cmake_args' from command line to 'None'
[0.133s] Level 5:colcon.colcon_core.verb:set package 'movement' build argument 'catkin_cmake_args' from command line to 'None'
[0.133s] Level 5:colcon.colcon_core.verb:set package 'movement' build argument 'catkin_skip_building_tests' from command line to 'False'
[0.133s] DEBUG:colcon.colcon_core.verb:Building package 'movement' with the following arguments: {'ament_cmake_args': None, 'build_base': '/home/antonadonin/Robotics/lab5/ex04/build/movement', 'catkin_cmake_args': None, 'catkin_skip_building_tests': False, 'cmake_args': None, 'cmake_clean_cache': False, 'cmake_clean_first': False, 'cmake_force_configure': False, 'cmake_target': None, 'cmake_target_skip_unavailable': False, 'install_base': '/home/antonadonin/Robotics/lab5/ex04/install/movement', 'merge_install': False, 'path': '/home/antonadonin/Robotics/lab5/ex04/movement', 'symlink_install': False, 'test_result_base': None}
[0.133s] Level 5:colcon.colcon_core.verb:set package 'robot_bringup' build argument 'cmake_args' from command line to 'None'
[0.133s] Level 5:colcon.colcon_core.verb:set package 'robot_bringup' build argument 'cmake_target' from command line to 'None'
[0.133s] Level 5:colcon.colcon_core.verb:set package 'robot_bringup' build argument 'cmake_target_skip_unavailable' from command line to 'False'
[0.133s] Level 5:colcon.colcon_core.verb:set package 'robot_bringup' build argument 'cmake_clean_cache' from command line to 'False'
[0.133s] Level 5:colcon.colcon_core.verb:set package 'robot_bringup' build argument 'cmake_clean_first' from command line to 'False'
[0.133s] Level 5:colcon.colcon_core.verb:set package 'robot_bringup' build argument 'cmake_force_configure' from command line to 'False'
[0.133s] Level 5:colcon.colcon_core.verb:set package 'robot_bringup' build argument 'ament_cmake_args' from command line to 'None'
[0.133s] Level 5:colcon.colcon_core.verb:set package 'robot_bringup' build argument 'catkin_cmake_args' from command line to 'None'
[0.133s] Level 5:colcon.colcon_core.verb:set package 'robot_bringup' build argument 'catkin_skip_building_tests' from command line to 'False'
[0.133s] DEBUG:colcon.colcon_core.verb:Building package 'robot_bringup' with the following arguments: {'ament_cmake_args': None, 'build_base': '/home/antonadonin/Robotics/lab5/ex04/build/robot_bringup', 'catkin_cmake_args': None, 'catkin_skip_building_tests': False, 'cmake_args': None, 'cmake_clean_cache': False, 'cmake_clean_first': False, 'cmake_force_configure': False, 'cmake_target': None, 'cmake_target_skip_unavailable': False, 'install_base': '/home/antonadonin/Robotics/lab5/ex04/install/robot_bringup', 'merge_install': False, 'path': '/home/antonadonin/Robotics/lab5/ex04/robot_bringup', 'symlink_install': False, 'test_result_base': None}
[0.133s] Level 5:colcon.colcon_core.verb:set package 'robot_description' build argument 'cmake_args' from command line to 'None'
[0.133s] Level 5:colcon.colcon_core.verb:set package 'robot_description' build argument 'cmake_target' from command line to 'None'
[0.133s] Level 5:colcon.colcon_core.verb:set package 'robot_description' build argument 'cmake_target_skip_unavailable' from command line to 'False'
[0.133s] Level 5:colcon.colcon_core.verb:set package 'robot_description' build argument 'cmake_clean_cache' from command line to 'False'
[0.133s] Level 5:colcon.colcon_core.verb:set package 'robot_description' build argument 'cmake_clean_first' from command line to 'False'
[0.133s] Level 5:colcon.colcon_core.verb:set package 'robot_description' build argument 'cmake_force_configure' from command line to 'False'
[0.133s] Level 5:colcon.colcon_core.verb:set package 'robot_description' build argument 'ament_cmake_args' from command line to 'None'
[0.133s] Level 5:colcon.colcon_core.verb:set package 'robot_description' build argument 'catkin_cmake_args' from command line to 'None'
[0.133s] Level 5:colcon.colcon_core.verb:set package 'robot_description' build argument 'catkin_skip_building_tests' from command line to 'False'
[0.133s] DEBUG:colcon.colcon_core.verb:Building package 'robot_description' with the following arguments: {'ament_cmake_args': None, 'build_base': '/home/antonadonin/Robotics/lab5/ex04/build/robot_description', 'catkin_cmake_args': None, 'catkin_skip_building_tests': False, 'cmake_args': None, 'cmake_clean_cache': False, 'cmake_clean_first': False, 'cmake_force_configure': False, 'cmake_target': None, 'cmake_target_skip_unavailable': False, 'install_base': '/home/antonadonin/Robotics/lab5/ex04/install/robot_description', 'merge_install': False, 'path': '/home/antonadonin/Robotics/lab5/ex04/robot_description', 'symlink_install': False, 'test_result_base': None}
[0.134s] INFO:colcon.colcon_core.executor:Executing jobs using 'parallel' executor
[0.134s] DEBUG:colcon.colcon_parallel_executor.executor.parallel:run_until_complete
[0.134s] INFO:colcon.colcon_ros.task.ament_python.build:Building ROS package in '/home/antonadonin/Robotics/lab5/ex04/movement' with build type 'ament_python'
[0.134s] Level 1:colcon.colcon_core.shell:create_environment_hook('movement', 'ament_prefix_path')
[0.135s] INFO:colcon.colcon_core.plugin_system:Skipping extension 'colcon_core.shell.bat': Not used on non-Windows systems
[0.135s] INFO:colcon.colcon_core.shell:Creating environment hook '/home/antonadonin/Robotics/lab5/ex04/install/movement/share/movement/hook/ament_prefix_path.ps1'
[0.136s] INFO:colcon.colcon_core.shell:Creating environment descriptor '/home/antonadonin/Robotics/lab5/ex04/install/movement/share/movement/hook/ament_prefix_path.dsv'
[0.136s] INFO:colcon.colcon_core.shell:Creating environment hook '/home/antonadonin/Robotics/lab5/ex04/install/movement/share/movement/hook/ament_prefix_path.sh'
[0.136s] INFO:colcon.colcon_core.shell:Skip shell extension 'powershell' for command environment: Not usable outside of PowerShell
[0.136s] DEBUG:colcon.colcon_core.shell:Skip shell extension 'dsv' for command environment
[0.139s] INFO:colcon.colcon_ros.task.ament_cmake.build:Building ROS package in '/home/antonadonin/Robotics/lab5/ex04/robot_bringup' with build type 'ament_cmake'
[0.139s] INFO:colcon.colcon_cmake.task.cmake.build:Building CMake package in '/home/antonadonin/Robotics/lab5/ex04/robot_bringup'
[0.139s] INFO:colcon.colcon_core.shell:Skip shell extension 'powershell' for command environment: Not usable outside of PowerShell
[0.139s] DEBUG:colcon.colcon_core.shell:Skip shell extension 'dsv' for command environment
[0.140s] INFO:colcon.colcon_ros.task.ament_cmake.build:Building ROS package in '/home/antonadonin/Robotics/lab5/ex04/robot_description' with build type 'ament_cmake'
[0.140s] INFO:colcon.colcon_cmake.task.cmake.build:Building CMake package in '/home/antonadonin/Robotics/lab5/ex04/robot_description'
[0.140s] INFO:colcon.colcon_core.shell:Skip shell extension 'powershell' for command environment: Not usable outside of PowerShell
[0.140s] DEBUG:colcon.colcon_core.shell:Skip shell extension 'dsv' for command environment
[0.234s] INFO:colcon.colcon_core.task.python.build:Building Python package in '/home/antonadonin/Robotics/lab5/ex04/movement'
[0.234s] INFO:colcon.colcon_core.shell:Skip shell extension 'powershell' for command environment: Not usable outside of PowerShell
[0.234s] DEBUG:colcon.colcon_core.shell:Skip shell extension 'dsv' for command environment
[0.237s] DEBUG:colcon.colcon_core.event_handler.log_command:Invoking command in '/home/antonadonin/Robotics/lab5/ex04/build/robot_bringup': CMAKE_PREFIX_PATH=${CMAKE_PREFIX_PATH}:/opt/ros/jazzy DEBUGINFOD_URLS=https://debuginfod.ubuntu.com /usr/bin/cmake --build /home/antonadonin/Robotics/lab5/ex04/build/robot_bringup -- -j8 -l8
[0.240s] DEBUG:colcon.colcon_core.event_handler.log_command:Invoking command in '/home/antonadonin/Robotics/lab5/ex04/build/robot_description': CMAKE_PREFIX_PATH=${CMAKE_PREFIX_PATH}:/opt/ros/jazzy DEBUGINFOD_URLS=https://debuginfod.ubuntu.com /usr/bin/cmake --build /home/antonadonin/Robotics/lab5/ex04/build/robot_description -- -j8 -l8
[0.276s] DEBUG:colcon.colcon_core.event_handler.log_command:Invoked command in '/home/antonadonin/Robotics/lab5/ex04/build/robot_description' returned '0': CMAKE_PREFIX_PATH=${CMAKE_PREFIX_PATH}:/opt/ros/jazzy DEBUGINFOD_URLS=https://debuginfod.ubuntu.com /usr/bin/cmake --build /home/antonadonin/Robotics/lab5/ex04/build/robot_description -- -j8 -l8
[0.279s] DEBUG:colcon.colcon_core.event_handler.log_command:Invoked command in '/home/antonadonin/Robotics/lab5/ex04/build/robot_bringup' returned '0': CMAKE_PREFIX_PATH=${CMAKE_PREFIX_PATH}:/opt/ros/jazzy DEBUGINFOD_URLS=https://debuginfod.ubuntu.com /usr/bin/cmake --build /home/antonadonin/Robotics/lab5/ex04/build/robot_bringup -- -j8 -l8
[0.292s] DEBUG:colcon.colcon_core.event_handler.log_command:Invoking command in '/home/antonadonin/Robotics/lab5/ex04/build/robot_description': CMAKE_PREFIX_PATH=${CMAKE_PREFIX_PATH}:/opt/ros/jazzy DEBUGINFOD_URLS=https://debuginfod.ubuntu.com /usr/bin/cmake --install /home/antonadonin/Robotics/lab5/ex04/build/robot_description
[0.294s] DEBUG:colcon.colcon_core.event_handler.log_command:Invoking command in '/home/antonadonin/Robotics/lab5/ex04/build/robot_bringup': CMAKE_PREFIX_PATH=${CMAKE_PREFIX_PATH}:/opt/ros/jazzy DEBUGINFOD_URLS=https://debuginfod.ubuntu.com /usr/bin/cmake --install /home/antonadonin/Robotics/lab5/ex04/build/robot_bringup
[0.298s] Level 1:colcon.colcon_core.environment:create_environment_scripts_only(robot_description)
[0.298s] DEBUG:colcon.colcon_core.event_handler.log_command:Invoked command in '/home/antonadonin/Robotics/lab5/ex04/build/robot_description' returned '0': CMAKE_PREFIX_PATH=${CMAKE_PREFIX_PATH}:/opt/ros/jazzy DEBUGINFOD_URLS=https://debuginfod.ubuntu.com /usr/bin/cmake --install /home/antonadonin/Robotics/lab5/ex04/build/robot_description
[0.300s] Level 1:colcon.colcon_core.environment:checking '/home/antonadonin/Robotics/lab5/ex04/install/robot_description' for CMake module files
[0.301s] Level 1:colcon.colcon_core.environment:checking '/home/antonadonin/Robotics/lab5/ex04/install/robot_description' for CMake config files
[0.303s] Level 1:colcon.colcon_core.shell:create_environment_hook('robot_description', 'cmake_prefix_path')
[0.303s] INFO:colcon.colcon_core.shell:Creating environment hook '/home/antonadonin/Robotics/lab5/ex04/install/robot_description/share/robot_description/hook/cmake_prefix_path.ps1'
[0.303s] INFO:colcon.colcon_core.shell:Creating environment descriptor '/home/antonadonin/Robotics/lab5/ex04/install/robot_description/share/robot_description/hook/cmake_prefix_path.dsv'
[0.303s] INFO:colcon.colcon_core.shell:Creating environment hook '/home/antonadonin/Robotics/lab5/ex04/install/robot_description/share/robot_description/hook/cmake_prefix_path.sh'
[0.303s] Level 1:colcon.colcon_core.environment:checking '/home/antonadonin/Robotics/lab5/ex04/install/robot_description/bin'
[0.303s] Level 1:colcon.colcon_core.environment:checking '/home/antonadonin/Robotics/lab5/ex04/install/robot_description/lib/pkgconfig/robot_description.pc'
[0.303s] Level 1:colcon.colcon_core.environment:checking '/home/antonadonin/Robotics/lab5/ex04/install/robot_description/lib/python3.12/site-packages'
[0.304s] Level 1:colcon.colcon_core.environment:checking '/home/antonadonin/Robotics/lab5/ex04/install/robot_description/bin'
[0.304s] INFO:colcon.colcon_core.shell:Creating package script '/home/antonadonin/Robotics/lab5/ex04/install/robot_description/share/robot_description/package.ps1'
[0.304s] INFO:colcon.colcon_core.shell:Creating package descriptor '/home/antonadonin/Robotics/lab5/ex04/install/robot_description/share/robot_description/package.dsv'
[0.304s] INFO:colcon.colcon_core.shell:Creating package script '/home/antonadonin/Robotics/lab5/ex04/install/robot_description/share/robot_description/package.sh'
[0.305s] INFO:colcon.colcon_core.shell:Creating package script '/home/antonadonin/Robotics/lab5/ex04/install/robot_description/share/robot_description/package.bash'
[0.305s] INFO:colcon.colcon_core.shell:Creating package script '/home/antonadonin/Robotics/lab5/ex04/install/robot_description/share/robot_description/package.zsh'
[0.305s] Level 1:colcon.colcon_core.environment:create_file_with_runtime_dependencies(/home/antonadonin/Robotics/lab5/ex04/install/robot_description/share/colcon-core/packages/robot_description)
[0.306s] Level 1:colcon.colcon_core.environment:create_environment_scripts_only(robot_bringup)
[0.306s] DEBUG:colcon.colcon_core.event_handler.log_command:Invoked command in '/home/antonadonin/Robotics/lab5/ex04/build/robot_bringup' returned '0': CMAKE_PREFIX_PATH=${CMAKE_PREFIX_PATH}:/opt/ros/jazzy DEBUGINFOD_URLS=https://debuginfod.ubuntu.com /usr/bin/cmake --install /home/antonadonin/Robotics/lab5/ex04/build/robot_bringup
[0.306s] Level 1:colcon.colcon_core.environment:checking '/home/antonadonin/Robotics/lab5/ex04/install/robot_bringup' for CMake module files
[0.307s] Level 1:colcon.colcon_core.environment:checking '/home/antonadonin/Robotics/lab5/ex04/install/robot_bringup' for CMake config files
[0.307s] Level 1:colcon.colcon_core.shell:create_environment_hook('robot_bringup', 'cmake_prefix_path')
[0.307s] INFO:colcon.colcon_core.shell:Creating environment hook '/home/antonadonin/Robotics/lab5/ex04/install/robot_bringup/share/robot_bringup/hook/cmake_prefix_path.ps1'
[0.308s] INFO:colcon.colcon_core.shell:Creating environment descriptor '/home/antonadonin/Robotics/lab5/ex04/install/robot_bringup/share/robot_bringup/hook/cmake_prefix_path.dsv'
[0.308s] INFO:colcon.colcon_core.shell:Creating environment hook '/home/antonadonin/Robotics/lab5/ex04/install/robot_bringup/share/robot_bringup/hook/cmake_prefix_path.sh'
[0.308s] Level 1:colcon.colcon_core.environment:checking '/home/antonadonin/Robotics/lab5/ex04/install/robot_bringup/bin'
[0.308s] Level 1:colcon.colcon_core.environment:checking '/home/antonadonin/Robotics/lab5/ex04/install/robot_bringup/lib/pkgconfig/robot_bringup.pc'
[0.309s] Level 1:colcon.colcon_core.environment:checking '/home/antonadonin/Robotics/lab5/ex04/install/robot_bringup/lib/python3.12/site-packages'
[0.309s] Level 1:colcon.colcon_core.environment:checking '/home/antonadonin/Robotics/lab5/ex04/install/robot_bringup/bin'
[0.309s] INFO:colcon.colcon_core.shell:Creating package script '/home/antonadonin/Robotics/lab5/ex04/install/robot_bringup/share/robot_bringup/package.ps1'
[0.309s] INFO:colcon.colcon_core.shell:Creating package descriptor '/home/antonadonin/Robotics/lab5/ex04/install/robot_bringup/share/robot_bringup/package.dsv'
[0.310s] INFO:colcon.colcon_core.shell:Creating package script '/home/antonadonin/Robotics/lab5/ex04/install/robot_bringup/share/robot_bringup/package.sh'
[0.310s] INFO:colcon.colcon_core.shell:Creating package script '/home/antonadonin/Robotics/lab5/ex04/install/robot_bringup/share/robot_bringup/package.bash'
[0.310s] INFO:colcon.colcon_core.shell:Creating package script '/home/antonadonin/Robotics/lab5/ex04/install/robot_bringup/share/robot_bringup/package.zsh'
[0.310s] Level 1:colcon.colcon_core.environment:create_file_with_runtime_dependencies(/home/antonadonin/Robotics/lab5/ex04/install/robot_bringup/share/colcon-core/packages/robot_bringup)
[0.318s] Level 1:colcon.colcon_core.environment:create_environment_scripts_only(robot_description)
[0.319s] Level 1:colcon.colcon_core.environment:checking '/home/antonadonin/Robotics/lab5/ex04/install/robot_description' for CMake module files
[0.319s] Level 1:colcon.colcon_core.environment:checking '/home/antonadonin/Robotics/lab5/ex04/install/robot_description' for CMake config files
[0.319s] Level 1:colcon.colcon_core.shell:create_environment_hook('robot_description', 'cmake_prefix_path')
[0.319s] INFO:colcon.colcon_core.shell:Creating environment hook '/home/antonadonin/Robotics/lab5/ex04/install/robot_description/share/robot_description/hook/cmake_prefix_path.ps1'
[0.319s] INFO:colcon.colcon_core.shell:Creating environment descriptor '/home/antonadonin/Robotics/lab5/ex04/install/robot_description/share/robot_description/hook/cmake_prefix_path.dsv'
[0.319s] INFO:colcon.colcon_core.shell:Creating environment hook '/home/antonadonin/Robotics/lab5/ex04/install/robot_description/share/robot_description/hook/cmake_prefix_path.sh'
[0.319s] Level 1:colcon.colcon_core.environment:checking '/home/antonadonin/Robotics/lab5/ex04/install/robot_description/bin'
[0.319s] Level 1:colcon.colcon_core.environment:checking '/home/antonadonin/Robotics/lab5/ex04/install/robot_description/lib/pkgconfig/robot_description.pc'
[0.320s] Level 1:colcon.colcon_core.environment:checking '/home/antonadonin/Robotics/lab5/ex04/install/robot_description/lib/python3.12/site-packages'
[0.320s] Level 1:colcon.colcon_core.environment:checking '/home/antonadonin/Robotics/lab5/ex04/install/robot_description/bin'
[0.320s] INFO:colcon.colcon_core.shell:Creating package script '/home/antonadonin/Robotics/lab5/ex04/install/robot_description/share/robot_description/package.ps1'
[0.320s] INFO:colcon.colcon_core.shell:Creating package descriptor '/home/antonadonin/Robotics/lab5/ex04/install/robot_description/share/robot_description/package.dsv'
[0.320s] INFO:colcon.colcon_core.shell:Creating package script '/home/antonadonin/Robotics/lab5/ex04/install/robot_description/share/robot_description/package.sh'
[0.320s] INFO:colcon.colcon_core.shell:Creating package script '/home/antonadonin/Robotics/lab5/ex04/install/robot_description/share/robot_description/package.bash'
[0.320s] INFO:colcon.colcon_core.shell:Creating package script '/home/antonadonin/Robotics/lab5/ex04/install/robot_description/share/robot_description/package.zsh'
[0.320s] Level 1:colcon.colcon_core.environment:create_file_with_runtime_dependencies(/home/antonadonin/Robotics/lab5/ex04/install/robot_description/share/colcon-core/packages/robot_description)
[0.321s] Level 1:colcon.colcon_core.environment:create_environment_scripts_only(robot_bringup)
[0.321s] Level 1:colcon.colcon_core.environment:checking '/home/antonadonin/Robotics/lab5/ex04/install/robot_bringup' for CMake module files
[0.321s] Level 1:colcon.colcon_core.environment:checking '/home/antonadonin/Robotics/lab5/ex04/install/robot_bringup' for CMake config files
[0.321s] Level 1:colcon.colcon_core.shell:create_environment_hook('robot_bringup', 'cmake_prefix_path')
[0.321s] INFO:colcon.colcon_core.shell:Creating environment hook '/home/antonadonin/Robotics/lab5/ex04/install/robot_bringup/share/robot_bringup/hook/cmake_prefix_path.ps1'
[0.322s] INFO:colcon.colcon_core.shell:Creating environment descriptor '/home/antonadonin/Robotics/lab5/ex04/install/robot_bringup/share/robot_bringup/hook/cmake_prefix_path.dsv'
[0.322s] INFO:colcon.colcon_core.shell:Creating environment hook '/home/antonadonin/Robotics/lab5/ex04/install/robot_bringup/share/robot_bringup/hook/cmake_prefix_path.sh'
[0.322s] Level 1:colcon.colcon_core.environment:checking '/home/antonadonin/Robotics/lab5/ex04/install/robot_bringup/bin'
[0.322s] Level 1:colcon.colcon_core.environment:checking '/home/antonadonin/Robotics/lab5/ex04/install/robot_bringup/lib/pkgconfig/robot_bringup.pc'
[0.322s] Level 1:colcon.colcon_core.environment:checking '/home/antonadonin/Robotics/lab5/ex04/install/robot_bringup/lib/python3.12/site-packages'
[0.322s] Level 1:colcon.colcon_core.environment:checking '/home/antonadonin/Robotics/lab5/ex04/install/robot_bringup/bin'
[0.322s] INFO:colcon.colcon_core.shell:Creating package script '/home/antonadonin/Robotics/lab5/ex04/install/robot_bringup/share/robot_bringup/package.ps1'
[0.322s] INFO:colcon.colcon_core.shell:Creating package descriptor '/home/antonadonin/Robotics/lab5/ex04/install/robot_bringup/share/robot_bringup/package.dsv'
[0.322s] INFO:colcon.colcon_core.shell:Creating package script '/home/antonadonin/Robotics/lab5/ex04/install/robot_bringup/share/robot_bringup/package.sh'
[0.323s] INFO:colcon.colcon_core.shell:Creating package script '/home/antonadonin/Robotics/lab5/ex04/install/robot_bringup/share/robot_bringup/package.bash'
[0.323s] INFO:colcon.colcon_core.shell:Creating package script '/home/antonadonin/Robotics/lab5/ex04/install/robot_bringup/share/robot_bringup/package.zsh'
[0.323s] Level 1:colcon.colcon_core.environment:create_file_with_runtime_dependencies(/home/antonadonin/Robotics/lab5/ex04/install/robot_bringup/share/colcon-core/packages/robot_bringup)
[0.569s] DEBUG:colcon.colcon_core.event_handler.log_command:Invoking command in '/home/antonadonin/Robotics/lab5/ex04/movement': DEBUGINFOD_URLS=https://debuginfod.ubuntu.com PYTHONPATH=/home/antonadonin/Robotics/lab5/ex04/build/movement/prefix_override:/usr/lib/python3/dist-packages/colcon_core/task/python/colcon_distutils_commands:/home/antonadonin/Robotics/lab5/ex04/install/movement/lib/python3.12/site-packages:${PYTHONPATH} /usr/bin/python3 -W ignore:setup.py install is deprecated setup.py egg_info --egg-base ../build/movement build --build-base /home/antonadonin/Robotics/lab5/ex04/build/movement/build install --record /home/antonadonin/Robotics/lab5/ex04/build/movement/install.log --single-version-externally-managed install_data
[0.782s] Level 1:colcon.colcon_core.environment:checking '/home/antonadonin/Robotics/lab5/ex04/install/movement' for CMake module files
[0.783s] DEBUG:colcon.colcon_core.event_handler.log_command:Invoked command in '/home/antonadonin/Robotics/lab5/ex04/movement' returned '0': DEBUGINFOD_URLS=https://debuginfod.ubuntu.com PYTHONPATH=/home/antonadonin/Robotics/lab5/ex04/build/movement/prefix_override:/usr/lib/python3/dist-packages/colcon_core/task/python/colcon_distutils_commands:/home/antonadonin/Robotics/lab5/ex04/install/movement/lib/python3.12/site-packages:${PYTHONPATH} /usr/bin/python3 -W ignore:setup.py install is deprecated setup.py egg_info --egg-base ../build/movement build --build-base /home/antonadonin/Robotics/lab5/ex04/build/movement/build install --record /home/antonadonin/Robotics/lab5/ex04/build/movement/install.log --single-version-externally-managed install_data
[0.783s] Level 1:colcon.colcon_core.environment:checking '/home/antonadonin/Robotics/lab5/ex04/install/movement' for CMake config files
[0.784s] Level 1:colcon.colcon_core.environment:checking '/home/antonadonin/Robotics/lab5/ex04/install/movement/lib'
[0.784s] Level 1:colcon.colcon_core.environment:checking '/home/antonadonin/Robotics/lab5/ex04/install/movement/bin'
[0.784s] Level 1:colcon.colcon_core.environment:checking '/home/antonadonin/Robotics/lab5/ex04/install/movement/lib/pkgconfig/movement.pc'
[0.784s] Level 1:colcon.colcon_core.environment:checking '/home/antonadonin/Robotics/lab5/ex04/install/movement/lib/python3.12/site-packages'
[0.784s] Level 1:colcon.colcon_core.shell:create_environment_hook('movement', 'pythonpath')
[0.784s] INFO:colcon.colcon_core.shell:Creating environment hook '/home/antonadonin/Robotics/lab5/ex04/install/movement/share/movement/hook/pythonpath.ps1'
[0.785s] INFO:colcon.colcon_core.shell:Creating environment descriptor '/home/antonadonin/Robotics/lab5/ex04/install/movement/share/movement/hook/pythonpath.dsv'
[0.785s] INFO:colcon.colcon_core.shell:Creating environment hook '/home/antonadonin/Robotics/lab5/ex04/install/movement/share/movement/hook/pythonpath.sh'
[0.785s] Level 1:colcon.colcon_core.environment:checking '/home/antonadonin/Robotics/lab5/ex04/install/movement/bin'
[0.785s] Level 1:colcon.colcon_core.environment:create_environment_scripts_only(movement)
[0.785s] INFO:colcon.colcon_core.shell:Creating package script '/home/antonadonin/Robotics/lab5/ex04/install/movement/share/movement/package.ps1'
[0.785s] INFO:colcon.colcon_core.shell:Creating package descriptor '/home/antonadonin/Robotics/lab5/ex04/install/movement/share/movement/package.dsv'
[0.786s] INFO:colcon.colcon_core.shell:Creating package script '/home/antonadonin/Robotics/lab5/ex04/install/movement/share/movement/package.sh'
[0.786s] INFO:colcon.colcon_core.shell:Creating package script '/home/antonadonin/Robotics/lab5/ex04/install/movement/share/movement/package.bash'
[0.786s] INFO:colcon.colcon_core.shell:Creating package script '/home/antonadonin/Robotics/lab5/ex04/install/movement/share/movement/package.zsh'
[0.786s] Level 1:colcon.colcon_core.environment:create_file_with_runtime_dependencies(/home/antonadonin/Robotics/lab5/ex04/install/movement/share/colcon-core/packages/movement)
[0.786s] DEBUG:colcon.colcon_parallel_executor.executor.parallel:closing loop
[0.786s] DEBUG:colcon.colcon_parallel_executor.executor.parallel:loop closed
[0.786s] DEBUG:colcon.colcon_parallel_executor.executor.parallel:run_until_complete finished with '0'
[0.786s] DEBUG:colcon.colcon_core.event_reactor:joining thread
[0.795s] INFO:colcon.colcon_core.plugin_system:Skipping extension 'colcon_notification.desktop_notification.terminal_notifier': Not used on non-Darwin systems
[0.795s] INFO:colcon.colcon_core.plugin_system:Skipping extension 'colcon_notification.desktop_notification.win32': Not used on non-Windows systems
[0.795s] INFO:colcon.colcon_notification.desktop_notification:Sending desktop notification using 'notify2'
[0.802s] DEBUG:colcon.colcon_core.event_reactor:joined thread
[0.803s] INFO:colcon.colcon_core.shell:Creating prefix script '/home/antonadonin/Robotics/lab5/ex04/install/local_setup.ps1'
[0.804s] INFO:colcon.colcon_core.shell:Creating prefix util module '/home/antonadonin/Robotics/lab5/ex04/install/_local_setup_util_ps1.py'
[0.805s] INFO:colcon.colcon_core.shell:Creating prefix chain script '/home/antonadonin/Robotics/lab5/ex04/install/setup.ps1'
[0.806s] INFO:colcon.colcon_core.shell:Creating prefix script '/home/antonadonin/Robotics/lab5/ex04/install/local_setup.sh'
[0.807s] INFO:colcon.colcon_core.shell:Creating prefix util module '/home/antonadonin/Robotics/lab5/ex04/install/_local_setup_util_sh.py'
[0.807s] INFO:colcon.colcon_core.shell:Creating prefix chain script '/home/antonadonin/Robotics/lab5/ex04/install/setup.sh'
[0.808s] INFO:colcon.colcon_core.shell:Creating prefix script '/home/antonadonin/Robotics/lab5/ex04/install/local_setup.bash'
[0.809s] INFO:colcon.colcon_core.shell:Creating prefix chain script '/home/antonadonin/Robotics/lab5/ex04/install/setup.bash'
[0.810s] INFO:colcon.colcon_core.shell:Creating prefix script '/home/antonadonin/Robotics/lab5/ex04/install/local_setup.zsh'
[0.810s] INFO:colcon.colcon_core.shell:Creating prefix chain script '/home/antonadonin/Robotics/lab5/ex04/install/setup.zsh'
